{
  "C:\\dev\\git\\ssi-mobile-wallet\\src\\@config\\constants\\index.ts": {
    "path": "C:\\dev\\git\\ssi-mobile-wallet\\src\\@config\\constants\\index.ts",
    "statementMap": {
      "0": {"start": {"line": 1, "column": 49}, "end": {"line": 1, "column": 51}},
      "1": {"start": {"line": 2, "column": 48}, "end": {"line": 2, "column": 50}},
      "2": {"start": {"line": 3, "column": 33}, "end": {"line": 3, "column": 34}},
      "3": {"start": {"line": 4, "column": 34}, "end": {"line": 6, "column": 1}},
      "4": {"start": {"line": 9, "column": 48}, "end": {"line": 9, "column": 102}},
      "5": {"start": {"line": 10, "column": 43}, "end": {"line": 10, "column": 87}},
      "6": {"start": {"line": 12, "column": 22}, "end": {"line": 12, "column": 43}},
      "7": {"start": {"line": 13, "column": 26}, "end": {"line": 13, "column": 31}},
      "8": {"start": {"line": 15, "column": 40}, "end": {"line": 15, "column": 42}},
      "9": {"start": {"line": 16, "column": 37}, "end": {"line": 16, "column": 39}},
      "10": {"start": {"line": 17, "column": 36}, "end": {"line": 17, "column": 38}},
      "11": {"start": {"line": 18, "column": 40}, "end": {"line": 18, "column": 42}},
      "12": {"start": {"line": 20, "column": 45}, "end": {"line": 20, "column": 46}},
      "13": {"start": {"line": 21, "column": 31}, "end": {"line": 21, "column": 32}},
      "14": {"start": {"line": 23, "column": 46}, "end": {"line": 23, "column": 116}},
      "15": {"start": {"line": 24, "column": 40}, "end": {"line": 24, "column": 47}},
      "16": {"start": {"line": 26, "column": 34}, "end": {"line": 26, "column": 84}},
      "17": {"start": {"line": 27, "column": 34}, "end": {"line": 27, "column": 67}}
    },
    "fnMap": {},
    "branchMap": {},
    "s": {
      "0": 1,
      "1": 1,
      "2": 1,
      "3": 1,
      "4": 1,
      "5": 1,
      "6": 1,
      "7": 1,
      "8": 1,
      "9": 1,
      "10": 1,
      "11": 1,
      "12": 1,
      "13": 1,
      "14": 1,
      "15": 1,
      "16": 1,
      "17": 1
    },
    "f": {},
    "b": {},
    "_coverageSchema": "1a1c01bbd47fc00a2c39e90264f33305004495a9",
    "hash": "5caca595dae28b30112e62aa8ef373e46299169c"
  },
  "C:\\dev\\git\\ssi-mobile-wallet\\src\\@config\\credentials\\index.ts": {
    "path": "C:\\dev\\git\\ssi-mobile-wallet\\src\\@config\\credentials\\index.ts",
    "statementMap": {"0": {"start": {"line": 3, "column": 26}, "end": {"line": 1362, "column": 2}}},
    "fnMap": {},
    "branchMap": {},
    "s": {"0": 1},
    "f": {},
    "b": {},
    "_coverageSchema": "1a1c01bbd47fc00a2c39e90264f33305004495a9",
    "hash": "b2c8fd902422a4b5d654ccd54c0e92b75edcd455"
  },
  "C:\\dev\\git\\ssi-mobile-wallet\\src\\@config\\database\\index.ts": {
    "path": "C:\\dev\\git\\ssi-mobile-wallet\\src\\@config\\database\\index.ts",
    "statementMap": {
      "0": {"start": {"line": 6, "column": 27}, "end": {"line": 6, "column": 36}},
      "1": {"start": {"line": 7, "column": 26}, "end": {"line": 7, "column": 92}},
      "2": {"start": {"line": 9, "column": 44}, "end": {"line": 20, "column": 1}}
    },
    "fnMap": {},
    "branchMap": {},
    "s": {"0": 1, "1": 1, "2": 1},
    "f": {},
    "b": {},
    "_coverageSchema": "1a1c01bbd47fc00a2c39e90264f33305004495a9",
    "hash": "e61df97d9d80cf44a8c2ecb5b1e4eee20a079b43"
  },
  "C:\\dev\\git\\ssi-mobile-wallet\\src\\@config\\toasts\\index.tsx": {
    "path": "C:\\dev\\git\\ssi-mobile-wallet\\src\\@config\\toasts\\index.tsx",
    "statementMap": {
      "0": {"start": {"line": 7, "column": 34}, "end": {"line": 7, "column": 35}},
      "1": {"start": {"line": 8, "column": 30}, "end": {"line": 8, "column": 34}},
      "2": {"start": {"line": 9, "column": 36}, "end": {"line": 9, "column": 40}},
      "3": {"start": {"line": 11, "column": 27}, "end": {"line": 22, "column": 1}},
      "4": {"start": {"line": 13, "column": 27}, "end": {"line": 13, "column": 33}},
      "5": {"start": {"line": 14, "column": 31}, "end": {"line": 14, "column": 43}},
      "6": {"start": {"line": 15, "column": 4}, "end": {"line": 15, "column": 111}},
      "7": {"start": {"line": 18, "column": 27}, "end": {"line": 18, "column": 33}},
      "8": {"start": {"line": 19, "column": 31}, "end": {"line": 19, "column": 43}},
      "9": {"start": {"line": 20, "column": 4}, "end": {"line": 20, "column": 109}}
    },
    "fnMap": {
      "0": {
        "name": "(anonymous_0)",
        "decl": {"start": {"line": 12, "column": 24}, "end": {"line": 12, "column": 25}},
        "loc": {"start": {"line": 12, "column": 74}, "end": {"line": 16, "column": 3}},
        "line": 12
      },
      "1": {
        "name": "(anonymous_1)",
        "decl": {"start": {"line": 17, "column": 22}, "end": {"line": 17, "column": 23}},
        "loc": {"start": {"line": 17, "column": 72}, "end": {"line": 21, "column": 3}},
        "line": 17
      }
    },
    "branchMap": {
      "0": {
        "loc": {"start": {"line": 14, "column": 11}, "end": {"line": 14, "column": 27}},
        "type": "default-arg",
        "locations": [{"start": {"line": 14, "column": 23}, "end": {"line": 14, "column": 27}}],
        "line": 14
      },
      "1": {
        "loc": {"start": {"line": 19, "column": 11}, "end": {"line": 19, "column": 27}},
        "type": "default-arg",
        "locations": [{"start": {"line": 19, "column": 23}, "end": {"line": 19, "column": 27}}],
        "line": 19
      }
    },
    "s": {"0": 1, "1": 1, "2": 1, "3": 1, "4": 0, "5": 0, "6": 0, "7": 0, "8": 0, "9": 0},
    "f": {"0": 0, "1": 0},
    "b": {"0": [0], "1": [0]},
    "_coverageSchema": "1a1c01bbd47fc00a2c39e90264f33305004495a9",
    "hash": "20a5506f682f3b13f1183556db43395015950a14"
  },
  "C:\\dev\\git\\ssi-mobile-wallet\\src\\agent\\index.ts": {
    "path": "C:\\dev\\git\\ssi-mobile-wallet\\src\\agent\\index.ts",
    "statementMap": {
      "0": {"start": {"line": 38, "column": 27}, "end": {"line": 46, "column": 2}},
      "1": {"start": {"line": 48, "column": 35}, "end": {"line": 48, "column": 127}},
      "2": {"start": {"line": 48, "column": 86}, "end": {"line": 48, "column": 126}},
      "3": {"start": {"line": 50, "column": 28}, "end": {"line": 64, "column": 1}},
      "4": {"start": {"line": 66, "column": 44}, "end": {"line": 66, "column": 79}},
      "5": {"start": {"line": 67, "column": 41}, "end": {"line": 67, "column": 108}},
      "6": {"start": {"line": 69, "column": 14}, "end": {"line": 124, "column": 2}},
      "7": {"start": {"line": 126, "column": 32}, "end": {"line": 126, "column": 54}},
      "8": {"start": {"line": 127, "column": 30}, "end": {"line": 127, "column": 50}},
      "9": {"start": {"line": 128, "column": 29}, "end": {"line": 128, "column": 48}},
      "10": {"start": {"line": 129, "column": 28}, "end": {"line": 129, "column": 46}},
      "11": {"start": {"line": 130, "column": 31}, "end": {"line": 130, "column": 52}},
      "12": {"start": {"line": 131, "column": 31}, "end": {"line": 131, "column": 52}},
      "13": {"start": {"line": 132, "column": 29}, "end": {"line": 132, "column": 48}},
      "14": {"start": {"line": 133, "column": 29}, "end": {"line": 133, "column": 48}},
      "15": {"start": {"line": 134, "column": 52}, "end": {"line": 134, "column": 94}},
      "16": {"start": {"line": 135, "column": 49}, "end": {"line": 135, "column": 88}},
      "17": {"start": {"line": 136, "column": 30}, "end": {"line": 136, "column": 50}},
      "18": {"start": {"line": 137, "column": 48}, "end": {"line": 137, "column": 86}},
      "19": {"start": {"line": 138, "column": 51}, "end": {"line": 138, "column": 92}},
      "20": {"start": {"line": 139, "column": 42}, "end": {"line": 139, "column": 74}},
      "21": {"start": {"line": 140, "column": 39}, "end": {"line": 140, "column": 68}},
      "22": {"start": {"line": 141, "column": 39}, "end": {"line": 141, "column": 68}},
      "23": {"start": {"line": 142, "column": 46}, "end": {"line": 142, "column": 82}},
      "24": {"start": {"line": 143, "column": 42}, "end": {"line": 143, "column": 74}},
      "25": {"start": {"line": 147, "column": 28}, "end": {"line": 147, "column": 53}}
    },
    "fnMap": {
      "0": {
        "name": "(anonymous_0)",
        "decl": {"start": {"line": 48, "column": 76}, "end": {"line": 48, "column": 77}},
        "loc": {"start": {"line": 48, "column": 86}, "end": {"line": 48, "column": 126}},
        "line": 48
      }
    },
    "branchMap": {},
    "s": {
      "0": 1,
      "1": 1,
      "2": 5,
      "3": 1,
      "4": 1,
      "5": 1,
      "6": 1,
      "7": 1,
      "8": 1,
      "9": 1,
      "10": 1,
      "11": 1,
      "12": 1,
      "13": 1,
      "14": 1,
      "15": 1,
      "16": 1,
      "17": 1,
      "18": 1,
      "19": 1,
      "20": 1,
      "21": 1,
      "22": 1,
      "23": 1,
      "24": 1,
      "25": 1
    },
    "f": {"0": 5},
    "b": {},
    "_coverageSchema": "1a1c01bbd47fc00a2c39e90264f33305004495a9",
    "hash": "527d3ed51f8ad48e0b1f519bfe52c4c43e10d45a"
  },
  "C:\\dev\\git\\ssi-mobile-wallet\\src\\components\\assets\\icons\\SSIAddIcon\\index.tsx": {
    "path": "C:\\dev\\git\\ssi-mobile-wallet\\src\\components\\assets\\icons\\SSIAddIcon\\index.tsx",
    "statementMap": {
      "0": {"start": {"line": 12, "column": 31}, "end": {"line": 25, "column": 1}},
      "1": {"start": {"line": 13, "column": 42}, "end": {"line": 13, "column": 47}},
      "2": {"start": {"line": 15, "column": 2}, "end": {"line": 24, "column": 4}}
    },
    "fnMap": {
      "0": {
        "name": "(anonymous_0)",
        "decl": {"start": {"line": 12, "column": 31}, "end": {"line": 12, "column": 32}},
        "loc": {"start": {"line": 12, "column": 63}, "end": {"line": 25, "column": 1}},
        "line": 12
      }
    },
    "branchMap": {
      "0": {
        "loc": {"start": {"line": 13, "column": 9}, "end": {"line": 13, "column": 18}},
        "type": "default-arg",
        "locations": [{"start": {"line": 13, "column": 16}, "end": {"line": 13, "column": 18}}],
        "line": 13
      },
      "1": {
        "loc": {"start": {"line": 13, "column": 20}, "end": {"line": 13, "column": 38}},
        "type": "default-arg",
        "locations": [{"start": {"line": 13, "column": 28}, "end": {"line": 13, "column": 38}}],
        "line": 13
      }
    },
    "s": {"0": 1, "1": 0, "2": 0},
    "f": {"0": 0},
    "b": {"0": [0], "1": [0]},
    "_coverageSchema": "1a1c01bbd47fc00a2c39e90264f33305004495a9",
    "hash": "02a75308d426d7f12d61996e369a41a8af668611"
  },
  "C:\\dev\\git\\ssi-mobile-wallet\\src\\components\\assets\\icons\\SSIBackIcon\\index.tsx": {
    "path": "C:\\dev\\git\\ssi-mobile-wallet\\src\\components\\assets\\icons\\SSIBackIcon\\index.tsx",
    "statementMap": {
      "0": {"start": {"line": 13, "column": 32}, "end": {"line": 26, "column": 1}},
      "1": {"start": {"line": 14, "column": 57}, "end": {"line": 14, "column": 62}},
      "2": {"start": {"line": 16, "column": 2}, "end": {"line": 25, "column": 4}}
    },
    "fnMap": {
      "0": {
        "name": "(anonymous_0)",
        "decl": {"start": {"line": 13, "column": 32}, "end": {"line": 13, "column": 33}},
        "loc": {"start": {"line": 13, "column": 64}, "end": {"line": 26, "column": 1}},
        "line": 13
      }
    },
    "branchMap": {
      "0": {
        "loc": {"start": {"line": 14, "column": 9}, "end": {"line": 14, "column": 19}},
        "type": "default-arg",
        "locations": [{"start": {"line": 14, "column": 17}, "end": {"line": 14, "column": 19}}],
        "line": 14
      },
      "1": {
        "loc": {"start": {"line": 14, "column": 21}, "end": {"line": 14, "column": 32}},
        "type": "default-arg",
        "locations": [{"start": {"line": 14, "column": 30}, "end": {"line": 14, "column": 32}}],
        "line": 14
      },
      "2": {
        "loc": {"start": {"line": 14, "column": 34}, "end": {"line": 14, "column": 53}},
        "type": "default-arg",
        "locations": [{"start": {"line": 14, "column": 42}, "end": {"line": 14, "column": 53}}],
        "line": 14
      }
    },
    "s": {"0": 1, "1": 112, "2": 112},
    "f": {"0": 112},
    "b": {"0": [112], "1": [112], "2": [112]},
    "_coverageSchema": "1a1c01bbd47fc00a2c39e90264f33305004495a9",
    "hash": "f2d048da3c877a690b3ba38a88b935fa05a61206"
  },
  "C:\\dev\\git\\ssi-mobile-wallet\\src\\components\\assets\\icons\\SSIBellIcon\\index.tsx": {
    "path": "C:\\dev\\git\\ssi-mobile-wallet\\src\\components\\assets\\icons\\SSIBellIcon\\index.tsx",
    "statementMap": {
      "0": {"start": {"line": 9, "column": 32}, "end": {"line": 24, "column": 1}},
      "1": {"start": {"line": 10, "column": 2}, "end": {"line": 23, "column": 4}}
    },
    "fnMap": {
      "0": {
        "name": "(anonymous_0)",
        "decl": {"start": {"line": 9, "column": 32}, "end": {"line": 9, "column": 33}},
        "loc": {"start": {"line": 9, "column": 64}, "end": {"line": 24, "column": 1}},
        "line": 9
      }
    },
    "branchMap": {},
    "s": {"0": 1, "1": 0},
    "f": {"0": 0},
    "b": {},
    "_coverageSchema": "1a1c01bbd47fc00a2c39e90264f33305004495a9",
    "hash": "436552c991d21d3360c9948e157bd05bd40f21a3"
  },
  "C:\\dev\\git\\ssi-mobile-wallet\\src\\components\\assets\\icons\\SSICheckmarkIcon\\index.tsx": {
    "path": "C:\\dev\\git\\ssi-mobile-wallet\\src\\components\\assets\\icons\\SSICheckmarkIcon\\index.tsx",
    "statementMap": {
      "0": {"start": {"line": 14, "column": 37}, "end": {"line": 27, "column": 1}},
      "1": {"start": {"line": 15, "column": 57}, "end": {"line": 15, "column": 62}},
      "2": {"start": {"line": 17, "column": 2}, "end": {"line": 26, "column": 4}}
    },
    "fnMap": {
      "0": {
        "name": "(anonymous_0)",
        "decl": {"start": {"line": 14, "column": 37}, "end": {"line": 14, "column": 38}},
        "loc": {"start": {"line": 14, "column": 69}, "end": {"line": 27, "column": 1}},
        "line": 14
      }
    },
    "branchMap": {
      "0": {
        "loc": {"start": {"line": 15, "column": 9}, "end": {"line": 15, "column": 20}},
        "type": "default-arg",
        "locations": [{"start": {"line": 15, "column": 18}, "end": {"line": 15, "column": 20}}],
        "line": 15
      },
      "1": {
        "loc": {"start": {"line": 15, "column": 22}, "end": {"line": 15, "column": 32}},
        "type": "default-arg",
        "locations": [{"start": {"line": 15, "column": 30}, "end": {"line": 15, "column": 32}}],
        "line": 15
      },
      "2": {
        "loc": {"start": {"line": 15, "column": 34}, "end": {"line": 15, "column": 53}},
        "type": "default-arg",
        "locations": [{"start": {"line": 15, "column": 42}, "end": {"line": 15, "column": 53}}],
        "line": 15
      }
    },
    "s": {"0": 1, "1": 0, "2": 0},
    "f": {"0": 0},
    "b": {"0": [0], "1": [0], "2": [0]},
    "_coverageSchema": "1a1c01bbd47fc00a2c39e90264f33305004495a9",
    "hash": "9929585c7d0ed8ff026cd0d70149c76ff237069c"
  },
  "C:\\dev\\git\\ssi-mobile-wallet\\src\\components\\assets\\icons\\SSICloseIcon\\index.tsx": {
    "path": "C:\\dev\\git\\ssi-mobile-wallet\\src\\components\\assets\\icons\\SSICloseIcon\\index.tsx",
    "statementMap": {
      "0": {"start": {"line": 12, "column": 33}, "end": {"line": 25, "column": 1}},
      "1": {"start": {"line": 13, "column": 42}, "end": {"line": 13, "column": 47}},
      "2": {"start": {"line": 15, "column": 2}, "end": {"line": 24, "column": 4}}
    },
    "fnMap": {
      "0": {
        "name": "(anonymous_0)",
        "decl": {"start": {"line": 12, "column": 33}, "end": {"line": 12, "column": 34}},
        "loc": {"start": {"line": 12, "column": 65}, "end": {"line": 25, "column": 1}},
        "line": 12
      }
    },
    "branchMap": {
      "0": {
        "loc": {"start": {"line": 13, "column": 9}, "end": {"line": 13, "column": 18}},
        "type": "default-arg",
        "locations": [{"start": {"line": 13, "column": 16}, "end": {"line": 13, "column": 18}}],
        "line": 13
      },
      "1": {
        "loc": {"start": {"line": 13, "column": 20}, "end": {"line": 13, "column": 38}},
        "type": "default-arg",
        "locations": [{"start": {"line": 13, "column": 28}, "end": {"line": 13, "column": 38}}],
        "line": 13
      }
    },
    "s": {"0": 1, "1": 0, "2": 0},
    "f": {"0": 0},
    "b": {"0": [0], "1": [0]},
    "_coverageSchema": "1a1c01bbd47fc00a2c39e90264f33305004495a9",
    "hash": "9a69a7984dd2fdd76b754d8b7ec3b2d95c100434"
  },
  "C:\\dev\\git\\ssi-mobile-wallet\\src\\components\\assets\\icons\\SSIContactsIcon\\index.tsx": {
    "path": "C:\\dev\\git\\ssi-mobile-wallet\\src\\components\\assets\\icons\\SSIContactsIcon\\index.tsx",
    "statementMap": {
      "0": {"start": {"line": 9, "column": 36}, "end": {"line": 24, "column": 1}},
      "1": {"start": {"line": 10, "column": 2}, "end": {"line": 23, "column": 4}}
    },
    "fnMap": {
      "0": {
        "name": "(anonymous_0)",
        "decl": {"start": {"line": 9, "column": 36}, "end": {"line": 9, "column": 37}},
        "loc": {"start": {"line": 9, "column": 68}, "end": {"line": 24, "column": 1}},
        "line": 9
      }
    },
    "branchMap": {},
    "s": {"0": 1, "1": 0},
    "f": {"0": 0},
    "b": {},
    "_coverageSchema": "1a1c01bbd47fc00a2c39e90264f33305004495a9",
    "hash": "aad3bb119f315fc6c818bce181fbf95c577efb1a"
  },
  "C:\\dev\\git\\ssi-mobile-wallet\\src\\components\\assets\\icons\\SSIDeleteIcon\\index.tsx": {
    "path": "C:\\dev\\git\\ssi-mobile-wallet\\src\\components\\assets\\icons\\SSIDeleteIcon\\index.tsx",
    "statementMap": {
      "0": {"start": {"line": 13, "column": 34}, "end": {"line": 26, "column": 1}},
      "1": {"start": {"line": 14, "column": 57}, "end": {"line": 14, "column": 62}},
      "2": {"start": {"line": 16, "column": 2}, "end": {"line": 25, "column": 4}}
    },
    "fnMap": {
      "0": {
        "name": "(anonymous_0)",
        "decl": {"start": {"line": 13, "column": 34}, "end": {"line": 13, "column": 35}},
        "loc": {"start": {"line": 13, "column": 66}, "end": {"line": 26, "column": 1}},
        "line": 13
      }
    },
    "branchMap": {
      "0": {
        "loc": {"start": {"line": 14, "column": 9}, "end": {"line": 14, "column": 19}},
        "type": "default-arg",
        "locations": [{"start": {"line": 14, "column": 17}, "end": {"line": 14, "column": 19}}],
        "line": 14
      },
      "1": {
        "loc": {"start": {"line": 14, "column": 21}, "end": {"line": 14, "column": 32}},
        "type": "default-arg",
        "locations": [{"start": {"line": 14, "column": 30}, "end": {"line": 14, "column": 32}}],
        "line": 14
      },
      "2": {
        "loc": {"start": {"line": 14, "column": 34}, "end": {"line": 14, "column": 53}},
        "type": "default-arg",
        "locations": [{"start": {"line": 14, "column": 42}, "end": {"line": 14, "column": 53}}],
        "line": 14
      }
    },
    "s": {"0": 1, "1": 0, "2": 0},
    "f": {"0": 0},
    "b": {"0": [0], "1": [0], "2": [0]},
    "_coverageSchema": "1a1c01bbd47fc00a2c39e90264f33305004495a9",
    "hash": "5c16894c08fb8e707a721a3773a86c38b1521714"
  },
  "C:\\dev\\git\\ssi-mobile-wallet\\src\\components\\assets\\icons\\SSIDownloadIcon\\index.tsx": {
    "path": "C:\\dev\\git\\ssi-mobile-wallet\\src\\components\\assets\\icons\\SSIDownloadIcon\\index.tsx",
    "statementMap": {
      "0": {"start": {"line": 13, "column": 36}, "end": {"line": 38, "column": 1}},
      "1": {"start": {"line": 14, "column": 57}, "end": {"line": 14, "column": 62}},
      "2": {"start": {"line": 16, "column": 2}, "end": {"line": 37, "column": 4}}
    },
    "fnMap": {
      "0": {
        "name": "(anonymous_0)",
        "decl": {"start": {"line": 13, "column": 36}, "end": {"line": 13, "column": 37}},
        "loc": {"start": {"line": 13, "column": 68}, "end": {"line": 38, "column": 1}},
        "line": 13
      }
    },
    "branchMap": {
      "0": {
        "loc": {"start": {"line": 14, "column": 9}, "end": {"line": 14, "column": 19}},
        "type": "default-arg",
        "locations": [{"start": {"line": 14, "column": 17}, "end": {"line": 14, "column": 19}}],
        "line": 14
      },
      "1": {
        "loc": {"start": {"line": 14, "column": 21}, "end": {"line": 14, "column": 32}},
        "type": "default-arg",
        "locations": [{"start": {"line": 14, "column": 30}, "end": {"line": 14, "column": 32}}],
        "line": 14
      },
      "2": {
        "loc": {"start": {"line": 14, "column": 34}, "end": {"line": 14, "column": 53}},
        "type": "default-arg",
        "locations": [{"start": {"line": 14, "column": 42}, "end": {"line": 14, "column": 53}}],
        "line": 14
      }
    },
    "s": {"0": 1, "1": 0, "2": 0},
    "f": {"0": 0},
    "b": {"0": [0], "1": [0], "2": [0]},
    "_coverageSchema": "1a1c01bbd47fc00a2c39e90264f33305004495a9",
    "hash": "0e7b1c94aff94e51791ca24ca482ef0ad2b30c4a"
  },
  "C:\\dev\\git\\ssi-mobile-wallet\\src\\components\\assets\\icons\\SSIEditIcon\\index.tsx": {
    "path": "C:\\dev\\git\\ssi-mobile-wallet\\src\\components\\assets\\icons\\SSIEditIcon\\index.tsx",
    "statementMap": {
      "0": {"start": {"line": 13, "column": 32}, "end": {"line": 26, "column": 1}},
      "1": {"start": {"line": 14, "column": 56}, "end": {"line": 14, "column": 61}},
      "2": {"start": {"line": 16, "column": 2}, "end": {"line": 25, "column": 4}}
    },
    "fnMap": {
      "0": {
        "name": "(anonymous_0)",
        "decl": {"start": {"line": 13, "column": 32}, "end": {"line": 13, "column": 33}},
        "loc": {"start": {"line": 13, "column": 64}, "end": {"line": 26, "column": 1}},
        "line": 13
      }
    },
    "branchMap": {
      "0": {
        "loc": {"start": {"line": 14, "column": 9}, "end": {"line": 14, "column": 19}},
        "type": "default-arg",
        "locations": [{"start": {"line": 14, "column": 17}, "end": {"line": 14, "column": 19}}],
        "line": 14
      },
      "1": {
        "loc": {"start": {"line": 14, "column": 21}, "end": {"line": 14, "column": 32}},
        "type": "default-arg",
        "locations": [{"start": {"line": 14, "column": 30}, "end": {"line": 14, "column": 32}}],
        "line": 14
      },
      "2": {
        "loc": {"start": {"line": 14, "column": 34}, "end": {"line": 14, "column": 52}},
        "type": "default-arg",
        "locations": [{"start": {"line": 14, "column": 42}, "end": {"line": 14, "column": 52}}],
        "line": 14
      }
    },
    "s": {"0": 1, "1": 0, "2": 0},
    "f": {"0": 0},
    "b": {"0": [0], "1": [0], "2": [0]},
    "_coverageSchema": "1a1c01bbd47fc00a2c39e90264f33305004495a9",
    "hash": "d2a1f20dc6f8d4f2fead0fdc66f36ac2ab37a4e7"
  },
  "C:\\dev\\git\\ssi-mobile-wallet\\src\\components\\assets\\icons\\SSIEyeIcon\\index.tsx": {
    "path": "C:\\dev\\git\\ssi-mobile-wallet\\src\\components\\assets\\icons\\SSIEyeIcon\\index.tsx",
    "statementMap": {
      "0": {"start": {"line": 12, "column": 31}, "end": {"line": 25, "column": 1}},
      "1": {"start": {"line": 13, "column": 43}, "end": {"line": 13, "column": 48}},
      "2": {"start": {"line": 15, "column": 2}, "end": {"line": 24, "column": 4}}
    },
    "fnMap": {
      "0": {
        "name": "(anonymous_0)",
        "decl": {"start": {"line": 12, "column": 31}, "end": {"line": 12, "column": 32}},
        "loc": {"start": {"line": 12, "column": 63}, "end": {"line": 25, "column": 1}},
        "line": 12
      }
    },
    "branchMap": {
      "0": {
        "loc": {"start": {"line": 13, "column": 9}, "end": {"line": 13, "column": 18}},
        "type": "default-arg",
        "locations": [{"start": {"line": 13, "column": 16}, "end": {"line": 13, "column": 18}}],
        "line": 13
      },
      "1": {
        "loc": {"start": {"line": 13, "column": 20}, "end": {"line": 13, "column": 39}},
        "type": "default-arg",
        "locations": [{"start": {"line": 13, "column": 28}, "end": {"line": 13, "column": 39}}],
        "line": 13
      }
    },
    "s": {"0": 1, "1": 0, "2": 0},
    "f": {"0": 0},
    "b": {"0": [0], "1": [0]},
    "_coverageSchema": "1a1c01bbd47fc00a2c39e90264f33305004495a9",
    "hash": "a50814e9c12e13c956b5373c1e1580e76135cd4a"
  },
  "C:\\dev\\git\\ssi-mobile-wallet\\src\\components\\assets\\icons\\SSIHomeIcon\\index.tsx": {
    "path": "C:\\dev\\git\\ssi-mobile-wallet\\src\\components\\assets\\icons\\SSIHomeIcon\\index.tsx",
    "statementMap": {
      "0": {"start": {"line": 9, "column": 32}, "end": {"line": 24, "column": 1}},
      "1": {"start": {"line": 10, "column": 2}, "end": {"line": 23, "column": 4}}
    },
    "fnMap": {
      "0": {
        "name": "(anonymous_0)",
        "decl": {"start": {"line": 9, "column": 32}, "end": {"line": 9, "column": 33}},
        "loc": {"start": {"line": 9, "column": 64}, "end": {"line": 24, "column": 1}},
        "line": 9
      }
    },
    "branchMap": {},
    "s": {"0": 1, "1": 0},
    "f": {"0": 0},
    "b": {},
    "_coverageSchema": "1a1c01bbd47fc00a2c39e90264f33305004495a9",
    "hash": "2b26da0198d0113e9f4c292261e38896d9fcf71f"
  },
  "C:\\dev\\git\\ssi-mobile-wallet\\src\\components\\assets\\icons\\SSILogoutIcon\\index.tsx": {
    "path": "C:\\dev\\git\\ssi-mobile-wallet\\src\\components\\assets\\icons\\SSILogoutIcon\\index.tsx",
    "statementMap": {
      "0": {"start": {"line": 13, "column": 34}, "end": {"line": 26, "column": 1}},
      "1": {"start": {"line": 14, "column": 57}, "end": {"line": 14, "column": 62}},
      "2": {"start": {"line": 16, "column": 2}, "end": {"line": 25, "column": 4}}
    },
    "fnMap": {
      "0": {
        "name": "(anonymous_0)",
        "decl": {"start": {"line": 13, "column": 34}, "end": {"line": 13, "column": 35}},
        "loc": {"start": {"line": 13, "column": 66}, "end": {"line": 26, "column": 1}},
        "line": 13
      }
    },
    "branchMap": {
      "0": {
        "loc": {"start": {"line": 14, "column": 9}, "end": {"line": 14, "column": 19}},
        "type": "default-arg",
        "locations": [{"start": {"line": 14, "column": 17}, "end": {"line": 14, "column": 19}}],
        "line": 14
      },
      "1": {
        "loc": {"start": {"line": 14, "column": 21}, "end": {"line": 14, "column": 32}},
        "type": "default-arg",
        "locations": [{"start": {"line": 14, "column": 30}, "end": {"line": 14, "column": 32}}],
        "line": 14
      },
      "2": {
        "loc": {"start": {"line": 14, "column": 34}, "end": {"line": 14, "column": 53}},
        "type": "default-arg",
        "locations": [{"start": {"line": 14, "column": 42}, "end": {"line": 14, "column": 53}}],
        "line": 14
      }
    },
    "s": {"0": 1, "1": 0, "2": 0},
    "f": {"0": 0},
    "b": {"0": [0], "1": [0], "2": [0]},
    "_coverageSchema": "1a1c01bbd47fc00a2c39e90264f33305004495a9",
    "hash": "357ccf56fa5f6161a43871f1ee36ec1b1169c0b0"
  },
  "C:\\dev\\git\\ssi-mobile-wallet\\src\\components\\assets\\icons\\SSIMoreIcon\\index.tsx": {
    "path": "C:\\dev\\git\\ssi-mobile-wallet\\src\\components\\assets\\icons\\SSIMoreIcon\\index.tsx",
    "statementMap": {
      "0": {"start": {"line": 13, "column": 32}, "end": {"line": 25, "column": 1}},
      "1": {"start": {"line": 14, "column": 56}, "end": {"line": 14, "column": 61}},
      "2": {"start": {"line": 16, "column": 2}, "end": {"line": 24, "column": 4}}
    },
    "fnMap": {
      "0": {
        "name": "(anonymous_0)",
        "decl": {"start": {"line": 13, "column": 32}, "end": {"line": 13, "column": 33}},
        "loc": {"start": {"line": 13, "column": 64}, "end": {"line": 25, "column": 1}},
        "line": 13
      }
    },
    "branchMap": {
      "0": {
        "loc": {"start": {"line": 14, "column": 9}, "end": {"line": 14, "column": 19}},
        "type": "default-arg",
        "locations": [{"start": {"line": 14, "column": 17}, "end": {"line": 14, "column": 19}}],
        "line": 14
      },
      "1": {
        "loc": {"start": {"line": 14, "column": 21}, "end": {"line": 14, "column": 31}},
        "type": "default-arg",
        "locations": [{"start": {"line": 14, "column": 30}, "end": {"line": 14, "column": 31}}],
        "line": 14
      },
      "2": {
        "loc": {"start": {"line": 14, "column": 33}, "end": {"line": 14, "column": 52}},
        "type": "default-arg",
        "locations": [{"start": {"line": 14, "column": 41}, "end": {"line": 14, "column": 52}}],
        "line": 14
      }
    },
    "s": {"0": 1, "1": 0, "2": 0},
    "f": {"0": 0},
    "b": {"0": [0], "1": [0], "2": [0]},
    "_coverageSchema": "1a1c01bbd47fc00a2c39e90264f33305004495a9",
    "hash": "efb8b115c200102059cd36027b5a2819d1daff76"
  },
  "C:\\dev\\git\\ssi-mobile-wallet\\src\\components\\assets\\icons\\SSIProfileIcon\\index.tsx": {
    "path": "C:\\dev\\git\\ssi-mobile-wallet\\src\\components\\assets\\icons\\SSIProfileIcon\\index.tsx",
    "statementMap": {
      "0": {"start": {"line": 16, "column": 35}, "end": {"line": 25, "column": 1}},
      "1": {"start": {"line": 17, "column": 71}, "end": {"line": 17, "column": 76}},
      "2": {"start": {"line": 18, "column": 23}, "end": {"line": 18, "column": 51}},
      "3": {"start": {"line": 20, "column": 2}, "end": {"line": 24, "column": 4}},
      "4": {"start": {"line": 27, "column": 24}, "end": {"line": 31, "column": 1}},
      "5": {"start": {"line": 28, "column": 2}, "end": {"line": 30, "column": 4}}
    },
    "fnMap": {
      "0": {
        "name": "(anonymous_0)",
        "decl": {"start": {"line": 16, "column": 35}, "end": {"line": 16, "column": 36}},
        "loc": {"start": {"line": 16, "column": 67}, "end": {"line": 25, "column": 1}},
        "line": 16
      },
      "1": {
        "name": "(anonymous_1)",
        "decl": {"start": {"line": 27, "column": 24}, "end": {"line": 27, "column": 25}},
        "loc": {"start": {"line": 27, "column": 46}, "end": {"line": 31, "column": 1}},
        "line": 27
      }
    },
    "branchMap": {
      "0": {
        "loc": {"start": {"line": 17, "column": 9}, "end": {"line": 17, "column": 32}},
        "type": "default-arg",
        "locations": [{"start": {"line": 17, "column": 21}, "end": {"line": 17, "column": 32}}],
        "line": 17
      },
      "1": {
        "loc": {"start": {"line": 17, "column": 34}, "end": {"line": 17, "column": 67}},
        "type": "default-arg",
        "locations": [{"start": {"line": 17, "column": 52}, "end": {"line": 17, "column": 67}}],
        "line": 17
      }
    },
    "s": {"0": 1, "1": 0, "2": 0, "3": 0, "4": 1, "5": 0},
    "f": {"0": 0, "1": 0},
    "b": {"0": [0], "1": [0]},
    "_coverageSchema": "1a1c01bbd47fc00a2c39e90264f33305004495a9",
    "hash": "774363632ae4263b9817c514487b085b025493e0"
  },
  "C:\\dev\\git\\ssi-mobile-wallet\\src\\components\\assets\\icons\\SSIQRIcon\\index.tsx": {
    "path": "C:\\dev\\git\\ssi-mobile-wallet\\src\\components\\assets\\icons\\SSIQRIcon\\index.tsx",
    "statementMap": {
      "0": {"start": {"line": 9, "column": 30}, "end": {"line": 24, "column": 1}},
      "1": {"start": {"line": 10, "column": 2}, "end": {"line": 23, "column": 4}}
    },
    "fnMap": {
      "0": {
        "name": "(anonymous_0)",
        "decl": {"start": {"line": 9, "column": 30}, "end": {"line": 9, "column": 31}},
        "loc": {"start": {"line": 9, "column": 62}, "end": {"line": 24, "column": 1}},
        "line": 9
      }
    },
    "branchMap": {},
    "s": {"0": 1, "1": 0},
    "f": {"0": 0},
    "b": {},
    "_coverageSchema": "1a1c01bbd47fc00a2c39e90264f33305004495a9",
    "hash": "d3f007a09ca3b399c89ffcb1d9ab1d139e4b8e19"
  },
  "C:\\dev\\git\\ssi-mobile-wallet\\src\\components\\assets\\images\\SSINotificationsImage\\index.tsx": {
    "path": "C:\\dev\\git\\ssi-mobile-wallet\\src\\components\\assets\\images\\SSINotificationsImage\\index.tsx",
    "statementMap": {
      "0": {"start": {"line": 11, "column": 42}, "end": {"line": 135, "column": 1}},
      "1": {"start": {"line": 12, "column": 45}, "end": {"line": 12, "column": 50}},
      "2": {"start": {"line": 14, "column": 2}, "end": {"line": 134, "column": 4}}
    },
    "fnMap": {
      "0": {
        "name": "(anonymous_0)",
        "decl": {"start": {"line": 11, "column": 42}, "end": {"line": 11, "column": 43}},
        "loc": {"start": {"line": 11, "column": 74}, "end": {"line": 135, "column": 1}},
        "line": 11
      }
    },
    "branchMap": {
      "0": {
        "loc": {"start": {"line": 12, "column": 16}, "end": {"line": 12, "column": 28}},
        "type": "default-arg",
        "locations": [{"start": {"line": 12, "column": 25}, "end": {"line": 12, "column": 28}}],
        "line": 12
      },
      "1": {
        "loc": {"start": {"line": 12, "column": 30}, "end": {"line": 12, "column": 41}},
        "type": "default-arg",
        "locations": [{"start": {"line": 12, "column": 38}, "end": {"line": 12, "column": 41}}],
        "line": 12
      }
    },
    "s": {"0": 1, "1": 0, "2": 0},
    "f": {"0": 0},
    "b": {"0": [0], "1": [0]},
    "_coverageSchema": "1a1c01bbd47fc00a2c39e90264f33305004495a9",
    "hash": "3af90292a713988aa95500ee9100d91d09c03135"
  },
  "C:\\dev\\git\\ssi-mobile-wallet\\src\\components\\assets\\images\\SSISecurityImage\\index.tsx": {
    "path": "C:\\dev\\git\\ssi-mobile-wallet\\src\\components\\assets\\images\\SSISecurityImage\\index.tsx",
    "statementMap": {
      "0": {"start": {"line": 11, "column": 37}, "end": {"line": 133, "column": 1}},
      "1": {"start": {"line": 12, "column": 45}, "end": {"line": 12, "column": 50}},
      "2": {"start": {"line": 14, "column": 2}, "end": {"line": 132, "column": 4}}
    },
    "fnMap": {
      "0": {
        "name": "(anonymous_0)",
        "decl": {"start": {"line": 11, "column": 37}, "end": {"line": 11, "column": 38}},
        "loc": {"start": {"line": 11, "column": 69}, "end": {"line": 133, "column": 1}},
        "line": 11
      }
    },
    "branchMap": {
      "0": {
        "loc": {"start": {"line": 12, "column": 16}, "end": {"line": 12, "column": 28}},
        "type": "default-arg",
        "locations": [{"start": {"line": 12, "column": 25}, "end": {"line": 12, "column": 28}}],
        "line": 12
      },
      "1": {
        "loc": {"start": {"line": 12, "column": 30}, "end": {"line": 12, "column": 41}},
        "type": "default-arg",
        "locations": [{"start": {"line": 12, "column": 38}, "end": {"line": 12, "column": 41}}],
        "line": 12
      }
    },
    "s": {"0": 1, "1": 0, "2": 0},
    "f": {"0": 0},
    "b": {"0": [0], "1": [0]},
    "_coverageSchema": "1a1c01bbd47fc00a2c39e90264f33305004495a9",
    "hash": "27916120a6d3e8e14196227dc0e1b68c1704285f"
  },
  "C:\\dev\\git\\ssi-mobile-wallet\\src\\components\\assets\\images\\SSIWarningImage\\index.tsx": {
    "path": "C:\\dev\\git\\ssi-mobile-wallet\\src\\components\\assets\\images\\SSIWarningImage\\index.tsx",
    "statementMap": {
      "0": {"start": {"line": 11, "column": 36}, "end": {"line": 101, "column": 1}},
      "1": {"start": {"line": 12, "column": 45}, "end": {"line": 12, "column": 50}},
      "2": {"start": {"line": 14, "column": 2}, "end": {"line": 100, "column": 4}}
    },
    "fnMap": {
      "0": {
        "name": "(anonymous_0)",
        "decl": {"start": {"line": 11, "column": 36}, "end": {"line": 11, "column": 37}},
        "loc": {"start": {"line": 11, "column": 68}, "end": {"line": 101, "column": 1}},
        "line": 11
      }
    },
    "branchMap": {
      "0": {
        "loc": {"start": {"line": 12, "column": 16}, "end": {"line": 12, "column": 28}},
        "type": "default-arg",
        "locations": [{"start": {"line": 12, "column": 25}, "end": {"line": 12, "column": 28}}],
        "line": 12
      },
      "1": {
        "loc": {"start": {"line": 12, "column": 30}, "end": {"line": 12, "column": 41}},
        "type": "default-arg",
        "locations": [{"start": {"line": 12, "column": 38}, "end": {"line": 12, "column": 41}}],
        "line": 12
      }
    },
    "s": {"0": 1, "1": 0, "2": 0},
    "f": {"0": 0},
    "b": {"0": [0], "1": [0]},
    "_coverageSchema": "1a1c01bbd47fc00a2c39e90264f33305004495a9",
    "hash": "109a54c0cbbddfaeb830923933fc56148bfb2eb5"
  },
  "C:\\dev\\git\\ssi-mobile-wallet\\src\\components\\bars\\SSIHeaderBar\\index.tsx": {
    "path": "C:\\dev\\git\\ssi-mobile-wallet\\src\\components\\bars\\SSIHeaderBar\\index.tsx",
    "statementMap": {
      "0": {"start": {"line": 40, "column": 41}, "end": {"line": 146, "column": 1}},
      "1": {"start": {"line": 41, "column": 96}, "end": {"line": 41, "column": 101}},
      "2": {"start": {"line": 42, "column": 19}, "end": {"line": 42, "column": 32}},
      "3": {"start": {"line": 43, "column": 79}, "end": {"line": 43, "column": 105}},
      "4": {"start": {"line": 45, "column": 17}, "end": {"line": 47, "column": 3}},
      "5": {"start": {"line": 46, "column": 4}, "end": {"line": 46, "column": 90}},
      "6": {"start": {"line": 49, "column": 20}, "end": {"line": 52, "column": 3}},
      "7": {"start": {"line": 50, "column": 4}, "end": {"line": 50, "column": 27}},
      "8": {"start": {"line": 51, "column": 4}, "end": {"line": 51, "column": 41}},
      "9": {"start": {"line": 54, "column": 24}, "end": {"line": 56, "column": 3}},
      "10": {"start": {"line": 55, "column": 4}, "end": {"line": 55, "column": 44}},
      "11": {"start": {"line": 58, "column": 17}, "end": {"line": 61, "column": 3}},
      "12": {"start": {"line": 59, "column": 4}, "end": {"line": 59, "column": 30}},
      "13": {"start": {"line": 60, "column": 4}, "end": {"line": 60, "column": 35}},
      "14": {"start": {"line": 63, "column": 19}, "end": {"line": 66, "column": 3}},
      "15": {"start": {"line": 64, "column": 4}, "end": {"line": 64, "column": 30}},
      "16": {"start": {"line": 65, "column": 4}, "end": {"line": 65, "column": 28}},
      "17": {"start": {"line": 68, "column": 25}, "end": {"line": 84, "column": 3}},
      "18": {"start": {"line": 69, "column": 4}, "end": {"line": 69, "column": 30}},
      "19": {"start": {"line": 70, "column": 30}, "end": {"line": 70, "column": 63}},
      "20": {"start": {"line": 72, "column": 4}, "end": {"line": 83, "column": 7}},
      "21": {"start": {"line": 77, "column": 29}, "end": {"line": 77, "column": 69}},
      "22": {"start": {"line": 81, "column": 29}, "end": {"line": 81, "column": 54}},
      "23": {"start": {"line": 86, "column": 23}, "end": {"line": 88, "column": 3}},
      "24": {"start": {"line": 87, "column": 4}, "end": {"line": 87, "column": 28}},
      "25": {"start": {"line": 90, "column": 2}, "end": {"line": 145, "column": 4}}
    },
    "fnMap": {
      "0": {
        "name": "(anonymous_0)",
        "decl": {"start": {"line": 40, "column": 41}, "end": {"line": 40, "column": 42}},
        "loc": {"start": {"line": 40, "column": 81}, "end": {"line": 146, "column": 1}},
        "line": 40
      },
      "1": {
        "name": "(anonymous_1)",
        "decl": {"start": {"line": 45, "column": 17}, "end": {"line": 45, "column": 18}},
        "loc": {"start": {"line": 45, "column": 44}, "end": {"line": 47, "column": 3}},
        "line": 45
      },
      "2": {
        "name": "(anonymous_2)",
        "decl": {"start": {"line": 49, "column": 20}, "end": {"line": 49, "column": 21}},
        "loc": {"start": {"line": 49, "column": 47}, "end": {"line": 52, "column": 3}},
        "line": 49
      },
      "3": {
        "name": "(anonymous_3)",
        "decl": {"start": {"line": 54, "column": 24}, "end": {"line": 54, "column": 25}},
        "loc": {"start": {"line": 54, "column": 51}, "end": {"line": 56, "column": 3}},
        "line": 54
      },
      "4": {
        "name": "(anonymous_4)",
        "decl": {"start": {"line": 58, "column": 17}, "end": {"line": 58, "column": 18}},
        "loc": {"start": {"line": 58, "column": 44}, "end": {"line": 61, "column": 3}},
        "line": 58
      },
      "5": {
        "name": "(anonymous_5)",
        "decl": {"start": {"line": 63, "column": 19}, "end": {"line": 63, "column": 20}},
        "loc": {"start": {"line": 63, "column": 46}, "end": {"line": 66, "column": 3}},
        "line": 63
      },
      "6": {
        "name": "(anonymous_6)",
        "decl": {"start": {"line": 68, "column": 25}, "end": {"line": 68, "column": 26}},
        "loc": {"start": {"line": 68, "column": 52}, "end": {"line": 84, "column": 3}},
        "line": 68
      },
      "7": {
        "name": "(anonymous_7)",
        "decl": {"start": {"line": 77, "column": 17}, "end": {"line": 77, "column": 18}},
        "loc": {"start": {"line": 77, "column": 29}, "end": {"line": 77, "column": 69}},
        "line": 77
      },
      "8": {
        "name": "(anonymous_8)",
        "decl": {"start": {"line": 81, "column": 17}, "end": {"line": 81, "column": 18}},
        "loc": {"start": {"line": 81, "column": 29}, "end": {"line": 81, "column": 54}},
        "line": 81
      },
      "9": {
        "name": "(anonymous_9)",
        "decl": {"start": {"line": 86, "column": 23}, "end": {"line": 86, "column": 24}},
        "loc": {"start": {"line": 86, "column": 63}, "end": {"line": 88, "column": 3}},
        "line": 86
      }
    },
    "branchMap": {
      "0": {
        "loc": {"start": {"line": 41, "column": 9}, "end": {"line": 41, "column": 27}},
        "type": "default-arg",
        "locations": [{"start": {"line": 41, "column": 22}, "end": {"line": 41, "column": 27}}],
        "line": 41
      },
      "1": {
        "loc": {"start": {"line": 41, "column": 29}, "end": {"line": 41, "column": 50}},
        "type": "default-arg",
        "locations": [{"start": {"line": 41, "column": 46}, "end": {"line": 41, "column": 50}}],
        "line": 41
      },
      "2": {
        "loc": {"start": {"line": 41, "column": 52}, "end": {"line": 41, "column": 74}},
        "type": "default-arg",
        "locations": [{"start": {"line": 41, "column": 70}, "end": {"line": 41, "column": 74}}],
        "line": 41
      },
      "3": {
        "loc": {"start": {"line": 41, "column": 76}, "end": {"line": 41, "column": 92}},
        "type": "default-arg",
        "locations": [{"start": {"line": 41, "column": 90}, "end": {"line": 41, "column": 92}}],
        "line": 41
      },
      "4": {
        "loc": {"start": {"line": 46, "column": 4}, "end": {"line": 46, "column": 89}},
        "type": "cond-expr",
        "locations": [
          {"start": {"line": 46, "column": 41}, "end": {"line": 46, "column": 61}},
          {"start": {"line": 46, "column": 64}, "end": {"line": 46, "column": 89}}
        ],
        "line": 46
      },
      "5": {
        "loc": {"start": {"line": 94, "column": 11}, "end": {"line": 98, "column": 11}},
        "type": "binary-expr",
        "locations": [
          {"start": {"line": 94, "column": 11}, "end": {"line": 94, "column": 25}},
          {"start": {"line": 95, "column": 12}, "end": {"line": 97, "column": 32}}
        ],
        "line": 94
      },
      "6": {
        "loc": {"start": {"line": 99, "column": 44}, "end": {"line": 99, "column": 70}},
        "type": "cond-expr",
        "locations": [
          {"start": {"line": 99, "column": 61}, "end": {"line": 99, "column": 65}},
          {"start": {"line": 99, "column": 68}, "end": {"line": 99, "column": 70}}
        ],
        "line": 99
      },
      "7": {
        "loc": {"start": {"line": 99, "column": 86}, "end": {"line": 99, "column": 115}},
        "type": "cond-expr",
        "locations": [
          {"start": {"line": 99, "column": 109}, "end": {"line": 99, "column": 110}},
          {"start": {"line": 99, "column": 113}, "end": {"line": 99, "column": 115}}
        ],
        "line": 99
      },
      "8": {
        "loc": {"start": {"line": 102, "column": 11}, "end": {"line": 102, "column": 94}},
        "type": "binary-expr",
        "locations": [
          {"start": {"line": 102, "column": 11}, "end": {"line": 102, "column": 31}},
          {"start": {"line": 102, "column": 35}, "end": {"line": 102, "column": 94}}
        ],
        "line": 102
      },
      "9": {
        "loc": {"start": {"line": 105, "column": 11}, "end": {"line": 112, "column": 11}},
        "type": "binary-expr",
        "locations": [
          {"start": {"line": 105, "column": 11}, "end": {"line": 105, "column": 26}},
          {"start": {"line": 107, "column": 12}, "end": {"line": 111, "column": 19}}
        ],
        "line": 105
      },
      "10": {
        "loc": {"start": {"line": 113, "column": 11}, "end": {"line": 130, "column": 11}},
        "type": "binary-expr",
        "locations": [
          {"start": {"line": 113, "column": 11}, "end": {"line": 113, "column": 26}},
          {"start": {"line": 114, "column": 12}, "end": {"line": 129, "column": 35}}
        ],
        "line": 113
      },
      "11": {
        "loc": {"start": {"line": 131, "column": 11}, "end": {"line": 136, "column": 11}},
        "type": "binary-expr",
        "locations": [
          {"start": {"line": 131, "column": 11}, "end": {"line": 131, "column": 33}},
          {"start": {"line": 133, "column": 12}, "end": {"line": 135, "column": 19}}
        ],
        "line": 131
      },
      "12": {
        "loc": {"start": {"line": 137, "column": 11}, "end": {"line": 141, "column": 11}},
        "type": "binary-expr",
        "locations": [
          {"start": {"line": 137, "column": 11}, "end": {"line": 137, "column": 23}},
          {"start": {"line": 138, "column": 12}, "end": {"line": 140, "column": 32}}
        ],
        "line": 137
      }
    },
    "s": {
      "0": 1,
      "1": 112,
      "2": 112,
      "3": 112,
      "4": 112,
      "5": 0,
      "6": 112,
      "7": 0,
      "8": 0,
      "9": 112,
      "10": 0,
      "11": 112,
      "12": 0,
      "13": 0,
      "14": 112,
      "15": 0,
      "16": 0,
      "17": 112,
      "18": 0,
      "19": 0,
      "20": 0,
      "21": 0,
      "22": 0,
      "23": 112,
      "24": 0,
      "25": 112
    },
    "f": {"0": 112, "1": 0, "2": 0, "3": 0, "4": 0, "5": 0, "6": 0, "7": 0, "8": 0, "9": 0},
    "b": {
      "0": [112],
      "1": [112],
      "2": [0],
      "3": [112],
      "4": [0, 0],
      "5": [112, 112],
      "6": [112, 0],
      "7": [112, 0],
      "8": [112, 112],
      "9": [112, 0],
      "10": [112, 0],
      "11": [112, 0],
      "12": [112, 0]
    },
    "_coverageSchema": "1a1c01bbd47fc00a2c39e90264f33305004495a9",
    "hash": "fd4d13be30ef70ba3ffc73bb8cf48be4d552c773"
  },
  "C:\\dev\\git\\ssi-mobile-wallet\\src\\components\\bars\\SSINavigationBar\\index.tsx": {
    "path": "C:\\dev\\git\\ssi-mobile-wallet\\src\\components\\bars\\SSINavigationBar\\index.tsx",
    "statementMap": {
      "0": {"start": {"line": 26, "column": 18}, "end": {"line": 28, "column": 3}},
      "1": {"start": {"line": 30, "column": 22}, "end": {"line": 33, "column": 3}},
      "2": {"start": {"line": 31, "column": 4}, "end": {"line": 31, "column": 98}},
      "3": {"start": {"line": 32, "column": 4}, "end": {"line": 32, "column": 98}},
      "4": {"start": {"line": 36, "column": 4}, "end": {"line": 36, "column": 42}},
      "5": {"start": {"line": 37, "column": 4}, "end": {"line": 37, "column": 42}},
      "6": {"start": {"line": 40, "column": 21}, "end": {"line": 42, "column": 3}},
      "7": {"start": {"line": 41, "column": 4}, "end": {"line": 41, "column": 43}},
      "8": {"start": {"line": 44, "column": 21}, "end": {"line": 46, "column": 3}},
      "9": {"start": {"line": 45, "column": 4}, "end": {"line": 45, "column": 44}},
      "10": {"start": {"line": 49, "column": 4}, "end": {"line": 91, "column": 13}},
      "11": {"start": {"line": 54, "column": 32}, "end": {"line": 54, "column": 65}},
      "12": {"start": {"line": 55, "column": 32}, "end": {"line": 55, "column": 64}},
      "13": {"start": {"line": 57, "column": 30}, "end": {"line": 68, "column": 15}},
      "14": {"start": {"line": 58, "column": 30}, "end": {"line": 62, "column": 18}},
      "15": {"start": {"line": 64, "column": 16}, "end": {"line": 67, "column": 17}},
      "16": {"start": {"line": 66, "column": 18}, "end": {"line": 66, "column": 76}},
      "17": {"start": {"line": 70, "column": 14}, "end": {"line": 86, "column": 16}},
      "18": {"start": {"line": 95, "column": 26}, "end": {"line": 128, "column": 1}},
      "19": {"start": {"line": 96, "column": 2}, "end": {"line": 127, "column": 3}},
      "20": {"start": {"line": 98, "column": 6}, "end": {"line": 103, "column": 8}},
      "21": {"start": {"line": 105, "column": 6}, "end": {"line": 110, "column": 8}},
      "22": {"start": {"line": 112, "column": 6}, "end": {"line": 117, "column": 8}},
      "23": {"start": {"line": 119, "column": 6}, "end": {"line": 124, "column": 8}},
      "24": {"start": {"line": 126, "column": 6}, "end": {"line": 126, "column": 22}}
    },
    "fnMap": {
      "0": {
        "name": "(anonymous_0)",
        "decl": {"start": {"line": 30, "column": 22}, "end": {"line": 30, "column": 23}},
        "loc": {"start": {"line": 30, "column": 28}, "end": {"line": 33, "column": 3}},
        "line": 30
      },
      "1": {
        "name": "(anonymous_1)",
        "decl": {"start": {"line": 35, "column": 2}, "end": {"line": 35, "column": 3}},
        "loc": {"start": {"line": 35, "column": 25}, "end": {"line": 38, "column": 3}},
        "line": 35
      },
      "2": {
        "name": "(anonymous_2)",
        "decl": {"start": {"line": 40, "column": 21}, "end": {"line": 40, "column": 22}},
        "loc": {"start": {"line": 40, "column": 27}, "end": {"line": 42, "column": 3}},
        "line": 40
      },
      "3": {
        "name": "(anonymous_3)",
        "decl": {"start": {"line": 44, "column": 21}, "end": {"line": 44, "column": 22}},
        "loc": {"start": {"line": 44, "column": 27}, "end": {"line": 46, "column": 3}},
        "line": 44
      },
      "4": {
        "name": "(anonymous_4)",
        "decl": {"start": {"line": 48, "column": 2}, "end": {"line": 48, "column": 3}},
        "loc": {"start": {"line": 48, "column": 11}, "end": {"line": 92, "column": 3}},
        "line": 48
      },
      "5": {
        "name": "(anonymous_5)",
        "decl": {"start": {"line": 53, "column": 41}, "end": {"line": 53, "column": 42}},
        "loc": {"start": {"line": 53, "column": 67}, "end": {"line": 87, "column": 13}},
        "line": 53
      },
      "6": {
        "name": "(anonymous_6)",
        "decl": {"start": {"line": 57, "column": 30}, "end": {"line": 57, "column": 31}},
        "loc": {"start": {"line": 57, "column": 36}, "end": {"line": 68, "column": 15}},
        "line": 57
      },
      "7": {
        "name": "(anonymous_7)",
        "decl": {"start": {"line": 95, "column": 26}, "end": {"line": 95, "column": 27}},
        "loc": {"start": {"line": 95, "column": 78}, "end": {"line": 128, "column": 1}},
        "line": 95
      }
    },
    "branchMap": {
      "0": {
        "loc": {"start": {"line": 49, "column": 11}, "end": {"line": 91, "column": 12}},
        "type": "cond-expr",
        "locations": [
          {"start": {"line": 50, "column": 6}, "end": {"line": 90, "column": 26}},
          {"start": {"line": 91, "column": 8}, "end": {"line": 91, "column": 12}}
        ],
        "line": 49
      },
      "1": {
        "loc": {"start": {"line": 64, "column": 16}, "end": {"line": 67, "column": 17}},
        "type": "if",
        "locations": [
          {"start": {"line": 64, "column": 16}, "end": {"line": 67, "column": 17}},
          {"start": {}, "end": {}}
        ],
        "line": 64
      },
      "2": {
        "loc": {"start": {"line": 64, "column": 20}, "end": {"line": 64, "column": 57}},
        "type": "binary-expr",
        "locations": [
          {"start": {"line": 64, "column": 20}, "end": {"line": 64, "column": 30}},
          {"start": {"line": 64, "column": 34}, "end": {"line": 64, "column": 57}}
        ],
        "line": 64
      },
      "3": {
        "loc": {"start": {"line": 74, "column": 38}, "end": {"line": 74, "column": 71}},
        "type": "cond-expr",
        "locations": [
          {"start": {"line": 74, "column": 50}, "end": {"line": 74, "column": 66}},
          {"start": {"line": 74, "column": 69}, "end": {"line": 74, "column": 71}}
        ],
        "line": 74
      },
      "4": {
        "loc": {"start": {"line": 96, "column": 2}, "end": {"line": 127, "column": 3}},
        "type": "switch",
        "locations": [
          {"start": {"line": 97, "column": 4}, "end": {"line": 103, "column": 8}},
          {"start": {"line": 104, "column": 4}, "end": {"line": 110, "column": 8}},
          {"start": {"line": 111, "column": 4}, "end": {"line": 117, "column": 8}},
          {"start": {"line": 118, "column": 4}, "end": {"line": 124, "column": 8}},
          {"start": {"line": 125, "column": 4}, "end": {"line": 126, "column": 22}}
        ],
        "line": 96
      },
      "5": {
        "loc": {"start": {"line": 100, "column": 24}, "end": {"line": 100, "column": 88}},
        "type": "cond-expr",
        "locations": [
          {"start": {"line": 100, "column": 36}, "end": {"line": 100, "column": 74}},
          {"start": {"line": 100, "column": 77}, "end": {"line": 100, "column": 88}}
        ],
        "line": 100
      },
      "6": {
        "loc": {"start": {"line": 101, "column": 26}, "end": {"line": 101, "column": 92}},
        "type": "cond-expr",
        "locations": [
          {"start": {"line": 101, "column": 38}, "end": {"line": 101, "column": 78}},
          {"start": {"line": 101, "column": 81}, "end": {"line": 101, "column": 92}}
        ],
        "line": 101
      },
      "7": {
        "loc": {"start": {"line": 107, "column": 24}, "end": {"line": 107, "column": 88}},
        "type": "cond-expr",
        "locations": [
          {"start": {"line": 107, "column": 36}, "end": {"line": 107, "column": 74}},
          {"start": {"line": 107, "column": 77}, "end": {"line": 107, "column": 88}}
        ],
        "line": 107
      },
      "8": {
        "loc": {"start": {"line": 108, "column": 26}, "end": {"line": 108, "column": 92}},
        "type": "cond-expr",
        "locations": [
          {"start": {"line": 108, "column": 38}, "end": {"line": 108, "column": 78}},
          {"start": {"line": 108, "column": 81}, "end": {"line": 108, "column": 92}}
        ],
        "line": 108
      },
      "9": {
        "loc": {"start": {"line": 114, "column": 24}, "end": {"line": 114, "column": 88}},
        "type": "cond-expr",
        "locations": [
          {"start": {"line": 114, "column": 36}, "end": {"line": 114, "column": 74}},
          {"start": {"line": 114, "column": 77}, "end": {"line": 114, "column": 88}}
        ],
        "line": 114
      },
      "10": {
        "loc": {"start": {"line": 115, "column": 26}, "end": {"line": 115, "column": 92}},
        "type": "cond-expr",
        "locations": [
          {"start": {"line": 115, "column": 38}, "end": {"line": 115, "column": 78}},
          {"start": {"line": 115, "column": 81}, "end": {"line": 115, "column": 92}}
        ],
        "line": 115
      },
      "11": {
        "loc": {"start": {"line": 121, "column": 24}, "end": {"line": 121, "column": 88}},
        "type": "cond-expr",
        "locations": [
          {"start": {"line": 121, "column": 36}, "end": {"line": 121, "column": 74}},
          {"start": {"line": 121, "column": 77}, "end": {"line": 121, "column": 88}}
        ],
        "line": 121
      },
      "12": {
        "loc": {"start": {"line": 122, "column": 26}, "end": {"line": 122, "column": 92}},
        "type": "cond-expr",
        "locations": [
          {"start": {"line": 122, "column": 38}, "end": {"line": 122, "column": 78}},
          {"start": {"line": 122, "column": 81}, "end": {"line": 122, "column": 92}}
        ],
        "line": 122
      }
    },
    "s": {
      "0": 0,
      "1": 0,
      "2": 0,
      "3": 0,
      "4": 0,
      "5": 0,
      "6": 0,
      "7": 0,
      "8": 0,
      "9": 0,
      "10": 0,
      "11": 0,
      "12": 0,
      "13": 0,
      "14": 0,
      "15": 0,
      "16": 0,
      "17": 0,
      "18": 1,
      "19": 0,
      "20": 0,
      "21": 0,
      "22": 0,
      "23": 0,
      "24": 0
    },
    "f": {"0": 0, "1": 0, "2": 0, "3": 0, "4": 0, "5": 0, "6": 0, "7": 0},
    "b": {
      "0": [0, 0],
      "1": [0, 0],
      "2": [0, 0],
      "3": [0, 0],
      "4": [0, 0, 0, 0, 0],
      "5": [0, 0],
      "6": [0, 0],
      "7": [0, 0],
      "8": [0, 0],
      "9": [0, 0],
      "10": [0, 0],
      "11": [0, 0],
      "12": [0, 0]
    },
    "_coverageSchema": "1a1c01bbd47fc00a2c39e90264f33305004495a9",
    "hash": "b91504613c6157bf9d6c2844e3b7914f231a7d0b"
  },
  "C:\\dev\\git\\ssi-mobile-wallet\\src\\components\\buttons\\SSIIconButton\\index.tsx": {
    "path": "C:\\dev\\git\\ssi-mobile-wallet\\src\\components\\buttons\\SSIIconButton\\index.tsx",
    "statementMap": {
      "0": {"start": {"line": 20, "column": 33}, "end": {"line": 35, "column": 1}},
      "1": {"start": {"line": 21, "column": 2}, "end": {"line": 34, "column": 4}},
      "2": {"start": {"line": 37, "column": 16}, "end": {"line": 48, "column": 1}},
      "3": {"start": {"line": 38, "column": 2}, "end": {"line": 47, "column": 3}},
      "4": {"start": {"line": 40, "column": 6}, "end": {"line": 40, "column": 29}},
      "5": {"start": {"line": 42, "column": 6}, "end": {"line": 42, "column": 29}},
      "6": {"start": {"line": 44, "column": 6}, "end": {"line": 44, "column": 56}},
      "7": {"start": {"line": 46, "column": 6}, "end": {"line": 46, "column": 22}}
    },
    "fnMap": {
      "0": {
        "name": "(anonymous_0)",
        "decl": {"start": {"line": 20, "column": 33}, "end": {"line": 20, "column": 34}},
        "loc": {"start": {"line": 20, "column": 64}, "end": {"line": 35, "column": 1}},
        "line": 20
      },
      "1": {
        "name": "(anonymous_1)",
        "decl": {"start": {"line": 37, "column": 16}, "end": {"line": 37, "column": 17}},
        "loc": {"start": {"line": 37, "column": 91}, "end": {"line": 48, "column": 1}},
        "line": 37
      }
    },
    "branchMap": {
      "0": {
        "loc": {"start": {"line": 38, "column": 2}, "end": {"line": 47, "column": 3}},
        "type": "switch",
        "locations": [
          {"start": {"line": 39, "column": 4}, "end": {"line": 40, "column": 29}},
          {"start": {"line": 41, "column": 4}, "end": {"line": 42, "column": 29}},
          {"start": {"line": 43, "column": 4}, "end": {"line": 44, "column": 56}},
          {"start": {"line": 45, "column": 4}, "end": {"line": 46, "column": 22}}
        ],
        "line": 38
      }
    },
    "s": {"0": 1, "1": 112, "2": 1, "3": 112, "4": 112, "5": 0, "6": 0, "7": 0},
    "f": {"0": 112, "1": 112},
    "b": {"0": [112, 0, 0, 0]},
    "_coverageSchema": "1a1c01bbd47fc00a2c39e90264f33305004495a9",
    "hash": "d17d26f3caad9f2e32e700fc9ad866a104c4b5b4"
  },
  "C:\\dev\\git\\ssi-mobile-wallet\\src\\components\\buttons\\SSIPrimaryButton\\index.tsx": {
    "path": "C:\\dev\\git\\ssi-mobile-wallet\\src\\components\\buttons\\SSIPrimaryButton\\index.tsx",
    "statementMap": {
      "0": {"start": {"line": 18, "column": 36}, "end": {"line": 33, "column": 1}},
      "1": {"start": {"line": 19, "column": 44}, "end": {"line": 19, "column": 49}},
      "2": {"start": {"line": 21, "column": 2}, "end": {"line": 32, "column": 4}}
    },
    "fnMap": {
      "0": {
        "name": "(anonymous_0)",
        "decl": {"start": {"line": 18, "column": 36}, "end": {"line": 18, "column": 37}},
        "loc": {"start": {"line": 18, "column": 67}, "end": {"line": 33, "column": 1}},
        "line": 18
      }
    },
    "branchMap": {
      "0": {
        "loc": {"start": {"line": 26, "column": 12}, "end": {"line": 26, "column": 60}},
        "type": "binary-expr",
        "locations": [
          {"start": {"line": 26, "column": 12}, "end": {"line": 26, "column": 20}},
          {"start": {"line": 26, "column": 24}, "end": {"line": 26, "column": 60}}
        ],
        "line": 26
      }
    },
    "s": {"0": 1, "1": 49, "2": 49},
    "f": {"0": 49},
    "b": {"0": [49, 22]},
    "_coverageSchema": "1a1c01bbd47fc00a2c39e90264f33305004495a9",
    "hash": "21edf26d80a21978ec6d0a10b48f3f376e5b9e92"
  },
  "C:\\dev\\git\\ssi-mobile-wallet\\src\\components\\buttons\\SSISecondaryButton\\index.tsx": {
    "path": "C:\\dev\\git\\ssi-mobile-wallet\\src\\components\\buttons\\SSISecondaryButton\\index.tsx",
    "statementMap": {
      "0": {"start": {"line": 21, "column": 38}, "end": {"line": 41, "column": 1}},
      "1": {"start": {"line": 22, "column": 37}, "end": {"line": 22, "column": 42}},
      "2": {"start": {"line": 24, "column": 2}, "end": {"line": 40, "column": 4}}
    },
    "fnMap": {
      "0": {
        "name": "(anonymous_0)",
        "decl": {"start": {"line": 21, "column": 38}, "end": {"line": 21, "column": 39}},
        "loc": {"start": {"line": 21, "column": 69}, "end": {"line": 41, "column": 1}},
        "line": 21
      }
    },
    "branchMap": {
      "0": {
        "loc": {"start": {"line": 31, "column": 14}, "end": {"line": 31, "column": 62}},
        "type": "binary-expr",
        "locations": [
          {"start": {"line": 31, "column": 14}, "end": {"line": 31, "column": 22}},
          {"start": {"line": 31, "column": 26}, "end": {"line": 31, "column": 62}}
        ],
        "line": 31
      },
      "1": {
        "loc": {"start": {"line": 34, "column": 52}, "end": {"line": 34, "column": 125}},
        "type": "cond-expr",
        "locations": [
          {"start": {"line": 34, "column": 77}, "end": {"line": 34, "column": 99}},
          {"start": {"line": 34, "column": 102}, "end": {"line": 34, "column": 125}}
        ],
        "line": 34
      }
    },
    "s": {"0": 1, "1": 16, "2": 16},
    "f": {"0": 16},
    "b": {"0": [16, 0], "1": [0, 16]},
    "_coverageSchema": "1a1c01bbd47fc00a2c39e90264f33305004495a9",
    "hash": "fb9ee24cf1f90614d7450698f4d0e194e8a0e34f"
  },
  "C:\\dev\\git\\ssi-mobile-wallet\\src\\components\\buttons\\SSISwipeDeleteButton\\index.tsx": {
    "path": "C:\\dev\\git\\ssi-mobile-wallet\\src\\components\\buttons\\SSISwipeDeleteButton\\index.tsx",
    "statementMap": {
      "0": {"start": {"line": 15, "column": 41}, "end": {"line": 24, "column": 1}},
      "1": {"start": {"line": 16, "column": 2}, "end": {"line": 23, "column": 4}}
    },
    "fnMap": {
      "0": {
        "name": "(anonymous_0)",
        "decl": {"start": {"line": 15, "column": 41}, "end": {"line": 15, "column": 42}},
        "loc": {"start": {"line": 15, "column": 73}, "end": {"line": 24, "column": 1}},
        "line": 15
      }
    },
    "branchMap": {},
    "s": {"0": 1, "1": 0},
    "f": {"0": 0},
    "b": {},
    "_coverageSchema": "1a1c01bbd47fc00a2c39e90264f33305004495a9",
    "hash": "09d25ea90012db541427bf759dccae0d2cde9f72"
  },
  "C:\\dev\\git\\ssi-mobile-wallet\\src\\components\\containers\\SSIButtonsContainer\\index.tsx": {
    "path": "C:\\dev\\git\\ssi-mobile-wallet\\src\\components\\containers\\SSIButtonsContainer\\index.tsx",
    "statementMap": {
      "0": {"start": {"line": 22, "column": 18}, "end": {"line": 24, "column": 3}},
      "1": {"start": {"line": 26, "column": 22}, "end": {"line": 29, "column": 3}},
      "2": {"start": {"line": 27, "column": 4}, "end": {"line": 27, "column": 98}},
      "3": {"start": {"line": 28, "column": 4}, "end": {"line": 28, "column": 98}},
      "4": {"start": {"line": 31, "column": 25}, "end": {"line": 34, "column": 3}},
      "5": {"start": {"line": 32, "column": 4}, "end": {"line": 32, "column": 42}},
      "6": {"start": {"line": 33, "column": 4}, "end": {"line": 33, "column": 42}},
      "7": {"start": {"line": 36, "column": 21}, "end": {"line": 38, "column": 3}},
      "8": {"start": {"line": 37, "column": 4}, "end": {"line": 37, "column": 43}},
      "9": {"start": {"line": 40, "column": 21}, "end": {"line": 42, "column": 3}},
      "10": {"start": {"line": 41, "column": 4}, "end": {"line": 41, "column": 44}},
      "11": {"start": {"line": 45, "column": 62}, "end": {"line": 45, "column": 72}},
      "12": {"start": {"line": 46, "column": 30}, "end": {"line": 46, "column": 40}},
      "13": {"start": {"line": 48, "column": 4}, "end": {"line": 70, "column": 6}}
    },
    "fnMap": {
      "0": {
        "name": "(anonymous_0)",
        "decl": {"start": {"line": 26, "column": 22}, "end": {"line": 26, "column": 23}},
        "loc": {"start": {"line": 26, "column": 28}, "end": {"line": 29, "column": 3}},
        "line": 26
      },
      "1": {
        "name": "(anonymous_1)",
        "decl": {"start": {"line": 31, "column": 25}, "end": {"line": 31, "column": 26}},
        "loc": {"start": {"line": 31, "column": 31}, "end": {"line": 34, "column": 3}},
        "line": 31
      },
      "2": {
        "name": "(anonymous_2)",
        "decl": {"start": {"line": 36, "column": 21}, "end": {"line": 36, "column": 22}},
        "loc": {"start": {"line": 36, "column": 27}, "end": {"line": 38, "column": 3}},
        "line": 36
      },
      "3": {
        "name": "(anonymous_3)",
        "decl": {"start": {"line": 40, "column": 21}, "end": {"line": 40, "column": 22}},
        "loc": {"start": {"line": 40, "column": 27}, "end": {"line": 42, "column": 3}},
        "line": 40
      },
      "4": {
        "name": "(anonymous_4)",
        "decl": {"start": {"line": 44, "column": 2}, "end": {"line": 44, "column": 3}},
        "loc": {"start": {"line": 44, "column": 11}, "end": {"line": 71, "column": 3}},
        "line": 44
      }
    },
    "branchMap": {
      "0": {
        "loc": {"start": {"line": 49, "column": 46}, "end": {"line": 49, "column": 71}},
        "type": "cond-expr",
        "locations": [
          {"start": {"line": 49, "column": 64}, "end": {"line": 49, "column": 66}},
          {"start": {"line": 49, "column": 69}, "end": {"line": 49, "column": 71}}
        ],
        "line": 49
      },
      "1": {
        "loc": {"start": {"line": 49, "column": 77}, "end": {"line": 49, "column": 113}},
        "type": "binary-expr",
        "locations": [
          {"start": {"line": 49, "column": 77}, "end": {"line": 49, "column": 92}},
          {"start": {"line": 49, "column": 96}, "end": {"line": 49, "column": 113}}
        ],
        "line": 49
      },
      "2": {
        "loc": {"start": {"line": 50, "column": 9}, "end": {"line": 58, "column": 9}},
        "type": "binary-expr",
        "locations": [
          {"start": {"line": 50, "column": 9}, "end": {"line": 50, "column": 24}},
          {"start": {"line": 51, "column": 10}, "end": {"line": 57, "column": 12}}
        ],
        "line": 50
      },
      "3": {
        "loc": {"start": {"line": 56, "column": 54}, "end": {"line": 56, "column": 85}},
        "type": "cond-expr",
        "locations": [
          {"start": {"line": 56, "column": 70}, "end": {"line": 56, "column": 79}},
          {"start": {"line": 56, "column": 82}, "end": {"line": 56, "column": 85}}
        ],
        "line": 56
      },
      "4": {
        "loc": {"start": {"line": 60, "column": 9}, "end": {"line": 68, "column": 9}},
        "type": "binary-expr",
        "locations": [
          {"start": {"line": 60, "column": 9}, "end": {"line": 60, "column": 22}},
          {"start": {"line": 61, "column": 10}, "end": {"line": 67, "column": 12}}
        ],
        "line": 60
      },
      "5": {
        "loc": {"start": {"line": 66, "column": 54}, "end": {"line": 66, "column": 87}},
        "type": "cond-expr",
        "locations": [
          {"start": {"line": 66, "column": 72}, "end": {"line": 66, "column": 81}},
          {"start": {"line": 66, "column": 84}, "end": {"line": 66, "column": 87}}
        ],
        "line": 66
      }
    },
    "s": {"0": 13, "1": 13, "2": 13, "3": 13, "4": 13, "5": 13, "6": 13, "7": 13, "8": 0, "9": 13, "10": 0, "11": 35, "12": 35, "13": 35},
    "f": {"0": 13, "1": 13, "2": 0, "3": 0, "4": 35},
    "b": {"0": [0, 35], "1": [35, 4], "2": [35, 16], "3": [16, 0], "4": [35, 35], "5": [16, 19]},
    "_coverageSchema": "1a1c01bbd47fc00a2c39e90264f33305004495a9",
    "hash": "fee735575d95db08523d6a11464c929f2f818a0d"
  },
  "C:\\dev\\git\\ssi-mobile-wallet\\src\\components\\dropDownLists\\SSIDropDownList\\index.tsx": {
    "path": "C:\\dev\\git\\ssi-mobile-wallet\\src\\components\\dropDownLists\\SSIDropDownList\\index.tsx",
    "statementMap": {
      "0": {"start": {"line": 11, "column": 36}, "end": {"line": 30, "column": 1}},
      "1": {"start": {"line": 12, "column": 19}, "end": {"line": 27, "column": 3}},
      "2": {"start": {"line": 13, "column": 22}, "end": {"line": 13, "column": 27}},
      "3": {"start": {"line": 14, "column": 4}, "end": {"line": 26, "column": 7}},
      "4": {"start": {"line": 15, "column": 25}, "end": {"line": 15, "column": 75}},
      "5": {"start": {"line": 16, "column": 6}, "end": {"line": 25, "column": 8}},
      "6": {"start": {"line": 29, "column": 2}, "end": {"line": 29, "column": 45}}
    },
    "fnMap": {
      "0": {
        "name": "(anonymous_0)",
        "decl": {"start": {"line": 11, "column": 36}, "end": {"line": 11, "column": 37}},
        "loc": {"start": {"line": 11, "column": 68}, "end": {"line": 30, "column": 1}},
        "line": 11
      },
      "1": {
        "name": "(anonymous_1)",
        "decl": {"start": {"line": 12, "column": 19}, "end": {"line": 12, "column": 20}},
        "loc": {"start": {"line": 12, "column": 25}, "end": {"line": 27, "column": 3}},
        "line": 12
      },
      "2": {
        "name": "(anonymous_2)",
        "decl": {"start": {"line": 14, "column": 23}, "end": {"line": 14, "column": 24}},
        "loc": {"start": {"line": 14, "column": 67}, "end": {"line": 26, "column": 5}},
        "line": 14
      }
    },
    "branchMap": {
      "0": {
        "loc": {"start": {"line": 15, "column": 25}, "end": {"line": 15, "column": 75}},
        "type": "binary-expr",
        "locations": [
          {"start": {"line": 15, "column": 25}, "end": {"line": 15, "column": 43}},
          {"start": {"line": 15, "column": 47}, "end": {"line": 15, "column": 75}}
        ],
        "line": 15
      }
    },
    "s": {"0": 1, "1": 0, "2": 0, "3": 0, "4": 0, "5": 0, "6": 0},
    "f": {"0": 0, "1": 0, "2": 0},
    "b": {"0": [0, 0]},
    "_coverageSchema": "1a1c01bbd47fc00a2c39e90264f33305004495a9",
    "hash": "ccf5d647c5822f5f649f0afcb12970ef6f18de51"
  },
  "C:\\dev\\git\\ssi-mobile-wallet\\src\\components\\dropDownLists\\SSIDropDownListItem\\index.tsx": {
    "path": "C:\\dev\\git\\ssi-mobile-wallet\\src\\components\\dropDownLists\\SSIDropDownListItem\\index.tsx",
    "statementMap": {
      "0": {"start": {"line": 26, "column": 40}, "end": {"line": 63, "column": 1}},
      "1": {"start": {"line": 27, "column": 80}, "end": {"line": 27, "column": 85}},
      "2": {"start": {"line": 29, "column": 18}, "end": {"line": 31, "column": 3}},
      "3": {"start": {"line": 30, "column": 4}, "end": {"line": 30, "column": 26}},
      "4": {"start": {"line": 33, "column": 18}, "end": {"line": 48, "column": 3}},
      "5": {"start": {"line": 34, "column": 37}, "end": {"line": 34, "column": 42}},
      "6": {"start": {"line": 36, "column": 4}, "end": {"line": 47, "column": 5}},
      "7": {"start": {"line": 38, "column": 8}, "end": {"line": 38, "column": 51}},
      "8": {"start": {"line": 40, "column": 8}, "end": {"line": 40, "column": 48}},
      "9": {"start": {"line": 42, "column": 8}, "end": {"line": 42, "column": 51}},
      "10": {"start": {"line": 44, "column": 8}, "end": {"line": 44, "column": 53}},
      "11": {"start": {"line": 46, "column": 8}, "end": {"line": 46, "column": 24}},
      "12": {"start": {"line": 50, "column": 2}, "end": {"line": 62, "column": 4}}
    },
    "fnMap": {
      "0": {
        "name": "(anonymous_0)",
        "decl": {"start": {"line": 26, "column": 40}, "end": {"line": 26, "column": 41}},
        "loc": {"start": {"line": 26, "column": 72}, "end": {"line": 63, "column": 1}},
        "line": 26
      },
      "1": {
        "name": "(anonymous_1)",
        "decl": {"start": {"line": 29, "column": 18}, "end": {"line": 29, "column": 19}},
        "loc": {"start": {"line": 29, "column": 30}, "end": {"line": 31, "column": 3}},
        "line": 29
      },
      "2": {
        "name": "(anonymous_2)",
        "decl": {"start": {"line": 33, "column": 18}, "end": {"line": 33, "column": 19}},
        "loc": {"start": {"line": 33, "column": 62}, "end": {"line": 48, "column": 3}},
        "line": 33
      }
    },
    "branchMap": {
      "0": {
        "loc": {"start": {"line": 27, "column": 34}, "end": {"line": 27, "column": 52}},
        "type": "default-arg",
        "locations": [{"start": {"line": 27, "column": 47}, "end": {"line": 27, "column": 52}}],
        "line": 27
      },
      "1": {
        "loc": {"start": {"line": 27, "column": 54}, "end": {"line": 27, "column": 76}},
        "type": "default-arg",
        "locations": [{"start": {"line": 27, "column": 66}, "end": {"line": 27, "column": 76}}],
        "line": 27
      },
      "2": {
        "loc": {"start": {"line": 34, "column": 11}, "end": {"line": 34, "column": 33}},
        "type": "default-arg",
        "locations": [{"start": {"line": 34, "column": 23}, "end": {"line": 34, "column": 33}}],
        "line": 34
      },
      "3": {
        "loc": {"start": {"line": 36, "column": 4}, "end": {"line": 47, "column": 5}},
        "type": "switch",
        "locations": [
          {"start": {"line": 37, "column": 6}, "end": {"line": 38, "column": 51}},
          {"start": {"line": 39, "column": 6}, "end": {"line": 40, "column": 48}},
          {"start": {"line": 41, "column": 6}, "end": {"line": 42, "column": 51}},
          {"start": {"line": 43, "column": 6}, "end": {"line": 44, "column": 53}},
          {"start": {"line": 45, "column": 6}, "end": {"line": 46, "column": 24}}
        ],
        "line": 36
      },
      "4": {
        "loc": {"start": {"line": 55, "column": 12}, "end": {"line": 55, "column": 60}},
        "type": "binary-expr",
        "locations": [
          {"start": {"line": 55, "column": 12}, "end": {"line": 55, "column": 20}},
          {"start": {"line": 55, "column": 24}, "end": {"line": 55, "column": 60}}
        ],
        "line": 55
      },
      "5": {
        "loc": {"start": {"line": 57, "column": 29}, "end": {"line": 57, "column": 99}},
        "type": "binary-expr",
        "locations": [
          {"start": {"line": 57, "column": 29}, "end": {"line": 57, "column": 39}},
          {"start": {"line": 57, "column": 43}, "end": {"line": 57, "column": 99}}
        ],
        "line": 57
      },
      "6": {
        "loc": {"start": {"line": 59, "column": 9}, "end": {"line": 59, "column": 63}},
        "type": "binary-expr",
        "locations": [
          {"start": {"line": 59, "column": 9}, "end": {"line": 59, "column": 13}},
          {"start": {"line": 59, "column": 17}, "end": {"line": 59, "column": 63}}
        ],
        "line": 59
      }
    },
    "s": {"0": 1, "1": 0, "2": 0, "3": 0, "4": 0, "5": 0, "6": 0, "7": 0, "8": 0, "9": 0, "10": 0, "11": 0, "12": 0},
    "f": {"0": 0, "1": 0, "2": 0},
    "b": {"0": [0], "1": [0], "2": [0], "3": [0, 0, 0, 0, 0], "4": [0, 0], "5": [0, 0], "6": [0, 0]},
    "_coverageSchema": "1a1c01bbd47fc00a2c39e90264f33305004495a9",
    "hash": "9dff5877b3a33a7b038d62a49078ea501bed6b92"
  },
  "C:\\dev\\git\\ssi-mobile-wallet\\src\\components\\fields\\SSICheckbox\\index.tsx": {
    "path": "C:\\dev\\git\\ssi-mobile-wallet\\src\\components\\fields\\SSICheckbox\\index.tsx",
    "statementMap": {
      "0": {"start": {"line": 27, "column": 32}, "end": {"line": 73, "column": 1}},
      "1": {"start": {"line": 36, "column": 6}, "end": {"line": 36, "column": 11}},
      "2": {"start": {"line": 37, "column": 34}, "end": {"line": 37, "column": 71}},
      "3": {"start": {"line": 38, "column": 16}, "end": {"line": 38, "column": 75}},
      "4": {"start": {"line": 40, "column": 24}, "end": {"line": 47, "column": 3}},
      "5": {"start": {"line": 41, "column": 28}, "end": {"line": 41, "column": 33}},
      "6": {"start": {"line": 42, "column": 4}, "end": {"line": 46, "column": 5}},
      "7": {"start": {"line": 43, "column": 6}, "end": {"line": 43, "column": 67}},
      "8": {"start": {"line": 43, "column": 43}, "end": {"line": 43, "column": 65}},
      "9": {"start": {"line": 45, "column": 6}, "end": {"line": 45, "column": 29}},
      "10": {"start": {"line": 49, "column": 2}, "end": {"line": 72, "column": 4}}
    },
    "fnMap": {
      "0": {
        "name": "(anonymous_0)",
        "decl": {"start": {"line": 27, "column": 32}, "end": {"line": 27, "column": 33}},
        "loc": {"start": {"line": 27, "column": 64}, "end": {"line": 73, "column": 1}},
        "line": 27
      },
      "1": {
        "name": "(anonymous_1)",
        "decl": {"start": {"line": 40, "column": 24}, "end": {"line": 40, "column": 25}},
        "loc": {"start": {"line": 40, "column": 30}, "end": {"line": 47, "column": 3}},
        "line": 40
      },
      "2": {
        "name": "(anonymous_2)",
        "decl": {"start": {"line": 43, "column": 37}, "end": {"line": 43, "column": 38}},
        "loc": {"start": {"line": 43, "column": 43}, "end": {"line": 43, "column": 65}},
        "line": 43
      }
    },
    "branchMap": {
      "0": {
        "loc": {"start": {"line": 30, "column": 4}, "end": {"line": 30, "column": 53}},
        "type": "default-arg",
        "locations": [{"start": {"line": 30, "column": 18}, "end": {"line": 30, "column": 53}}],
        "line": 30
      },
      "1": {
        "loc": {"start": {"line": 31, "column": 4}, "end": {"line": 31, "column": 20}},
        "type": "default-arg",
        "locations": [{"start": {"line": 31, "column": 15}, "end": {"line": 31, "column": 20}}],
        "line": 31
      },
      "2": {
        "loc": {"start": {"line": 34, "column": 4}, "end": {"line": 34, "column": 49}},
        "type": "default-arg",
        "locations": [{"start": {"line": 34, "column": 20}, "end": {"line": 34, "column": 49}}],
        "line": 34
      },
      "3": {
        "loc": {"start": {"line": 35, "column": 4}, "end": {"line": 35, "column": 28}},
        "type": "default-arg",
        "locations": [{"start": {"line": 35, "column": 17}, "end": {"line": 35, "column": 28}}],
        "line": 35
      },
      "4": {
        "loc": {"start": {"line": 37, "column": 49}, "end": {"line": 37, "column": 70}},
        "type": "binary-expr",
        "locations": [
          {"start": {"line": 37, "column": 49}, "end": {"line": 37, "column": 61}},
          {"start": {"line": 37, "column": 65}, "end": {"line": 37, "column": 70}}
        ],
        "line": 37
      },
      "5": {
        "loc": {"start": {"line": 38, "column": 16}, "end": {"line": 38, "column": 75}},
        "type": "cond-expr",
        "locations": [
          {"start": {"line": 38, "column": 48}, "end": {"line": 38, "column": 63}},
          {"start": {"line": 38, "column": 66}, "end": {"line": 38, "column": 75}}
        ],
        "line": 38
      },
      "6": {
        "loc": {"start": {"line": 42, "column": 4}, "end": {"line": 46, "column": 5}},
        "type": "if",
        "locations": [
          {"start": {"line": 42, "column": 4}, "end": {"line": 46, "column": 5}},
          {"start": {"line": 44, "column": 11}, "end": {"line": 46, "column": 5}}
        ],
        "line": 42
      },
      "7": {
        "loc": {"start": {"line": 60, "column": 9}, "end": {"line": 68, "column": 9}},
        "type": "cond-expr",
        "locations": [
          {"start": {"line": 61, "column": 10}, "end": {"line": 63, "column": 12}},
          {"start": {"line": 65, "column": 10}, "end": {"line": 67, "column": 12}}
        ],
        "line": 60
      },
      "8": {
        "loc": {"start": {"line": 62, "column": 56}, "end": {"line": 62, "column": 82}},
        "type": "binary-expr",
        "locations": [
          {"start": {"line": 62, "column": 56}, "end": {"line": 62, "column": 61}},
          {"start": {"line": 62, "column": 65}, "end": {"line": 62, "column": 82}}
        ],
        "line": 62
      },
      "9": {
        "loc": {"start": {"line": 62, "column": 89}, "end": {"line": 62, "column": 137}},
        "type": "binary-expr",
[...]
      "54": {"start": {"line": 174, "column": 2}, "end": {"line": 174, "column": 14}},
      "55": {"start": {"line": 178, "column": 2}, "end": {"line": 190, "column": 3}},
      "56": {"start": {"line": 179, "column": 4}, "end": {"line": 179, "column": 21}},
      "57": {"start": {"line": 180, "column": 9}, "end": {"line": 190, "column": 3}},
      "58": {"start": {"line": 181, "column": 4}, "end": {"line": 181, "column": 17}},
      "59": {"start": {"line": 182, "column": 9}, "end": {"line": 190, "column": 3}},
      "60": {"start": {"line": 183, "column": 4}, "end": {"line": 189, "column": 5}},
      "61": {"start": {"line": 184, "column": 6}, "end": {"line": 184, "column": 22}},
      "62": {"start": {"line": 185, "column": 11}, "end": {"line": 189, "column": 5}},
      "63": {"start": {"line": 186, "column": 6}, "end": {"line": 186, "column": 23}},
      "64": {"start": {"line": 187, "column": 11}, "end": {"line": 189, "column": 5}},
      "65": {"start": {"line": 188, "column": 6}, "end": {"line": 188, "column": 23}},
      "66": {"start": {"line": 191, "column": 2}, "end": {"line": 191, "column": 19}}
    },
    "fnMap": {
      "0": {
        "name": "(anonymous_0)",
        "decl": {"start": {"line": 14, "column": 31}, "end": {"line": 14, "column": 32}},
        "loc": {"start": {"line": 14, "column": 104}, "end": {"line": 71, "column": 1}},
        "line": 14
      },
      "1": {
        "name": "(anonymous_1)",
        "decl": {"start": {"line": 78, "column": 47}, "end": {"line": 78, "column": 48}},
        "loc": {"start": {"line": 81, "column": 34}, "end": {"line": 89, "column": 1}},
        "line": 81
      },
      "2": {
        "name": "(anonymous_2)",
        "decl": {"start": {"line": 97, "column": 35}, "end": {"line": 97, "column": 36}},
        "loc": {"start": {"line": 100, "column": 34}, "end": {"line": 159, "column": 1}},
        "line": 100
      },
      "3": {
        "name": "(anonymous_3)",
        "decl": {"start": {"line": 114, "column": 39}, "end": {"line": 114, "column": 40}},
        "loc": {"start": {"line": 114, "column": 67}, "end": {"line": 114, "column": 99}},
        "line": 114
      },
      "4": {
        "name": "getIssuerLogo",
        "decl": {"start": {"line": 161, "column": 16}, "end": {"line": 161, "column": 29}},
        "loc": {"start": {"line": 161, "column": 144}, "end": {"line": 175, "column": 1}},
        "line": 161
      },
      "5": {
        "name": "getImageFromObjectOrString",
        "decl": {"start": {"line": 177, "column": 16}, "end": {"line": 177, "column": 42}},
        "loc": {"start": {"line": 177, "column": 88}, "end": {"line": 192, "column": 1}},
        "line": 177
      }
    },
    "branchMap": {
      "0": {
        "loc": {"start": {"line": 19, "column": 4}, "end": {"line": 35, "column": 5}},
        "type": "if",
        "locations": [
          {"start": {"line": 19, "column": 4}, "end": {"line": 35, "column": 5}},
          {"start": {"line": 28, "column": 11}, "end": {"line": 35, "column": 5}}
        ],
        "line": 19
      },
      "1": {
        "loc": {"start": {"line": 20, "column": 20}, "end": {"line": 20, "column": 64}},
        "type": "cond-expr",
        "locations": [
          {"start": {"line": 20, "column": 48}, "end": {"line": 20, "column": 53}},
          {"start": {"line": 20, "column": 56}, "end": {"line": 20, "column": 64}}
        ],
        "line": 20
      },
      "2": {
        "loc": {"start": {"line": 25, "column": 19}, "end": {"line": 25, "column": 81}},
        "type": "cond-expr",
        "locations": [
          {"start": {"line": 25, "column": 44}, "end": {"line": 25, "column": 69}},
          {"start": {"line": 25, "column": 72}, "end": {"line": 25, "column": 81}}
        ],
        "line": 25
      },
      "3": {
        "loc": {"start": {"line": 28, "column": 11}, "end": {"line": 35, "column": 5}},
        "type": "if",
        "locations": [
          {"start": {"line": 28, "column": 11}, "end": {"line": 35, "column": 5}},
          {"start": {}, "end": {}}
        ],
        "line": 28
      },
      "4": {
        "loc": {"start": {"line": 37, "column": 4}, "end": {"line": 67, "column": 5}},
        "type": "if",
        "locations": [
          {"start": {"line": 37, "column": 4}, "end": {"line": 67, "column": 5}},
          {"start": {"line": 45, "column": 11}, "end": {"line": 67, "column": 5}}
        ],
        "line": 37
      },
      "5": {
        "loc": {"start": {"line": 47, "column": 6}, "end": {"line": 49, "column": 7}},
        "type": "if",
        "locations": [
          {"start": {"line": 47, "column": 6}, "end": {"line": 49, "column": 7}},
          {"start": {}, "end": {}}
        ],
        "line": 47
      },
      "6": {
        "loc": {"start": {"line": 47, "column": 10}, "end": {"line": 47, "column": 44}},
        "type": "binary-expr",
        "locations": [
          {"start": {"line": 47, "column": 10}, "end": {"line": 47, "column": 21}},
          {"start": {"line": 47, "column": 25}, "end": {"line": 47, "column": 44}}
        ],
        "line": 47
      },
      "7": {
        "loc": {"start": {"line": 52, "column": 6}, "end": {"line": 54, "column": 7}},
        "type": "if",
        "locations": [
          {"start": {"line": 52, "column": 6}, "end": {"line": 54, "column": 7}},
          {"start": {}, "end": {}}
        ],
        "line": 52
      },
      "8": {
        "loc": {"start": {"line": 52, "column": 10}, "end": {"line": 52, "column": 50}},
        "type": "binary-expr",
        "locations": [
          {"start": {"line": 52, "column": 10}, "end": {"line": 52, "column": 22}},
          {"start": {"line": 52, "column": 26}, "end": {"line": 52, "column": 50}}
        ],
        "line": 52
      },
      "9": {
        "loc": {"start": {"line": 56, "column": 6}, "end": {"line": 59, "column": 7}},
        "type": "if",
        "locations": [
          {"start": {"line": 56, "column": 6}, "end": {"line": 59, "column": 7}},
          {"start": {}, "end": {}}
        ],
        "line": 56
      },
      "10": {
        "loc": {"start": {"line": 65, "column": 19}, "end": {"line": 65, "column": 81}},
        "type": "cond-expr",
        "locations": [
          {"start": {"line": 65, "column": 44}, "end": {"line": 65, "column": 69}},
          {"start": {"line": 65, "column": 72}, "end": {"line": 65, "column": 81}}
        ],
        "line": 65
      },
      "11": {
        "loc": {"start": {"line": 85, "column": 12}, "end": {"line": 85, "column": 101}},
        "type": "binary-expr",
        "locations": [
          {"start": {"line": 85, "column": 12}, "end": {"line": 85, "column": 35}},
          {"start": {"line": 85, "column": 39}, "end": {"line": 85, "column": 101}}
        ],
        "line": 85
      },
      "12": {
        "loc": {"start": {"line": 101, "column": 33}, "end": {"line": 103, "column": 7}},
        "type": "cond-expr",
        "locations": [
          {"start": {"line": 102, "column": 6}, "end": {"line": 102, "column": 82}},
          {"start": {"line": 103, "column": 6}, "end": {"line": 103, "column": 7}}
        ],
        "line": 101
      },
      "13": {
        "loc": {"start": {"line": 108, "column": 16}, "end": {"line": 114, "column": 103}},
        "type": "cond-expr",
        "locations": [
          {"start": {"line": 109, "column": 6}, "end": {"line": 109, "column": 31}},
          {"start": {"line": 110, "column": 6}, "end": {"line": 114, "column": 103}}
        ],
        "line": 108
      },
      "14": {
        "loc": {"start": {"line": 110, "column": 6}, "end": {"line": 114, "column": 103}},
        "type": "cond-expr",
        "locations": [
          {"start": {"line": 111, "column": 6}, "end": {"line": 111, "column": 15}},
          {"start": {"line": 112, "column": 6}, "end": {"line": 114, "column": 103}}
        ],
        "line": 110
      },
      "15": {
        "loc": {"start": {"line": 112, "column": 6}, "end": {"line": 114, "column": 103}},
        "type": "cond-expr",
        "locations": [
          {"start": {"line": 113, "column": 6}, "end": {"line": 113, "column": 31}},
          {"start": {"line": 114, "column": 6}, "end": {"line": 114, "column": 103}}
        ],
        "line": 112
      },
      "16": {
        "loc": {"start": {"line": 120, "column": 14}, "end": {"line": 120, "column": 107}},
        "type": "cond-expr",
        "locations": [
          {"start": {"line": 120, "column": 64}, "end": {"line": 120, "column": 95}},
          {"start": {"line": 120, "column": 98}, "end": {"line": 120, "column": 107}}
        ],
        "line": 120
      },
      "17": {
        "loc": {"start": {"line": 123, "column": 4}, "end": {"line": 125, "column": 76}},
        "type": "cond-expr",
        "locations": [
          {"start": {"line": 124, "column": 8}, "end": {"line": 124, "column": 35}},
          {"start": {"line": 125, "column": 8}, "end": {"line": 125, "column": 76}}
        ],
        "line": 123
      },
      "18": {
        "loc": {"start": {"line": 125, "column": 8}, "end": {"line": 125, "column": 76}},
        "type": "binary-expr",
        "locations": [
          {"start": {"line": 125, "column": 8}, "end": {"line": 125, "column": 41}},
          {"start": {"line": 125, "column": 45}, "end": {"line": 125, "column": 76}}
        ],
        "line": 125
      },
      "19": {
        "loc": {"start": {"line": 129, "column": 2}, "end": {"line": 133, "column": 3}},
        "type": "if",
        "locations": [
          {"start": {"line": 129, "column": 2}, "end": {"line": 133, "column": 3}},
          {"start": {}, "end": {}}
        ],
        "line": 129
      },
      "20": {
        "loc": {"start": {"line": 129, "column": 6}, "end": {"line": 129, "column": 91}},
        "type": "binary-expr",
        "locations": [
          {"start": {"line": 129, "column": 6}, "end": {"line": 129, "column": 54}},
          {"start": {"line": 129, "column": 58}, "end": {"line": 129, "column": 91}}
        ],
        "line": 129
      },
      "21": {
        "loc": {"start": {"line": 134, "column": 2}, "end": {"line": 139, "column": 3}},
        "type": "if",
        "locations": [
          {"start": {"line": 134, "column": 2}, "end": {"line": 139, "column": 3}},
          {"start": {}, "end": {}}
        ],
        "line": 134
      },
      "22": {
        "loc": {"start": {"line": 136, "column": 6}, "end": {"line": 138, "column": 71}},
        "type": "cond-expr",
        "locations": [
          {"start": {"line": 137, "column": 10}, "end": {"line": 137, "column": 67}},
          {"start": {"line": 138, "column": 10}, "end": {"line": 138, "column": 71}}
        ],
        "line": 136
      },
      "23": {
        "loc": {"start": {"line": 140, "column": 2}, "end": {"line": 142, "column": 3}},
        "type": "if",
        "locations": [
          {"start": {"line": 140, "column": 2}, "end": {"line": 142, "column": 3}},
          {"start": {}, "end": {}}
        ],
        "line": 140
      },
      "24": {
        "loc": {"start": {"line": 146, "column": 11}, "end": {"line": 146, "column": 41}},
        "type": "binary-expr",
        "locations": [
          {"start": {"line": 146, "column": 11}, "end": {"line": 146, "column": 32}},
          {"start": {"line": 146, "column": 36}, "end": {"line": 146, "column": 41}}
        ],
        "line": 146
      },
      "25": {
        "loc": {"start": {"line": 154, "column": 13}, "end": {"line": 154, "column": 89}},
        "type": "cond-expr",
        "locations": [
          {"start": {"line": 154, "column": 39}, "end": {"line": 154, "column": 75}},
          {"start": {"line": 154, "column": 78}, "end": {"line": 154, "column": 89}}
        ],
        "line": 154
      },
      "26": {
        "loc": {"start": {"line": 164, "column": 2}, "end": {"line": 166, "column": 3}},
        "type": "if",
        "locations": [
          {"start": {"line": 164, "column": 2}, "end": {"line": 166, "column": 3}},
          {"start": {}, "end": {}}
        ],
        "line": 164
      },
      "27": {
        "loc": {"start": {"line": 165, "column": 11}, "end": {"line": 165, "column": 65}},
        "type": "binary-expr",
        "locations": [
          {"start": {"line": 165, "column": 11}, "end": {"line": 165, "column": 38}},
          {"start": {"line": 165, "column": 42}, "end": {"line": 165, "column": 65}}
        ],
        "line": 165
      },
      "28": {
        "loc": {"start": {"line": 167, "column": 2}, "end": {"line": 173, "column": 3}},
        "type": "if",
        "locations": [
          {"start": {"line": 167, "column": 2}, "end": {"line": 173, "column": 3}},
          {"start": {}, "end": {}}
        ],
        "line": 167
      },
      "29": {
        "loc": {"start": {"line": 167, "column": 6}, "end": {"line": 167, "column": 62}},
        "type": "binary-expr",
        "locations": [
          {"start": {"line": 167, "column": 6}, "end": {"line": 167, "column": 11}},
          {"start": {"line": 167, "column": 15}, "end": {"line": 167, "column": 62}}
        ],
        "line": 167
      },
      "30": {
        "loc": {"start": {"line": 168, "column": 4}, "end": {"line": 172, "column": 5}},
        "type": "if",
        "locations": [
          {"start": {"line": 168, "column": 4}, "end": {"line": 172, "column": 5}},
          {"start": {"line": 170, "column": 11}, "end": {"line": 172, "column": 5}}
        ],
        "line": 168
      },
      "31": {
        "loc": {"start": {"line": 168, "column": 8}, "end": {"line": 168, "column": 81}},
        "type": "binary-expr",
        "locations": [
          {"start": {"line": 168, "column": 8}, "end": {"line": 168, "column": 45}},
          {"start": {"line": 168, "column": 49}, "end": {"line": 168, "column": 81}}
        ],
        "line": 168
      },
      "32": {
        "loc": {"start": {"line": 170, "column": 11}, "end": {"line": 172, "column": 5}},
        "type": "if",
        "locations": [
          {"start": {"line": 170, "column": 11}, "end": {"line": 172, "column": 5}},
          {"start": {}, "end": {}}
        ],
        "line": 170
      },
      "33": {
        "loc": {"start": {"line": 178, "column": 2}, "end": {"line": 190, "column": 3}},
        "type": "if",
        "locations": [
          {"start": {"line": 178, "column": 2}, "end": {"line": 190, "column": 3}},
          {"start": {"line": 180, "column": 9}, "end": {"line": 190, "column": 3}}
        ],
        "line": 178
      },
      "34": {
        "loc": {"start": {"line": 180, "column": 9}, "end": {"line": 190, "column": 3}},
        "type": "if",
        "locations": [
          {"start": {"line": 180, "column": 9}, "end": {"line": 190, "column": 3}},
          {"start": {"line": 182, "column": 9}, "end": {"line": 190, "column": 3}}
        ],
        "line": 180
      },
      "35": {
        "loc": {"start": {"line": 180, "column": 13}, "end": {"line": 180, "column": 58}},
        "type": "binary-expr",
        "locations": [
          {"start": {"line": 180, "column": 13}, "end": {"line": 180, "column": 38}},
          {"start": {"line": 180, "column": 42}, "end": {"line": 180, "column": 58}}
        ],
        "line": 180
      },
      "36": {
        "loc": {"start": {"line": 182, "column": 9}, "end": {"line": 190, "column": 3}},
        "type": "if",
        "locations": [
          {"start": {"line": 182, "column": 9}, "end": {"line": 190, "column": 3}},
          {"start": {}, "end": {}}
        ],
        "line": 182
      },
      "37": {
        "loc": {"start": {"line": 183, "column": 4}, "end": {"line": 189, "column": 5}},
        "type": "if",
        "locations": [
          {"start": {"line": 183, "column": 4}, "end": {"line": 189, "column": 5}},
          {"start": {"line": 185, "column": 11}, "end": {"line": 189, "column": 5}}
        ],
        "line": 183
      },
      "38": {
        "loc": {"start": {"line": 183, "column": 8}, "end": {"line": 183, "column": 81}},
        "type": "binary-expr",
        "locations": [
          {"start": {"line": 183, "column": 8}, "end": {"line": 183, "column": 21}},
          {"start": {"line": 183, "column": 25}, "end": {"line": 183, "column": 53}},
          {"start": {"line": 183, "column": 57}, "end": {"line": 183, "column": 81}}
        ],
        "line": 183
      },
      "39": {
        "loc": {"start": {"line": 185, "column": 11}, "end": {"line": 189, "column": 5}},
        "type": "if",
        "locations": [
          {"start": {"line": 185, "column": 11}, "end": {"line": 189, "column": 5}},
          {"start": {"line": 187, "column": 11}, "end": {"line": 189, "column": 5}}
        ],
        "line": 185
      },
      "40": {
        "loc": {"start": {"line": 185, "column": 15}, "end": {"line": 185, "column": 91}},
        "type": "binary-expr",
        "locations": [
          {"start": {"line": 185, "column": 15}, "end": {"line": 185, "column": 29}},
          {"start": {"line": 185, "column": 33}, "end": {"line": 185, "column": 62}},
          {"start": {"line": 185, "column": 66}, "end": {"line": 185, "column": 91}}
        ],
        "line": 185
      },
      "41": {
        "loc": {"start": {"line": 187, "column": 11}, "end": {"line": 189, "column": 5}},
        "type": "if",
        "locations": [
          {"start": {"line": 187, "column": 11}, "end": {"line": 189, "column": 5}},
          {"start": {}, "end": {}}
        ],
        "line": 187
      },
      "42": {
        "loc": {"start": {"line": 187, "column": 15}, "end": {"line": 187, "column": 91}},
        "type": "binary-expr",
        "locations": [
          {"start": {"line": 187, "column": 15}, "end": {"line": 187, "column": 29}},
          {"start": {"line": 187, "column": 33}, "end": {"line": 187, "column": 62}},
          {"start": {"line": 187, "column": 66}, "end": {"line": 187, "column": 91}}
        ],
        "line": 187
      }
    },
    "s": {
      "0": 1,
      "1": 1,
      "2": 1,
      "3": 1,
      "4": 4,
      "5": 0,
      "6": 0,
      "7": 0,
      "8": 4,
      "9": 0,
      "10": 0,
      "11": 4,
      "12": 0,
      "13": 4,
      "14": 4,
      "15": 0,
      "16": 4,
      "17": 4,
      "18": 0,
      "19": 4,
      "20": 0,
      "21": 0,
      "22": 4,
      "23": 1,
      "24": 1,
      "25": 0,
      "26": 1,
      "27": 1,
      "28": 1,
      "29": 1,
      "30": 1,
      "31": 2,
      "32": 1,
      "33": 1,
      "34": 1,
      "35": 1,
      "36": 1,
      "37": 1,
      "38": 1,
      "39": 1,
      "40": 1,
      "41": 0,
      "42": 1,
      "43": 1,
      "44": 1,
      "45": 0,
      "46": 1,
      "47": 1,
      "48": 0,
      "49": 1,
      "50": 1,
      "51": 0,
      "52": 1,
      "53": 0,
      "54": 1,
      "55": 0,
      "56": 0,
      "57": 0,
      "58": 0,
      "59": 0,
      "60": 0,
      "61": 0,
      "62": 0,
      "63": 0,
      "64": 0,
      "65": 0,
      "66": 0
    },
    "f": {"0": 1, "1": 0, "2": 1, "3": 2, "4": 1, "5": 0},
    "b": {
      "0": [0, 4],
      "1": [0, 0],
      "2": [0, 0],
      "3": [0, 4],
      "4": [0, 4],
      "5": [0, 4],
      "6": [4, 4],
      "7": [0, 4],
      "8": [4, 1],
      "9": [0, 4],
      "10": [0, 4],
      "11": [0, 0],
      "12": [0, 1],
      "13": [0, 1],
      "14": [0, 1],
      "15": [0, 1],
      "16": [1, 0],
      "17": [0, 1],
      "18": [1, 1],
      "19": [0, 1],
      "20": [1, 1],
      "21": [1, 0],
      "22": [0, 1],
      "23": [0, 1],
      "24": [1, 1],
      "25": [0, 1],
      "26": [0, 1],
      "27": [0, 0],
      "28": [1, 0],
      "29": [1, 1],
      "30": [0, 1],
      "31": [1, 0],
      "32": [0, 1],
      "33": [0, 0],
      "34": [0, 0],
      "35": [0, 0],
      "36": [0, 0],
      "37": [0, 0],
      "38": [0, 0, 0],
      "39": [0, 0],
      "40": [0, 0, 0],
      "41": [0, 0],
      "42": [0, 0, 0]
    },
    "_coverageSchema": "1a1c01bbd47fc00a2c39e90264f33305004495a9",
    "hash": "401f8b119715b1ffdbe66a2b22f2fe23a28e43ee"
  }
}
