TN:
SF:src\@config\constants\index.ts
FNF:0
FNH:0
DA:1,1
DA:2,1
DA:3,1
DA:4,1
DA:9,1
DA:10,1
DA:12,1
DA:13,1
DA:15,1
DA:16,1
DA:17,1
DA:18,1
DA:20,1
DA:21,1
DA:23,1
DA:24,1
DA:26,1
DA:27,1
LF:18
LH:18
BRF:0
BRH:0
end_of_record
TN:
SF:src\@config\credentials\index.ts
FNF:0
FNH:0
DA:3,1
LF:1
LH:1
BRF:0
BRH:0
end_of_record
TN:
SF:src\@config\database\index.ts
FNF:0
FNH:0
DA:6,1
DA:7,1
DA:9,1
LF:3
LH:3
BRF:0
BRH:0
end_of_record
TN:
SF:src\@config\toasts\index.tsx
FN:12,(anonymous_0)
FN:17,(anonymous_1)
FNF:2
FNH:0
FNDA:0,(anonymous_0)
FNDA:0,(anonymous_1)
DA:7,1
DA:8,1
DA:9,1
DA:11,1
DA:13,0
DA:14,0
DA:15,0
DA:18,0
DA:19,0
DA:20,0
LF:10
LH:4
BRDA:14,0,0,0
BRDA:19,1,0,0
BRF:2
BRH:0
end_of_record
TN:
SF:src\agent\index.ts
FN:48,(anonymous_0)
FNF:1
FNH:1
FNDA:5,(anonymous_0)
DA:38,1
DA:48,5
DA:50,1
DA:66,1
DA:67,1
DA:69,1
DA:126,1
DA:127,1
DA:128,1
DA:129,1
DA:130,1
DA:131,1
DA:132,1
DA:133,1
DA:134,1
DA:135,1
DA:136,1
DA:137,1
DA:138,1
DA:139,1
DA:140,1
DA:141,1
DA:142,1
DA:143,1
DA:147,1
LF:25
LH:25
BRF:0
BRH:0
end_of_record
TN:
SF:src\components\assets\icons\SSIAddIcon\index.tsx
FN:12,(anonymous_0)
FNF:1
FNH:0
FNDA:0,(anonymous_0)
DA:12,1
DA:13,0
DA:15,0
LF:3
LH:1
BRDA:13,0,0,0
BRDA:13,1,0,0
BRF:2
BRH:0
end_of_record
TN:
SF:src\components\assets\icons\SSIBackIcon\index.tsx
FN:13,(anonymous_0)
FNF:1
FNH:1
FNDA:112,(anonymous_0)
DA:13,1
DA:14,112
DA:16,112
LF:3
LH:3
BRDA:14,0,0,112
BRDA:14,1,0,112
BRDA:14,2,0,112
BRF:3
BRH:3
end_of_record
TN:
SF:src\components\assets\icons\SSIBellIcon\index.tsx
FN:9,(anonymous_0)
FNF:1
FNH:0
FNDA:0,(anonymous_0)
DA:9,1
DA:10,0
LF:2
LH:1
BRF:0
BRH:0
end_of_record
TN:
SF:src\components\assets\icons\SSICheckmarkIcon\index.tsx
FN:14,(anonymous_0)
FNF:1
FNH:0
FNDA:0,(anonymous_0)
DA:14,1
DA:15,0
DA:17,0
LF:3
LH:1
BRDA:15,0,0,0
BRDA:15,1,0,0
BRDA:15,2,0,0
BRF:3
BRH:0
end_of_record
TN:
SF:src\components\assets\icons\SSICloseIcon\index.tsx
FN:12,(anonymous_0)
FNF:1
FNH:0
FNDA:0,(anonymous_0)
DA:12,1
DA:13,0
DA:15,0
LF:3
LH:1
BRDA:13,0,0,0
BRDA:13,1,0,0
BRF:2
BRH:0
end_of_record
TN:
SF:src\components\assets\icons\SSIContactsIcon\index.tsx
FN:9,(anonymous_0)
FNF:1
FNH:0
FNDA:0,(anonymous_0)
DA:9,1
DA:10,0
LF:2
LH:1
BRF:0
BRH:0
end_of_record
TN:
SF:src\components\assets\icons\SSIDeleteIcon\index.tsx
FN:13,(anonymous_0)
FNF:1
FNH:0
FNDA:0,(anonymous_0)
DA:13,1
DA:14,0
DA:16,0
LF:3
LH:1
BRDA:14,0,0,0
BRDA:14,1,0,0
BRDA:14,2,0,0
BRF:3
BRH:0
end_of_record
TN:
SF:src\components\assets\icons\SSIDownloadIcon\index.tsx
FN:13,(anonymous_0)
FNF:1
FNH:0
FNDA:0,(anonymous_0)
DA:13,1
DA:14,0
DA:16,0
LF:3
LH:1
BRDA:14,0,0,0
BRDA:14,1,0,0
BRDA:14,2,0,0
BRF:3
BRH:0
end_of_record
TN:
SF:src\components\assets\icons\SSIEditIcon\index.tsx
FN:13,(anonymous_0)
FNF:1
FNH:0
FNDA:0,(anonymous_0)
DA:13,1
DA:14,0
DA:16,0
LF:3
LH:1
BRDA:14,0,0,0
BRDA:14,1,0,0
BRDA:14,2,0,0
BRF:3
BRH:0
end_of_record
TN:
SF:src\components\assets\icons\SSIEyeIcon\index.tsx
FN:12,(anonymous_0)
FNF:1
FNH:0
FNDA:0,(anonymous_0)
DA:12,1
DA:13,0
DA:15,0
LF:3
LH:1
BRDA:13,0,0,0
BRDA:13,1,0,0
BRF:2
BRH:0
end_of_record
TN:
SF:src\components\assets\icons\SSIHomeIcon\index.tsx
FN:9,(anonymous_0)
FNF:1
FNH:0
FNDA:0,(anonymous_0)
DA:9,1
DA:10,0
LF:2
LH:1
BRF:0
BRH:0
end_of_record
TN:
SF:src\components\assets\icons\SSILogoutIcon\index.tsx
FN:13,(anonymous_0)
FNF:1
FNH:0
FNDA:0,(anonymous_0)
DA:13,1
DA:14,0
DA:16,0
LF:3
LH:1
BRDA:14,0,0,0
BRDA:14,1,0,0
BRDA:14,2,0,0
BRF:3
BRH:0
end_of_record
TN:
SF:src\components\assets\icons\SSIMoreIcon\index.tsx
FN:13,(anonymous_0)
FNF:1
FNH:0
FNDA:0,(anonymous_0)
DA:13,1
DA:14,0
DA:16,0
LF:3
LH:1
BRDA:14,0,0,0
BRDA:14,1,0,0
BRDA:14,2,0,0
BRF:3
BRH:0
end_of_record
TN:
SF:src\components\assets\icons\SSIProfileIcon\index.tsx
FN:16,(anonymous_0)
FN:27,(anonymous_1)
FNF:2
FNH:0
FNDA:0,(anonymous_0)
FNDA:0,(anonymous_1)
DA:16,1
DA:17,0
DA:18,0
DA:20,0
DA:27,1
DA:28,0
LF:6
LH:2
BRDA:17,0,0,0
BRDA:17,1,0,0
BRF:2
BRH:0
end_of_record
TN:
SF:src\components\assets\icons\SSIQRIcon\index.tsx
FN:9,(anonymous_0)
FNF:1
FNH:0
FNDA:0,(anonymous_0)
DA:9,1
DA:10,0
LF:2
LH:1
BRF:0
BRH:0
end_of_record
TN:
SF:src\components\assets\images\SSINotificationsImage\index.tsx
FN:11,(anonymous_0)
FNF:1
FNH:0
FNDA:0,(anonymous_0)
DA:11,1
DA:12,0
DA:14,0
LF:3
LH:1
BRDA:12,0,0,0
BRDA:12,1,0,0
BRF:2
BRH:0
end_of_record
TN:
SF:src\components\assets\images\SSISecurityImage\index.tsx
FN:11,(anonymous_0)
FNF:1
FNH:0
FNDA:0,(anonymous_0)
DA:11,1
DA:12,0
DA:14,0
LF:3
LH:1
BRDA:12,0,0,0
BRDA:12,1,0,0
BRF:2
BRH:0
end_of_record
TN:
SF:src\components\assets\images\SSIWarningImage\index.tsx
FN:11,(anonymous_0)
FNF:1
FNH:0
FNDA:0,(anonymous_0)
DA:11,1
DA:12,0
DA:14,0
LF:3
LH:1
BRDA:12,0,0,0
BRDA:12,1,0,0
BRF:2
BRH:0
end_of_record
TN:
SF:src\components\bars\SSIHeaderBar\index.tsx
FN:40,(anonymous_0)
FN:45,(anonymous_1)
FN:49,(anonymous_2)
FN:54,(anonymous_3)
FN:58,(anonymous_4)
FN:63,(anonymous_5)
FN:68,(anonymous_6)
FN:77,(anonymous_7)
FN:81,(anonymous_8)
FN:86,(anonymous_9)
FNF:10
FNH:1
FNDA:112,(anonymous_0)
FNDA:0,(anonymous_1)
FNDA:0,(anonymous_2)
FNDA:0,(anonymous_3)
FNDA:0,(anonymous_4)
FNDA:0,(anonymous_5)
FNDA:0,(anonymous_6)
FNDA:0,(anonymous_7)
FNDA:0,(anonymous_8)
FNDA:0,(anonymous_9)
DA:40,1
DA:41,112
DA:42,112
DA:43,112
DA:45,112
DA:46,0
DA:49,112
DA:50,0
DA:51,0
DA:54,112
DA:55,0
DA:58,112
DA:59,0
DA:60,0
DA:63,112
DA:64,0
DA:65,0
DA:68,112
DA:69,0
DA:70,0
DA:72,0
DA:77,0
DA:81,0
DA:86,112
DA:87,0
DA:90,112
LF:26
LH:12
BRDA:41,0,0,112
BRDA:41,1,0,112
BRDA:41,2,0,0
BRDA:41,3,0,112
BRDA:46,4,0,0
BRDA:46,4,1,0
BRDA:94,5,0,112
BRDA:94,5,1,112
BRDA:99,6,0,112
BRDA:99,6,1,0
BRDA:99,7,0,112
BRDA:99,7,1,0
BRDA:102,8,0,112
BRDA:102,8,1,112
BRDA:105,9,0,112
BRDA:105,9,1,0
BRDA:113,10,0,112
BRDA:113,10,1,0
BRDA:131,11,0,112
BRDA:131,11,1,0
BRDA:137,12,0,112
BRDA:137,12,1,0
BRF:22
BRH:13
end_of_record
TN:
SF:src\components\bars\SSINavigationBar\index.tsx
FN:30,(anonymous_0)
FN:35,(anonymous_1)
FN:40,(anonymous_2)
FN:44,(anonymous_3)
FN:48,(anonymous_4)
FN:53,(anonymous_5)
FN:57,(anonymous_6)
FN:95,(anonymous_7)
FNF:8
FNH:0
FNDA:0,(anonymous_0)
FNDA:0,(anonymous_1)
FNDA:0,(anonymous_2)
FNDA:0,(anonymous_3)
FNDA:0,(anonymous_4)
FNDA:0,(anonymous_5)
FNDA:0,(anonymous_6)
FNDA:0,(anonymous_7)
DA:26,0
DA:30,0
DA:31,0
DA:32,0
DA:36,0
DA:37,0
DA:40,0
DA:41,0
DA:44,0
DA:45,0
DA:49,0
DA:54,0
DA:55,0
DA:57,0
DA:58,0
DA:64,0
DA:66,0
DA:70,0
DA:95,1
DA:96,0
DA:98,0
DA:105,0
DA:112,0
DA:119,0
DA:126,0
LF:25
LH:1
BRDA:49,0,0,0
BRDA:49,0,1,0
BRDA:64,1,0,0
BRDA:64,1,1,0
BRDA:64,2,0,0
BRDA:64,2,1,0
BRDA:74,3,0,0
BRDA:74,3,1,0
BRDA:96,4,0,0
BRDA:96,4,1,0
BRDA:96,4,2,0
BRDA:96,4,3,0
BRDA:96,4,4,0
BRDA:100,5,0,0
BRDA:100,5,1,0
BRDA:101,6,0,0
BRDA:101,6,1,0
BRDA:107,7,0,0
BRDA:107,7,1,0
BRDA:108,8,0,0
BRDA:108,8,1,0
BRDA:114,9,0,0
BRDA:114,9,1,0
BRDA:115,10,0,0
BRDA:115,10,1,0
BRDA:121,11,0,0
BRDA:121,11,1,0
BRDA:122,12,0,0
BRDA:122,12,1,0
BRF:29
BRH:0
end_of_record
TN:
SF:src\components\buttons\SSIIconButton\index.tsx
FN:20,(anonymous_0)
FN:37,(anonymous_1)
FNF:2
FNH:2
FNDA:112,(anonymous_0)
FNDA:112,(anonymous_1)
DA:20,1
DA:21,112
DA:37,1
DA:38,112
DA:40,112
DA:42,0
DA:44,0
DA:46,0
LF:8
LH:5
BRDA:38,0,0,112
BRDA:38,0,1,0
BRDA:38,0,2,0
BRDA:38,0,3,0
BRF:4
BRH:1
end_of_record
TN:
SF:src\components\buttons\SSIPrimaryButton\index.tsx
FN:18,(anonymous_0)
FNF:1
FNH:1
FNDA:49,(anonymous_0)
DA:18,1
DA:19,49
DA:21,49
LF:3
LH:3
BRDA:26,0,0,49
BRDA:26,0,1,22
BRF:2
BRH:2
end_of_record
TN:
SF:src\components\buttons\SSISecondaryButton\index.tsx
FN:21,(anonymous_0)
FNF:1
FNH:1
FNDA:16,(anonymous_0)
DA:21,1
DA:22,16
DA:24,16
LF:3
LH:3
BRDA:31,0,0,16
BRDA:31,0,1,0
BRDA:34,1,0,0
BRDA:34,1,1,16
BRF:4
BRH:2
end_of_record
TN:
SF:src\components\buttons\SSISwipeDeleteButton\index.tsx
FN:15,(anonymous_0)
FNF:1
FNH:0
FNDA:0,(anonymous_0)
DA:15,1
DA:16,0
LF:2
LH:1
BRF:0
BRH:0
end_of_record
TN:
SF:src\components\containers\SSIButtonsContainer\index.tsx
FN:26,(anonymous_0)
FN:31,(anonymous_1)
FN:36,(anonymous_2)
FN:40,(anonymous_3)
FN:44,(anonymous_4)
FNF:5
FNH:3
FNDA:13,(anonymous_0)
FNDA:13,(anonymous_1)
FNDA:0,(anonymous_2)
FNDA:0,(anonymous_3)
FNDA:35,(anonymous_4)
DA:22,13
DA:26,13
DA:27,13
DA:28,13
DA:31,13
DA:32,13
DA:33,13
DA:36,13
DA:37,0
DA:40,13
DA:41,0
DA:45,35
DA:46,35
DA:48,35
LF:14
LH:12
BRDA:49,0,0,0
BRDA:49,0,1,35
BRDA:49,1,0,35
BRDA:49,1,1,4
BRDA:50,2,0,35
BRDA:50,2,1,16
BRDA:56,3,0,16
BRDA:56,3,1,0
BRDA:60,4,0,35
BRDA:60,4,1,35
BRDA:66,5,0,16
BRDA:66,5,1,19
BRF:12
BRH:10
end_of_record
TN:
SF:src\components\dropDownLists\SSIDropDownList\index.tsx
FN:11,(anonymous_0)
FN:12,(anonymous_1)
FN:14,(anonymous_2)
FNF:3
FNH:0
FNDA:0,(anonymous_0)
FNDA:0,(anonymous_1)
FNDA:0,(anonymous_2)
DA:11,1
DA:12,0
DA:13,0
DA:14,0
DA:15,0
DA:16,0
DA:29,0
LF:7
LH:1
BRDA:15,0,0,0
BRDA:15,0,1,0
BRF:2
BRH:0
end_of_record
TN:
SF:src\components\dropDownLists\SSIDropDownListItem\index.tsx
FN:26,(anonymous_0)
FN:29,(anonymous_1)
FN:33,(anonymous_2)
FNF:3
FNH:0
FNDA:0,(anonymous_0)
FNDA:0,(anonymous_1)
FNDA:0,(anonymous_2)
DA:26,1
DA:27,0
DA:29,0
DA:30,0
DA:33,0
DA:34,0
DA:36,0
DA:38,0
DA:40,0
DA:42,0
DA:44,0
DA:46,0
DA:50,0
LF:13
LH:1
BRDA:27,0,0,0
BRDA:27,1,0,0
BRDA:34,2,0,0
BRDA:36,3,0,0
BRDA:36,3,1,0
BRDA:36,3,2,0
BRDA:36,3,3,0
BRDA:36,3,4,0
BRDA:55,4,0,0
BRDA:55,4,1,0
BRDA:57,5,0,0
BRDA:57,5,1,0
BRDA:59,6,0,0
BRDA:59,6,1,0
BRF:14
BRH:0
end_of_record
TN:
SF:src\components\fields\SSICheckbox\index.tsx
FN:27,(anonymous_0)
FN:40,(anonymous_1)
FN:43,(anonymous_2)
FNF:3
FNH:3
FNDA:38,(anonymous_0)
FNDA:6,(anonymous_1)
FNDA:6,(anonymous_2)
DA:27,1
DA:36,38
DA:37,38
DA:38,38
DA:40,38
DA:41,6
DA:42,6
DA:43,6
DA:45,0
DA:49,38
LF:10
LH:9
BRDA:30,0,0,38
BRDA:31,1,0,38
BRDA:34,2,0,38
BRDA:35,3,0,38
BRDA:37,4,0,38
BRDA:37,4,1,18
BRDA:38,5,0,0
BRDA:38,5,1,38
BRDA:42,6,0,6
BRDA:42,6,1,0
BRDA:60,7,0,14
BRDA:60,7,1,24
BRDA:62,8,0,14
BRDA:62,8,1,14
BRDA:62,9,0,14
BRDA:62,9,1,0
BRDA:66,10,0,24
BRDA:66,10,1,24
BRDA:66,11,0,24
BRDA:66,11,1,0
BRDA:69,12,0,38
BRDA:69,12,1,38
BRDA:69,13,0,38
BRDA:69,13,1,0
BRF:24
BRH:19
end_of_record
TN:
SF:src\components\fields\SSIImageField\index.tsx
FN:19,(anonymous_0)
FNF:1
FNH:0
FNDA:0,(anonymous_0)
DA:19,1
DA:20,0
DA:22,0
DA:23,0
LF:4
LH:1
BRDA:24,0,0,0
BRDA:24,0,1,0
BRF:2
BRH:0
end_of_record
TN:
SF:src\components\fields\SSITextField\index.tsx
FN:22,(anonymous_0)
FNF:1
FNH:1
FNDA:12,(anonymous_0)
DA:22,1
DA:23,12
DA:25,12
LF:3
LH:3
BRDA:26,0,0,4
BRDA:26,0,1,8
BRDA:29,1,0,12
BRDA:29,1,1,0
BRDA:37,2,0,12
BRDA:37,2,1,0
BRF:6
BRH:4
end_of_record
TN:
SF:src\components\fields\SSITextInputField\index.tsx
FN:78,(anonymous_0)
FN:104,(anonymous_1)
FN:108,(anonymous_2)
FN:109,(anonymous_3)
FN:113,(anonymous_4)
FN:116,(anonymous_5)
FN:117,(anonymous_6)
FN:121,(anonymous_7)
FN:125,(anonymous_8)
FNF:9
FNH:1
FNDA:45,(anonymous_0)
FNDA:0,(anonymous_1)
FNDA:0,(anonymous_2)
FNDA:0,(anonymous_3)
FNDA:0,(anonymous_4)
FNDA:0,(anonymous_5)
FNDA:0,(anonymous_6)
FNDA:0,(anonymous_7)
FNDA:0,(anonymous_8)
DA:78,1
DA:98,45
DA:100,45
DA:101,45
DA:102,45
DA:104,45
DA:105,0
DA:106,0
DA:107,0
DA:108,0
DA:109,0
DA:113,45
DA:114,0
DA:115,0
DA:116,0
DA:117,0
DA:121,45
DA:122,0
DA:125,45
DA:126,0
DA:127,0
DA:128,0
DA:132,45
LF:23
LH:10
BRDA:80,0,0,45
BRDA:82,1,0,30
BRDA:83,2,0,45
BRDA:84,3,0,45
BRDA:85,4,0,45
BRDA:90,5,0,45
BRDA:96,6,0,45
BRDA:97,7,0,45
BRDA:106,8,0,0
BRDA:106,8,1,0
BRDA:114,9,0,0
BRDA:114,9,1,0
BRDA:127,10,0,0
BRDA:127,10,1,0
BRDA:134,11,0,45
BRDA:134,11,1,0
BRDA:135,12,0,0
BRDA:135,12,1,45
BRDA:135,13,0,45
BRDA:135,13,1,45
BRDA:138,14,0,0
BRDA:138,14,1,0
BRDA:139,15,0,0
BRDA:139,15,1,0
BRDA:144,16,0,45
BRDA:144,16,1,0
BRDA:155,17,0,45
BRDA:155,17,1,45
BRDA:164,18,0,45
BRDA:164,18,1,0
BRDA:166,19,0,45
BRDA:166,19,1,0
BRDA:168,20,0,0
BRDA:168,20,1,0
BRDA:173,21,0,0
BRDA:173,21,1,45
BRDA:173,22,0,45
BRDA:173,22,1,0
BRDA:178,23,0,45
BRDA:178,23,1,45
BRDA:178,24,0,0
BRDA:178,24,1,45
BRDA:179,25,0,45
BRDA:179,25,1,0
BRDA:184,26,0,45
BRDA:184,26,1,45
BRDA:184,26,2,0
BRDA:187,27,0,0
BRDA:187,27,1,0
BRDA:188,28,0,0
BRDA:188,28,1,0
BRDA:190,29,0,0
BRDA:190,29,1,0
BRF:53
BRH:25
end_of_record
TN:
SF:src\components\indicators\SSIProgressIndicator\index.tsx
FN:13,(anonymous_0)
FNF:1
FNH:1
FNDA:14,(anonymous_0)
DA:6,1
DA:13,1
DA:14,14
DA:16,14
DA:17,0
DA:20,14
DA:21,14
DA:22,42
DA:23,14
DA:25,28
DA:29,14
LF:11
LH:10
BRDA:16,0,0,0
BRDA:16,0,1,14
BRDA:22,1,0,14
BRDA:22,1,1,28
BRDA:23,2,0,9
BRDA:23,2,1,5
BRDA:25,3,0,19
BRDA:25,3,1,9
BRF:8
BRH:7
end_of_record
TN:
SF:src\components\messageBoxes\alerts\SSIAlert\index.tsx
FN:18,(anonymous_0)
FN:26,(anonymous_1)
FNF:2
FNH:0
FNDA:0,(anonymous_0)
FNDA:0,(anonymous_1)
DA:18,1
DA:19,0
DA:27,0
LF:3
LH:1
BRDA:24,0,0,0
BRDA:24,0,1,0
BRF:2
BRH:0
end_of_record
TN:
SF:src\components\messageBoxes\popups\SSIPopup\index.tsx
FN:43,(anonymous_0)
FN:103,(anonymous_1)
FN:114,(anonymous_2)
FNF:3
FNH:0
FNDA:0,(anonymous_0)
FNDA:0,(anonymous_1)
FNDA:0,(anonymous_2)
DA:43,1
DA:44,0
DA:46,0
DA:103,1
DA:104,0
DA:106,0
DA:108,0
DA:110,0
DA:114,1
DA:115,0
DA:117,0
DA:119,0
DA:121,0
LF:13
LH:3
BRDA:44,0,0,0
BRDA:47,1,0,0
BRDA:47,1,1,0
BRDA:49,2,0,0
BRDA:49,2,1,0
BRDA:51,3,0,0
BRDA:51,3,1,0
BRDA:55,4,0,0
BRDA:55,4,1,0
BRDA:57,5,0,0
BRDA:57,5,1,0
BRDA:59,6,0,0
BRDA:59,6,1,0
BRDA:60,7,0,0
BRDA:60,7,1,0
BRDA:63,8,0,0
BRDA:63,8,1,0
BRDA:63,9,0,0
BRDA:63,9,1,0
BRDA:64,10,0,0
BRDA:64,10,1,0
BRDA:65,11,0,0
BRDA:65,11,1,0
BRDA:74,12,0,0
BRDA:74,12,1,0
BRDA:74,12,2,0
BRDA:76,13,0,0
BRDA:76,13,1,0
BRDA:83,14,0,0
BRDA:83,14,1,0
BRDA:89,15,0,0
BRDA:89,15,1,0
BRDA:92,16,0,0
BRDA:92,16,1,0
BRDA:104,17,0,0
BRDA:104,17,1,0
BRDA:104,17,2,0
BRDA:115,18,0,0
BRDA:115,18,1,0
BRDA:115,18,2,0
BRF:40
BRH:0
end_of_record
TN:
SF:src\components\messageBoxes\toasts\SSIToast\index.tsx
FN:19,(anonymous_0)
FN:30,(anonymous_1)
FNF:2
FNH:0
FNDA:0,(anonymous_0)
FNDA:0,(anonymous_1)
DA:19,1
DA:20,0
DA:22,0
DA:24,0
DA:26,0
DA:30,1
DA:31,0
DA:33,0
LF:8
LH:2
BRDA:20,0,0,0
BRDA:20,0,1,0
BRDA:20,0,2,0
BRDA:31,1,0,0
BRDA:35,2,0,0
BRDA:35,2,1,0
BRDA:37,3,0,0
BRDA:37,3,1,0
BRDA:42,4,0,0
BRDA:42,4,1,0
BRDA:42,4,2,0
BRDA:43,5,0,0
BRDA:43,5,1,0
BRDA:43,6,0,0
BRDA:43,6,1,0
BRF:15
BRH:0
end_of_record
TN:
SF:src\components\pinCodes\SSIPinCode\index.tsx
FN:53,(anonymous_0)
FN:60,(anonymous_1)
FN:66,(anonymous_2)
FN:75,(anonymous_3)
FN:79,(anonymous_4)
FN:83,(anonymous_5)
FN:94,(anonymous_6)
FN:106,(anonymous_7)
FN:115,(anonymous_8)
FN:124,(anonymous_9)
FN:156,(anonymous_10)
FN:167,(anonymous_11)
FN:171,(anonymous_12)
FNF:13
FNH:9
FNDA:1,(anonymous_0)
FNDA:5,(anonymous_1)
FNDA:1,(anonymous_2)
FNDA:9,(anonymous_3)
FNDA:8,(anonymous_4)
FNDA:1,(anonymous_5)
FNDA:0,(anonymous_6)
FNDA:0,(anonymous_7)
FNDA:0,(anonymous_8)
FNDA:0,(anonymous_9)
FNDA:9,(anonymous_10)
FNDA:18,(anonymous_11)
FNDA:19,(anonymous_12)
DA:15,1
DA:41,9
DA:53,9
DA:54,1
DA:56,1
DA:57,1
DA:58,1
DA:60,5
DA:62,1
DA:67,1
DA:75,9
DA:76,9
DA:78,9
DA:79,8
DA:83,9
DA:84,1
DA:85,1
DA:86,1
DA:87,1
DA:88,1
DA:89,1
DA:92,0
DA:93,0
DA:94,0
DA:95,0
DA:96,0
DA:97,0
DA:101,0
DA:102,0
DA:106,9
DA:107,0
DA:109,0
DA:110,0
DA:111,0
DA:115,9
DA:116,0
DA:118,0
DA:119,0
DA:120,0
DA:124,9
DA:125,0
DA:126,0
DA:127,0
DA:129,0
DA:130,0
DA:134,0
DA:136,0
DA:137,0
DA:140,0
DA:142,0
DA:148,0
DA:149,0
DA:156,9
DA:157,9
DA:159,9
DA:160,9
DA:162,0
DA:163,0
DA:167,9
DA:168,18
DA:172,19
DA:173,19
DA:175,19
DA:182,19
DA:183,19
DA:184,114
DA:196,19
LF:67
LH:37
BRDA:43,0,0,9
BRDA:43,0,1,0
BRDA:47,1,0,9
BRDA:47,1,1,9
BRDA:86,2,0,1
BRDA:86,2,1,0
BRDA:93,3,0,0
BRDA:93,3,1,0
BRDA:96,4,0,0
BRDA:96,4,1,0
BRDA:109,5,0,0
BRDA:109,5,1,0
BRDA:118,6,0,0
BRDA:118,6,1,0
BRDA:126,7,0,0
BRDA:126,7,1,0
BRDA:127,8,0,0
BRDA:127,8,1,0
BRDA:129,9,0,0
BRDA:129,9,1,0
BRDA:136,10,0,0
BRDA:136,10,1,0
BRDA:148,11,0,0
BRDA:148,11,1,0
BRDA:159,12,0,9
BRDA:159,12,1,0
BRDA:185,13,0,19
BRDA:185,13,1,95
BRDA:187,14,0,114
BRDA:187,14,1,0
BRDA:187,15,0,0
BRDA:187,15,1,114
BRDA:187,16,0,114
BRDA:187,16,1,0
BRDA:200,17,0,19
BRDA:200,17,1,19
BRDA:200,17,2,1
BRDA:201,18,0,19
BRDA:201,18,1,0
BRDA:201,18,2,0
BRF:40
BRH:14
end_of_record
TN:
SF:src\components\pinCodes\SSIPinCodeSegment\index.tsx
FN:18,(anonymous_0)
FNF:1
FNH:1
FNDA:114,(anonymous_0)
DA:18,1
DA:19,114
DA:20,114
LF:3
LH:3
BRDA:19,0,0,114
BRDA:19,0,1,0
BRDA:25,1,0,114
BRDA:25,1,1,19
BRDA:26,2,0,114
BRDA:26,2,1,95
BRF:6
BRH:5
end_of_record
TN:
SF:src\components\qrCodes\SSIQRCustomMarker\index.tsx
FN:19,(anonymous_0)
FNF:1
FNH:0
FNDA:0,(anonymous_0)
DA:19,1
DA:20,0
LF:2
LH:1
BRF:0
BRH:0
end_of_record
TN:
SF:src\components\views\SSIActivityView\index.tsx
FN:10,(anonymous_0)
FNF:1
FNH:0
FNDA:0,(anonymous_0)
DA:10,1
DA:11,0
LF:2
LH:1
BRF:0
BRH:0
end_of_record
TN:
SF:src\components\views\SSIContactViewItem\index.tsx
FN:22,(anonymous_0)
FNF:1
FNH:0
FNDA:0,(anonymous_0)
DA:22,1
DA:23,0
DA:25,0
LF:3
LH:1
BRF:0
BRH:0
end_of_record
TN:
SF:src\components\views\SSICredentialDetailsView\index.tsx
FN:24,(anonymous_0)
FN:25,(anonymous_1)
FN:33,(anonymous_2)
FN:50,(anonymous_3)
FNF:4
FNH:4
FNDA:4,(anonymous_0)
FNDA:12,(anonymous_1)
FNDA:4,(anonymous_2)
FNDA:12,(anonymous_3)
DA:24,1
DA:25,4
DA:26,12
DA:27,0
DA:29,12
DA:33,4
DA:34,4
DA:44,4
DA:50,12
LF:9
LH:8
BRDA:26,0,0,0
BRDA:26,0,1,12
BRDA:35,1,0,4
BRDA:35,1,1,0
BRF:4
BRH:2
end_of_record
TN:
SF:src\components\views\SSICredentialRequiredViewItem\index.tsx
FN:36,(anonymous_0)
FNF:1
FNH:0
FNDA:0,(anonymous_0)
DA:36,1
DA:37,0
DA:39,0
LF:3
LH:1
BRDA:40,0,0,0
BRDA:40,0,1,0
BRDA:42,1,0,0
BRDA:42,1,1,0
BRDA:47,2,0,0
BRDA:47,2,1,0
BRDA:50,3,0,0
BRDA:50,3,1,0
BRDA:51,4,0,0
BRDA:51,4,1,0
BRDA:54,5,0,0
BRDA:54,5,1,0
BRDA:54,6,0,0
BRDA:54,6,1,0
BRDA:63,7,0,0
BRDA:63,7,1,0
BRDA:64,8,0,0
BRDA:64,8,1,0
BRDA:66,9,0,0
BRDA:66,9,1,0
BRDA:73,10,0,0
BRDA:73,10,1,0
BRDA:73,10,2,0
BRF:23
BRH:0
end_of_record
TN:
SF:src\components\views\SSICredentialSelectTypeViewItem\index.tsx
FN:23,(anonymous_0)
FNF:1
FNH:0
FNDA:0,(anonymous_0)
DA:23,1
DA:24,0
DA:26,0
LF:3
LH:1
BRF:0
BRH:0
end_of_record
TN:
SF:src\components\views\SSICredentialSelectViewItem\index.tsx
FN:27,(anonymous_0)
FNF:1
FNH:0
FNDA:0,(anonymous_0)
DA:27,1
DA:28,0
DA:30,0
LF:3
LH:1
BRDA:52,0,0,0
BRDA:52,0,1,0
BRF:2
BRH:0
end_of_record
TN:
SF:src\components\views\SSICredentialViewItem\index.tsx
FN:25,(anonymous_0)
FNF:1
FNH:0
FNDA:0,(anonymous_0)
DA:25,1
DA:26,0
DA:27,0
LF:3
LH:1
BRDA:26,0,0,0
BRDA:39,1,0,0
BRDA:39,1,1,0
BRDA:41,2,0,0
BRDA:41,2,1,0
BRDA:43,3,0,0
BRDA:43,3,1,0
BRF:7
BRH:0
end_of_record
TN:
SF:src\components\views\SSIIdentitiesView\index.tsx
FN:15,(anonymous_0)
FN:19,(anonymous_1)
FN:23,(anonymous_2)
FN:38,(anonymous_3)
FNF:4
FNH:0
FNDA:0,(anonymous_0)
FNDA:0,(anonymous_1)
FNDA:0,(anonymous_2)
FNDA:0,(anonymous_3)
DA:15,1
DA:16,0
DA:17,0
DA:19,0
DA:20,0
DA:23,0
DA:24,0
DA:34,0
DA:38,0
LF:9
LH:1
BRDA:26,0,0,0
BRDA:26,0,1,0
BRDA:27,1,0,0
BRDA:27,1,1,0
BRDA:27,1,2,0
BRF:5
BRH:0
end_of_record
TN:
SF:src\components\views\SSIIdentityViewItem\index.tsx
FN:18,(anonymous_0)
FNF:1
FNH:0
FNDA:0,(anonymous_0)
DA:18,1
DA:19,0
DA:21,0
LF:3
LH:1
BRF:0
BRH:0
end_of_record
TN:
SF:src\components\views\SSISwipeRowViewItem\index.tsx
FN:19,(anonymous_0)
FNF:1
FNH:0
FNDA:0,(anonymous_0)
DA:19,1
DA:20,0
DA:22,0
LF:3
LH:1
BRF:0
BRH:0
end_of_record
TN:
SF:src\components\views\SSITabView\index.tsx
FN:13,(anonymous_0)
FN:17,(anonymous_1)
FN:24,(anonymous_2)
FNF:3
FNH:3
FNDA:9,(anonymous_0)
FNDA:14,(anonymous_1)
FNDA:9,(anonymous_2)
DA:13,1
DA:14,9
DA:15,9
DA:17,14
DA:19,9
DA:25,9
LF:6
LH:6
BRF:0
BRH:0
end_of_record
TN:
SF:src\components\views\SSITabView\SSITabViewHeader\index.tsx
FN:20,(anonymous_0)
FN:23,(anonymous_1)
FN:34,(anonymous_2)
FN:37,(anonymous_3)
FN:46,(anonymous_4)
FNF:5
FNH:4
FNDA:9,(anonymous_0)
FNDA:14,(anonymous_1)
FNDA:14,(anonymous_2)
FNDA:28,(anonymous_3)
FNDA:0,(anonymous_4)
DA:12,1
DA:20,1
DA:21,9
DA:23,14
DA:24,9
DA:29,9
DA:30,9
DA:32,9
DA:35,14
DA:37,28
DA:39,14
DA:46,0
LF:12
LH:11
BRDA:30,0,0,4
BRDA:30,0,1,5
BRDA:37,1,0,14
BRDA:37,1,1,14
BRDA:42,2,0,4
BRDA:42,2,1,10
BRDA:43,3,0,10
BRDA:43,3,1,4
BRDA:48,4,0,5
BRDA:48,4,1,9
BRDA:48,5,0,14
BRDA:48,5,1,10
BRF:12
BRH:12
end_of_record
TN:
SF:src\components\views\SSITermsOfServiceView\index.tsx
FN:16,(anonymous_0)
FN:19,(anonymous_1)
FN:23,(anonymous_2)
FNF:3
FNH:1
FNDA:5,(anonymous_0)
FNDA:0,(anonymous_1)
FNDA:0,(anonymous_2)
DA:16,1
DA:17,5
DA:19,5
DA:20,0
DA:23,5
DA:24,0
DA:25,0
DA:26,0
DA:31,5
LF:9
LH:5
BRDA:24,0,0,0
BRDA:24,0,1,0
BRDA:25,1,0,0
BRDA:25,1,1,0
BRF:4
BRH:0
end_of_record
TN:
SF:src\components\views\SSIWelcomeView\index.tsx
FN:26,(anonymous_0)
FNF:1
FNH:1
FNDA:14,(anonymous_0)
DA:26,1
DA:27,14
DA:29,14
LF:3
LH:3
BRF:0
BRH:0
end_of_record
TN:
SF:src\contexts\OnTouchContext.ts
FN:13,(anonymous_0)
FN:16,(anonymous_1)
FNF:2
FNH:0
FNDA:0,(anonymous_0)
FNDA:0,(anonymous_1)
DA:10,1
LF:1
LH:1
BRF:0
BRH:0
end_of_record
TN:
SF:src\handlers\IntentHandler\index.ts
FN:28,(anonymous_0)
FN:30,(anonymous_1)
FN:34,(anonymous_2)
FN:53,(anonymous_3)
FN:60,(anonymous_4)
FN:73,(anonymous_5)
FN:86,(anonymous_6)
FN:91,(anonymous_7)
FN:100,(anonymous_8)
FN:112,(anonymous_9)
FN:113,(anonymous_10)
FN:124,(anonymous_11)
FN:134,(anonymous_12)
FN:142,(anonymous_13)
FN:147,(anonymous_14)
FN:152,(anonymous_15)
FN:163,(anonymous_16)
FN:172,(anonymous_17)
FN:181,(anonymous_18)
FN:191,(anonymous_19)
FN:193,(anonymous_20)
FN:198,(anonymous_21)
FN:204,(anonymous_22)
FN:208,(anonymous_23)
FN:216,(anonymous_24)
FNF:25
FNH:8
FNDA:1,(anonymous_0)
FNDA:1,(anonymous_1)
FNDA:1,(anonymous_2)
FNDA:1,(anonymous_3)
FNDA:0,(anonymous_4)
FNDA:0,(anonymous_5)
FNDA:0,(anonymous_6)
FNDA:1,(anonymous_7)
FNDA:1,(anonymous_8)
FNDA:1,(anonymous_9)
FNDA:0,(anonymous_10)
FNDA:0,(anonymous_11)
FNDA:0,(anonymous_12)
FNDA:1,(anonymous_13)
FNDA:0,(anonymous_14)
FNDA:0,(anonymous_15)
FNDA:0,(anonymous_16)
FNDA:0,(anonymous_17)
FNDA:0,(anonymous_18)
FNDA:0,(anonymous_19)
FNDA:0,(anonymous_20)
FNDA:0,(anonymous_21)
FNDA:0,(anonymous_22)
FNDA:0,(anonymous_23)
FNDA:0,(anonymous_24)
DA:18,1
DA:25,1
DA:31,1
DA:34,1
DA:35,1
DA:36,1
DA:37,0
DA:39,1
DA:40,1
DA:41,1
DA:42,1
DA:43,0
DA:45,1
DA:46,1
DA:47,1
DA:49,1
DA:54,1
DA:55,1
DA:57,1
DA:60,1
DA:61,0
DA:64,0
DA:65,0
DA:66,0
DA:68,0
DA:69,0
DA:73,1
DA:78,0
DA:79,0
DA:81,0
DA:82,0
DA:86,1
DA:87,0
DA:88,0
DA:96,1
DA:97,1
DA:101,1
DA:104,1
DA:105,1
DA:106,1
DA:108,0
DA:109,0
DA:113,1
DA:114,0
DA:115,0
DA:116,0
DA:118,0
DA:120,0
DA:124,1
DA:125,0
DA:126,0
DA:127,0
DA:129,0
DA:131,0
DA:135,0
DA:136,0
DA:138,0
DA:142,1
DA:143,1
DA:144,1
DA:148,0
DA:149,0
DA:152,1
DA:153,0
DA:154,0
DA:155,0
DA:156,0
DA:159,0
DA:164,0
DA:165,0
DA:169,0
DA:171,0
DA:174,0
DA:175,0
DA:176,0
DA:177,0
DA:181,0
DA:184,0
DA:192,0
DA:194,0
DA:199,0
DA:204,0
DA:209,0
DA:216,0
LF:84
LH:32
BRDA:36,0,0,0
BRDA:36,0,1,1
BRDA:54,1,0,1
BRDA:54,1,1,0
BRDA:78,2,0,0
BRDA:78,2,1,0
BRDA:81,3,0,0
BRDA:81,3,1,0
BRDA:104,4,0,1
BRDA:104,4,1,0
BRDA:104,5,0,1
BRDA:104,5,1,0
BRDA:114,6,0,0
BRDA:114,6,1,0
BRDA:114,7,0,0
BRDA:114,7,1,0
BRDA:114,7,2,0
BRDA:114,7,3,0
BRDA:125,8,0,0
BRDA:125,8,1,0
BRDA:135,9,0,0
BRDA:135,9,1,0
BRDA:135,10,0,0
BRDA:135,10,1,0
BRDA:135,10,2,0
BRDA:156,11,0,0
BRDA:156,11,1,0
BRDA:164,12,0,0
BRDA:164,12,1,0
BRDA:164,13,0,0
BRDA:164,13,1,0
BRDA:169,14,0,0
BRDA:169,14,1,0
BRDA:175,15,0,0
BRDA:175,15,1,0
BRF:35
BRH:4
end_of_record
TN:
SF:src\handlers\LockingHandler\index.ts
FN:18,(anonymous_0)
FN:20,(anonymous_1)
FN:27,(anonymous_2)
FN:32,(anonymous_3)
FN:52,(anonymous_4)
FN:79,(anonymous_5)
FN:83,(anonymous_6)
FN:88,(anonymous_7)
FN:92,(anonymous_8)
FNF:9
FNH:3
FNDA:1,(anonymous_0)
FNDA:1,(anonymous_1)
FNDA:0,(anonymous_2)
FNDA:0,(anonymous_3)
FNDA:0,(anonymous_4)
FNDA:0,(anonymous_5)
FNDA:0,(anonymous_6)
FNDA:0,(anonymous_7)
FNDA:1,(anonymous_8)
DA:10,1
DA:14,1
DA:21,1
DA:22,1
DA:24,1
DA:27,1
DA:28,0
DA:29,0
DA:32,0
DA:33,0
DA:34,0
DA:35,0
DA:36,0
DA:37,0
DA:39,0
DA:40,0
DA:41,0
DA:42,0
DA:45,0
DA:47,0
DA:48,0
DA:49,0
DA:52,0
DA:53,0
DA:54,0
DA:55,0
DA:56,0
DA:58,0
DA:59,0
DA:60,0
DA:62,0
DA:63,0
DA:66,0
DA:67,0
DA:68,0
DA:71,0
DA:72,0
DA:73,0
DA:80,0
DA:83,1
DA:84,0
DA:85,0
DA:89,0
DA:93,1
LF:44
LH:8
BRDA:21,0,0,1
BRDA:21,0,1,0
BRDA:29,1,0,0
BRDA:29,1,1,0
BRDA:29,1,2,0
BRDA:33,2,0,0
BRDA:33,2,1,0
BRDA:33,3,0,0
BRDA:33,3,1,0
BRDA:34,4,0,0
BRDA:34,4,1,0
BRDA:35,5,0,0
BRDA:35,5,1,0
BRDA:53,6,0,0
BRDA:53,6,1,0
BRDA:54,7,0,0
BRDA:54,7,1,0
BRF:17
BRH:1
end_of_record
TN:
SF:src\localization\Localization.ts
FN:12,(anonymous_0)
FN:13,(anonymous_1)
FN:17,(anonymous_2)
FN:18,(anonymous_3)
FN:21,(anonymous_4)
FN:29,(anonymous_5)
FN:46,(anonymous_6)
FN:56,(anonymous_7)
FNF:8
FNH:6
FNDA:1,(anonymous_0)
FNDA:0,(anonymous_1)
FNDA:36,(anonymous_2)
FNDA:578,(anonymous_3)
FNDA:1,(anonymous_4)
FNDA:1,(anonymous_5)
FNDA:0,(anonymous_6)
FNDA:1,(anonymous_7)
DA:6,1
DA:11,1
DA:12,1
DA:13,0
DA:16,1
DA:17,36
DA:18,578
DA:21,1
DA:22,1
DA:23,2
DA:24,0
DA:29,1
DA:31,1
DA:32,1
DA:33,1
DA:35,1
DA:36,1
DA:37,1
DA:39,1
DA:42,1
DA:46,1
DA:47,0
DA:48,0
DA:50,0
DA:53,0
DA:56,1
DA:57,1
DA:61,1
LF:28
LH:22
BRDA:18,0,0,0
BRDA:18,0,1,578
BRDA:23,1,0,0
BRDA:23,1,1,2
BRDA:32,2,0,1
BRDA:32,2,1,0
BRDA:37,3,0,1
BRDA:37,3,1,1
BRDA:37,3,2,1
BRDA:46,4,0,0
BRDA:47,5,0,0
BRDA:47,5,1,0
BRF:12
BRH:6
end_of_record
TN:
SF:src\machines\onboardingMachine.tsx
FN:26,(anonymous_0)
FN:29,(anonymous_1)
FN:34,(anonymous_2)
FN:39,(anonymous_3)
FN:43,(anonymous_4)
FN:47,(anonymous_5)
FN:110,(anonymous_6)
FN:113,(anonymous_7)
FN:128,(anonymous_8)
FN:140,(anonymous_9)
FN:211,(anonymous_10)
FN:215,(anonymous_11)
FN:222,(anonymous_12)
FN:233,(anonymous_13)
FN:243,(anonymous_14)
FN:251,(anonymous_15)
FNF:16
FNH:15
FNDA:24,(anonymous_0)
FNDA:24,(anonymous_1)
FNDA:8,(anonymous_2)
FNDA:4,(anonymous_3)
FNDA:0,(anonymous_4)
FNDA:3,(anonymous_5)
FNDA:3,(anonymous_6)
FNDA:3,(anonymous_7)
FNDA:5,(anonymous_8)
FNDA:4,(anonymous_9)
FNDA:3,(anonymous_10)
FNDA:3,(anonymous_11)
FNDA:3,(anonymous_12)
FNDA:3,(anonymous_13)
FNDA:55,(anonymous_14)
FNDA:6,(anonymous_15)
DA:26,1
DA:27,24
DA:29,1
DA:30,24
DA:31,24
DA:34,1
DA:35,8
DA:36,8
DA:39,1
DA:40,4
DA:43,1
DA:44,0
DA:47,1
DA:48,3
DA:65,3
DA:73,3
DA:110,3
DA:113,3
DA:128,5
DA:140,4
DA:206,1
DA:212,3
DA:216,3
DA:217,0
DA:219,3
DA:223,3
DA:224,3
DA:225,0
DA:227,3
DA:228,3
DA:229,3
DA:234,3
DA:240,3
DA:241,0
DA:242,3
DA:243,3
DA:244,55
DA:245,55
DA:248,3
DA:256,6
DA:257,3
DA:258,0
DA:260,3
DA:262,6
LF:44
LH:39
BRDA:27,0,0,24
BRDA:27,0,1,14
BRDA:31,1,0,24
BRDA:31,1,1,18
BRDA:31,1,2,18
BRDA:31,1,3,16
BRDA:31,1,4,16
BRDA:31,1,5,14
BRDA:36,2,0,8
BRDA:36,2,1,8
BRDA:40,3,0,4
BRDA:40,3,1,4
BRDA:49,4,0,3
BRDA:49,4,1,3
BRDA:50,5,0,3
BRDA:50,5,1,3
BRDA:52,6,0,3
BRDA:52,6,1,3
BRDA:74,7,0,3
BRDA:74,7,1,3
BRDA:216,8,0,0
BRDA:216,8,1,3
BRDA:224,9,0,0
BRDA:224,9,1,3
BRDA:240,10,0,0
BRDA:240,10,1,3
BRDA:242,11,0,3
BRDA:242,11,1,0
BRDA:256,12,0,3
BRDA:256,12,1,3
BRDA:257,13,0,0
BRDA:257,13,1,3
BRF:32
BRH:27
end_of_record
TN:
SF:src\modals\SSIAlertModal\index.tsx
FN:12,(anonymous_0)
FN:15,(anonymous_1)
FNF:2
FNH:0
FNDA:0,(anonymous_0)
FNDA:0,(anonymous_1)
DA:12,1
DA:13,0
DA:15,0
DA:16,0
DA:19,0
LF:5
LH:1
BRDA:13,0,0,0
BRDA:23,1,0,0
BRDA:23,1,1,0
BRF:3
BRH:0
end_of_record
TN:
SF:src\modals\SSIPopupModal\index.tsx
FN:14,(anonymous_0)
FN:18,(anonymous_1)
FN:22,(anonymous_2)
FNF:3
FNH:0
FNDA:0,(anonymous_0)
FNDA:0,(anonymous_1)
FNDA:0,(anonymous_2)
DA:14,1
DA:15,0
DA:16,0
DA:18,0
DA:19,0
DA:22,0
DA:23,0
DA:26,0
LF:8
LH:1
BRDA:29,0,0,0
BRDA:29,0,1,0
BRDA:29,0,2,0
BRDA:48,1,0,0
BRDA:48,1,1,0
BRF:5
BRH:0
end_of_record
TN:
SF:src\navigation\navigation.tsx
FN:58,(anonymous_0)
FN:69,(anonymous_1)
FN:82,(anonymous_2)
FN:97,(anonymous_3)
FN:105,(anonymous_4)
FN:110,(anonymous_5)
FN:119,(anonymous_6)
FN:128,(anonymous_7)
FN:137,(anonymous_8)
FN:148,(anonymous_9)
FN:160,(anonymous_10)
FN:166,(anonymous_11)
FN:168,(anonymous_12)
FN:177,(anonymous_13)
FN:193,(anonymous_14)
FN:206,(anonymous_15)
FN:213,(anonymous_16)
FN:225,(anonymous_17)
FN:233,(anonymous_18)
FN:247,(anonymous_19)
FN:254,(anonymous_20)
FN:271,(anonymous_21)
FN:273,(anonymous_22)
FN:286,(anonymous_23)
FN:288,(anonymous_24)
FN:298,(anonymous_25)
FN:312,(anonymous_26)
FN:314,(anonymous_27)
FN:329,(anonymous_28)
FN:343,(anonymous_29)
FN:356,(anonymous_30)
FN:358,(anonymous_31)
FN:373,(anonymous_32)
FN:375,(anonymous_33)
FN:396,(anonymous_34)
FN:404,(anonymous_35)
FN:411,(anonymous_36)
FN:423,(anonymous_37)
FN:430,(anonymous_38)
FN:437,(anonymous_39)
FN:457,(anonymous_40)
FN:459,(anonymous_41)
FN:474,(anonymous_42)
FN:476,(anonymous_43)
FN:491,(anonymous_44)
FN:495,(anonymous_45)
FN:510,(anonymous_46)
FN:514,(anonymous_47)
FN:529,(anonymous_48)
FN:531,(anonymous_49)
FN:562,(anonymous_50)
FN:575,(anonymous_51)
FN:584,(anonymous_52)
FN:597,(anonymous_53)
FN:600,(anonymous_54)
FNF:55
FNH:11
FNDA:0,(anonymous_0)
FNDA:0,(anonymous_1)
FNDA:0,(anonymous_2)
FNDA:0,(anonymous_3)
FNDA:0,(anonymous_4)
FNDA:0,(anonymous_5)
FNDA:0,(anonymous_6)
FNDA:0,(anonymous_7)
FNDA:0,(anonymous_8)
FNDA:0,(anonymous_9)
FNDA:0,(anonymous_10)
FNDA:0,(anonymous_11)
FNDA:0,(anonymous_12)
FNDA:0,(anonymous_13)
FNDA:0,(anonymous_14)
FNDA:0,(anonymous_15)
FNDA:0,(anonymous_16)
FNDA:0,(anonymous_17)
FNDA:0,(anonymous_18)
FNDA:0,(anonymous_19)
FNDA:0,(anonymous_20)
FNDA:0,(anonymous_21)
FNDA:0,(anonymous_22)
FNDA:0,(anonymous_23)
FNDA:0,(anonymous_24)
FNDA:0,(anonymous_25)
FNDA:0,(anonymous_26)
FNDA:0,(anonymous_27)
FNDA:0,(anonymous_28)
FNDA:0,(anonymous_29)
FNDA:0,(anonymous_30)
FNDA:0,(anonymous_31)
FNDA:0,(anonymous_32)
FNDA:0,(anonymous_33)
FNDA:0,(anonymous_34)
FNDA:0,(anonymous_35)
FNDA:0,(anonymous_36)
FNDA:0,(anonymous_37)
FNDA:0,(anonymous_38)
FNDA:3,(anonymous_39)
FNDA:49,(anonymous_40)
FNDA:47,(anonymous_41)
FNDA:33,(anonymous_42)
FNDA:31,(anonymous_43)
FNDA:17,(anonymous_44)
FNDA:16,(anonymous_45)
FNDA:11,(anonymous_46)
FNDA:11,(anonymous_47)
FNDA:7,(anonymous_48)
FNDA:7,(anonymous_49)
FNDA:0,(anonymous_50)
FNDA:0,(anonymous_51)
FNDA:0,(anonymous_52)
FNDA:0,(anonymous_53)
FNDA:0,(anonymous_54)
DA:53,1
DA:55,1
DA:56,1
DA:58,1
DA:59,0
DA:70,0
DA:83,0
DA:97,1
DA:98,0
DA:105,0
DA:111,0
DA:120,0
DA:129,0
DA:138,0
DA:148,1
DA:149,0
DA:160,0
DA:166,0
DA:169,0
DA:178,0
DA:194,0
DA:206,0
DA:213,1
DA:214,0
DA:225,0
DA:234,0
DA:247,0
DA:254,1
DA:255,0
DA:271,0
DA:274,0
DA:286,0
DA:289,0
DA:299,0
DA:312,0
DA:315,0
DA:330,0
DA:344,0
DA:356,0
DA:359,0
DA:373,0
DA:376,0
DA:396,0
DA:404,0
DA:411,1
DA:412,0
DA:423,0
DA:430,0
DA:437,1
DA:440,3
DA:457,49
DA:460,47
DA:474,33
DA:477,31
DA:491,17
DA:496,16
DA:510,11
DA:515,11
DA:529,7
DA:532,7
DA:562,1
DA:563,0
DA:576,0
DA:584,1
DA:585,0
DA:597,1
DA:598,0
DA:600,0
DA:601,0
DA:602,0
DA:604,0
DA:607,0
DA:608,0
DA:609,0
DA:610,0
DA:611,0
DA:612,0
DA:618,0
DA:619,0
DA:620,0
DA:630,0
LF:81
LH:24
BRDA:287,0,0,0
BRDA:287,0,1,0
BRDA:364,1,0,0
BRDA:364,1,1,0
BRDA:380,2,0,0
BRDA:380,2,1,0
BRDA:601,3,0,0
BRDA:601,3,1,0
BRDA:601,4,0,0
BRDA:601,4,1,0
BRDA:609,5,0,0
BRDA:609,5,1,0
BRDA:609,6,0,0
BRDA:609,6,1,0
BRDA:609,6,2,0
BRDA:618,7,0,0
BRDA:618,7,1,0
BRDA:619,8,0,0
BRDA:619,8,1,0
BRDA:636,9,0,0
BRDA:636,9,1,0
BRDA:644,10,0,0
BRDA:644,10,1,0
BRF:23
BRH:0
end_of_record
TN:
SF:src\navigation\onboardingStateNavigation.tsx
FN:21,(anonymous_0)
FN:35,(anonymous_1)
FN:36,(anonymous_2)
FN:61,(anonymous_3)
FN:62,(anonymous_4)
FN:67,(anonymous_5)
FN:72,(anonymous_6)
FN:77,(anonymous_7)
FN:78,(anonymous_8)
FN:84,(anonymous_9)
FN:99,(anonymous_10)
FN:114,(anonymous_11)
FN:138,(anonymous_12)
FNF:13
FNH:10
FNDA:55,(anonymous_0)
FNDA:0,(anonymous_1)
FNDA:25,(anonymous_2)
FNDA:0,(anonymous_3)
FNDA:3,(anonymous_4)
FNDA:3,(anonymous_5)
FNDA:16,(anonymous_6)
FNDA:15,(anonymous_7)
FNDA:5,(anonymous_8)
FNDA:0,(anonymous_9)
FNDA:4,(anonymous_10)
FNDA:4,(anonymous_11)
FNDA:3,(anonymous_12)
DA:20,1
DA:21,1
DA:35,55
DA:36,55
DA:37,55
DA:39,55
DA:40,55
DA:41,0
DA:42,0
DA:44,55
DA:45,5
DA:55,50
DA:56,16
DA:61,0
DA:63,3
DA:68,3
DA:72,16
DA:74,34
DA:75,15
DA:77,15
DA:79,5
DA:85,0
DA:94,19
DA:95,5
DA:100,4
DA:109,14
DA:110,4
DA:115,4
DA:121,10
DA:122,4
DA:123,6
DA:124,3
DA:128,3
DA:130,3
DA:131,3
DA:134,0
DA:138,1
DA:139,3
LF:38
LH:33
BRDA:39,0,0,55
BRDA:39,0,1,55
BRDA:40,1,0,0
BRDA:40,1,1,55
BRDA:40,2,0,55
BRDA:40,2,1,55
BRDA:44,3,0,5
BRDA:44,3,1,50
BRDA:55,4,0,16
BRDA:55,4,1,34
BRDA:74,5,0,15
BRDA:74,5,1,19
BRDA:94,6,0,5
BRDA:94,6,1,14
BRDA:109,7,0,4
BRDA:109,7,1,10
BRDA:121,8,0,4
BRDA:121,8,1,6
BRDA:123,9,0,3
BRDA:123,9,1,3
BRDA:128,10,0,3
BRDA:128,10,1,0
BRDA:140,11,0,3
BRDA:140,11,1,0
BRF:24
BRH:21
end_of_record
TN:
SF:src\navigation\rootNavigation.ts
FN:12,(anonymous_0)
FN:13,(anonymous_1)
FN:15,(anonymous_2)
FN:16,(anonymous_3)
FN:17,(anonymous_4)
FN:18,(anonymous_5)
FN:19,(anonymous_6)
FN:20,(anonymous_7)
FN:21,(anonymous_8)
FN:22,(anonymous_9)
FN:23,(anonymous_10)
FNF:11
FNH:2
FNDA:0,(anonymous_0)
FNDA:52,(anonymous_1)
FNDA:0,(anonymous_2)
FNDA:0,(anonymous_3)
FNDA:0,(anonymous_4)
FNDA:0,(anonymous_5)
FNDA:0,(anonymous_6)
FNDA:0,(anonymous_7)
FNDA:0,(anonymous_8)
FNDA:0,(anonymous_9)
FNDA:55,(anonymous_10)
DA:6,1
DA:11,1
DA:12,0
DA:13,52
DA:15,0
DA:16,0
DA:17,0
DA:18,0
DA:19,0
DA:20,0
DA:21,0
DA:22,0
DA:23,55
LF:13
LH:4
BRF:0
BRH:0
end_of_record
TN:
SF:src\providers\authentication\SIOPv2Provider.ts
FN:15,(anonymous_0)
FN:17,(anonymous_1)
FN:26,(anonymous_2)
FN:30,(anonymous_3)
FN:44,(anonymous_4)
FN:101,(anonymous_5)
FNF:6
FNH:0
FNDA:0,(anonymous_0)
FNDA:0,(anonymous_1)
FNDA:0,(anonymous_2)
FNDA:0,(anonymous_3)
FNDA:0,(anonymous_4)
FNDA:0,(anonymous_5)
DA:13,1
DA:15,1
DA:16,0
DA:17,0
DA:20,0
DA:21,0
DA:22,0
DA:23,0
DA:26,1
DA:27,0
DA:30,1
DA:31,0
DA:44,1
DA:51,0
DA:52,0
DA:54,0
DA:55,0
DA:56,0
DA:57,0
DA:62,0
DA:64,0
DA:65,0
DA:66,0
DA:67,0
DA:71,0
DA:76,0
DA:77,0
DA:84,0
DA:85,0
DA:86,0
DA:87,0
DA:90,0
DA:91,0
DA:93,0
DA:95,0
DA:97,0
DA:98,0
DA:99,0
DA:100,0
DA:101,0
DA:106,0
LF:41
LH:5
BRDA:51,0,0,0
BRDA:51,0,1,0
BRDA:56,1,0,0
BRDA:56,1,1,0
BRDA:56,2,0,0
BRDA:56,2,1,0
BRDA:64,3,0,0
BRDA:64,3,1,0
BRDA:67,4,0,0
BRDA:67,4,1,0
BRDA:71,5,0,0
BRDA:71,5,1,0
BRDA:71,5,2,0
BRDA:73,6,0,0
BRDA:73,6,1,0
BRDA:84,7,0,0
BRDA:84,7,1,0
BRDA:84,8,0,0
BRDA:84,8,1,0
BRDA:86,9,0,0
BRDA:86,9,1,0
BRDA:102,10,0,0
BRDA:102,10,1,0
BRF:23
BRH:0
end_of_record
TN:
SF:src\providers\credential\JwtVcPresentationProfileProvider.ts
FN:13,(anonymous_0)
FN:28,(anonymous_1)
FN:31,(anonymous_2)
FN:41,(anonymous_3)
FN:44,(anonymous_4)
FN:50,(anonymous_5)
FN:55,(anonymous_6)
FN:62,(anonymous_7)
FN:66,(anonymous_8)
FN:72,(anonymous_9)
FNF:10
FNH:0
FNDA:0,(anonymous_0)
FNDA:0,(anonymous_1)
FNDA:0,(anonymous_2)
FNDA:0,(anonymous_3)
FNDA:0,(anonymous_4)
FNDA:0,(anonymous_5)
FNDA:0,(anonymous_6)
FNDA:0,(anonymous_7)
FNDA:0,(anonymous_8)
FNDA:0,(anonymous_9)
DA:10,1
DA:13,0
DA:14,0
DA:15,0
DA:16,0
DA:19,0
DA:20,0
DA:21,0
DA:22,0
DA:25,0
DA:28,0
DA:30,0
DA:32,0
DA:33,0
DA:34,0
DA:36,0
DA:37,0
DA:39,0
DA:42,0
DA:45,0
DA:46,0
DA:50,0
DA:54,0
DA:56,0
DA:57,0
DA:58,0
DA:60,0
DA:64,0
DA:67,0
DA:68,0
DA:72,0
DA:74,0
DA:75,0
DA:76,0
DA:78,0
DA:79,0
LF:36
LH:1
BRDA:14,0,0,0
BRDA:14,0,1,0
BRDA:20,1,0,0
BRDA:20,1,1,0
BRDA:32,2,0,0
BRDA:32,2,1,0
BRDA:33,3,0,0
BRDA:33,3,1,0
BRDA:56,4,0,0
BRDA:56,4,1,0
BRF:10
BRH:0
end_of_record
TN:
SF:src\providers\credential\OpenId4VcIssuanceProvider.ts
FN:89,(anonymous_0)
FN:153,(anonymous_1)
FN:157,(anonymous_2)
FN:170,(anonymous_3)
FN:196,(anonymous_4)
FN:211,(anonymous_5)
FN:232,(anonymous_6)
FN:245,(anonymous_7)
FN:250,(anonymous_8)
FN:259,(anonymous_9)
FN:260,(anonymous_10)
FN:274,(anonymous_11)
FN:277,(anonymous_12)
FN:284,(anonymous_13)
FN:305,(anonymous_14)
FN:314,(anonymous_15)
FN:319,(anonymous_16)
FN:330,(anonymous_17)
FN:342,(anonymous_18)
FN:372,(anonymous_19)
FN:385,(anonymous_20)
FN:393,(anonymous_21)
FN:400,(anonymous_22)
FN:409,(anonymous_23)
FN:412,(anonymous_24)
FNF:25
FNH:0
FNDA:0,(anonymous_0)
FNDA:0,(anonymous_1)
FNDA:0,(anonymous_2)
FNDA:0,(anonymous_3)
FNDA:0,(anonymous_4)
FNDA:0,(anonymous_5)
FNDA:0,(anonymous_6)
FNDA:0,(anonymous_7)
FNDA:0,(anonymous_8)
FNDA:0,(anonymous_9)
FNDA:0,(anonymous_10)
FNDA:0,(anonymous_11)
FNDA:0,(anonymous_12)
FNDA:0,(anonymous_13)
FNDA:0,(anonymous_14)
FNDA:0,(anonymous_15)
FNDA:0,(anonymous_16)
FNDA:0,(anonymous_17)
FNDA:0,(anonymous_18)
FNDA:0,(anonymous_19)
FNDA:0,(anonymous_20)
FNDA:0,(anonymous_21)
FNDA:0,(anonymous_22)
FNDA:0,(anonymous_23)
FNDA:0,(anonymous_24)
DA:40,1
DA:42,1
DA:45,1
DA:58,1
DA:60,1
DA:74,1
DA:89,1
DA:91,0
DA:97,0
DA:99,0
DA:104,0
DA:109,0
DA:114,0
DA:119,0
DA:124,0
DA:129,0
DA:134,0
DA:139,0
DA:154,0
DA:157,1
DA:158,0
DA:159,0
DA:160,0
DA:162,0
DA:170,0
DA:171,0
DA:172,0
DA:174,0
DA:178,0
DA:182,0
DA:189,0
DA:190,0
DA:193,0
DA:196,0
DA:197,0
DA:198,0
DA:200,0
DA:205,0
DA:207,0
DA:208,0
DA:210,0
DA:212,0
DA:213,0
DA:214,0
DA:226,0
DA:228,0
DA:230,0
DA:231,0
DA:232,0
DA:240,0
DA:241,0
DA:247,0
DA:250,0
DA:251,0
DA:252,0
DA:254,0
DA:256,0
DA:257,0
DA:258,0
DA:259,0
DA:260,0
DA:261,0
DA:262,0
DA:265,0
DA:267,0
DA:268,0
DA:271,0
DA:272,0
DA:273,0
DA:275,0
DA:278,0
DA:283,0
DA:284,0
DA:289,0
DA:290,0
DA:296,0
DA:305,0
DA:306,0
DA:307,0
DA:308,0
DA:309,0
DA:311,0
DA:314,0
DA:316,0
DA:319,0
DA:325,0
DA:327,0
DA:328,0
DA:329,0
DA:330,0
DA:332,0
DA:333,0
DA:334,0
DA:339,0
DA:342,0
DA:343,0
DA:344,0
DA:346,0
DA:347,0
DA:349,0
DA:351,0
DA:352,0
DA:353,0
DA:354,0
DA:357,0
DA:358,0
DA:360,0
DA:368,0
DA:369,0
DA:373,0
DA:378,0
DA:385,0
DA:386,0
DA:389,0
DA:393,0
DA:395,0
DA:400,0
DA:402,0
DA:405,0
DA:409,0
DA:410,0
DA:411,0
DA:412,0
DA:413,0
DA:415,0
DA:416,0
DA:417,0
DA:418,0
DA:421,0
DA:422,0
DA:425,0
LF:131
LH:8
BRDA:92,0,0,0
BRDA:92,0,1,0
BRDA:93,1,0,0
BRDA:93,1,1,0
BRDA:94,2,0,0
BRDA:94,2,1,0
BRDA:97,3,0,0
BRDA:97,3,1,0
BRDA:97,3,2,0
BRDA:97,3,3,0
BRDA:97,3,4,0
BRDA:97,3,5,0
BRDA:97,3,6,0
BRDA:97,3,7,0
BRDA:97,3,8,0
BRDA:158,4,0,0
BRDA:158,4,1,0
BRDA:158,5,0,0
BRDA:158,5,1,0
BRDA:158,6,0,0
BRDA:158,6,1,0
BRDA:189,7,0,0
BRDA:189,7,1,0
BRDA:197,8,0,0
BRDA:197,8,1,0
BRDA:205,9,0,0
BRDA:205,9,1,0
BRDA:247,10,0,0
BRDA:247,10,1,0
BRDA:247,11,0,0
BRDA:247,11,1,0
BRDA:251,12,0,0
BRDA:251,12,1,0
BRDA:254,13,0,0
BRDA:254,13,1,0
BRDA:254,14,0,0
BRDA:254,14,1,0
BRDA:257,15,0,0
BRDA:257,15,1,0
BRDA:257,16,0,0
BRDA:257,16,1,0
BRDA:261,17,0,0
BRDA:261,17,1,0
BRDA:267,18,0,0
BRDA:267,18,1,0
BRDA:271,19,0,0
BRDA:271,19,1,0
BRDA:276,20,0,0
BRDA:276,20,1,0
BRDA:283,21,0,0
BRDA:283,21,1,0
BRDA:285,22,0,0
BRDA:285,22,1,0
BRDA:289,23,0,0
BRDA:289,23,1,0
BRDA:306,24,0,0
BRDA:306,24,1,0
BRDA:319,25,0,0
BRDA:319,25,1,0
BRDA:332,26,0,0
BRDA:332,26,1,0
BRDA:343,27,0,0
BRDA:343,27,1,0
BRDA:343,28,0,0
BRDA:343,28,1,0
BRDA:346,29,0,0
BRDA:346,29,1,0
BRDA:352,30,0,0
BRDA:352,30,1,0
BRDA:386,31,0,0
BRDA:386,31,1,0
BRDA:389,32,0,0
BRDA:389,32,1,0
BRDA:389,32,2,0
BRDA:389,32,3,0
BRDA:389,32,4,0
BRDA:389,32,5,0
BRDA:389,32,6,0
BRDA:395,33,0,0
BRDA:395,33,1,0
BRDA:402,34,0,0
BRDA:402,34,1,0
BRDA:411,35,0,0
BRDA:411,35,1,0
BRDA:411,36,0,0
BRDA:411,36,1,0
BRDA:415,37,0,0
BRDA:415,37,1,0
BRDA:417,38,0,0
BRDA:417,38,1,0
BRDA:418,39,0,0
BRDA:418,39,1,0
BRDA:421,40,0,0
BRDA:421,40,1,0
BRDA:421,41,0,0
BRDA:421,41,1,0
BRDA:421,41,2,0
BRDA:422,42,0,0
BRDA:422,42,1,0
BRF:99
BRH:0
end_of_record
TN:
SF:src\providers\touch\OnTouchProvider.tsx
FN:11,(anonymous_0)
FN:18,(anonymous_1)
FN:19,(anonymous_2)
FN:23,(anonymous_3)
FN:28,(anonymous_4)
FNF:5
FNH:5
FNDA:3,(anonymous_0)
FNDA:3,(anonymous_1)
FNDA:55,(anonymous_2)
FNDA:3,(anonymous_3)
FNDA:55,(anonymous_4)
DA:11,1
DA:12,3
DA:13,3
DA:14,3
DA:18,3
DA:19,3
DA:20,55
DA:23,3
DA:24,3
DA:28,3
DA:29,55
DA:30,55
DA:33,3
LF:13
LH:13
BRF:0
BRH:0
end_of_record
TN:
SF:src\screens\Onboarding\SSIPersonalDataScreen\index.tsx
FN:20,(anonymous_0)
FN:21,(anonymous_1)
FN:28,(anonymous_2)
FN:32,(anonymous_3)
FN:39,(anonymous_4)
FN:43,(anonymous_5)
FN:50,(anonymous_6)
FN:55,(anonymous_7)
FN:62,(anonymous_8)
FN:67,(anonymous_9)
FN:71,(anonymous_10)
FNF:11
FNH:6
FNDA:15,(anonymous_0)
FNDA:0,(anonymous_1)
FNDA:3,(anonymous_2)
FNDA:0,(anonymous_3)
FNDA:3,(anonymous_4)
FNDA:0,(anonymous_5)
FNDA:5,(anonymous_6)
FNDA:0,(anonymous_7)
FNDA:0,(anonymous_8)
FNDA:15,(anonymous_9)
FNDA:5,(anonymous_10)
DA:20,1
DA:21,15
DA:22,0
DA:24,0
DA:26,15
DA:28,15
DA:29,3
DA:32,15
DA:33,0
DA:34,0
DA:35,0
DA:39,15
DA:40,3
DA:43,15
DA:44,0
DA:45,0
DA:46,0
DA:50,15
DA:51,5
DA:52,5
DA:55,15
DA:56,0
DA:57,0
DA:58,0
DA:62,15
DA:63,0
DA:64,0
DA:67,15
DA:68,15
DA:71,15
DA:72,5
DA:76,15
LF:32
LH:19
BRDA:34,0,0,0
BRDA:34,0,1,0
BRDA:45,1,0,0
BRDA:45,1,1,0
BRDA:57,2,0,0
BRDA:57,2,1,0
BRF:6
BRH:0
end_of_record
TN:
SF:src\screens\Onboarding\SSIPinCodeSetScreen\index.tsx
FN:14,(anonymous_0)
FN:15,(anonymous_1)
FN:22,(anonymous_2)
FNF:3
FNH:2
FNDA:5,(anonymous_0)
FNDA:0,(anonymous_1)
FNDA:4,(anonymous_2)
DA:14,1
DA:15,5
DA:16,0
DA:18,0
DA:22,5
DA:23,4
DA:29,5
DA:31,5
LF:8
LH:6
BRF:0
BRH:0
end_of_record
TN:
SF:src\screens\Onboarding\SSIPinCodeVerifyScreen\index.tsx
FN:14,(anonymous_0)
FN:15,(anonymous_1)
FN:21,(anonymous_2)
FNF:3
FNH:2
FNDA:4,(anonymous_0)
FNDA:0,(anonymous_1)
FNDA:5,(anonymous_2)
DA:14,1
DA:15,4
DA:16,0
DA:18,0
DA:21,4
DA:22,5
DA:23,1
DA:25,4
DA:28,4
LF:9
LH:7
BRDA:22,0,0,1
BRDA:22,0,1,4
BRF:2
BRH:2
end_of_record
TN:
SF:src\screens\Onboarding\SSISummaryScreen\index.tsx
FN:20,(anonymous_0)
FN:21,(anonymous_1)
FN:48,(anonymous_2)
FNF:3
FNH:3
FNDA:4,(anonymous_0)
FNDA:4,(anonymous_1)
FNDA:4,(anonymous_2)
DA:20,1
DA:21,4
DA:22,4
DA:24,4
DA:43,4
DA:48,4
DA:52,4
LF:7
LH:7
BRF:0
BRH:0
end_of_record
TN:
SF:src\screens\Onboarding\SSITermsOfServiceScreen\index.tsx
FN:27,(anonymous_0)
FN:28,(anonymous_1)
FN:38,(anonymous_2)
FN:43,(anonymous_3)
FN:51,(anonymous_4)
FN:53,(anonymous_5)
FN:57,(anonymous_6)
FN:63,(anonymous_7)
FN:71,(anonymous_8)
FN:78,(anonymous_9)
FN:82,(anonymous_10)
FNF:11
FNH:5
FNDA:16,(anonymous_0)
FNDA:0,(anonymous_1)
FNDA:5,(anonymous_2)
FNDA:0,(anonymous_3)
FNDA:5,(anonymous_4)
FNDA:0,(anonymous_5)
FNDA:0,(anonymous_6)
FNDA:0,(anonymous_7)
FNDA:0,(anonymous_8)
FNDA:3,(anonymous_9)
FNDA:3,(anonymous_10)
DA:27,1
DA:28,16
DA:29,0
DA:31,0
DA:34,16
DA:38,5
DA:43,0
DA:51,16
DA:53,16
DA:54,0
DA:57,16
DA:58,0
DA:65,0
DA:66,0
DA:72,0
DA:78,16
DA:79,3
DA:82,16
DA:83,3
DA:86,16
LF:20
LH:12
BRF:0
BRH:0
end_of_record
TN:
SF:src\screens\Onboarding\SSIWelcomeScreen\index.tsx
FN:24,(anonymous_0)
FN:36,(anonymous_1)
FN:65,(anonymous_2)
FNF:3
FNH:2
FNDA:14,(anonymous_0)
FNDA:0,(anonymous_1)
FNDA:31,(anonymous_2)
DA:24,1
DA:25,14
DA:26,0
DA:27,0
DA:30,14
DA:36,14
DA:37,0
DA:43,0
DA:45,0
DA:46,0
DA:48,0
DA:53,0
DA:59,0
DA:65,14
DA:66,31
DA:68,31
DA:70,3
DA:71,3
DA:73,3
DA:78,3
DA:80,25
DA:84,14
DA:85,14
DA:87,14
LF:24
LH:15
BRDA:25,0,0,0
BRDA:25,0,1,14
BRDA:43,1,0,0
BRDA:43,1,1,0
BRDA:43,1,2,0
BRDA:68,2,0,3
BRDA:68,2,1,3
BRDA:68,2,2,25
BRF:8
BRH:4
end_of_record
TN:
SF:src\screens\SSIContactAddScreen\index.tsx
FN:40,(anonymous_0)
FN:56,(anonymous_1)
FN:62,(anonymous_2)
FN:66,(anonymous_3)
FN:71,(anonymous_4)
FN:91,(anonymous_5)
FN:95,(anonymous_6)
FN:102,(anonymous_7)
FN:117,(anonymous_8)
FN:122,(anonymous_9)
FN:163,(anonymous_10)
FN:165,(anonymous_11)
FN:166,(anonymous_12)
FN:170,(anonymous_13)
FNF:14
FNH:0
FNDA:0,(anonymous_0)
FNDA:0,(anonymous_1)
FNDA:0,(anonymous_2)
FNDA:0,(anonymous_3)
FNDA:0,(anonymous_4)
FNDA:0,(anonymous_5)
FNDA:0,(anonymous_6)
FNDA:0,(anonymous_7)
FNDA:0,(anonymous_8)
FNDA:0,(anonymous_9)
FNDA:0,(anonymous_10)
FNDA:0,(anonymous_11)
FNDA:0,(anonymous_12)
FNDA:0,(anonymous_13)
DA:35,0
DA:40,0
DA:41,0
DA:42,0
DA:44,0
DA:45,0
DA:46,0
DA:49,0
DA:50,0
DA:51,0
DA:52,0
DA:56,0
DA:57,0
DA:59,0
DA:61,0
DA:63,0
DA:64,0
DA:72,0
DA:73,0
DA:74,0
DA:76,0
DA:77,0
DA:78,0
DA:79,0
DA:80,0
DA:82,0
DA:91,0
DA:92,0
DA:95,0
DA:96,0
DA:97,0
DA:98,0
DA:102,0
DA:103,0
DA:105,0
DA:107,0
DA:117,0
DA:123,0
DA:124,0
DA:126,0
DA:163,1
DA:164,0
DA:165,0
DA:166,0
DA:170,1
DA:171,0
LF:46
LH:2
BRDA:36,0,0,0
BRDA:36,0,1,0
BRDA:44,1,0,0
BRDA:44,1,1,0
BRDA:50,2,0,0
BRDA:50,2,1,0
BRDA:77,3,0,0
BRDA:77,3,1,0
BRDA:97,4,0,0
BRDA:97,4,1,0
BRDA:152,5,0,0
BRDA:152,5,1,0
BRDA:152,5,2,0
BRF:13
BRH:0
end_of_record
TN:
SF:src\screens\SSIContactDetailsScreen\index.tsx
FN:20,(anonymous_0)
FN:33,(anonymous_1)
FNF:2
FNH:0
FNDA:0,(anonymous_0)
FNDA:0,(anonymous_1)
DA:20,1
DA:21,0
DA:23,0
DA:33,0
DA:43,0
LF:5
LH:1
BRF:0
BRH:0
end_of_record
TN:
SF:src\screens\SSIContactsOverviewScreen\index.tsx
FN:33,(anonymous_0)
FN:38,(anonymous_1)
FN:46,(anonymous_2)
FN:53,(anonymous_3)
FN:58,(anonymous_4)
FN:62,(anonymous_5)
FN:74,(anonymous_6)
FN:82,(anonymous_7)
FN:83,(anonymous_8)
FN:88,(anonymous_9)
FN:93,(anonymous_10)
FN:107,(anonymous_11)
FN:109,(anonymous_12)
FN:110,(anonymous_13)
FN:114,(anonymous_14)
FNF:15
FNH:0
FNDA:0,(anonymous_0)
FNDA:0,(anonymous_1)
FNDA:0,(anonymous_2)
FNDA:0,(anonymous_3)
FNDA:0,(anonymous_4)
FNDA:0,(anonymous_5)
FNDA:0,(anonymous_6)
FNDA:0,(anonymous_7)
FNDA:0,(anonymous_8)
FNDA:0,(anonymous_9)
FNDA:0,(anonymous_10)
FNDA:0,(anonymous_11)
FNDA:0,(anonymous_12)
FNDA:0,(anonymous_13)
FNDA:0,(anonymous_14)
DA:29,0
DA:33,0
DA:34,0
DA:35,0
DA:38,0
DA:39,0
DA:41,0
DA:47,0
DA:48,0
DA:53,0
DA:58,0
DA:59,0
DA:62,0
DA:63,0
DA:64,0
DA:65,0
DA:68,0
DA:73,0
DA:74,0
DA:82,0
DA:83,0
DA:89,0
DA:93,0
DA:107,1
DA:108,0
DA:109,0
DA:110,0
DA:114,1
DA:115,0
LF:29
LH:2
BRDA:66,0,0,0
BRDA:66,0,1,0
BRDA:70,1,0,0
BRDA:70,1,1,0
BRDA:70,1,2,0
BRDA:73,2,0,0
BRDA:73,2,1,0
BRF:7
BRH:0
end_of_record
TN:
SF:src\screens\SSICredentialDetailsScreen\index.tsx
FN:30,(anonymous_0)
FN:41,(anonymous_1)
FN:50,(anonymous_2)
FN:57,(anonymous_3)
FNF:4
FNH:0
FNDA:0,(anonymous_0)
FNDA:0,(anonymous_1)
FNDA:0,(anonymous_2)
FNDA:0,(anonymous_3)
DA:30,1
DA:31,0
DA:32,0
DA:35,0
DA:36,0
DA:37,0
DA:41,1
DA:42,0
DA:43,0
DA:44,0
DA:46,0
DA:50,0
DA:57,0
DA:63,0
LF:14
LH:2
BRDA:31,0,0,0
BRDA:31,0,1,0
BRDA:31,1,0,0
BRDA:31,1,1,0
BRDA:36,2,0,0
BRDA:36,2,1,0
BRDA:42,3,0,0
BRDA:52,4,0,0
BRDA:52,4,1,0
BRDA:70,5,0,0
BRDA:70,5,1,0
BRDA:75,6,0,0
BRDA:75,6,1,0
BRDA:90,7,0,0
BRDA:90,7,1,0
BRDA:90,7,2,0
BRDA:93,8,0,0
BRDA:93,8,1,0
BRDA:101,9,0,0
BRDA:101,9,1,0
BRDA:105,10,0,0
BRDA:105,10,1,0
BRDA:113,11,0,0
BRDA:113,11,1,0
BRF:24
BRH:0
end_of_record
TN:
SF:src\screens\SSICredentialRawJsonScreen\index.tsx
FN:21,(anonymous_0)
FN:57,(anonymous_1)
FN:60,(anonymous_2)
FNF:3
FNH:0
FNDA:0,(anonymous_0)
FNDA:0,(anonymous_1)
FNDA:0,(anonymous_2)
DA:21,1
DA:22,0
DA:24,0
DA:45,0
DA:47,0
DA:58,0
DA:59,0
DA:60,0
DA:61,0
LF:9
LH:1
BRF:0
BRH:0
end_of_record
TN:
SF:src\screens\SSICredentialSelectScreen\index.tsx
FN:21,(anonymous_0)
FN:25,(anonymous_1)
FN:26,(anonymous_2)
FN:35,(anonymous_3)
FN:39,(anonymous_4)
FN:44,(anonymous_5)
FN:51,(anonymous_6)
FN:56,(anonymous_7)
FN:65,(anonymous_8)
FN:65,(anonymous_9)
FN:71,(anonymous_10)
FN:82,(anonymous_11)
FN:94,(anonymous_12)
FN:95,(anonymous_13)
FN:98,(anonymous_14)
FN:99,(anonymous_15)
FNF:16
FNH:0
FNDA:0,(anonymous_0)
FNDA:0,(anonymous_1)
FNDA:0,(anonymous_2)
FNDA:0,(anonymous_3)
FNDA:0,(anonymous_4)
FNDA:0,(anonymous_5)
FNDA:0,(anonymous_6)
FNDA:0,(anonymous_7)
FNDA:0,(anonymous_8)
FNDA:0,(anonymous_9)
FNDA:0,(anonymous_10)
FNDA:0,(anonymous_11)
FNDA:0,(anonymous_12)
FNDA:0,(anonymous_13)
FNDA:0,(anonymous_14)
FNDA:0,(anonymous_15)
DA:21,1
DA:22,0
DA:23,0
DA:25,0
DA:26,0
DA:27,0
DA:28,0
DA:30,0
DA:32,0
DA:35,0
DA:36,0
DA:39,0
DA:40,0
DA:41,0
DA:44,0
DA:45,0
DA:51,0
DA:56,0
DA:57,0
DA:60,0
DA:64,0
DA:65,0
DA:71,0
DA:77,0
DA:82,0
DA:94,0
DA:96,0
DA:98,0
DA:99,0
DA:101,0
LF:30
LH:1
BRDA:27,0,0,0
BRDA:27,0,1,0
BRDA:29,1,0,0
BRDA:29,1,1,0
BRDA:58,2,0,0
BRDA:58,2,1,0
BRDA:62,3,0,0
BRDA:62,3,1,0
BRDA:62,3,2,0
BRF:9
BRH:0
end_of_record
TN:
SF:src\screens\SSICredentialSelectTypeScreen\index.tsx
FN:20,(anonymous_0)
FN:23,(anonymous_1)
FN:24,(anonymous_2)
FN:33,(anonymous_3)
FN:35,(anonymous_4)
FN:36,(anonymous_5)
FN:40,(anonymous_6)
FN:50,(anonymous_7)
FN:52,(anonymous_8)
FN:67,(anonymous_9)
FN:76,(anonymous_10)
FNF:11
FNH:0
FNDA:0,(anonymous_0)
FNDA:0,(anonymous_1)
FNDA:0,(anonymous_2)
FNDA:0,(anonymous_3)
FNDA:0,(anonymous_4)
FNDA:0,(anonymous_5)
FNDA:0,(anonymous_6)
FNDA:0,(anonymous_7)
FNDA:0,(anonymous_8)
FNDA:0,(anonymous_9)
FNDA:0,(anonymous_10)
DA:20,1
DA:21,0
DA:23,0
DA:24,0
DA:25,0
DA:27,0
DA:30,0
DA:33,0
DA:34,0
DA:35,0
DA:36,0
DA:37,0
DA:40,0
DA:41,0
DA:44,0
DA:49,0
DA:50,0
DA:52,0
DA:61,0
DA:67,0
DA:76,0
LF:21
LH:1
BRDA:26,0,0,0
BRDA:26,0,1,0
BRDA:42,1,0,0
BRDA:42,1,1,0
BRDA:46,2,0,0
BRDA:46,2,1,0
BRDA:46,2,2,0
BRF:7
BRH:0
end_of_record
TN:
SF:src\screens\SSICredentialsOverviewScreen\index.tsx
FN:39,(anonymous_0)
FN:44,(anonymous_1)
FN:50,(anonymous_2)
FN:57,(anonymous_3)
FN:62,(anonymous_4)
FN:63,(anonymous_5)
FN:72,(anonymous_6)
FN:98,(anonymous_7)
FN:100,(anonymous_8)
FN:108,(anonymous_9)
FN:109,(anonymous_10)
FN:114,(anonymous_11)
FN:120,(anonymous_12)
FN:134,(anonymous_13)
FN:137,(anonymous_14)
FN:138,(anonymous_15)
FN:142,(anonymous_16)
FNF:17
FNH:0
FNDA:0,(anonymous_0)
FNDA:0,(anonymous_1)
FNDA:0,(anonymous_2)
FNDA:0,(anonymous_3)
FNDA:0,(anonymous_4)
FNDA:0,(anonymous_5)
FNDA:0,(anonymous_6)
FNDA:0,(anonymous_7)
FNDA:0,(anonymous_8)
FNDA:0,(anonymous_9)
FNDA:0,(anonymous_10)
FNDA:0,(anonymous_11)
FNDA:0,(anonymous_12)
FNDA:0,(anonymous_13)
FNDA:0,(anonymous_14)
FNDA:0,(anonymous_15)
FNDA:0,(anonymous_16)
DA:35,0
DA:39,0
DA:40,0
DA:41,0
DA:44,0
DA:45,0
DA:51,0
DA:52,0
DA:57,0
DA:62,0
DA:63,0
DA:64,0
DA:72,0
DA:73,0
DA:76,0
DA:89,0
DA:92,0
DA:97,0
DA:98,0
DA:100,0
DA:108,0
DA:109,0
DA:115,0
DA:120,0
DA:134,1
DA:136,0
DA:137,0
DA:138,0
DA:142,1
DA:143,0
LF:30
LH:2
BRDA:90,0,0,0
BRDA:90,0,1,0
BRDA:94,1,0,0
BRDA:94,1,1,0
BRDA:94,1,2,0
BRDA:97,2,0,0
BRDA:97,2,1,0
BRDA:98,3,0,0
BRDA:98,3,1,0
BRF:9
BRH:0
end_of_record
TN:
SF:src\screens\SSICredentialsRequiredScreen\index.tsx
FN:30,(anonymous_0)
FN:36,(anonymous_1)
FN:38,(anonymous_2)
FN:41,(anonymous_3)
FN:45,(anonymous_4)
FN:60,(anonymous_5)
FN:66,(anonymous_6)
FN:74,(anonymous_7)
FN:76,(anonymous_8)
FN:82,(anonymous_9)
FN:86,(anonymous_10)
FN:90,(anonymous_11)
FN:93,(anonymous_12)
FN:102,(anonymous_13)
FN:106,(anonymous_14)
FN:111,(anonymous_15)
FN:113,(anonymous_16)
FN:120,(anonymous_17)
FN:123,(anonymous_18)
FN:130,(anonymous_19)
FN:145,(anonymous_20)
FN:146,(anonymous_21)
FN:158,(anonymous_22)
FN:162,(anonymous_23)
FN:164,(anonymous_24)
FN:176,(anonymous_25)
FN:209,(anonymous_26)
FNF:27
FNH:0
FNDA:0,(anonymous_0)
FNDA:0,(anonymous_1)
FNDA:0,(anonymous_2)
FNDA:0,(anonymous_3)
FNDA:0,(anonymous_4)
FNDA:0,(anonymous_5)
FNDA:0,(anonymous_6)
FNDA:0,(anonymous_7)
FNDA:0,(anonymous_8)
FNDA:0,(anonymous_9)
FNDA:0,(anonymous_10)
FNDA:0,(anonymous_11)
FNDA:0,(anonymous_12)
FNDA:0,(anonymous_13)
FNDA:0,(anonymous_14)
FNDA:0,(anonymous_15)
FNDA:0,(anonymous_16)
FNDA:0,(anonymous_17)
FNDA:0,(anonymous_18)
FNDA:0,(anonymous_19)
FNDA:0,(anonymous_20)
FNDA:0,(anonymous_21)
FNDA:0,(anonymous_22)
FNDA:0,(anonymous_23)
FNDA:0,(anonymous_24)
FNDA:0,(anonymous_25)
FNDA:0,(anonymous_26)
DA:30,1
DA:31,0
DA:32,0
DA:33,0
DA:34,0
DA:36,0
DA:38,0
DA:40,0
DA:42,0
DA:44,0
DA:45,0
DA:46,0
DA:50,0
DA:54,0
DA:55,0
DA:58,0
DA:61,0
DA:62,0
DA:63,0
DA:66,0
DA:68,0
DA:70,0
DA:74,0
DA:75,0
DA:76,0
DA:77,0
DA:79,0
DA:82,0
DA:83,0
DA:86,0
DA:87,0
DA:88,0
DA:90,0
DA:93,0
DA:94,0
DA:95,0
DA:96,0
DA:99,0
DA:102,0
DA:103,0
DA:106,0
DA:111,0
DA:113,0
DA:116,0
DA:118,0
DA:122,0
DA:123,0
DA:125,0
DA:126,0
DA:127,0
DA:131,0
DA:134,0
DA:146,0
DA:147,0
DA:148,0
DA:149,0
DA:150,0
DA:152,0
DA:158,0
DA:160,0
DA:162,0
DA:164,0
DA:168,0
DA:169,0
DA:171,0
DA:172,0
DA:173,0
DA:176,0
DA:177,0
DA:179,0
DA:190,0
DA:204,0
DA:209,0
LF:73
LH:1
BRDA:54,0,0,0
BRDA:54,0,1,0
BRDA:58,1,0,0
BRDA:58,1,1,0
BRDA:58,2,0,0
BRDA:58,2,1,0
BRDA:62,3,0,0
BRDA:62,3,1,0
BRDA:62,4,0,0
BRDA:62,4,1,0
BRDA:131,5,0,0
BRDA:131,5,1,0
BRDA:160,6,0,0
BRDA:160,6,1,0
BRDA:160,7,0,0
BRDA:160,7,1,0
BRDA:168,8,0,0
BRDA:168,8,1,0
BRDA:172,9,0,0
BRDA:172,9,1,0
BRDA:193,10,0,0
BRDA:193,10,1,0
BRDA:195,11,0,0
BRDA:195,11,1,0
BRDA:196,12,0,0
BRDA:196,12,1,0
BRF:26
BRH:0
end_of_record
TN:
SF:src\screens\SSIErrorScreen\index.tsx
FN:14,(anonymous_0)
FN:24,(anonymous_1)
FN:43,(anonymous_2)
FNF:3
FNH:0
FNDA:0,(anonymous_0)
FNDA:0,(anonymous_1)
FNDA:0,(anonymous_2)
DA:14,1
DA:15,0
DA:16,0
DA:18,0
DA:24,0
DA:43,0
LF:6
LH:1
BRDA:21,0,0,0
BRDA:21,0,1,0
BRDA:21,0,2,0
BRDA:40,1,0,0
BRDA:40,1,1,0
BRF:5
BRH:0
end_of_record
TN:
SF:src\screens\SSILoadingScreen\index.tsx
FN:18,(anonymous_0)
FN:20,(anonymous_1)
FN:23,(anonymous_2)
FN:27,(anonymous_3)
FNF:4
FNH:3
FNDA:3,(anonymous_0)
FNDA:0,(anonymous_1)
FNDA:3,(anonymous_2)
FNDA:3,(anonymous_3)
DA:18,3
DA:20,3
DA:23,3
DA:24,3
DA:28,3
DA:29,3
LF:6
LH:6
BRF:0
BRH:0
end_of_record
TN:
SF:src\screens\SSILockScreen\index.tsx
FN:18,(anonymous_0)
FN:19,(anonymous_1)
FNF:2
FNH:0
FNDA:0,(anonymous_0)
FNDA:0,(anonymous_1)
DA:18,1
DA:19,0
DA:20,0
DA:23,0
DA:24,0
DA:26,0
DA:29,0
LF:7
LH:1
BRDA:23,0,0,0
BRDA:23,0,1,0
BRF:2
BRH:0
end_of_record
TN:
SF:src\screens\SSINotificationsOverviewScreen\index.tsx
FN:17,(anonymous_0)
FNF:1
FNH:0
FNDA:0,(anonymous_0)
DA:17,1
DA:18,0
LF:2
LH:1
BRF:0
BRH:0
end_of_record
TN:
SF:src\screens\SSIQRReaderScreen\index.tsx
FN:15,(anonymous_0)
FN:16,(anonymous_1)
FNF:2
FNH:0
FNDA:0,(anonymous_0)
FNDA:0,(anonymous_1)
DA:15,1
DA:16,0
DA:17,0
DA:20,0
DA:21,0
DA:22,0
DA:25,0
LF:7
LH:1
BRDA:20,0,0,0
BRDA:20,0,1,0
BRF:2
BRH:0
end_of_record
TN:
SF:src\screens\SSIVerificationCodeScreen\index.tsx
FN:17,(anonymous_0)
FN:20,(anonymous_1)
FN:33,(anonymous_2)
FNF:3
FNH:0
FNDA:0,(anonymous_0)
FNDA:0,(anonymous_1)
FNDA:0,(anonymous_2)
DA:17,1
DA:18,0
DA:20,0
DA:21,0
DA:33,0
DA:38,0
LF:6
LH:1
BRF:0
BRH:0
end_of_record
TN:
SF:src\services\authenticationService.ts
FN:14,(anonymous_0)
FN:19,(anonymous_1)
FN:23,(anonymous_2)
FN:29,(anonymous_3)
FN:30,(anonymous_4)
FNF:5
FNH:0
FNDA:0,(anonymous_0)
FNDA:0,(anonymous_1)
FNDA:0,(anonymous_2)
FNDA:0,(anonymous_3)
FNDA:0,(anonymous_4)
DA:12,1
DA:14,1
DA:16,0
DA:19,1
DA:20,0
DA:23,1
DA:25,0
DA:26,0
DA:29,1
DA:30,0
DA:31,0
DA:33,0
DA:34,0
DA:35,0
DA:36,0
DA:38,0
DA:40,0
DA:42,0
LF:18
LH:5
BRDA:33,0,0,0
BRDA:33,0,1,0
BRDA:33,1,0,0
BRDA:33,1,1,0
BRDA:35,2,0,0
BRDA:35,2,1,0
BRF:6
BRH:0
end_of_record
TN:
SF:src\services\brandingService.ts
FN:13,(anonymous_0)
FN:18,(anonymous_1)
FN:23,(anonymous_2)
FN:30,(anonymous_3)
FN:36,(anonymous_4)
FN:43,(anonymous_5)
FNF:6
FNH:1
FNDA:0,(anonymous_0)
FNDA:0,(anonymous_1)
FNDA:1,(anonymous_2)
FNDA:0,(anonymous_3)
FNDA:0,(anonymous_4)
FNDA:0,(anonymous_5)
DA:11,1
DA:13,1
DA:14,0
DA:15,0
DA:18,1
DA:19,0
DA:20,0
DA:23,1
DA:28,1
DA:29,1
DA:31,0
DA:34,1
DA:35,1
DA:36,0
DA:41,1
DA:42,1
DA:43,0
DA:48,1
LF:18
LH:11
BRDA:31,0,0,0
BRDA:31,0,1,0
BRDA:34,1,0,1
BRDA:34,1,1,1
BRDA:35,2,0,0
BRDA:35,2,1,1
BRDA:41,3,0,1
BRDA:41,3,1,1
BRDA:42,4,0,0
BRDA:42,4,1,1
BRF:10
BRH:6
end_of_record
TN:
SF:src\services\contactService.ts
FN:11,(anonymous_0)
FN:16,(anonymous_1)
FN:19,(anonymous_2)
FN:23,(anonymous_3)
FN:26,(anonymous_4)
FN:29,(anonymous_5)
FN:33,(anonymous_6)
FN:36,(anonymous_7)
FN:39,(anonymous_8)
FN:43,(anonymous_9)
FN:46,(anonymous_10)
FN:49,(anonymous_11)
FN:53,(anonymous_12)
FNF:13
FNH:1
FNDA:1,(anonymous_0)
FNDA:0,(anonymous_1)
FNDA:0,(anonymous_2)
FNDA:0,(anonymous_3)
FNDA:0,(anonymous_4)
FNDA:0,(anonymous_5)
FNDA:0,(anonymous_6)
FNDA:0,(anonymous_7)
FNDA:0,(anonymous_8)
FNDA:0,(anonymous_9)
FNDA:0,(anonymous_10)
FNDA:0,(anonymous_11)
FNDA:0,(anonymous_12)
DA:9,1
DA:11,1
DA:12,1
DA:13,1
DA:16,1
DA:17,0
DA:18,0
DA:20,0
DA:21,0
DA:23,0
DA:26,1
DA:27,0
DA:28,0
DA:30,0
DA:31,0
DA:33,0
DA:36,1
DA:37,0
DA:38,0
DA:40,0
DA:41,0
DA:43,0
DA:46,1
DA:47,0
DA:48,0
DA:50,0
DA:51,0
DA:53,0
LF:28
LH:8
BRF:0
BRH:0
end_of_record
TN:
SF:src\services\credentialService.ts
FN:22,(anonymous_0)
FN:26,(anonymous_1)
FN:30,(anonymous_2)
FN:34,(anonymous_3)
FN:35,(anonymous_4)
FN:38,(anonymous_5)
FN:42,(anonymous_6)
FN:65,(anonymous_7)
FN:68,(anonymous_8)
FNF:9
FNH:3
FNDA:1,(anonymous_0)
FNDA:1,(anonymous_1)
FNDA:0,(anonymous_2)
FNDA:0,(anonymous_3)
FNDA:0,(anonymous_4)
FNDA:1,(anonymous_5)
FNDA:0,(anonymous_6)
FNDA:0,(anonymous_7)
FNDA:0,(anonymous_8)
DA:22,1
DA:23,1
DA:26,1
DA:27,1
DA:30,1
DA:31,0
DA:34,1
DA:35,0
DA:38,1
DA:39,1
DA:42,1
DA:44,0
DA:46,0
DA:47,0
DA:57,0
DA:60,0
DA:61,0
DA:62,0
DA:63,0
DA:64,0
DA:65,0
DA:66,0
DA:68,0
DA:72,0
LF:24
LH:9
BRDA:46,0,0,0
BRDA:46,0,1,0
BRDA:50,1,0,0
BRDA:50,1,1,0
BRDA:60,2,0,0
BRDA:60,2,1,0
BRDA:61,3,0,0
BRDA:61,3,1,0
BRDA:62,4,0,0
BRDA:62,4,1,0
BRDA:63,5,0,0
BRDA:63,5,1,0
BRDA:63,6,0,0
BRDA:63,6,1,0
BRDA:64,7,0,0
BRDA:64,7,1,0
BRDA:65,8,0,0
BRDA:65,8,1,0
BRDA:65,9,0,0
BRDA:65,9,1,0
BRDA:67,10,0,0
BRDA:67,10,1,0
BRDA:68,11,0,0
BRDA:68,11,1,0
BRDA:68,12,0,0
BRDA:68,12,1,0
BRF:26
BRH:0
end_of_record
TN:
SF:src\services\fileService.ts
FN:5,(anonymous_0)
FNF:1
FNH:0
FNDA:0,(anonymous_0)
DA:5,1
DA:6,0
LF:2
LH:1
BRF:0
BRH:0
end_of_record
TN:
SF:src\services\identityService.ts
FN:10,(anonymous_0)
FN:15,(anonymous_1)
FN:24,(anonymous_2)
FN:25,(anonymous_3)
FN:34,(anonymous_4)
FN:36,(anonymous_5)
FN:37,(anonymous_6)
FNF:7
FNH:2
FNDA:0,(anonymous_0)
FNDA:1,(anonymous_1)
FNDA:0,(anonymous_2)
FNDA:0,(anonymous_3)
FNDA:1,(anonymous_4)
FNDA:0,(anonymous_5)
FNDA:0,(anonymous_6)
DA:10,1
DA:12,0
DA:15,1
DA:16,1
DA:23,1
DA:24,0
DA:25,0
DA:26,0
DA:31,1
DA:34,1
DA:35,1
DA:37,0
DA:40,1
DA:43,1
DA:45,1
LF:15
LH:10
BRDA:17,0,0,1
BRDA:17,0,1,1
BRDA:18,1,0,1
BRDA:18,1,1,1
BRDA:19,2,0,1
BRDA:19,2,1,1
BRDA:23,3,0,0
BRDA:23,3,1,1
BRDA:35,4,0,1
BRDA:35,4,1,0
BRDA:37,5,0,0
BRDA:37,5,1,0
BRDA:43,6,0,1
BRDA:43,6,1,0
BRDA:43,7,0,1
BRDA:43,7,1,1
BRF:16
BRH:11
end_of_record
TN:
SF:src\services\onboardingService.ts
FN:15,(anonymous_0)
FN:24,(anonymous_1)
FN:24,(anonymous_2)
FN:31,(anonymous_3)
FNF:4
FNH:4
FNDA:1,(anonymous_0)
FNDA:1,(anonymous_1)
FNDA:1,(anonymous_2)
FNDA:1,(anonymous_3)
DA:15,1
DA:18,1
DA:24,1
DA:27,1
DA:28,1
DA:31,1
DA:34,1
DA:36,1
DA:37,1
DA:38,1
DA:39,1
DA:40,1
DA:62,1
DA:64,1
DA:69,1
DA:70,1
LF:16
LH:16
BRDA:43,0,0,1
BRDA:43,0,1,0
BRDA:47,1,0,1
BRDA:47,1,1,0
BRDA:48,2,0,1
BRDA:48,2,1,0
BRDA:49,3,0,1
BRDA:49,3,1,1
BRDA:50,4,0,1
BRDA:50,4,1,0
BRDA:53,5,0,1
BRDA:53,5,1,0
BRDA:57,6,0,1
BRDA:57,6,1,0
BRF:14
BRH:8
end_of_record
TN:
SF:src\services\qrService.ts
FN:79,(anonymous_0)
FN:81,(anonymous_1)
FN:82,(anonymous_2)
FN:85,(anonymous_3)
FN:108,(anonymous_4)
FN:123,(anonymous_5)
FN:134,(anonymous_6)
FN:150,(anonymous_7)
FN:168,(anonymous_8)
FN:181,(anonymous_9)
FN:193,(anonymous_10)
FN:194,(anonymous_11)
FN:201,(anonymous_12)
FN:246,(anonymous_13)
FN:259,(anonymous_14)
FN:268,(anonymous_15)
FN:275,(anonymous_16)
FN:298,(anonymous_17)
FN:299,(anonymous_18)
FN:342,(anonymous_19)
FN:346,(anonymous_20)
FN:347,(anonymous_21)
FN:370,(anonymous_22)
FN:391,(anonymous_23)
FN:396,(anonymous_24)
FN:396,(anonymous_25)
FN:405,(anonymous_26)
FN:412,(anonymous_27)
FN:421,getIssuerDisplays
FN:424,(anonymous_29)
FN:426,(anonymous_30)
FN:431,getName
FN:446,(anonymous_32)
FN:447,(anonymous_33)
FN:462,(anonymous_34)
FN:492,(anonymous_35)
FN:497,(anonymous_36)
FN:497,(anonymous_37)
FN:511,(anonymous_38)
FN:515,(anonymous_39)
FN:517,(anonymous_40)
FN:534,(anonymous_41)
FN:553,(anonymous_42)
FN:558,(anonymous_43)
FN:565,(anonymous_44)
FN:578,(anonymous_45)
FN:581,(anonymous_46)
FN:624,(anonymous_47)
FN:625,(anonymous_48)
FN:635,(anonymous_49)
FN:647,(anonymous_50)
FN:656,(anonymous_51)
FN:665,(anonymous_52)
FN:670,(anonymous_53)
FN:684,(anonymous_54)
FN:693,(anonymous_55)
FN:712,(anonymous_56)
FN:726,(anonymous_57)
FN:727,(anonymous_58)
FN:729,(anonymous_59)
FNF:60
FNH:0
FNDA:0,(anonymous_0)
FNDA:0,(anonymous_1)
FNDA:0,(anonymous_2)
FNDA:0,(anonymous_3)
FNDA:0,(anonymous_4)
FNDA:0,(anonymous_5)
FNDA:0,(anonymous_6)
FNDA:0,(anonymous_7)
FNDA:0,(anonymous_8)
FNDA:0,(anonymous_9)
FNDA:0,(anonymous_10)
FNDA:0,(anonymous_11)
FNDA:0,(anonymous_12)
FNDA:0,(anonymous_13)
FNDA:0,(anonymous_14)
FNDA:0,(anonymous_15)
FNDA:0,(anonymous_16)
FNDA:0,(anonymous_17)
FNDA:0,(anonymous_18)
FNDA:0,(anonymous_19)
FNDA:0,(anonymous_20)
FNDA:0,(anonymous_21)
FNDA:0,(anonymous_22)
FNDA:0,(anonymous_23)
FNDA:0,(anonymous_24)
FNDA:0,(anonymous_25)
FNDA:0,(anonymous_26)
FNDA:0,(anonymous_27)
FNDA:0,getIssuerDisplays
FNDA:0,(anonymous_29)
FNDA:0,(anonymous_30)
FNDA:0,getName
FNDA:0,(anonymous_32)
FNDA:0,(anonymous_33)
FNDA:0,(anonymous_34)
FNDA:0,(anonymous_35)
FNDA:0,(anonymous_36)
FNDA:0,(anonymous_37)
FNDA:0,(anonymous_38)
FNDA:0,(anonymous_39)
FNDA:0,(anonymous_40)
FNDA:0,(anonymous_41)
FNDA:0,(anonymous_42)
FNDA:0,(anonymous_43)
FNDA:0,(anonymous_44)
FNDA:0,(anonymous_45)
FNDA:0,(anonymous_46)
FNDA:0,(anonymous_47)
FNDA:0,(anonymous_48)
FNDA:0,(anonymous_49)
FNDA:0,(anonymous_50)
FNDA:0,(anonymous_51)
FNDA:0,(anonymous_52)
FNDA:0,(anonymous_53)
FNDA:0,(anonymous_54)
FNDA:0,(anonymous_55)
FNDA:0,(anonymous_56)
FNDA:0,(anonymous_57)
FNDA:0,(anonymous_58)
FNDA:0,(anonymous_59)
DA:76,1
DA:77,1
DA:79,1
DA:80,0
DA:81,0
DA:82,0
DA:85,1
DA:86,0
DA:87,0
DA:88,0
DA:89,0
DA:92,0
DA:95,0
DA:96,0
DA:97,0
DA:98,0
DA:104,0
DA:107,0
DA:108,0
DA:109,0
DA:110,0
DA:112,0
DA:113,0
DA:114,0
DA:116,0
DA:120,0
DA:123,1
DA:124,0
DA:125,0
DA:130,0
DA:134,1
DA:135,0
DA:136,0
DA:142,0
DA:150,1
DA:151,0
DA:153,0
DA:154,0
DA:156,0
DA:160,0
DA:163,0
DA:168,1
DA:169,0
DA:170,0
DA:171,0
DA:181,0
DA:182,0
DA:186,0
DA:192,0
DA:193,0
DA:195,0
DA:196,0
DA:201,1
DA:203,0
DA:212,0
DA:223,0
DA:224,0
DA:226,0
DA:227,0
DA:228,0
DA:234,0
DA:235,0
DA:236,0
DA:237,0
DA:240,0
DA:241,0
DA:246,0
DA:250,0
DA:260,0
DA:263,0
DA:269,0
DA:270,0
DA:271,0
DA:275,0
DA:277,0
DA:278,0
DA:279,0
DA:280,0
DA:285,0
DA:286,0
DA:297,0
DA:298,0
DA:299,0
DA:301,0
DA:302,0
DA:319,0
DA:326,0
DA:327,0
DA:329,0
DA:330,0
DA:332,0
DA:334,0
DA:343,0
DA:347,0
DA:348,0
DA:349,0
DA:353,0
DA:360,0
DA:371,0
DA:372,0
DA:392,0
DA:396,0
DA:400,0
DA:405,1
DA:406,0
DA:407,0
DA:408,0
DA:413,0
DA:423,0
DA:424,0
DA:426,0
DA:432,0
DA:434,0
DA:435,0
DA:436,0
DA:437,0
DA:440,0
DA:441,0
DA:443,0
DA:446,1
DA:447,0
DA:448,0
DA:449,0
DA:450,0
DA:451,0
DA:452,0
DA:463,0
DA:464,0
DA:493,0
DA:497,0
DA:500,0
DA:506,0
DA:511,0
DA:512,0
DA:513,0
DA:514,0
DA:517,0
DA:518,0
DA:528,0
DA:529,0
DA:535,0
DA:541,0
DA:545,0
DA:551,0
DA:553,0
DA:558,0
DA:559,0
DA:560,0
DA:565,0
DA:568,0
DA:574,0
DA:578,0
DA:579,0
DA:582,0
DA:584,0
DA:585,0
DA:586,0
DA:587,0
DA:592,0
DA:593,0
DA:594,0
DA:600,0
DA:602,0
DA:603,0
DA:614,0
DA:615,0
DA:616,0
DA:624,0
DA:625,0
DA:627,0
DA:628,0
DA:629,0
DA:633,0
DA:635,0
DA:637,0
DA:639,0
DA:648,0
DA:649,0
DA:655,0
DA:657,0
DA:660,0
DA:665,0
DA:671,0
DA:678,0
DA:686,0
DA:687,0
DA:688,0
DA:690,0
DA:693,0
DA:694,0
DA:695,0
DA:697,0
DA:712,0
DA:718,0
DA:725,0
DA:727,0
DA:730,0
DA:731,0
DA:732,0
LF:199
LH:11
BRDA:88,0,0,0
BRDA:88,0,1,0
BRDA:88,1,0,0
BRDA:88,1,1,0
BRDA:97,2,0,0
BRDA:97,2,1,0
BRDA:107,3,0,0
BRDA:107,3,1,0
BRDA:107,4,0,0
BRDA:107,4,1,0
BRDA:112,5,0,0
BRDA:112,5,1,0
BRDA:112,6,0,0
BRDA:112,6,1,0
BRDA:135,7,0,0
BRDA:135,7,1,0
BRDA:151,8,0,0
BRDA:151,8,1,0
BRDA:151,8,2,0
BRDA:151,8,3,0
BRDA:151,8,4,0
BRDA:151,8,5,0
BRDA:153,9,0,0
BRDA:153,9,1,0
BRDA:195,10,0,0
BRDA:195,10,1,0
BRDA:229,11,0,0
BRDA:229,11,1,0
BRDA:230,12,0,0
BRDA:230,12,1,0
BRDA:232,13,0,0
BRDA:232,13,1,0
BRDA:240,14,0,0
BRDA:240,14,1,0
BRDA:241,15,0,0
BRDA:241,15,1,0
BRDA:243,16,0,0
BRDA:243,16,1,0
BRDA:265,17,0,0
BRDA:265,17,1,0
BRDA:279,18,0,0
BRDA:279,18,1,0
BRDA:280,19,0,0
BRDA:280,19,1,0
BRDA:281,20,0,0
BRDA:281,20,1,0
BRDA:285,21,0,0
BRDA:285,21,1,0
BRDA:291,22,0,0
BRDA:291,22,1,0
BRDA:291,22,2,0
BRDA:297,23,0,0
BRDA:297,23,1,0
BRDA:301,24,0,0
BRDA:301,24,1,0
BRDA:306,25,0,0
BRDA:306,25,1,0
BRDA:309,26,0,0
BRDA:309,26,1,0
BRDA:326,27,0,0
BRDA:326,27,1,0
BRDA:326,28,0,0
BRDA:326,28,1,0
BRDA:329,29,0,0
BRDA:329,29,1,0
BRDA:337,30,0,0
BRDA:337,30,1,0
BRDA:337,30,2,0
BRDA:365,31,0,0
BRDA:365,31,1,0
BRDA:371,32,0,0
BRDA:371,32,1,0
BRDA:375,33,0,0
BRDA:375,33,1,0
BRDA:375,33,2,0
BRDA:406,34,0,0
BRDA:406,34,1,0
BRDA:410,35,0,0
BRDA:410,35,1,0
BRDA:423,36,0,0
BRDA:423,36,1,0
BRDA:424,37,0,0
BRDA:424,37,1,0
BRDA:424,37,2,0
BRDA:424,37,3,0
BRDA:424,37,4,0
BRDA:426,38,0,0
BRDA:426,38,1,0
BRDA:426,39,0,0
BRDA:426,39,1,0
BRDA:432,40,0,0
BRDA:432,40,1,0
BRDA:435,41,0,0
BRDA:435,41,1,0
BRDA:440,42,0,0
BRDA:440,42,1,0
BRDA:463,43,0,0
BRDA:463,43,1,0
BRDA:517,44,0,0
BRDA:517,44,1,0
BRDA:522,45,0,0
BRDA:522,45,1,0
BRDA:528,46,0,0
BRDA:528,46,1,0
BRDA:559,47,0,0
BRDA:559,47,1,0
BRDA:592,48,0,0
BRDA:592,48,1,0
BRDA:592,49,0,0
BRDA:592,49,1,0
BRDA:614,50,0,0
BRDA:614,50,1,0
BRDA:615,51,0,0
BRDA:615,51,1,0
BRDA:627,52,0,0
BRDA:627,52,1,0
BRDA:648,53,0,0
BRDA:648,53,1,0
BRDA:648,54,0,0
BRDA:648,54,1,0
BRDA:686,55,0,0
BRDA:686,55,1,0
BRDA:687,56,0,0
BRDA:687,56,1,0
BRDA:687,57,0,0
BRDA:687,57,1,0
BRDA:695,58,0,0
BRDA:695,58,1,0
BRDA:703,59,0,0
BRDA:703,59,1,0
BRF:130
BRH:0
end_of_record
TN:
SF:src\services\signatureService.ts
FN:8,(anonymous_0)
FN:17,(anonymous_1)
FN:23,(anonymous_2)
FNF:3
FNH:0
FNDA:0,(anonymous_0)
FNDA:0,(anonymous_1)
FNDA:0,(anonymous_2)
DA:8,1
DA:9,0
DA:14,0
DA:17,1
DA:19,0
DA:21,0
DA:23,0
DA:24,0
DA:26,0
LF:9
LH:2
BRDA:24,0,0,0
BRDA:24,0,1,0
BRF:2
BRH:0
end_of_record
TN:
SF:src\services\storageService.ts
FN:13,(anonymous_0)
FN:17,(anonymous_1)
FN:28,(anonymous_2)
FN:37,(anonymous_3)
FN:40,(anonymous_4)
FN:43,(anonymous_5)
FN:51,(anonymous_6)
FN:57,(anonymous_7)
FN:60,(anonymous_8)
FN:64,(anonymous_9)
FN:71,(anonymous_10)
FN:80,(anonymous_11)
FN:83,(anonymous_12)
FN:88,(anonymous_13)
FN:90,(anonymous_14)
FN:93,(anonymous_15)
FN:95,(anonymous_16)
FNF:17
FNH:6
FNDA:1,(anonymous_0)
FNDA:1,(anonymous_1)
FNDA:0,(anonymous_2)
FNDA:0,(anonymous_3)
FNDA:1,(anonymous_4)
FNDA:1,(anonymous_5)
FNDA:1,(anonymous_6)
FNDA:0,(anonymous_7)
FNDA:0,(anonymous_8)
FNDA:0,(anonymous_9)
FNDA:0,(anonymous_10)
FNDA:0,(anonymous_11)
FNDA:1,(anonymous_12)
FNDA:0,(anonymous_13)
FNDA:0,(anonymous_14)
FNDA:0,(anonymous_15)
FNDA:0,(anonymous_16)
DA:8,1
DA:10,1
DA:11,1
DA:13,1
DA:14,1
DA:16,1
DA:18,1
DA:19,1
DA:20,1
DA:21,1
DA:23,1
DA:26,0
DA:27,0
DA:28,0
DA:29,0
DA:32,0
DA:34,0
DA:35,0
DA:37,0
DA:40,1
DA:41,1
DA:42,1
DA:44,1
DA:45,0
DA:46,0
DA:49,1
DA:50,1
DA:51,1
DA:52,1
DA:55,1
DA:57,0
DA:60,1
DA:61,0
DA:63,0
DA:65,0
DA:66,0
DA:67,0
DA:70,0
DA:71,0
DA:72,0
DA:75,0
DA:76,0
DA:78,0
DA:80,0
DA:83,1
DA:84,1
DA:85,1
DA:88,1
DA:89,0
DA:90,0
DA:93,1
DA:94,0
DA:95,0
LF:53
LH:26
BRDA:18,0,0,1
BRDA:18,0,1,0
BRDA:18,1,0,1
BRDA:18,1,1,0
BRDA:44,2,0,0
BRDA:44,2,1,1
BRDA:44,3,0,1
BRDA:44,3,1,1
BRDA:65,4,0,0
BRDA:65,4,1,0
BRDA:65,5,0,0
BRDA:65,5,1,0
BRDA:83,6,0,1
BRF:13
BRH:6
end_of_record
TN:
SF:src\services\userService.ts
FN:12,(anonymous_0)
FN:18,(anonymous_1)
FN:25,(anonymous_2)
FN:29,(anonymous_3)
FN:32,(anonymous_4)
FN:34,(anonymous_5)
FN:37,(anonymous_6)
FN:45,(anonymous_7)
FN:49,(anonymous_8)
FN:52,(anonymous_9)
FN:53,(anonymous_10)
FNF:11
FNH:4
FNDA:1,(anonymous_0)
FNDA:1,(anonymous_1)
FNDA:1,(anonymous_2)
FNDA:0,(anonymous_3)
FNDA:1,(anonymous_4)
FNDA:0,(anonymous_5)
FNDA:0,(anonymous_6)
FNDA:0,(anonymous_7)
FNDA:0,(anonymous_8)
FNDA:0,(anonymous_9)
FNDA:0,(anonymous_10)
DA:8,1
DA:12,1
DA:13,1
DA:14,1
DA:18,1
DA:24,1
DA:26,1
DA:27,1
DA:29,0
DA:32,1
DA:33,1
DA:34,1
DA:37,1
DA:38,0
DA:39,0
DA:44,0
DA:46,0
DA:47,0
DA:49,0
DA:52,1
DA:53,0
LF:21
LH:13
BRDA:17,0,0,1
BRDA:17,0,1,0
BRF:2
BRH:1
end_of_record
TN:
SF:src\store\index.ts
FNF:0
FNH:0
DA:8,1
DA:14,1
LF:2
LH:2
BRF:0
BRH:0
end_of_record
TN:
SF:src\store\actions\contact.actions.ts
FN:34,(anonymous_0)
FN:35,(anonymous_1)
FN:37,(anonymous_2)
FN:39,(anonymous_3)
FN:40,(anonymous_4)
FN:45,(anonymous_5)
FN:46,(anonymous_6)
FN:49,(anonymous_7)
FN:53,(anonymous_8)
FN:57,(anonymous_9)
FN:58,(anonymous_10)
FN:61,(anonymous_11)
FN:65,(anonymous_12)
FN:69,(anonymous_13)
FN:70,(anonymous_14)
FN:73,(anonymous_15)
FN:74,(anonymous_16)
FN:87,(anonymous_17)
FN:88,(anonymous_18)
FN:92,(anonymous_19)
FN:101,(anonymous_20)
FN:108,(anonymous_21)
FN:122,(anonymous_22)
FNF:23
FNH:6
FNDA:1,(anonymous_0)
FNDA:1,(anonymous_1)
FNDA:1,(anonymous_2)
FNDA:1,(anonymous_3)
FNDA:0,(anonymous_4)
FNDA:0,(anonymous_5)
FNDA:0,(anonymous_6)
FNDA:0,(anonymous_7)
FNDA:0,(anonymous_8)
FNDA:0,(anonymous_9)
FNDA:0,(anonymous_10)
FNDA:0,(anonymous_11)
FNDA:0,(anonymous_12)
FNDA:0,(anonymous_13)
FNDA:0,(anonymous_14)
FNDA:0,(anonymous_15)
FNDA:0,(anonymous_16)
FNDA:0,(anonymous_17)
FNDA:0,(anonymous_18)
FNDA:0,(anonymous_19)
FNDA:0,(anonymous_20)
FNDA:1,(anonymous_21)
FNDA:1,(anonymous_22)
DA:34,1
DA:35,1
DA:36,1
DA:37,1
DA:38,1
DA:39,1
DA:40,0
DA:45,1
DA:46,0
DA:47,0
DA:48,0
DA:50,0
DA:51,0
DA:53,0
DA:57,1
DA:58,0
DA:59,0
DA:60,0
DA:62,0
DA:63,0
DA:65,0
DA:69,1
DA:70,0
DA:71,0
DA:72,0
DA:73,0
DA:76,0
DA:81,0
DA:82,0
DA:87,1
DA:88,0
DA:89,0
DA:91,0
DA:93,0
DA:94,0
DA:95,0
DA:97,0
DA:98,0
DA:102,0
DA:103,0
DA:108,1
DA:109,1
DA:111,1
DA:113,1
DA:115,1
DA:122,1
LF:46
LH:16
BRDA:93,0,0,0
BRDA:93,0,1,0
BRF:2
BRH:0
end_of_record
TN:
SF:src\store\actions\credential.actions.ts
FN:30,(anonymous_0)
FN:31,(anonymous_1)
FN:34,(anonymous_2)
FN:35,(anonymous_3)
FN:40,(anonymous_4)
FN:42,(anonymous_5)
FN:49,(anonymous_6)
FN:53,(anonymous_7)
FN:54,(anonymous_8)
FN:58,(anonymous_9)
FN:60,(anonymous_10)
FN:67,(anonymous_11)
FN:71,(anonymous_12)
FN:72,(anonymous_13)
FN:75,(anonymous_14)
FN:87,(anonymous_15)
FN:94,(anonymous_16)
FN:95,(anonymous_17)
FN:98,(anonymous_18)
FN:99,(anonymous_19)
FN:100,(anonymous_20)
FN:109,(anonymous_21)
FNF:22
FNH:5
FNDA:1,(anonymous_0)
FNDA:1,(anonymous_1)
FNDA:1,(anonymous_2)
FNDA:1,(anonymous_3)
FNDA:1,(anonymous_4)
FNDA:0,(anonymous_5)
FNDA:0,(anonymous_6)
FNDA:0,(anonymous_7)
FNDA:0,(anonymous_8)
FNDA:0,(anonymous_9)
FNDA:0,(anonymous_10)
FNDA:0,(anonymous_11)
FNDA:0,(anonymous_12)
FNDA:0,(anonymous_13)
FNDA:0,(anonymous_14)
FNDA:0,(anonymous_15)
FNDA:0,(anonymous_16)
FNDA:0,(anonymous_17)
FNDA:0,(anonymous_18)
FNDA:0,(anonymous_19)
FNDA:0,(anonymous_20)
FNDA:0,(anonymous_21)
DA:30,1
DA:31,1
DA:32,1
DA:33,1
DA:35,1
DA:38,1
DA:39,1
DA:41,1
DA:42,0
DA:44,1
DA:47,1
DA:49,0
DA:53,1
DA:54,0
DA:55,0
DA:56,0
DA:57,0
DA:59,0
DA:60,0
DA:61,0
DA:67,0
DA:71,1
DA:72,0
DA:73,0
DA:74,0
DA:76,0
DA:77,0
DA:78,0
DA:83,0
DA:84,0
DA:88,0
DA:89,0
DA:94,1
DA:95,0
DA:96,0
DA:97,0
DA:99,0
DA:100,0
DA:102,0
DA:110,0
DA:111,0
LF:41
LH:13
BRDA:76,0,0,0
BRDA:76,0,1,0
BRF:2
BRH:0
end_of_record
TN:
SF:src\store\actions\user.actions.ts
FN:38,(anonymous_0)
FN:39,(anonymous_1)
FN:42,(anonymous_2)
FN:46,(anonymous_3)
FN:53,(anonymous_4)
FN:54,(anonymous_5)
FN:57,(anonymous_6)
FN:58,(anonymous_7)
FN:62,(anonymous_8)
FN:63,(anonymous_9)
FN:78,(anonymous_10)
FN:79,(anonymous_11)
FN:83,(anonymous_12)
FN:84,(anonymous_13)
FN:87,(anonymous_14)
FN:97,(anonymous_15)
FN:107,(anonymous_16)
FN:123,(anonymous_17)
FN:127,(anonymous_18)
FN:128,(anonymous_19)
FN:137,(anonymous_20)
FN:138,(anonymous_21)
FN:143,(anonymous_22)
FN:152,(anonymous_23)
FNF:24
FNH:7
FNDA:1,(anonymous_0)
FNDA:1,(anonymous_1)
FNDA:1,(anonymous_2)
FNDA:0,(anonymous_3)
FNDA:0,(anonymous_4)
FNDA:0,(anonymous_5)
FNDA:0,(anonymous_6)
FNDA:0,(anonymous_7)
FNDA:0,(anonymous_8)
FNDA:0,(anonymous_9)
FNDA:0,(anonymous_10)
FNDA:0,(anonymous_11)
FNDA:1,(anonymous_12)
FNDA:1,(anonymous_13)
FNDA:1,(anonymous_14)
FNDA:0,(anonymous_15)
FNDA:1,(anonymous_16)
FNDA:0,(anonymous_17)
FNDA:0,(anonymous_18)
FNDA:0,(anonymous_19)
FNDA:0,(anonymous_20)
FNDA:0,(anonymous_21)
FNDA:0,(anonymous_22)
FNDA:0,(anonymous_23)
DA:38,1
DA:39,1
DA:40,1
DA:41,1
DA:43,1
DA:44,1
DA:47,0
DA:48,0
DA:53,1
DA:54,0
DA:55,0
DA:56,0
DA:57,0
DA:58,0
DA:62,1
DA:63,0
DA:64,0
DA:65,0
DA:66,0
DA:72,0
DA:77,0
DA:78,0
DA:79,0
DA:83,1
DA:84,1
DA:85,1
DA:86,1
DA:88,1
DA:89,1
DA:90,1
DA:91,1
DA:93,1
DA:94,1
DA:95,1
DA:96,0
DA:97,0
DA:98,0
DA:100,1
DA:102,1
DA:103,1
DA:104,1
DA:106,1
DA:107,1
DA:108,1
DA:110,1
DA:111,1
DA:113,1
DA:114,1
DA:116,1
DA:117,0
DA:120,0
DA:123,0
DA:127,1
DA:128,0
DA:130,0
DA:131,0
DA:132,0
DA:137,1
DA:138,0
DA:139,0
DA:142,0
DA:144,0
DA:145,0
DA:146,0
DA:147,0
DA:149,0
DA:150,0
DA:153,0
LF:68
LH:33
BRDA:89,0,0,1
BRDA:89,0,1,0
BRDA:95,1,0,1
BRDA:95,1,1,0
BRDA:106,2,0,2
BRDA:106,2,1,1
BRDA:116,3,0,0
BRDA:116,3,1,1
BRF:8
BRH:5
end_of_record
TN:
SF:src\store\reducers\contact.reducer.ts
FN:27,(anonymous_0)
FN:64,(anonymous_1)
FN:79,(anonymous_2)
FN:93,(anonymous_3)
FNF:4
FNH:1
FNDA:14,(anonymous_0)
FNDA:0,(anonymous_1)
FNDA:0,(anonymous_2)
FNDA:0,(anonymous_3)
DA:22,1
DA:27,1
DA:28,14
DA:30,1
DA:36,1
DA:43,0
DA:49,0
DA:56,0
DA:62,0
DA:64,0
DA:71,0
DA:77,0
DA:79,0
DA:84,0
DA:90,0
DA:94,0
DA:101,0
DA:107,0
DA:110,12
LF:19
LH:6
BRDA:27,0,0,3
BRDA:28,1,0,1
BRDA:28,1,1,1
BRDA:28,1,2,0
BRDA:28,1,3,0
BRDA:28,1,4,0
BRDA:28,1,5,0
BRDA:28,1,6,0
BRDA:28,1,7,0
BRDA:28,1,8,0
BRDA:28,1,9,0
BRDA:28,1,10,0
BRDA:28,1,11,0
BRDA:28,1,12,12
BRDA:94,2,0,0
BRDA:94,2,1,0
BRF:16
BRH:4
end_of_record
TN:
SF:src\store\reducers\credential.reducer.ts
FN:22,(anonymous_0)
FN:61,(anonymous_1)
FNF:2
FNH:1
FNDA:14,(anonymous_0)
FNDA:0,(anonymous_1)
DA:17,1
DA:22,1
DA:25,14
DA:27,1
DA:33,1
DA:40,0
DA:46,0
DA:53,0
DA:59,0
DA:61,0
DA:66,0
DA:72,0
DA:79,0
DA:85,0
DA:88,12
LF:15
LH:6
BRDA:22,0,0,3
BRDA:25,1,0,1
BRDA:25,1,1,1
BRDA:25,1,2,0
BRDA:25,1,3,0
BRDA:25,1,4,0
BRDA:25,1,5,0
BRDA:25,1,6,0
BRDA:25,1,7,0
BRDA:25,1,8,0
BRDA:25,1,9,0
BRDA:25,1,10,12
BRF:12
BRH:4
end_of_record
TN:
SF:src\store\reducers\user.reducer.ts
FN:25,(anonymous_0)
FNF:1
FNH:1
FNDA:14,(anonymous_0)
DA:19,1
DA:25,1
DA:28,14
DA:30,2
DA:36,1
DA:43,0
DA:49,0
DA:56,0
DA:62,4
DA:69,0
DA:76,0
DA:82,0
DA:90,0
DA:96,0
DA:97,0
DA:103,0
DA:109,7
LF:17
LH:7
BRDA:25,0,0,3
BRDA:28,1,0,2
BRDA:28,1,1,1
BRDA:28,1,2,0
BRDA:28,1,3,0
BRDA:28,1,4,0
BRDA:28,1,5,4
BRDA:28,1,6,0
BRDA:28,1,7,0
BRDA:28,1,8,0
BRDA:28,1,9,0
BRDA:28,1,10,0
BRDA:28,1,11,0
BRDA:28,1,12,7
BRF:14
BRH:5
end_of_record
TN:
SF:src\styles\colors.ts
FNF:0
FNH:0
DA:5,1
DA:14,1
DA:21,1
DA:27,1
DA:34,1
DA:49,1
DA:74,1
DA:91,1
DA:98,1
DA:109,1
DA:115,1
DA:123,1
DA:129,1
DA:135,1
LF:14
LH:14
BRF:0
BRH:0
end_of_record
TN:
SF:src\styles\typography.ts
FNF:0
FNH:0
DA:5,1
DA:18,1
DA:31,1
DA:59,1
LF:4
LH:4
BRF:0
BRH:0
end_of_record
TN:
SF:src\styles\components\index.ts
FNF:0
FNH:0
LF:0
LH:0
BRF:0
BRH:0
end_of_record
TN:
SF:src\styles\components\buttons\index.ts
FNF:0
FNH:0
DA:6,1
DA:10,1
LF:2
LH:2
BRF:0
BRH:0
end_of_record
TN:
SF:src\styles\components\components\index.ts
FNF:0
FNH:0
LF:0
LH:0
BRF:0
BRH:0
end_of_record
TN:
SF:src\styles\components\components\SSIAlert\index.ts
FNF:0
FNH:0
DA:8,1
DA:12,1
DA:20,1
DA:27,1
DA:34,1
LF:5
LH:5
BRF:0
BRH:0
end_of_record
TN:
SF:src\styles\components\components\SSIButtonsContainer\index.ts
FNF:0
FNH:0
DA:3,1
LF:1
LH:1
BRF:0
BRH:0
end_of_record
TN:
SF:src\styles\components\components\SSICheckbox\index.tsx
FNF:0
FNH:0
DA:5,1
DA:14,1
DA:23,1
LF:3
LH:3
BRF:0
BRH:0
end_of_record
TN:
SF:src\styles\components\components\SSIConnectionDetailsView\index.ts
FNF:0
FNH:0
DA:7,1
DA:11,1
DA:16,1
DA:20,1
DA:27,1
DA:32,1
LF:6
LH:6
BRF:0
BRH:0
end_of_record
TN:
SF:src\styles\components\components\SSIContactViewItem\index.ts
FNF:0
FNH:0
DA:7,1
DA:11,1
DA:17,1
DA:24,1
DA:28,1
DA:32,1
LF:6
LH:6
BRF:0
BRH:0
end_of_record
TN:
SF:src\styles\components\components\SSICredentialDetailsView\index.ts
FNF:0
FNH:0
DA:6,1
DA:11,1
DA:18,1
DA:23,1
LF:4
LH:4
BRF:0
BRH:0
end_of_record
TN:
SF:src\styles\components\components\SSICredentialRequiredViewItem\index.ts
FNF:0
FNH:0
DA:7,1
DA:11,1
DA:16,1
DA:20,1
DA:25,1
DA:30,1
DA:34,1
DA:38,1
DA:42,1
LF:9
LH:9
BRF:0
BRH:0
end_of_record
TN:
SF:src\styles\components\components\SSICredentialSelectTypeViewItem\index.ts
FNF:0
FNH:0
DA:3,1
DA:7,1
DA:13,1
DA:17,1
LF:4
LH:4
BRF:0
BRH:0
end_of_record
TN:
SF:src\styles\components\components\SSICredentialSelectViewItem\index.ts
FNF:0
FNH:0
DA:3,1
DA:7,1
DA:12,1
DA:18,1
DA:24,1
DA:28,1
LF:6
LH:6
BRF:0
BRH:0
end_of_record
TN:
SF:src\styles\components\components\SSICredentialViewItem\index.ts
FNF:0
FNH:0
DA:6,1
DA:10,1
DA:14,1
DA:18,1
DA:22,1
DA:28,1
LF:6
LH:6
BRF:0
BRH:0
end_of_record
TN:
SF:src\styles\components\components\SSIDropDownList\index.ts
FNF:0
FNH:0
DA:5,1
LF:1
LH:1
BRF:0
BRH:0
end_of_record
TN:
SF:src\styles\components\components\SSIDropDownListItem\index.ts
FNF:0
FNH:0
DA:7,1
DA:12,1
DA:16,1
LF:3
LH:3
BRF:0
BRH:0
end_of_record
TN:
SF:src\styles\components\components\SSIHeaderBar\index.ts
FN:13,(anonymous_0)
FNF:1
FNH:1
FNDA:112,(anonymous_0)
DA:10,1
DA:13,112
DA:18,1
DA:22,1
DA:27,1
DA:34,1
DA:39,1
DA:44,1
DA:52,1
LF:9
LH:9
BRDA:13,0,0,0
BRDA:13,0,1,112
BRF:2
BRH:1
end_of_record
TN:
SF:src\styles\components\components\SSIIdentitiesView\index.ts
FNF:0
FNH:0
DA:5,1
LF:1
LH:1
BRF:0
BRH:0
end_of_record
TN:
SF:src\styles\components\components\SSIIdentityViewItem\index.tsx
FNF:0
FNH:0
DA:3,1
DA:7,1
LF:2
LH:2
BRF:0
BRH:0
end_of_record
TN:
SF:src\styles\components\components\SSIImageField\index.ts
FNF:0
FNH:0
DA:6,1
DA:11,1
DA:15,1
LF:3
LH:3
BRF:0
BRH:0
end_of_record
TN:
SF:src\styles\components\components\SSINavigationBar\index.ts
FNF:0
FNH:0
DA:8,1
DA:13,1
DA:21,1
LF:3
LH:3
BRF:0
BRH:0
end_of_record
TN:
SF:src\styles\components\components\SSIPinCode\index.ts
FNF:0
FNH:0
DA:7,1
DA:12,1
DA:18,1
DA:25,1
LF:4
LH:4
BRF:0
BRH:0
end_of_record
TN:
SF:src\styles\components\components\SSIPinCodeSegment\index.ts
FNF:0
FNH:0
DA:7,1
DA:12,1
DA:19,1
DA:23,1
LF:4
LH:4
BRF:0
BRH:0
end_of_record
TN:
SF:src\styles\components\components\SSIPopup\index.ts
FNF:0
FNH:0
DA:8,1
DA:12,1
DA:17,1
DA:23,1
DA:28,1
DA:32,1
DA:38,1
DA:42,1
DA:47,1
DA:53,1
DA:58,1
DA:63,1
DA:70,1
DA:74,1
LF:14
LH:14
BRF:0
BRH:0
end_of_record
TN:
SF:src\styles\components\components\SSIPopupModal\index.ts
FNF:0
FNH:0
DA:3,1
LF:1
LH:1
BRF:0
BRH:0
end_of_record
TN:
SF:src\styles\components\components\SSIProfileIcon\index.ts
FNF:0
FNH:0
DA:4,1
LF:1
LH:1
BRF:0
BRH:0
end_of_record
TN:
SF:src\styles\components\components\SSIProgressIndicator\index.ts
FNF:0
FNH:0
DA:6,1
DA:13,1
LF:2
LH:2
BRF:0
BRH:0
end_of_record
TN:
SF:src\styles\components\components\SSIQRCustomMarker\index.ts
FNF:0
FNH:0
DA:4,1
DA:6,1
DA:13,1
DA:20,1
DA:25,1
DA:32,1
LF:6
LH:6
BRF:0
BRH:0
end_of_record
TN:
SF:src\styles\components\components\SSISecondaryButton\index.ts
FNF:0
FNH:0
DA:7,1
DA:15,1
LF:2
LH:2
BRF:0
BRH:0
end_of_record
TN:
SF:src\styles\components\components\SSIStatusBar\index.ts
FNF:0
FNH:0
DA:6,1
LF:1
LH:1
BRF:0
BRH:0
end_of_record
TN:
SF:src\styles\components\components\SSISwipeDeleteButton\index.ts
FNF:0
FNH:0
DA:6,1
DA:10,1
LF:2
LH:2
BRF:0
BRH:0
end_of_record
TN:
SF:src\styles\components\components\SSISwipeRowViewItem\index.ts
FNF:0
FNH:0
DA:5,1
DA:10,1
LF:2
LH:2
BRF:0
BRH:0
end_of_record
TN:
SF:src\styles\components\components\SSITabView\index.ts
FNF:0
FNH:0
DA:5,1
LF:1
LH:1
BRF:0
BRH:0
end_of_record
TN:
SF:src\styles\components\components\SSITabViewHeader\index.ts
FNF:0
FNH:0
DA:8,1
DA:14,1
DA:18,1
DA:22,1
LF:4
LH:4
BRF:0
BRH:0
end_of_record
TN:
SF:src\styles\components\components\SSITermsOfServiceView\index.ts
FNF:0
FNH:0
DA:8,1
DA:10,1
DA:14,1
DA:18,1
LF:4
LH:4
BRF:0
BRH:0
end_of_record
TN:
SF:src\styles\components\components\SSITextField\index.ts
FNF:0
FNH:0
DA:6,1
DA:11,1
DA:15,1
DA:19,1
DA:23,1
DA:27,1
LF:6
LH:6
BRF:0
BRH:0
end_of_record
TN:
SF:src\styles\components\components\SSITextInputField\index.ts
FNF:0
FNH:0
DA:6,1
DA:10,1
DA:14,1
DA:20,1
DA:25,1
DA:31,1
LF:6
LH:6
BRF:0
BRH:0
end_of_record
TN:
SF:src\styles\components\components\SSIToast\index.ts
FNF:0
FNH:0
DA:7,1
DA:15,1
DA:20,1
DA:25,1
LF:4
LH:4
BRF:0
BRH:0
end_of_record
TN:
SF:src\styles\components\components\SSIWelcomeView\index.tsx
FNF:0
FNH:0
DA:6,1
DA:13,1
DA:17,1
DA:21,1
DA:25,1
DA:29,1
DA:34,1
LF:7
LH:7
BRF:0
BRH:0
end_of_record
TN:
SF:src\styles\components\containers\index.ts
FNF:0
FNH:0
DA:14,1
DA:20,1
DA:24,1
DA:28,1
DA:32,1
DA:36,1
DA:41,1
DA:46,1
DA:50,1
DA:55,1
DA:60,1
DA:65,1
DA:79,1
DA:83,1
DA:87,1
DA:95,1
DA:100,1
LF:17
LH:17
BRF:0
BRH:0
end_of_record
TN:
SF:src\styles\components\css\index.ts
FNF:0
FNH:0
DA:5,1
DA:9,1
DA:13,1
DA:17,1
DA:21,1
LF:5
LH:5
BRF:0
BRH:0
end_of_record
TN:
SF:src\styles\components\fonts\index.ts
FNF:0
FNH:0
DA:7,1
DA:15,1
DA:19,1
DA:27,1
DA:31,1
DA:39,1
DA:47,1
DA:51,1
DA:55,1
DA:59,1
DA:63,1
DA:71,1
DA:76,1
DA:84,1
DA:88,1
DA:96,1
DA:100,1
DA:108,1
DA:116,1
DA:120,1
DA:124,1
DA:128,1
DA:136,1
DA:140,1
DA:148,1
DA:152,1
DA:160,1
DA:164,1
DA:172,1
LF:29
LH:29
BRF:0
BRH:0
end_of_record
TN:
SF:src\styles\components\gradients\index.ts
FNF:0
FNH:0
DA:8,1
DA:14,1
DA:20,1
DA:26,1
DA:30,1
LF:5
LH:5
BRF:0
BRH:0
end_of_record
TN:
SF:src\styles\components\modals\index.ts
FNF:0
FNH:0
LF:0
LH:0
BRF:0
BRH:0
end_of_record
TN:
SF:src\styles\components\modals\SSIAlertModal\index.ts
FNF:0
FNH:0
DA:3,1
LF:1
LH:1
BRF:0
BRH:0
end_of_record
TN:
SF:src\styles\components\modals\SSIPopupModal\index.ts
FNF:0
FNH:0
DA:3,1
LF:1
LH:1
BRF:0
BRH:0
end_of_record
TN:
SF:src\styles\components\providers\index.ts
FNF:0
FNH:0
LF:0
LH:0
BRF:0
BRH:0
end_of_record
TN:
SF:src\styles\components\providers\OnTouchProvider\index.ts
FNF:0
FNH:0
DA:3,1
LF:1
LH:1
BRF:0
BRH:0
end_of_record
TN:
SF:src\styles\components\screens\index.ts
FNF:0
FNH:0
LF:0
LH:0
BRF:0
BRH:0
end_of_record
TN:
SF:src\styles\components\screens\SSIContactAddScreen\index.ts
FNF:0
FNH:0
DA:5,1
DA:10,1
DA:15,1
LF:3
LH:3
BRF:0
BRH:0
end_of_record
TN:
SF:src\styles\components\screens\SSICredentialDetailsScreen\index.ts
FNF:0
FNH:0
DA:6,1
DA:11,1
DA:16,1
DA:23,1
LF:4
LH:4
BRF:0
BRH:0
end_of_record
TN:
SF:src\styles\components\screens\SSICredentialSelectTypeScreen\index.ts
FNF:0
FNH:0
DA:5,1
DA:9,1
LF:2
LH:2
BRF:0
BRH:0
end_of_record
TN:
SF:src\styles\components\screens\SSICredentialsRequiredScreen\index.ts
FNF:0
FNH:0
DA:3,1
LF:1
LH:1
BRF:0
BRH:0
end_of_record
TN:
SF:src\styles\components\screens\SSIErrorScreen\index.ts
FNF:0
FNH:0
DA:3,1
LF:1
LH:1
BRF:0
BRH:0
end_of_record
TN:
SF:src\styles\components\screens\SSILoadingScreen\index.ts
FNF:0
FNH:0
DA:7,1
DA:11,1
DA:15,1
LF:3
LH:3
BRF:0
BRH:0
end_of_record
TN:
SF:src\styles\components\screens\SSILockScreen\index.ts
FNF:0
FNH:0
DA:3,1
LF:1
LH:1
BRF:0
BRH:0
end_of_record
TN:
SF:src\styles\components\screens\SSINotificationsOverviewScreen\index.ts
FNF:0
FNH:0
DA:5,1
DA:10,1
DA:14,1
LF:3
LH:3
BRF:0
BRH:0
end_of_record
TN:
SF:src\styles\components\screens\SSIPersonalDataScreen\index.ts
FNF:0
FNH:0
DA:5,1
DA:10,1
DA:15,1
LF:3
LH:3
BRF:0
BRH:0
end_of_record
TN:
SF:src\styles\components\screens\SSIQRReaderScreen\index.ts
FNF:0
FNH:0
DA:4,1
LF:1
LH:1
BRF:0
BRH:0
end_of_record
TN:
SF:src\styles\components\screens\SSITermsOfServiceScreen\index.ts
FNF:0
FNH:0
DA:5,1
DA:10,1
DA:16,1
DA:20,1
LF:4
LH:4
BRF:0
BRH:0
end_of_record
TN:
SF:src\styles\components\screens\SSIVerificationCodeScreen\index.ts
FNF:0
FNH:0
DA:3,1
LF:1
LH:1
BRF:0
BRH:0
end_of_record
TN:
SF:src\styles\components\screens\SSIWelcomeScreen\index.ts
FNF:0
FNH:0
DA:7,1
DA:11,1
DA:15,1
DA:27,1
LF:4
LH:4
BRF:0
BRH:0
end_of_record
TN:
SF:src\styles\components\text\index.ts
FNF:0
FNH:0
DA:7,1
LF:1
LH:1
BRF:0
BRH:0
end_of_record
TN:
SF:src\styles\components\views\index.ts
FNF:0
FNH:0
DA:5,1
LF:1
LH:1
BRF:0
BRH:0
end_of_record
TN:
SF:src\types\index.ts
FNF:0
FNH:0
LF:0
LH:0
BRF:0
BRH:0
end_of_record
TN:
SF:src\types\authentication\index.ts
FNF:0
FNH:0
LF:0
LH:0
BRF:0
BRH:0
end_of_record
TN:
SF:src\types\component\index.ts
FNF:0
FNH:0
LF:0
LH:0
BRF:0
BRH:0
end_of_record
TN:
SF:src\types\credential\index.ts
FNF:0
FNH:0
LF:0
LH:0
BRF:0
BRH:0
end_of_record
TN:
SF:src\types\did\index.ts
FNF:0
FNH:0
LF:0
LH:0
BRF:0
BRH:0
end_of_record
TN:
SF:src\types\error\index.ts
FNF:0
FNH:0
LF:0
LH:0
BRF:0
BRH:0
end_of_record
TN:
SF:src\types\identity\index.ts
FNF:0
FNH:0
LF:0
LH:0
BRF:0
BRH:0
end_of_record
TN:
SF:src\types\image\index.ts
FNF:0
FNH:0
LF:0
LH:0
BRF:0
BRH:0
end_of_record
TN:
SF:src\types\navigation\index.ts
FNF:0
FNH:0
LF:0
LH:0
BRF:0
BRH:0
end_of_record
TN:
SF:src\types\onboarding\index.ts
FNF:0
FNH:0
LF:0
LH:0
BRF:0
BRH:0
end_of_record
TN:
SF:src\types\os\index.ts
FNF:0
FNH:0
LF:0
LH:0
BRF:0
BRH:0
end_of_record
TN:
SF:src\types\provider\index.ts
FNF:0
FNH:0
LF:0
LH:0
BRF:0
BRH:0
end_of_record
TN:
SF:src\types\provider\openIdVcIssuanceProvider\index.ts
FNF:0
FNH:0
LF:0
LH:0
BRF:0
BRH:0
end_of_record
TN:
SF:src\types\qr\index.ts
FNF:0
FNH:0
LF:0
LH:0
BRF:0
BRH:0
end_of_record
TN:
SF:src\types\service\index.ts
FNF:0
FNH:0
LF:0
LH:0
BRF:0
BRH:0
end_of_record
TN:
SF:src\types\service\brandingService\index.ts
FNF:0
FNH:0
LF:0
LH:0
BRF:0
BRH:0
end_of_record
TN:
SF:src\types\service\contactService\index.ts
FNF:0
FNH:0
LF:0
LH:0
BRF:0
BRH:0
end_of_record
TN:
SF:src\types\service\credentialService\index.ts
FNF:0
FNH:0
LF:0
LH:0
BRF:0
BRH:0
end_of_record
TN:
SF:src\types\service\fileService\index.ts
FNF:0
FNH:0
LF:0
LH:0
BRF:0
BRH:0
end_of_record
TN:
SF:src\types\service\storageService\index.ts
FNF:0
FNH:0
LF:0
LH:0
BRF:0
BRH:0
end_of_record
TN:
SF:src\types\signature\index.ts
FNF:0
FNH:0
LF:0
LH:0
BRF:0
BRH:0
end_of_record
TN:
SF:src\types\store\contact.action.types.ts
FNF:0
FNH:0
DA:3,1
DA:5,1
DA:7,1
DA:9,1
DA:11,1
DA:13,1
DA:15,1
DA:17,1
DA:19,1
DA:21,1
DA:23,1
DA:25,1
LF:12
LH:12
BRF:0
BRH:0
end_of_record
TN:
SF:src\types\store\credential.action.types.ts
FNF:0
FNH:0
DA:3,1
DA:5,1
DA:7,1
DA:9,1
DA:11,1
DA:13,1
DA:15,1
DA:17,1
DA:19,1
DA:21,1
LF:10
LH:10
BRF:0
BRH:0
end_of_record
TN:
SF:src\types\store\index.ts
FNF:0
FNH:0
LF:0
LH:0
BRF:0
BRH:0
end_of_record
TN:
SF:src\types\store\user.action.types.ts
FNF:0
FNH:0
DA:3,1
DA:5,1
DA:7,1
DA:9,1
DA:11,1
DA:13,1
DA:15,1
DA:17,1
DA:19,1
DA:21,1
DA:23,1
DA:25,1
LF:12
LH:12
BRF:0
BRH:0
end_of_record
TN:
SF:src\types\style\index.ts
FNF:0
FNH:0
LF:0
LH:0
BRF:0
BRH:0
end_of_record
TN:
SF:src\types\toast\index.ts
FNF:0
FNH:0
LF:0
LH:0
BRF:0
BRH:0
end_of_record
TN:
SF:src\types\user\index.ts
FNF:0
FNH:0
LF:0
LH:0
BRF:0
BRH:0
end_of_record
TN:
SF:src\types\util\index.ts
FNF:0
FNH:0
LF:0
LH:0
BRF:0
BRH:0
end_of_record
TN:
SF:src\types\util\navigationUtils\index.ts
FNF:0
FNH:0
LF:0
LH:0
BRF:0
BRH:0
end_of_record
TN:
SF:src\types\util\sortUtils\index.ts
FNF:0
FNH:0
LF:0
LH:0
BRF:0
BRH:0
end_of_record
TN:
SF:src\utils\AppUtils.ts
FN:1,(anonymous_0)
FN:1,(anonymous_1)
FNF:2
FNH:0
FNDA:0,(anonymous_0)
FNDA:0,(anonymous_1)
DA:1,1
LF:1
LH:1
BRF:0
BRH:0
end_of_record
TN:
SF:src\utils\CredentialUtils.ts
FN:15,(anonymous_0)
FN:21,(anonymous_1)
FN:29,(anonymous_2)
FN:35,(anonymous_3)
FN:46,(anonymous_4)
FN:50,(anonymous_5)
FN:65,(anonymous_6)
FN:82,(anonymous_7)
FN:91,(anonymous_8)
FN:95,(anonymous_9)
FN:96,(anonymous_10)
FN:102,(anonymous_11)
FNF:12
FNH:6
FNDA:0,(anonymous_0)
FNDA:0,(anonymous_1)
FNDA:0,(anonymous_2)
FNDA:0,(anonymous_3)
FNDA:0,(anonymous_4)
FNDA:1,(anonymous_5)
FNDA:1,(anonymous_6)
FNDA:1,(anonymous_7)
FNDA:1,(anonymous_8)
FNDA:1,(anonymous_9)
FNDA:1,(anonymous_10)
FNDA:0,(anonymous_11)
DA:15,1
DA:16,0
DA:17,0
DA:18,0
DA:19,0
DA:21,0
DA:29,1
DA:34,0
DA:36,0
DA:46,1
DA:47,0
DA:50,1
DA:51,1
DA:52,0
DA:53,1
DA:54,0
DA:57,1
DA:65,1
DA:66,1
DA:82,1
DA:83,1
DA:84,1
DA:86,0
DA:87,0
DA:88,0
DA:91,1
DA:92,1
DA:93,1
DA:95,1
DA:96,1
DA:98,1
DA:99,1
DA:102,0
DA:103,0
DA:106,0
LF:35
LH:19
BRDA:16,0,0,0
BRDA:16,0,1,0
BRDA:18,1,0,0
BRDA:18,1,1,0
BRDA:36,2,0,0
BRDA:36,2,1,0
BRDA:36,2,2,0
BRDA:36,2,3,0
BRDA:36,2,4,0
BRDA:51,3,0,0
BRDA:51,3,1,1
BRDA:53,4,0,0
BRDA:53,4,1,1
BRDA:83,5,0,1
BRDA:83,5,1,0
BRDA:86,6,0,0
BRDA:86,6,1,0
BRDA:98,7,0,1
BRDA:98,7,1,0
BRDA:102,8,0,0
BRDA:102,8,1,0
BRDA:102,9,0,0
BRDA:102,9,1,0
BRF:23
BRH:4
end_of_record
TN:
SF:src\utils\DateUtils.ts
FN:10,(anonymous_0)
FN:19,(anonymous_1)
FN:23,(anonymous_2)
FN:33,(anonymous_3)
FN:40,(anonymous_4)
FN:44,(anonymous_5)
FNF:6
FNH:0
FNDA:0,(anonymous_0)
FNDA:0,(anonymous_1)
FNDA:0,(anonymous_2)
FNDA:0,(anonymous_3)
FNDA:0,(anonymous_4)
FNDA:0,(anonymous_5)
DA:3,1
DA:4,1
DA:10,1
DA:11,0
DA:19,1
DA:20,0
DA:23,1
DA:24,0
DA:25,0
DA:26,0
DA:27,0
DA:30,0
DA:33,1
DA:34,0
DA:35,0
DA:37,0
DA:40,1
DA:41,0
DA:44,1
DA:45,0
DA:46,0
DA:49,0
LF:22
LH:8
BRDA:26,0,0,0
BRDA:26,0,1,0
BRDA:34,1,0,0
BRDA:34,1,1,0
BRDA:45,2,0,0
BRDA:45,2,1,0
BRF:6
BRH:0
end_of_record
TN:
SF:src\utils\ImageUtils.ts
FN:8,(anonymous_0)
FN:12,(anonymous_1)
FN:13,(anonymous_2)
FN:16,(anonymous_3)
FN:17,(anonymous_4)
FN:22,(anonymous_5)
FNF:6
FNH:1
FNDA:4,(anonymous_0)
FNDA:0,(anonymous_1)
FNDA:0,(anonymous_2)
FNDA:0,(anonymous_3)
FNDA:0,(anonymous_4)
FNDA:0,(anonymous_5)
DA:8,1
DA:9,4
DA:12,1
DA:13,0
DA:14,0
DA:16,0
DA:17,0
DA:22,1
DA:23,0
LF:9
LH:4
BRDA:9,0,0,4
BRDA:9,0,1,4
BRF:2
BRH:2
end_of_record
TN:
SF:src\utils\KeyUtils.ts
FN:5,(anonymous_0)
FN:19,(anonymous_1)
FN:24,(anonymous_2)
FNF:3
FNH:0
FNDA:0,(anonymous_0)
FNDA:0,(anonymous_1)
FNDA:0,(anonymous_2)
DA:5,1
DA:6,0
DA:9,0
DA:11,0
DA:13,0
DA:15,0
DA:19,1
DA:20,0
DA:24,1
DA:25,0
DA:30,0
DA:33,0
DA:36,0
DA:38,0
LF:14
LH:3
BRDA:6,0,0,0
BRDA:6,0,1,0
BRDA:6,0,2,0
BRDA:6,0,3,0
BRDA:6,0,4,0
BRDA:25,1,0,0
BRDA:25,1,1,0
BRDA:25,1,2,0
BRDA:25,1,3,0
BRDA:25,1,4,0
BRDA:25,1,5,0
BRDA:25,1,6,0
BRDA:25,1,7,0
BRDA:25,1,8,0
BRF:14
BRH:0
end_of_record
TN:
SF:src\utils\NavigationUtils.ts
FN:15,(anonymous_0)
FN:21,(anonymous_1)
FN:26,(anonymous_2)
FN:27,(anonymous_3)
FN:33,(anonymous_4)
FN:38,(anonymous_5)
FNF:6
FNH:0
FNDA:0,(anonymous_0)
FNDA:0,(anonymous_1)
FNDA:0,(anonymous_2)
FNDA:0,(anonymous_3)
FNDA:0,(anonymous_4)
FNDA:0,(anonymous_5)
DA:15,1
DA:16,0
DA:17,0
DA:18,0
DA:21,0
DA:22,0
DA:23,0
DA:26,0
DA:27,0
DA:29,0
DA:30,0
DA:33,0
DA:35,0
DA:38,0
LF:14
LH:1
BRDA:17,0,0,0
BRDA:17,0,1,0
BRDA:22,1,0,0
BRDA:22,1,1,0
BRDA:29,2,0,0
BRDA:29,2,1,0
BRF:6
BRH:0
end_of_record
TN:
SF:src\utils\SortUtils.ts
FN:3,sortBy
FN:4,(anonymous_1)
FN:8,orderToNumberSign
FNF:3
FNH:1
FNDA:1,sortBy
FNDA:0,(anonymous_1)
FNDA:0,orderToNumberSign
DA:4,1
DA:5,0
DA:9,0
LF:3
LH:1
BRDA:9,0,0,0
BRDA:9,0,1,0
BRF:2
BRH:0
end_of_record
TN:
SF:src\utils\TextUtils.tsx
FN:6,(anonymous_0)
FN:7,(anonymous_1)
FNF:2
FNH:0
FNDA:0,(anonymous_0)
FNDA:0,(anonymous_1)
DA:4,1
DA:6,1
DA:7,0
DA:8,0
DA:9,0
DA:10,0
DA:16,0
DA:20,0
LF:8
LH:2
BRDA:8,0,0,0
BRDA:8,0,1,0
BRF:2
BRH:0
end_of_record
TN:
SF:src\utils\ToastUtils.ts
FN:5,(anonymous_0)
FNF:1
FNH:0
FNDA:0,(anonymous_0)
DA:5,1
DA:6,0
DA:7,0
LF:3
LH:1
BRF:0
BRH:0
end_of_record
TN:
SF:src\utils\UserUtils.ts
FN:1,(anonymous_0)
FNF:1
FNH:0
FNDA:0,(anonymous_0)
DA:1,1
DA:2,0
DA:3,0
DA:5,0
DA:6,0
DA:8,0
DA:9,0
DA:10,0
DA:11,0
DA:14,0
DA:15,0
DA:16,0
DA:17,0
DA:21,0
DA:22,0
DA:25,0
LF:16
LH:1
BRDA:2,0,0,0
BRDA:2,0,1,0
BRDA:2,1,0,0
BRDA:2,1,1,0
BRDA:8,2,0,0
BRDA:8,2,1,0
BRDA:10,3,0,0
BRDA:10,3,1,0
BRDA:14,4,0,0
BRDA:14,4,1,0
BRDA:16,5,0,0
BRDA:16,5,1,0
BRF:12
BRH:0
end_of_record
TN:
SF:src\utils\mappers\branding\OIDC4VCIBrandingMapper.ts
FN:4,(anonymous_0)
FNF:1
FNH:0
FNDA:0,(anonymous_0)
DA:4,1
DA:5,0
LF:2
LH:1
BRDA:6,0,0,0
BRDA:6,0,1,0
BRDA:9,1,0,0
BRDA:9,1,1,0
BRDA:12,2,0,0
BRDA:12,2,1,0
BRDA:14,3,0,0
BRDA:14,3,1,0
BRDA:17,4,0,0
BRDA:17,4,1,0
BRDA:22,5,0,0
BRDA:22,5,1,0
BRDA:26,6,0,0
BRDA:26,6,1,0
BRDA:31,7,0,0
BRDA:31,7,1,0
BRDA:31,7,2,0
BRDA:33,8,0,0
BRDA:33,8,1,0
BRDA:35,9,0,0
BRDA:35,9,1,0
BRDA:38,10,0,0
BRDA:38,10,1,0
BRDA:43,11,0,0
BRDA:43,11,1,0
BRF:25
BRH:0
end_of_record
TN:
SF:src\utils\mappers\credential\CredentialMapper.ts
FN:14,(anonymous_0)
FN:78,(anonymous_1)
FN:97,(anonymous_2)
FN:114,(anonymous_3)
FN:161,getIssuerLogo
FN:177,getImageFromObjectOrString
FNF:6
FNH:4
FNDA:1,(anonymous_0)
FNDA:0,(anonymous_1)
FNDA:1,(anonymous_2)
FNDA:2,(anonymous_3)
FNDA:1,getIssuerLogo
FNDA:0,getImageFromObjectOrString
DA:12,1
DA:14,1
DA:15,1
DA:17,1
DA:19,4
DA:20,0
DA:21,0
DA:27,0
DA:28,4
DA:29,0
DA:34,0
DA:37,4
DA:44,0
DA:46,4
DA:47,4
DA:48,0
DA:51,4
DA:52,4
DA:53,0
DA:56,4
DA:57,0
DA:58,0
DA:61,4
DA:70,1
DA:78,1
DA:82,0
DA:97,1
DA:101,1
DA:104,1
DA:106,1
DA:108,1
DA:114,2
DA:115,1
DA:116,1
DA:118,1
DA:119,1
DA:120,1
DA:123,1
DA:127,1
DA:128,1
DA:129,1
DA:132,0
DA:134,1
DA:135,1
DA:140,1
DA:141,0
DA:143,1
DA:164,1
DA:165,0
DA:167,1
DA:168,1
DA:169,0
DA:170,1
DA:171,0
DA:174,1
DA:178,0
DA:179,0
DA:180,0
DA:181,0
DA:182,0
DA:183,0
DA:184,0
DA:185,0
DA:186,0
DA:187,0
DA:188,0
DA:191,0
LF:67
LH:39
BRDA:19,0,0,0
BRDA:19,0,1,4
BRDA:20,1,0,0
BRDA:20,1,1,0
BRDA:25,2,0,0
BRDA:25,2,1,0
BRDA:28,3,0,0
BRDA:28,3,1,4
BRDA:37,4,0,0
BRDA:37,4,1,4
BRDA:47,5,0,0
BRDA:47,5,1,4
BRDA:47,6,0,4
BRDA:47,6,1,4
BRDA:52,7,0,0
BRDA:52,7,1,4
BRDA:52,8,0,4
BRDA:52,8,1,1
BRDA:56,9,0,0
BRDA:56,9,1,4
BRDA:65,10,0,0
BRDA:65,10,1,4
BRDA:85,11,0,0
BRDA:85,11,1,0
BRDA:101,12,0,0
BRDA:101,12,1,1
BRDA:108,13,0,0
BRDA:108,13,1,1
BRDA:110,14,0,0
BRDA:110,14,1,1
BRDA:112,15,0,0
BRDA:112,15,1,1
BRDA:120,16,0,1
BRDA:120,16,1,0
BRDA:123,17,0,0
BRDA:123,17,1,1
BRDA:125,18,0,1
BRDA:125,18,1,1
BRDA:129,19,0,0
BRDA:129,19,1,1
BRDA:129,20,0,1
BRDA:129,20,1,1
BRDA:134,21,0,1
BRDA:134,21,1,0
BRDA:136,22,0,0
BRDA:136,22,1,1
BRDA:140,23,0,0
BRDA:140,23,1,1
BRDA:146,24,0,1
BRDA:146,24,1,1
BRDA:154,25,0,0
BRDA:154,25,1,1
BRDA:164,26,0,0
BRDA:164,26,1,1
BRDA:165,27,0,0
BRDA:165,27,1,0
BRDA:167,28,0,1
BRDA:167,28,1,0
BRDA:167,29,0,1
BRDA:167,29,1,1
BRDA:168,30,0,0
BRDA:168,30,1,1
BRDA:168,31,0,1
BRDA:168,31,1,0
BRDA:170,32,0,0
BRDA:170,32,1,1
BRDA:178,33,0,0
BRDA:178,33,1,0
BRDA:180,34,0,0
BRDA:180,34,1,0
BRDA:180,35,0,0
BRDA:180,35,1,0
BRDA:182,36,0,0
BRDA:182,36,1,0
BRDA:183,37,0,0
BRDA:183,37,1,0
BRDA:183,38,0,0
BRDA:183,38,1,0
BRDA:183,38,2,0
BRDA:185,39,0,0
BRDA:185,39,1,0
BRDA:185,40,0,0
BRDA:185,40,1,0
BRDA:185,40,2,0
BRDA:187,41,0,0
BRDA:187,41,1,0
BRDA:187,42,0,0
BRDA:187,42,1,0
BRDA:187,42,2,0
BRF:89
BRH:35
end_of_record
