TN:
SF:src\@config\constants\index.ts
FNF:0
FNH:0
DA:1,1
DA:2,1
DA:3,1
DA:4,1
DA:9,1
DA:10,1
DA:12,1
DA:13,1
DA:15,1
DA:16,1
DA:17,1
DA:18,1
DA:20,1
DA:21,1
DA:23,1
DA:24,1
DA:26,1
DA:27,1
LF:18
LH:18
BRF:0
BRH:0
end_of_record
TN:
SF:src\@config\credentials\index.ts
FNF:0
FNH:0
DA:3,1
LF:1
LH:1
BRF:0
BRH:0
end_of_record
TN:
SF:src\@config\database\index.ts
FNF:0
FNH:0
DA:6,1
DA:7,1
DA:9,1
LF:3
LH:3
BRF:0
BRH:0
end_of_record
TN:
SF:src\@config\toasts\index.tsx
FN:12,(anonymous_0)
FN:17,(anonymous_1)
FNF:2
FNH:0
FNDA:0,(anonymous_0)
FNDA:0,(anonymous_1)
DA:7,1
DA:8,1
DA:9,1
DA:11,1
DA:13,0
DA:14,0
DA:15,0
DA:18,0
DA:19,0
DA:20,0
LF:10
LH:4
BRDA:14,0,0,0
BRDA:19,1,0,0
BRF:2
BRH:0
end_of_record
TN:
SF:src\agent\index.ts
FN:48,(anonymous_0)
FNF:1
FNH:1
FNDA:5,(anonymous_0)
DA:38,1
DA:48,5
DA:50,1
DA:66,1
DA:67,1
DA:69,1
DA:126,1
DA:127,1
DA:128,1
DA:129,1
DA:130,1
DA:131,1
DA:132,1
DA:133,1
DA:134,1
DA:135,1
DA:136,1
DA:137,1
DA:138,1
DA:139,1
DA:140,1
DA:141,1
DA:142,1
DA:143,1
DA:147,1
LF:25
LH:25
BRF:0
BRH:0
end_of_record
TN:
SF:src\components\assets\icons\SSIAddIcon\index.tsx
FN:12,(anonymous_0)
FNF:1
FNH:0
FNDA:0,(anonymous_0)
DA:12,1
DA:13,0
DA:15,0
LF:3
LH:1
BRDA:13,0,0,0
BRDA:13,1,0,0
BRF:2
BRH:0
end_of_record
TN:
SF:src\components\assets\icons\SSIBackIcon\index.tsx
FN:13,(anonymous_0)
FNF:1
FNH:1
FNDA:124,(anonymous_0)
DA:13,1
DA:14,124
DA:16,124
LF:3
LH:3
BRDA:14,0,0,124
BRDA:14,1,0,124
BRDA:14,2,0,124
BRF:3
BRH:3
end_of_record
TN:
SF:src\components\assets\icons\SSIBellIcon\index.tsx
FN:9,(anonymous_0)
FNF:1
FNH:0
FNDA:0,(anonymous_0)
DA:9,1
DA:10,0
LF:2
LH:1
BRF:0
BRH:0
end_of_record
TN:
SF:src\components\assets\icons\SSICheckmarkIcon\index.tsx
FN:14,(anonymous_0)
FNF:1
FNH:0
FNDA:0,(anonymous_0)
DA:14,1
DA:15,0
DA:17,0
LF:3
LH:1
BRDA:15,0,0,0
BRDA:15,1,0,0
BRDA:15,2,0,0
BRF:3
BRH:0
end_of_record
TN:
SF:src\components\assets\icons\SSICloseIcon\index.tsx
FN:12,(anonymous_0)
FNF:1
FNH:0
FNDA:0,(anonymous_0)
DA:12,1
DA:13,0
DA:15,0
LF:3
LH:1
BRDA:13,0,0,0
BRDA:13,1,0,0
BRF:2
BRH:0
end_of_record
TN:
SF:src\components\assets\icons\SSIContactsIcon\index.tsx
FN:9,(anonymous_0)
FNF:1
FNH:0
FNDA:0,(anonymous_0)
DA:9,1
DA:10,0
LF:2
LH:1
BRF:0
BRH:0
end_of_record
TN:
SF:src\components\assets\icons\SSIDeleteIcon\index.tsx
FN:13,(anonymous_0)
FNF:1
FNH:0
FNDA:0,(anonymous_0)
DA:13,1
DA:14,0
DA:16,0
LF:3
LH:1
BRDA:14,0,0,0
BRDA:14,1,0,0
BRDA:14,2,0,0
BRF:3
BRH:0
end_of_record
TN:
SF:src\components\assets\icons\SSIDownloadIcon\index.tsx
FN:13,(anonymous_0)
FNF:1
FNH:0
FNDA:0,(anonymous_0)
DA:13,1
DA:14,0
DA:16,0
LF:3
LH:1
BRDA:14,0,0,0
BRDA:14,1,0,0
BRDA:14,2,0,0
BRF:3
BRH:0
end_of_record
TN:
SF:src\components\assets\icons\SSIEditIcon\index.tsx
FN:13,(anonymous_0)
FNF:1
FNH:0
FNDA:0,(anonymous_0)
DA:13,1
DA:14,0
DA:16,0
LF:3
LH:1
BRDA:14,0,0,0
BRDA:14,1,0,0
BRDA:14,2,0,0
BRF:3
BRH:0
end_of_record
TN:
SF:src\components\assets\icons\SSIEyeIcon\index.tsx
FN:12,(anonymous_0)
FNF:1
FNH:0
FNDA:0,(anonymous_0)
DA:12,1
DA:13,0
DA:15,0
LF:3
LH:1
BRDA:13,0,0,0
BRDA:13,1,0,0
BRF:2
BRH:0
end_of_record
TN:
SF:src\components\assets\icons\SSIHomeIcon\index.tsx
FN:9,(anonymous_0)
FNF:1
FNH:0
FNDA:0,(anonymous_0)
DA:9,1
DA:10,0
LF:2
LH:1
BRF:0
BRH:0
end_of_record
TN:
SF:src\components\assets\icons\SSILogoutIcon\index.tsx
FN:13,(anonymous_0)
FNF:1
FNH:0
FNDA:0,(anonymous_0)
DA:13,1
DA:14,0
DA:16,0
LF:3
LH:1
BRDA:14,0,0,0
BRDA:14,1,0,0
BRDA:14,2,0,0
BRF:3
BRH:0
end_of_record
TN:
SF:src\components\assets\icons\SSIMoreIcon\index.tsx
FN:13,(anonymous_0)
FNF:1
FNH:0
FNDA:0,(anonymous_0)
DA:13,1
DA:14,0
DA:16,0
LF:3
LH:1
BRDA:14,0,0,0
BRDA:14,1,0,0
BRDA:14,2,0,0
BRF:3
BRH:0
end_of_record
TN:
SF:src\components\assets\icons\SSIProfileIcon\index.tsx
FN:16,(anonymous_0)
FN:27,(anonymous_1)
FNF:2
FNH:0
FNDA:0,(anonymous_0)
FNDA:0,(anonymous_1)
DA:16,1
DA:17,0
DA:18,0
DA:20,0
DA:27,1
DA:28,0
LF:6
LH:2
BRDA:17,0,0,0
BRDA:17,1,0,0
BRF:2
BRH:0
end_of_record
TN:
SF:src\components\assets\icons\SSIQRIcon\index.tsx
FN:9,(anonymous_0)
FNF:1
FNH:0
FNDA:0,(anonymous_0)
DA:9,1
DA:10,0
LF:2
LH:1
BRF:0
BRH:0
end_of_record
TN:
SF:src\components\assets\images\SSINotificationsImage\index.tsx
FN:11,(anonymous_0)
FNF:1
FNH:0
FNDA:0,(anonymous_0)
DA:11,1
DA:12,0
DA:14,0
LF:3
LH:1
BRDA:12,0,0,0
BRDA:12,1,0,0
BRF:2
BRH:0
end_of_record
TN:
SF:src\components\assets\images\SSISecurityImage\index.tsx
FN:11,(anonymous_0)
FNF:1
FNH:0
FNDA:0,(anonymous_0)
DA:11,1
DA:12,0
DA:14,0
LF:3
LH:1
BRDA:12,0,0,0
BRDA:12,1,0,0
BRF:2
BRH:0
end_of_record
TN:
SF:src\components\assets\images\SSIWarningImage\index.tsx
FN:11,(anonymous_0)
FNF:1
FNH:0
FNDA:0,(anonymous_0)
DA:11,1
DA:12,0
DA:14,0
LF:3
LH:1
BRDA:12,0,0,0
BRDA:12,1,0,0
BRF:2
BRH:0
end_of_record
TN:
SF:src\components\bars\SSIHeaderBar\index.tsx
FN:40,(anonymous_0)
FN:45,(anonymous_1)
FN:49,(anonymous_2)
FN:54,(anonymous_3)
FN:58,(anonymous_4)
FN:63,(anonymous_5)
FN:68,(anonymous_6)
FN:77,(anonymous_7)
FN:81,(anonymous_8)
FN:86,(anonymous_9)
FNF:10
FNH:1
FNDA:124,(anonymous_0)
FNDA:0,(anonymous_1)
FNDA:0,(anonymous_2)
FNDA:0,(anonymous_3)
FNDA:0,(anonymous_4)
FNDA:0,(anonymous_5)
FNDA:0,(anonymous_6)
FNDA:0,(anonymous_7)
FNDA:0,(anonymous_8)
FNDA:0,(anonymous_9)
DA:40,1
DA:41,124
DA:42,124
DA:43,124
DA:45,124
DA:46,0
DA:49,124
DA:50,0
DA:51,0
DA:54,124
DA:55,0
DA:58,124
DA:59,0
DA:60,0
DA:63,124
DA:64,0
DA:65,0
DA:68,124
DA:69,0
DA:70,0
DA:72,0
DA:77,0
DA:81,0
DA:86,124
DA:87,0
DA:90,124
LF:26
LH:12
BRDA:41,0,0,124
BRDA:41,1,0,124
BRDA:41,2,0,0
BRDA:41,3,0,124
BRDA:46,4,0,0
BRDA:46,4,1,0
BRDA:94,5,0,124
BRDA:94,5,1,124
BRDA:99,6,0,124
BRDA:99,6,1,0
BRDA:99,7,0,124
BRDA:99,7,1,0
BRDA:102,8,0,124
BRDA:102,8,1,124
BRDA:105,9,0,124
BRDA:105,9,1,0
BRDA:113,10,0,124
BRDA:113,10,1,0
BRDA:131,11,0,124
BRDA:131,11,1,0
BRDA:137,12,0,124
BRDA:137,12,1,0
BRF:22
BRH:13
end_of_record
TN:
SF:src\components\bars\SSINavigationBar\index.tsx
FN:30,(anonymous_0)
FN:35,(anonymous_1)
FN:40,(anonymous_2)
FN:44,(anonymous_3)
FN:48,(anonymous_4)
FN:53,(anonymous_5)
FN:57,(anonymous_6)
FN:95,(anonymous_7)
FNF:8
FNH:0
FNDA:0,(anonymous_0)
FNDA:0,(anonymous_1)
FNDA:0,(anonymous_2)
FNDA:0,(anonymous_3)
FNDA:0,(anonymous_4)
FNDA:0,(anonymous_5)
FNDA:0,(anonymous_6)
FNDA:0,(anonymous_7)
DA:26,0
DA:30,0
DA:31,0
DA:32,0
DA:36,0
DA:37,0
DA:40,0
DA:41,0
DA:44,0
DA:45,0
DA:49,0
DA:54,0
DA:55,0
DA:57,0
DA:58,0
DA:64,0
DA:66,0
DA:70,0
DA:95,1
DA:96,0
DA:98,0
DA:105,0
DA:112,0
DA:119,0
DA:126,0
LF:25
LH:1
BRDA:49,0,0,0
BRDA:49,0,1,0
BRDA:64,1,0,0
BRDA:64,1,1,0
BRDA:64,2,0,0
BRDA:64,2,1,0
BRDA:74,3,0,0
BRDA:74,3,1,0
BRDA:96,4,0,0
BRDA:96,4,1,0
BRDA:96,4,2,0
BRDA:96,4,3,0
BRDA:96,4,4,0
BRDA:100,5,0,0
BRDA:100,5,1,0
BRDA:101,6,0,0
BRDA:101,6,1,0
BRDA:107,7,0,0
BRDA:107,7,1,0
BRDA:108,8,0,0
BRDA:108,8,1,0
BRDA:114,9,0,0
BRDA:114,9,1,0
BRDA:115,10,0,0
BRDA:115,10,1,0
BRDA:121,11,0,0
BRDA:121,11,1,0
BRDA:122,12,0,0
BRDA:122,12,1,0
BRF:29
BRH:0
end_of_record
TN:
SF:src\components\buttons\SSIIconButton\index.tsx
FN:20,(anonymous_0)
FN:37,(anonymous_1)
FNF:2
FNH:2
FNDA:124,(anonymous_0)
FNDA:124,(anonymous_1)
DA:20,1
DA:21,124
DA:37,1
DA:38,124
DA:40,124
DA:42,0
DA:44,0
DA:46,0
LF:8
LH:5
BRDA:38,0,0,124
BRDA:38,0,1,0
BRDA:38,0,2,0
BRDA:38,0,3,0
BRF:4
BRH:1
end_of_record
TN:
SF:src\components\buttons\SSIPrimaryButton\index.tsx
FN:18,(anonymous_0)
FNF:1
FNH:1
FNDA:55,(anonymous_0)
DA:18,1
DA:19,55
DA:21,55
LF:3
LH:3
BRDA:26,0,0,55
BRDA:26,0,1,28
BRF:2
BRH:2
end_of_record
TN:
SF:src\components\buttons\SSISecondaryButton\index.tsx
FN:21,(anonymous_0)
FNF:1
FNH:1
FNDA:16,(anonymous_0)
DA:21,1
DA:22,16
DA:24,16
LF:3
LH:3
BRDA:31,0,0,16
BRDA:31,0,1,0
BRDA:34,1,0,0
BRDA:34,1,1,16
BRF:4
BRH:2
end_of_record
TN:
SF:src\components\buttons\SSISwipeDeleteButton\index.tsx
FN:15,(anonymous_0)
FNF:1
FNH:0
FNDA:0,(anonymous_0)
DA:15,1
DA:16,0
LF:2
LH:1
BRF:0
BRH:0
end_of_record
TN:
SF:src\components\containers\SSIButtonsContainer\index.tsx
FN:26,(anonymous_0)
FN:31,(anonymous_1)
FN:36,(anonymous_2)
FN:40,(anonymous_3)
FN:44,(anonymous_4)
FNF:5
FNH:3
FNDA:13,(anonymous_0)
FNDA:13,(anonymous_1)
FNDA:0,(anonymous_2)
FNDA:0,(anonymous_3)
FNDA:41,(anonymous_4)
DA:22,13
DA:26,13
DA:27,13
DA:28,13
DA:31,13
DA:32,13
DA:33,13
DA:36,13
DA:37,0
DA:40,13
DA:41,0
DA:45,41
DA:46,41
DA:48,41
LF:14
LH:12
BRDA:49,0,0,0
BRDA:49,0,1,41
BRDA:49,1,0,41
BRDA:49,1,1,4
BRDA:50,2,0,41
BRDA:50,2,1,16
BRDA:56,3,0,16
BRDA:56,3,1,0
BRDA:60,4,0,41
BRDA:60,4,1,41
BRDA:66,5,0,16
BRDA:66,5,1,25
BRF:12
BRH:10
end_of_record
TN:
SF:src\components\dropDownLists\SSIDropDownList\index.tsx
FN:11,(anonymous_0)
FN:12,(anonymous_1)
FN:14,(anonymous_2)
FNF:3
FNH:0
FNDA:0,(anonymous_0)
FNDA:0,(anonymous_1)
FNDA:0,(anonymous_2)
DA:11,1
DA:12,0
DA:13,0
DA:14,0
DA:15,0
DA:16,0
DA:29,0
LF:7
LH:1
BRDA:15,0,0,0
BRDA:15,0,1,0
BRF:2
BRH:0
end_of_record
TN:
SF:src\components\dropDownLists\SSIDropDownListItem\index.tsx
FN:26,(anonymous_0)
FN:29,(anonymous_1)
FN:33,(anonymous_2)
FNF:3
FNH:0
FNDA:0,(anonymous_0)
FNDA:0,(anonymous_1)
FNDA:0,(anonymous_2)
DA:26,1
DA:27,0
DA:29,0
DA:30,0
DA:33,0
DA:34,0
DA:36,0
DA:38,0
DA:40,0
DA:42,0
DA:44,0
DA:46,0
DA:50,0
LF:13
LH:1
BRDA:27,0,0,0
BRDA:27,1,0,0
BRDA:34,2,0,0
BRDA:36,3,0,0
BRDA:36,3,1,0
BRDA:36,3,2,0
BRDA:36,3,3,0
BRDA:36,3,4,0
BRDA:55,4,0,0
BRDA:55,4,1,0
BRDA:57,5,0,0
BRDA:57,5,1,0
BRDA:59,6,0,0
BRDA:59,6,1,0
BRF:14
BRH:0
end_of_record
TN:
SF:src\components\fields\SSICheckbox\index.tsx
FN:27,(anonymous_0)
FN:40,(anonymous_1)
FN:43,(anonymous_2)
FNF:3
FNH:3
FNDA:38,(anonymous_0)
FNDA:6,(anonymous_1)
FNDA:6,(anonymous_2)
DA:27,1
DA:36,38
DA:37,38
DA:38,38
DA:40,38
DA:41,6
DA:42,6
DA:43,6
DA:45,0
DA:49,38
LF:10
LH:9
BRDA:30,0,0,38
BRDA:31,1,0,38
BRDA:34,2,0,38
BRDA:35,3,0,38
BRDA:37,4,0,38
BRDA:37,4,1,18
BRDA:38,5,0,0
BRDA:38,5,1,38
BRDA:42,6,0,6
BRDA:42,6,1,0
BRDA:60,7,0,14
BRDA:60,7,1,24
BRDA:62,8,0,14
BRDA:62,8,1,14
BRDA:62,9,0,14
BRDA:62,9,1,0
BRDA:66,10,0,24
BRDA:66,10,1,24
BRDA:66,11,0,24
BRDA:66,11,1,0
BRDA:69,12,0,38
BRDA:69,12,1,38
BRDA:69,13,0,38
BRDA:69,13,1,0
BRF:24
BRH:19
end_of_record
TN:
SF:src\components\fields\SSIImageField\index.tsx
FN:19,(anonymous_0)
FNF:1
FNH:0
FNDA:0,(anonymous_0)
DA:19,1
DA:20,0
DA:22,0
DA:23,0
LF:4
LH:1
BRDA:24,0,0,0
BRDA:24,0,1,0
BRF:2
BRH:0
end_of_record
TN:
SF:src\components\fields\SSITextField\index.tsx
FN:22,(anonymous_0)
FNF:1
FNH:1
FNDA:12,(anonymous_0)
DA:22,1
DA:23,12
DA:25,12
LF:3
LH:3
BRDA:26,0,0,4
BRDA:26,0,1,8
BRDA:29,1,0,12
BRDA:29,1,1,0
BRDA:37,2,0,12
BRDA:37,2,1,0
BRF:6
BRH:4
end_of_record
TN:
SF:src\components\fields\SSITextInputField\index.tsx
FN:78,(anonymous_0)
FN:104,(anonymous_1)
FN:108,(anonymous_2)
FN:109,(anonymous_3)
FN:113,(anonymous_4)
FN:116,(anonymous_5)
FN:117,(anonymous_6)
FN:121,(anonymous_7)
FN:125,(anonymous_8)
FNF:9
FNH:1
FNDA:63,(anonymous_0)
FNDA:0,(anonymous_1)
FNDA:0,(anonymous_2)
FNDA:0,(anonymous_3)
FNDA:0,(anonymous_4)
FNDA:0,(anonymous_5)
FNDA:0,(anonymous_6)
FNDA:0,(anonymous_7)
FNDA:0,(anonymous_8)
DA:78,1
DA:98,63
DA:100,63
DA:101,63
DA:102,63
DA:104,63
DA:105,0
DA:106,0
DA:107,0
DA:108,0
DA:109,0
DA:113,63
DA:114,0
DA:115,0
DA:116,0
DA:117,0
DA:121,63
DA:122,0
DA:125,63
DA:126,0
DA:127,0
DA:128,0
DA:132,63
LF:23
LH:10
BRDA:80,0,0,63
BRDA:82,1,0,42
BRDA:83,2,0,63
BRDA:84,3,0,63
BRDA:85,4,0,63
BRDA:90,5,0,63
BRDA:96,6,0,63
BRDA:97,7,0,63
BRDA:106,8,0,0
BRDA:106,8,1,0
BRDA:114,9,0,0
BRDA:114,9,1,0
BRDA:127,10,0,0
BRDA:127,10,1,0
BRDA:134,11,0,63
BRDA:134,11,1,0
BRDA:135,12,0,0
BRDA:135,12,1,63
BRDA:135,13,0,63
BRDA:135,13,1,63
BRDA:138,14,0,0
BRDA:138,14,1,0
BRDA:139,15,0,0
BRDA:139,15,1,0
BRDA:144,16,0,63
BRDA:144,16,1,0
BRDA:155,17,0,63
BRDA:155,17,1,63
BRDA:164,18,0,63
BRDA:164,18,1,0
BRDA:166,19,0,63
BRDA:166,19,1,0
BRDA:168,20,0,0
BRDA:168,20,1,0
BRDA:173,21,0,0
BRDA:173,21,1,63
BRDA:173,22,0,63
BRDA:173,22,1,0
BRDA:178,23,0,63
BRDA:178,23,1,63
BRDA:178,24,0,0
BRDA:178,24,1,63
BRDA:179,25,0,63
BRDA:179,25,1,0
BRDA:184,26,0,63
BRDA:184,26,1,63
BRDA:184,26,2,0
BRDA:187,27,0,0
BRDA:187,27,1,0
BRDA:188,28,0,0
BRDA:188,28,1,0
BRDA:190,29,0,0
BRDA:190,29,1,0
BRF:53
BRH:25
end_of_record
TN:
SF:src\components\indicators\SSIProgressIndicator\index.tsx
FN:13,(anonymous_0)
FNF:1
FNH:1
FNDA:14,(anonymous_0)
DA:6,1
DA:13,1
DA:14,14
DA:16,14
DA:17,0
DA:20,14
DA:21,14
DA:22,42
DA:23,14
DA:25,28
DA:29,14
LF:11
LH:10
BRDA:16,0,0,0
BRDA:16,0,1,14
BRDA:22,1,0,14
BRDA:22,1,1,28
BRDA:23,2,0,9
BRDA:23,2,1,5
BRDA:25,3,0,19
BRDA:25,3,1,9
BRF:8
BRH:7
end_of_record
TN:
SF:src\components\messageBoxes\alerts\SSIAlert\index.tsx
FN:18,(anonymous_0)
FN:26,(anonymous_1)
FNF:2
FNH:0
FNDA:0,(anonymous_0)
FNDA:0,(anonymous_1)
DA:18,1
DA:19,0
DA:27,0
LF:3
LH:1
BRDA:24,0,0,0
BRDA:24,0,1,0
BRF:2
BRH:0
end_of_record
TN:
SF:src\components\messageBoxes\popups\SSIPopup\index.tsx
FN:43,(anonymous_0)
FN:103,(anonymous_1)
FN:114,(anonymous_2)
FNF:3
FNH:0
FNDA:0,(anonymous_0)
FNDA:0,(anonymous_1)
FNDA:0,(anonymous_2)
DA:43,1
DA:44,0
DA:46,0
DA:103,1
DA:104,0
DA:106,0
DA:108,0
DA:110,0
DA:114,1
DA:115,0
DA:117,0
DA:119,0
DA:121,0
LF:13
LH:3
BRDA:44,0,0,0
BRDA:47,1,0,0
BRDA:47,1,1,0
BRDA:49,2,0,0
BRDA:49,2,1,0
BRDA:51,3,0,0
BRDA:51,3,1,0
BRDA:55,4,0,0
BRDA:55,4,1,0
BRDA:57,5,0,0
BRDA:57,5,1,0
BRDA:59,6,0,0
BRDA:59,6,1,0
BRDA:60,7,0,0
BRDA:60,7,1,0
BRDA:63,8,0,0
BRDA:63,8,1,0
BRDA:63,9,0,0
BRDA:63,9,1,0
BRDA:64,10,0,0
BRDA:64,10,1,0
BRDA:65,11,0,0
BRDA:65,11,1,0
BRDA:74,12,0,0
BRDA:74,12,1,0
BRDA:74,12,2,0
BRDA:76,13,0,0
BRDA:76,13,1,0
BRDA:83,14,0,0
BRDA:83,14,1,0
BRDA:89,15,0,0
BRDA:89,15,1,0
BRDA:92,16,0,0
BRDA:92,16,1,0
BRDA:104,17,0,0
BRDA:104,17,1,0
BRDA:104,17,2,0
BRDA:115,18,0,0
BRDA:115,18,1,0
BRDA:115,18,2,0
BRF:40
BRH:0
end_of_record
TN:
SF:src\components\messageBoxes\toasts\SSIToast\index.tsx
FN:19,(anonymous_0)
FN:30,(anonymous_1)
FNF:2
FNH:0
FNDA:0,(anonymous_0)
FNDA:0,(anonymous_1)
DA:19,1
DA:20,0
DA:22,0
DA:24,0
DA:26,0
DA:30,1
DA:31,0
DA:33,0
LF:8
LH:2
BRDA:20,0,0,0
BRDA:20,0,1,0
BRDA:20,0,2,0
BRDA:31,1,0,0
BRDA:35,2,0,0
BRDA:35,2,1,0
BRDA:37,3,0,0
BRDA:37,3,1,0
BRDA:42,4,0,0
BRDA:42,4,1,0
BRDA:42,4,2,0
BRDA:43,5,0,0
BRDA:43,5,1,0
BRDA:43,6,0,0
BRDA:43,6,1,0
BRF:15
BRH:0
end_of_record
TN:
SF:src\components\pinCodes\SSIPinCode\index.tsx
FN:53,(anonymous_0)
FN:60,(anonymous_1)
FN:66,(anonymous_2)
FN:75,(anonymous_3)
FN:79,(anonymous_4)
FN:83,(anonymous_5)
FN:94,(anonymous_6)
FN:106,(anonymous_7)
FN:115,(anonymous_8)
FN:124,(anonymous_9)
FN:156,(anonymous_10)
FN:167,(anonymous_11)
FN:171,(anonymous_12)
FNF:13
FNH:9
FNDA:1,(anonymous_0)
FNDA:5,(anonymous_1)
FNDA:1,(anonymous_2)
FNDA:9,(anonymous_3)
FNDA:8,(anonymous_4)
FNDA:1,(anonymous_5)
FNDA:0,(anonymous_6)
FNDA:0,(anonymous_7)
FNDA:0,(anonymous_8)
FNDA:0,(anonymous_9)
FNDA:9,(anonymous_10)
FNDA:18,(anonymous_11)
FNDA:19,(anonymous_12)
DA:15,1
DA:41,9
DA:53,9
DA:54,1
DA:56,1
DA:57,1
DA:58,1
DA:60,5
DA:62,1
DA:67,1
DA:75,9
DA:76,9
DA:78,9
DA:79,8
DA:83,9
DA:84,1
DA:85,1
DA:86,1
DA:87,1
DA:88,1
DA:89,1
DA:92,0
DA:93,0
DA:94,0
DA:95,0
DA:96,0
DA:97,0
DA:101,0
DA:102,0
DA:106,9
DA:107,0
DA:109,0
DA:110,0
DA:111,0
DA:115,9
DA:116,0
DA:118,0
DA:119,0
DA:120,0
DA:124,9
DA:125,0
DA:126,0
DA:127,0
DA:129,0
DA:130,0
DA:134,0
DA:136,0
DA:137,0
DA:140,0
DA:142,0
DA:148,0
DA:149,0
DA:156,9
DA:157,9
DA:159,9
DA:160,9
DA:162,0
DA:163,0
DA:167,9
DA:168,18
DA:172,19
DA:173,19
DA:175,19
DA:182,19
DA:183,19
DA:184,114
DA:196,19
LF:67
LH:37
BRDA:43,0,0,9
BRDA:43,0,1,0
BRDA:47,1,0,9
BRDA:47,1,1,9
BRDA:86,2,0,1
BRDA:86,2,1,0
BRDA:93,3,0,0
BRDA:93,3,1,0
BRDA:96,4,0,0
BRDA:96,4,1,0
BRDA:109,5,0,0
BRDA:109,5,1,0
BRDA:118,6,0,0
BRDA:118,6,1,0
BRDA:126,7,0,0
BRDA:126,7,1,0
BRDA:127,8,0,0
BRDA:127,8,1,0
BRDA:129,9,0,0
BRDA:129,9,1,0
BRDA:136,10,0,0
BRDA:136,10,1,0
BRDA:148,11,0,0
BRDA:148,11,1,0
BRDA:159,12,0,9
BRDA:159,12,1,0
BRDA:185,13,0,19
BRDA:185,13,1,95
BRDA:187,14,0,114
BRDA:187,14,1,0
BRDA:187,15,0,0
BRDA:187,15,1,114
BRDA:187,16,0,114
BRDA:187,16,1,0
BRDA:200,17,0,19
BRDA:200,17,1,19
BRDA:200,17,2,1
BRDA:201,18,0,19
BRDA:201,18,1,0
BRDA:201,18,2,0
BRF:40
BRH:14
end_of_record
TN:
SF:src\components\pinCodes\SSIPinCodeSegment\index.tsx
FN:18,(anonymous_0)
FNF:1
FNH:1
FNDA:114,(anonymous_0)
DA:18,1
DA:19,114
DA:20,114
LF:3
LH:3
BRDA:19,0,0,114
BRDA:19,0,1,0
BRDA:25,1,0,114
BRDA:25,1,1,19
BRDA:26,2,0,114
BRDA:26,2,1,95
BRF:6
BRH:5
end_of_record
TN:
SF:src\components\qrCodes\SSIQRCustomMarker\index.tsx
FN:19,(anonymous_0)
FNF:1
FNH:0
FNDA:0,(anonymous_0)
DA:19,1
DA:20,0
LF:2
LH:1
BRF:0
BRH:0
end_of_record
TN:
SF:src\components\views\SSIActivityView\index.tsx
FN:10,(anonymous_0)
FNF:1
FNH:0
FNDA:0,(anonymous_0)
DA:10,1
DA:11,0
LF:2
LH:1
BRF:0
BRH:0
end_of_record
TN:
SF:src\components\views\SSIContactViewItem\index.tsx
FN:22,(anonymous_0)
FNF:1
FNH:0
FNDA:0,(anonymous_0)
DA:22,1
DA:23,0
DA:25,0
LF:3
LH:1
BRF:0
BRH:0
end_of_record
TN:
SF:src\components\views\SSICredentialDetailsView\index.tsx
FN:24,(anonymous_0)
FN:25,(anonymous_1)
FN:33,(anonymous_2)
FN:50,(anonymous_3)
FNF:4
FNH:4
FNDA:4,(anonymous_0)
FNDA:12,(anonymous_1)
FNDA:4,(anonymous_2)
FNDA:12,(anonymous_3)
DA:24,1
DA:25,4
DA:26,12
DA:27,0
DA:29,12
DA:33,4
DA:34,4
DA:44,4
DA:50,12
LF:9
LH:8
BRDA:26,0,0,0
BRDA:26,0,1,12
BRDA:35,1,0,4
BRDA:35,1,1,0
BRF:4
BRH:2
end_of_record
TN:
SF:src\components\views\SSICredentialRequiredViewItem\index.tsx
FN:36,(anonymous_0)
FNF:1
FNH:0
FNDA:0,(anonymous_0)
DA:36,1
DA:37,0
DA:39,0
LF:3
LH:1
BRDA:40,0,0,0
BRDA:40,0,1,0
BRDA:42,1,0,0
BRDA:42,1,1,0
BRDA:47,2,0,0
BRDA:47,2,1,0
BRDA:50,3,0,0
BRDA:50,3,1,0
BRDA:51,4,0,0
BRDA:51,4,1,0
BRDA:54,5,0,0
BRDA:54,5,1,0
BRDA:54,6,0,0
BRDA:54,6,1,0
BRDA:63,7,0,0
BRDA:63,7,1,0
BRDA:64,8,0,0
BRDA:64,8,1,0
BRDA:66,9,0,0
BRDA:66,9,1,0
BRDA:73,10,0,0
BRDA:73,10,1,0
BRDA:73,10,2,0
BRF:23
BRH:0
end_of_record
TN:
SF:src\components\views\SSICredentialSelectTypeViewItem\index.tsx
FN:23,(anonymous_0)
FNF:1
FNH:0
FNDA:0,(anonymous_0)
DA:23,1
DA:24,0
DA:26,0
LF:3
LH:1
BRF:0
BRH:0
end_of_record
TN:
SF:src\components\views\SSICredentialSelectViewItem\index.tsx
FN:27,(anonymous_0)
FNF:1
FNH:0
FNDA:0,(anonymous_0)
DA:27,1
DA:28,0
DA:30,0
LF:3
LH:1
BRDA:52,0,0,0
BRDA:52,0,1,0
BRF:2
BRH:0
end_of_record
TN:
SF:src\components\views\SSICredentialViewItem\index.tsx
FN:25,(anonymous_0)
FNF:1
FNH:0
FNDA:0,(anonymous_0)
DA:25,1
DA:26,0
DA:27,0
LF:3
LH:1
BRDA:26,0,0,0
BRDA:39,1,0,0
BRDA:39,1,1,0
BRDA:41,2,0,0
BRDA:41,2,1,0
BRDA:43,3,0,0
BRDA:43,3,1,0
BRF:7
BRH:0
end_of_record
TN:
SF:src\components\views\SSIIdentitiesView\index.tsx
FN:15,(anonymous_0)
FN:19,(anonymous_1)
FN:23,(anonymous_2)
FN:38,(anonymous_3)
FNF:4
FNH:0
FNDA:0,(anonymous_0)
FNDA:0,(anonymous_1)
FNDA:0,(anonymous_2)
FNDA:0,(anonymous_3)
DA:15,1
DA:16,0
DA:17,0
DA:19,0
DA:20,0
DA:23,0
DA:24,0
DA:34,0
DA:38,0
LF:9
LH:1
BRDA:26,0,0,0
BRDA:26,0,1,0
BRDA:27,1,0,0
BRDA:27,1,1,0
BRDA:27,1,2,0
BRF:5
BRH:0
end_of_record
TN:
SF:src\components\views\SSIIdentityViewItem\index.tsx
FN:18,(anonymous_0)
FNF:1
FNH:0
FNDA:0,(anonymous_0)
DA:18,1
DA:19,0
DA:21,0
LF:3
LH:1
BRF:0
BRH:0
end_of_record
TN:
SF:src\components\views\SSISwipeRowViewItem\index.tsx
FN:19,(anonymous_0)
FNF:1
FNH:0
FNDA:0,(anonymous_0)
DA:19,1
DA:20,0
DA:22,0
LF:3
LH:1
BRF:0
BRH:0
end_of_record
TN:
SF:src\components\views\SSITabView\index.tsx
FN:13,(anonymous_0)
FN:17,(anonymous_1)
FN:24,(anonymous_2)
FNF:3
FNH:3
FNDA:9,(anonymous_0)
FNDA:14,(anonymous_1)
FNDA:9,(anonymous_2)
DA:13,1
DA:14,9
DA:15,9
DA:17,14
DA:19,9
DA:25,9
LF:6
LH:6
BRF:0
BRH:0
end_of_record
TN:
SF:src\components\views\SSITabView\SSITabViewHeader\index.tsx
FN:20,(anonymous_0)
FN:23,(anonymous_1)
FN:34,(anonymous_2)
FN:37,(anonymous_3)
FN:46,(anonymous_4)
FNF:5
FNH:4
FNDA:9,(anonymous_0)
FNDA:14,(anonymous_1)
FNDA:14,(anonymous_2)
FNDA:28,(anonymous_3)
FNDA:0,(anonymous_4)
DA:12,1
DA:20,1
DA:21,9
DA:23,14
DA:24,9
DA:29,9
DA:30,9
DA:32,9
DA:35,14
DA:37,28
DA:39,14
DA:46,0
LF:12
LH:11
BRDA:30,0,0,4
BRDA:30,0,1,5
BRDA:37,1,0,14
BRDA:37,1,1,14
BRDA:42,2,0,4
BRDA:42,2,1,10
BRDA:43,3,0,10
BRDA:43,3,1,4
BRDA:48,4,0,5
BRDA:48,4,1,9
BRDA:48,5,0,14
BRDA:48,5,1,10
BRF:12
BRH:12
end_of_record
TN:
SF:src\components\views\SSITermsOfServiceView\index.tsx
FN:16,(anonymous_0)
FN:19,(anonymous_1)
FN:23,(anonymous_2)
FNF:3
FNH:1
FNDA:5,(anonymous_0)
FNDA:0,(anonymous_1)
FNDA:0,(anonymous_2)
DA:16,1
DA:17,5
DA:19,5
DA:20,0
DA:23,5
DA:24,0
DA:25,0
DA:26,0
DA:31,5
LF:9
LH:5
BRDA:24,0,0,0
BRDA:24,0,1,0
BRDA:25,1,0,0
BRDA:25,1,1,0
BRF:4
BRH:0
end_of_record
TN:
SF:src\components\views\SSIWelcomeView\index.tsx
FN:26,(anonymous_0)
FNF:1
FNH:1
FNDA:14,(anonymous_0)
DA:26,1
DA:27,14
DA:29,14
LF:3
LH:3
BRF:0
BRH:0
end_of_record
TN:
SF:src\contexts\OnTouchContext.ts
FN:13,(anonymous_0)
FN:16,(anonymous_1)
FNF:2
FNH:0
FNDA:0,(anonymous_0)
FNDA:0,(anonymous_1)
DA:10,1
LF:1
LH:1
BRF:0
BRH:0
end_of_record
TN:
SF:src\handlers\IntentHandler\index.ts
FN:28,(anonymous_0)
FN:30,(anonymous_1)
FN:34,(anonymous_2)
FN:53,(anonymous_3)
FN:60,(anonymous_4)
FN:73,(anonymous_5)
FN:86,(anonymous_6)
FN:91,(anonymous_7)
FN:100,(anonymous_8)
FN:112,(anonymous_9)
FN:113,(anonymous_10)
FN:124,(anonymous_11)
FN:134,(anonymous_12)
FN:142,(anonymous_13)
FN:147,(anonymous_14)
FN:152,(anonymous_15)
FN:163,(anonymous_16)
FN:172,(anonymous_17)
FN:181,(anonymous_18)
FN:191,(anonymous_19)
FN:193,(anonymous_20)
FN:198,(anonymous_21)
FN:204,(anonymous_22)
FN:208,(anonymous_23)
FN:216,(anonymous_24)
FNF:25
FNH:8
FNDA:1,(anonymous_0)
FNDA:1,(anonymous_1)
FNDA:1,(anonymous_2)
FNDA:1,(anonymous_3)
FNDA:0,(anonymous_4)
FNDA:0,(anonymous_5)
FNDA:0,(anonymous_6)
FNDA:1,(anonymous_7)
FNDA:1,(anonymous_8)
FNDA:1,(anonymous_9)
FNDA:0,(anonymous_10)
FNDA:0,(anonymous_11)
FNDA:0,(anonymous_12)
FNDA:1,(anonymous_13)
FNDA:0,(anonymous_14)
FNDA:0,(anonymous_15)
FNDA:0,(anonymous_16)
FNDA:0,(anonymous_17)
FNDA:0,(anonymous_18)
FNDA:0,(anonymous_19)
FNDA:0,(anonymous_20)
FNDA:0,(anonymous_21)
FNDA:0,(anonymous_22)
FNDA:0,(anonymous_23)
FNDA:0,(anonymous_24)
DA:18,1
DA:25,1
DA:31,1
DA:34,1
DA:35,1
DA:36,1
DA:37,0
DA:39,1
DA:40,1
DA:41,1
DA:42,1
DA:43,0
DA:45,1
DA:46,1
DA:47,1
DA:49,1
DA:54,1
DA:55,1
DA:57,1
DA:60,1
DA:61,0
DA:64,0
DA:65,0
DA:66,0
DA:68,0
DA:69,0
DA:73,1
DA:78,0
DA:79,0
DA:81,0
DA:82,0
DA:86,1
DA:87,0
DA:88,0
DA:96,1
DA:97,1
DA:101,1
DA:104,1
DA:105,1
DA:106,1
DA:108,0
DA:109,0
DA:113,1
DA:114,0
DA:115,0
DA:116,0
DA:118,0
DA:120,0
DA:124,1
DA:125,0
DA:126,0
DA:127,0
DA:129,0
DA:131,0
DA:135,0
DA:136,0
DA:138,0
DA:142,1
DA:143,1
DA:144,1
DA:148,0
DA:149,0
DA:152,1
DA:153,0
DA:154,0
DA:155,0
DA:156,0
DA:159,0
DA:164,0
DA:165,0
DA:169,0
DA:171,0
DA:174,0
DA:175,0
DA:176,0
DA:177,0
DA:181,0
DA:184,0
DA:192,0
DA:194,0
DA:199,0
DA:204,0
DA:209,0
DA:216,0
LF:84
LH:32
BRDA:36,0,0,0
BRDA:36,0,1,1
BRDA:54,1,0,1
BRDA:54,1,1,0
BRDA:78,2,0,0
BRDA:78,2,1,0
BRDA:81,3,0,0
BRDA:81,3,1,0
BRDA:104,4,0,1
BRDA:104,4,1,0
BRDA:104,5,0,1
BRDA:104,5,1,0
BRDA:114,6,0,0
BRDA:114,6,1,0
BRDA:114,7,0,0
BRDA:114,7,1,0
BRDA:114,7,2,0
BRDA:114,7,3,0
BRDA:125,8,0,0
BRDA:125,8,1,0
BRDA:135,9,0,0
BRDA:135,9,1,0
BRDA:135,10,0,0
BRDA:135,10,1,0
BRDA:135,10,2,0
BRDA:156,11,0,0
BRDA:156,11,1,0
BRDA:164,12,0,0
BRDA:164,12,1,0
BRDA:164,13,0,0
BRDA:164,13,1,0
BRDA:169,14,0,0
BRDA:169,14,1,0
BRDA:175,15,0,0
BRDA:175,15,1,0
BRF:35
BRH:4
end_of_record
TN:
SF:src\handlers\LockingHandler\index.ts
FN:18,(anonymous_0)
FN:20,(anonymous_1)
FN:27,(anonymous_2)
FN:32,(anonymous_3)
FN:52,(anonymous_4)
FN:79,(anonymous_5)
FN:83,(anonymous_6)
FN:88,(anonymous_7)
FN:92,(anonymous_8)
FNF:9
FNH:3
FNDA:1,(anonymous_0)
FNDA:1,(anonymous_1)
FNDA:0,(anonymous_2)
FNDA:0,(anonymous_3)
FNDA:0,(anonymous_4)
FNDA:0,(anonymous_5)
FNDA:0,(anonymous_6)
FNDA:0,(anonymous_7)
FNDA:1,(anonymous_8)
DA:10,1
DA:14,1
DA:21,1
DA:22,1
DA:24,1
DA:27,1
DA:28,0
DA:29,0
DA:32,0
DA:33,0
DA:34,0
DA:35,0
DA:36,0
DA:37,0
DA:39,0
DA:40,0
DA:41,0
DA:42,0
DA:45,0
DA:47,0
DA:48,0
DA:49,0
DA:52,0
DA:53,0
DA:54,0
DA:55,0
DA:56,0
DA:58,0
DA:59,0
DA:60,0
DA:62,0
DA:63,0
DA:66,0
DA:67,0
DA:68,0
DA:71,0
DA:72,0
DA:73,0
DA:80,0
DA:83,1
DA:84,0
DA:85,0
DA:89,0
DA:93,1
LF:44
LH:8
BRDA:21,0,0,1
BRDA:21,0,1,0
BRDA:29,1,0,0
BRDA:29,1,1,0
BRDA:29,1,2,0
BRDA:33,2,0,0
BRDA:33,2,1,0
BRDA:33,3,0,0
BRDA:33,3,1,0
BRDA:34,4,0,0
BRDA:34,4,1,0
BRDA:35,5,0,0
BRDA:35,5,1,0
BRDA:53,6,0,0
BRDA:53,6,1,0
BRDA:54,7,0,0
BRDA:54,7,1,0
BRF:17
BRH:1
end_of_record
TN:
SF:src\localization\Localization.ts
FN:12,(anonymous_0)
FN:13,(anonymous_1)
FN:17,(anonymous_2)
FN:18,(anonymous_3)
FN:21,(anonymous_4)
FN:29,(anonymous_5)
FN:46,(anonymous_6)
FN:56,(anonymous_7)
FNF:8
FNH:6
FNDA:1,(anonymous_0)
FNDA:0,(anonymous_1)
FNDA:36,(anonymous_2)
FNDA:644,(anonymous_3)
FNDA:1,(anonymous_4)
FNDA:1,(anonymous_5)
FNDA:0,(anonymous_6)
FNDA:1,(anonymous_7)
DA:6,1
DA:11,1
DA:12,1
DA:13,0
DA:16,1
DA:17,36
DA:18,644
DA:21,1
DA:22,1
DA:23,2
DA:24,0
DA:29,1
DA:31,1
DA:32,1
DA:33,1
DA:35,1
DA:36,1
DA:37,1
DA:39,1
DA:42,1
DA:46,1
DA:47,0
DA:48,0
DA:50,0
DA:53,0
DA:56,1
DA:57,1
DA:61,1
LF:28
LH:22
BRDA:18,0,0,0
BRDA:18,0,1,644
BRDA:23,1,0,0
BRDA:23,1,1,2
BRDA:32,2,0,1
BRDA:32,2,1,0
BRDA:37,3,0,1
BRDA:37,3,1,1
BRDA:37,3,2,1
BRDA:46,4,0,0
BRDA:47,5,0,0
BRDA:47,5,1,0
BRF:12
BRH:6
end_of_record
TN:
SF:src\machines\onboardingMachine.tsx
FN:30,(anonymous_0)
FN:33,(anonymous_1)
FN:38,(anonymous_2)
FN:43,(anonymous_3)
FN:47,(anonymous_4)
FN:115,(anonymous_5)
FN:118,(anonymous_6)
FN:133,(anonymous_7)
FN:145,(anonymous_8)
FN:216,(anonymous_9)
FN:220,(anonymous_10)
FN:227,(anonymous_11)
FN:238,(anonymous_12)
FN:254,(anonymous_13)
FN:262,(anonymous_14)
FNF:15
FNH:15
FNDA:24,(anonymous_0)
FNDA:30,(anonymous_1)
FNDA:8,(anonymous_2)
FNDA:4,(anonymous_3)
FNDA:3,(anonymous_4)
FNDA:3,(anonymous_5)
FNDA:3,(anonymous_6)
FNDA:11,(anonymous_7)
FNDA:4,(anonymous_8)
FNDA:3,(anonymous_9)
FNDA:3,(anonymous_10)
FNDA:3,(anonymous_11)
FNDA:3,(anonymous_12)
FNDA:61,(anonymous_13)
FNDA:6,(anonymous_14)
DA:28,1
DA:30,1
DA:31,24
DA:33,1
DA:34,30
DA:35,30
DA:38,1
DA:39,8
DA:40,8
DA:43,1
DA:44,4
DA:47,1
DA:48,3
DA:65,3
DA:73,3
DA:115,3
DA:118,3
DA:133,11
DA:145,4
DA:211,1
DA:217,3
DA:221,3
DA:222,0
DA:224,3
DA:228,3
DA:229,3
DA:230,0
DA:232,3
DA:233,3
DA:234,3
DA:239,3
DA:251,3
DA:252,0
DA:253,3
DA:254,3
DA:255,61
DA:256,61
DA:259,3
DA:267,6
DA:268,3
DA:269,0
DA:271,3
DA:273,6
LF:43
LH:39
BRDA:31,0,0,24
BRDA:31,0,1,14
BRDA:35,1,0,30
BRDA:35,1,1,24
BRDA:35,1,2,24
BRDA:35,1,3,19
BRDA:35,1,4,19
BRDA:35,1,5,14
BRDA:40,2,0,8
BRDA:40,2,1,8
BRDA:44,3,0,4
BRDA:44,3,1,4
BRDA:49,4,0,3
BRDA:49,4,1,3
BRDA:50,5,0,3
BRDA:50,5,1,3
BRDA:52,6,0,3
BRDA:52,6,1,3
BRDA:74,7,0,3
BRDA:74,7,1,3
BRDA:221,8,0,0
BRDA:221,8,1,3
BRDA:229,9,0,0
BRDA:229,9,1,3
BRDA:251,10,0,0
BRDA:251,10,1,3
BRDA:253,11,0,3
BRDA:253,11,1,0
BRDA:267,12,0,3
BRDA:267,12,1,3
BRDA:268,13,0,0
BRDA:268,13,1,3
BRF:32
BRH:27
end_of_record
TN:
SF:src\modals\SSIAlertModal\index.tsx
FN:12,(anonymous_0)
FN:15,(anonymous_1)
FNF:2
FNH:0
FNDA:0,(anonymous_0)
FNDA:0,(anonymous_1)
DA:12,1
DA:13,0
DA:15,0
DA:16,0
DA:19,0
LF:5
LH:1
BRDA:13,0,0,0
BRDA:23,1,0,0
BRDA:23,1,1,0
BRF:3
BRH:0
end_of_record
TN:
SF:src\modals\SSIPopupModal\index.tsx
FN:14,(anonymous_0)
FN:18,(anonymous_1)
FN:22,(anonymous_2)
FNF:3
FNH:0
FNDA:0,(anonymous_0)
FNDA:0,(anonymous_1)
FNDA:0,(anonymous_2)
DA:14,1
DA:15,0
DA:16,0
DA:18,0
DA:19,0
DA:22,0
DA:23,0
DA:26,0
LF:8
LH:1
BRDA:29,0,0,0
BRDA:29,0,1,0
BRDA:29,0,2,0
BRDA:48,1,0,0
BRDA:48,1,1,0
BRF:5
BRH:0
end_of_record
TN:
SF:src\navigation\navigation.tsx
FN:57,(anonymous_0)
FN:68,(anonymous_1)
FN:81,(anonymous_2)
FN:96,(anonymous_3)
FN:104,(anonymous_4)
FN:109,(anonymous_5)
FN:118,(anonymous_6)
FN:127,(anonymous_7)
FN:136,(anonymous_8)
FN:147,(anonymous_9)
FN:159,(anonymous_10)
FN:165,(anonymous_11)
FN:167,(anonymous_12)
FN:176,(anonymous_13)
FN:192,(anonymous_14)
FN:205,(anonymous_15)
FN:212,(anonymous_16)
FN:224,(anonymous_17)
FN:232,(anonymous_18)
FN:246,(anonymous_19)
FN:253,(anonymous_20)
FN:270,(anonymous_21)
FN:272,(anonymous_22)
FN:285,(anonymous_23)
FN:287,(anonymous_24)
FN:297,(anonymous_25)
FN:311,(anonymous_26)
FN:313,(anonymous_27)
FN:328,(anonymous_28)
FN:342,(anonymous_29)
FN:355,(anonymous_30)
FN:357,(anonymous_31)
FN:372,(anonymous_32)
FN:374,(anonymous_33)
FN:395,(anonymous_34)
FN:403,(anonymous_35)
FN:410,(anonymous_36)
FN:422,(anonymous_37)
FN:429,(anonymous_38)
FN:436,(anonymous_39)
FN:452,(anonymous_40)
FN:454,(anonymous_41)
FN:469,(anonymous_42)
FN:471,(anonymous_43)
FN:486,(anonymous_44)
FN:490,(anonymous_45)
FN:505,(anonymous_46)
FN:509,(anonymous_47)
FN:524,(anonymous_48)
FN:526,(anonymous_49)
FN:557,(anonymous_50)
FN:570,(anonymous_51)
FN:579,(anonymous_52)
FN:591,(anonymous_53)
FN:594,(anonymous_54)
FNF:55
FNH:11
FNDA:0,(anonymous_0)
FNDA:0,(anonymous_1)
FNDA:0,(anonymous_2)
FNDA:0,(anonymous_3)
FNDA:0,(anonymous_4)
FNDA:0,(anonymous_5)
FNDA:0,(anonymous_6)
FNDA:0,(anonymous_7)
FNDA:0,(anonymous_8)
FNDA:0,(anonymous_9)
FNDA:0,(anonymous_10)
FNDA:0,(anonymous_11)
FNDA:0,(anonymous_12)
FNDA:0,(anonymous_13)
FNDA:0,(anonymous_14)
FNDA:0,(anonymous_15)
FNDA:0,(anonymous_16)
FNDA:0,(anonymous_17)
FNDA:0,(anonymous_18)
FNDA:0,(anonymous_19)
FNDA:0,(anonymous_20)
FNDA:0,(anonymous_21)
FNDA:0,(anonymous_22)
FNDA:0,(anonymous_23)
FNDA:0,(anonymous_24)
FNDA:0,(anonymous_25)
FNDA:0,(anonymous_26)
FNDA:0,(anonymous_27)
FNDA:0,(anonymous_28)
FNDA:0,(anonymous_29)
FNDA:0,(anonymous_30)
FNDA:0,(anonymous_31)
FNDA:0,(anonymous_32)
FNDA:0,(anonymous_33)
FNDA:0,(anonymous_34)
FNDA:0,(anonymous_35)
FNDA:0,(anonymous_36)
FNDA:0,(anonymous_37)
FNDA:0,(anonymous_38)
FNDA:3,(anonymous_39)
FNDA:55,(anonymous_40)
FNDA:53,(anonymous_41)
FNDA:39,(anonymous_42)
FNDA:37,(anonymous_43)
FNDA:17,(anonymous_44)
FNDA:16,(anonymous_45)
FNDA:11,(anonymous_46)
FNDA:11,(anonymous_47)
FNDA:7,(anonymous_48)
FNDA:7,(anonymous_49)
FNDA:0,(anonymous_50)
FNDA:0,(anonymous_51)
FNDA:0,(anonymous_52)
FNDA:0,(anonymous_53)
FNDA:0,(anonymous_54)
DA:52,1
DA:54,1
DA:55,1
DA:57,1
DA:58,0
DA:69,0
DA:82,0
DA:96,1
DA:97,0
DA:104,0
DA:110,0
DA:119,0
DA:128,0
DA:137,0
DA:147,1
DA:148,0
DA:159,0
DA:165,0
DA:168,0
DA:177,0
DA:193,0
DA:205,0
DA:212,1
DA:213,0
DA:224,0
DA:233,0
DA:246,0
DA:253,1
DA:254,0
DA:270,0
DA:273,0
DA:285,0
DA:288,0
DA:298,0
DA:311,0
DA:314,0
DA:329,0
DA:343,0
DA:355,0
DA:358,0
DA:372,0
DA:375,0
DA:395,0
DA:403,0
DA:410,1
DA:411,0
DA:422,0
DA:429,0
DA:436,1
DA:437,3
DA:452,55
DA:455,53
DA:469,39
DA:472,37
DA:486,17
DA:491,16
DA:505,11
DA:510,11
DA:524,7
DA:527,7
DA:557,1
DA:558,0
DA:571,0
DA:579,1
DA:580,0
DA:591,1
DA:592,0
DA:594,0
DA:595,0
DA:596,0
DA:597,0
DA:599,0
DA:602,0
DA:603,0
DA:604,0
DA:605,0
DA:606,0
DA:607,0
DA:610,0
DA:611,0
DA:612,0
DA:616,0
LF:82
LH:24
BRDA:286,0,0,0
BRDA:286,0,1,0
BRDA:363,1,0,0
BRDA:363,1,1,0
BRDA:379,2,0,0
BRDA:379,2,1,0
BRDA:595,3,0,0
BRDA:595,3,1,0
BRDA:595,4,0,0
BRDA:595,4,1,0
BRDA:604,5,0,0
BRDA:604,5,1,0
BRDA:604,6,0,0
BRDA:604,6,1,0
BRDA:604,6,2,0
BRDA:610,7,0,0
BRDA:610,7,1,0
BRDA:611,8,0,0
BRDA:611,8,1,0
BRDA:622,9,0,0
BRDA:622,9,1,0
BRDA:630,10,0,0
BRDA:630,10,1,0
BRF:23
BRH:0
end_of_record
TN:
SF:src\navigation\onboardingStateNavigation.tsx
FN:21,(anonymous_0)
FN:35,(anonymous_1)
FN:36,(anonymous_2)
FN:52,(anonymous_3)
FN:53,(anonymous_4)
FN:58,(anonymous_5)
FN:63,(anonymous_6)
FN:68,(anonymous_7)
FN:69,(anonymous_8)
FN:75,(anonymous_9)
FN:90,(anonymous_10)
FN:105,(anonymous_11)
FN:128,(anonymous_12)
FNF:13
FNH:10
FNDA:61,(anonymous_0)
FNDA:0,(anonymous_1)
FNDA:25,(anonymous_2)
FNDA:0,(anonymous_3)
FNDA:3,(anonymous_4)
FNDA:3,(anonymous_5)
FNDA:16,(anonymous_6)
FNDA:21,(anonymous_7)
FNDA:11,(anonymous_8)
FNDA:0,(anonymous_9)
FNDA:4,(anonymous_10)
FNDA:4,(anonymous_11)
FNDA:3,(anonymous_12)
DA:20,1
DA:21,1
DA:35,61
DA:36,61
DA:37,61
DA:39,61
DA:40,61
DA:41,0
DA:42,0
DA:44,61
DA:45,5
DA:46,56
DA:47,16
DA:52,0
DA:54,3
DA:59,3
DA:63,16
DA:65,40
DA:66,21
DA:68,21
DA:70,11
DA:76,0
DA:85,19
DA:86,5
DA:91,4
DA:100,14
DA:101,4
DA:106,4
DA:112,10
DA:113,4
DA:114,6
DA:115,3
DA:119,3
DA:121,3
DA:122,3
DA:124,0
DA:128,1
DA:129,3
LF:38
LH:33
BRDA:39,0,0,61
BRDA:39,0,1,61
BRDA:40,1,0,0
BRDA:40,1,1,61
BRDA:40,2,0,61
BRDA:40,2,1,61
BRDA:44,3,0,5
BRDA:44,3,1,56
BRDA:46,4,0,16
BRDA:46,4,1,40
BRDA:65,5,0,21
BRDA:65,5,1,19
BRDA:85,6,0,5
BRDA:85,6,1,14
BRDA:100,7,0,4
BRDA:100,7,1,10
BRDA:112,8,0,4
BRDA:112,8,1,6
BRDA:114,9,0,3
BRDA:114,9,1,3
BRDA:119,10,0,3
BRDA:119,10,1,0
BRDA:131,11,0,3
BRDA:131,11,1,0
BRF:24
BRH:21
end_of_record
TN:
SF:src\navigation\rootNavigation.ts
FN:12,(anonymous_0)
FN:13,(anonymous_1)
FN:14,(anonymous_2)
FN:15,(anonymous_3)
FN:16,(anonymous_4)
FN:17,(anonymous_5)
FN:18,(anonymous_6)
FN:19,(anonymous_7)
FN:20,(anonymous_8)
FN:21,(anonymous_9)
FN:22,(anonymous_10)
FNF:11
FNH:2
FNDA:0,(anonymous_0)
FNDA:58,(anonymous_1)
FNDA:0,(anonymous_2)
FNDA:0,(anonymous_3)
FNDA:0,(anonymous_4)
FNDA:0,(anonymous_5)
FNDA:0,(anonymous_6)
FNDA:0,(anonymous_7)
FNDA:0,(anonymous_8)
FNDA:0,(anonymous_9)
FNDA:61,(anonymous_10)
DA:6,1
DA:11,1
DA:12,0
DA:13,58
DA:14,0
DA:15,0
DA:16,0
DA:17,0
DA:18,0
DA:19,0
DA:20,0
DA:21,0
DA:22,61
LF:13
LH:4
BRF:0
BRH:0
end_of_record
TN:
SF:src\providers\authentication\SIOPv2Provider.ts
FN:15,(anonymous_0)
FN:17,(anonymous_1)
FN:26,(anonymous_2)
FN:30,(anonymous_3)
FN:44,(anonymous_4)
FN:98,(anonymous_5)
FNF:6
FNH:0
FNDA:0,(anonymous_0)
FNDA:0,(anonymous_1)
FNDA:0,(anonymous_2)
FNDA:0,(anonymous_3)
FNDA:0,(anonymous_4)
FNDA:0,(anonymous_5)
DA:13,1
DA:15,1
DA:16,0
DA:17,0
DA:20,0
DA:21,0
DA:22,0
DA:23,0
DA:26,1
DA:27,0
DA:30,1
DA:31,0
DA:44,1
DA:51,0
DA:52,0
DA:54,0
DA:55,0
DA:56,0
DA:57,0
DA:62,0
DA:64,0
DA:65,0
DA:66,0
DA:67,0
DA:71,0
DA:76,0
DA:77,0
DA:84,0
DA:85,0
DA:86,0
DA:87,0
DA:90,0
DA:91,0
DA:93,0
DA:95,0
DA:96,0
DA:97,0
DA:98,0
DA:103,0
LF:39
LH:5
BRDA:51,0,0,0
BRDA:51,0,1,0
BRDA:56,1,0,0
BRDA:56,1,1,0
BRDA:56,2,0,0
BRDA:56,2,1,0
BRDA:64,3,0,0
BRDA:64,3,1,0
BRDA:67,4,0,0
BRDA:67,4,1,0
BRDA:71,5,0,0
BRDA:71,5,1,0
BRDA:71,5,2,0
BRDA:73,6,0,0
BRDA:73,6,1,0
BRDA:84,7,0,0
BRDA:84,7,1,0
BRDA:84,8,0,0
BRDA:84,8,1,0
BRDA:86,9,0,0
BRDA:86,9,1,0
BRDA:99,10,0,0
BRDA:99,10,1,0
BRF:23
BRH:0
end_of_record
TN:
SF:src\providers\credential\JwtVcPresentationProfileProvider.ts
FN:13,(anonymous_0)
FN:28,(anonymous_1)
FN:31,(anonymous_2)
FN:41,(anonymous_3)
FN:44,(anonymous_4)
FN:50,(anonymous_5)
FN:55,(anonymous_6)
FN:62,(anonymous_7)
FN:66,(anonymous_8)
FN:72,(anonymous_9)
FNF:10
FNH:0
FNDA:0,(anonymous_0)
FNDA:0,(anonymous_1)
FNDA:0,(anonymous_2)
FNDA:0,(anonymous_3)
FNDA:0,(anonymous_4)
FNDA:0,(anonymous_5)
FNDA:0,(anonymous_6)
FNDA:0,(anonymous_7)
FNDA:0,(anonymous_8)
FNDA:0,(anonymous_9)
DA:10,1
DA:13,0
DA:14,0
DA:15,0
DA:16,0
DA:19,0
DA:20,0
DA:21,0
DA:22,0
DA:25,0
DA:28,0
DA:30,0
DA:32,0
DA:33,0
DA:34,0
DA:36,0
DA:37,0
DA:39,0
DA:42,0
DA:45,0
DA:46,0
DA:50,0
DA:54,0
DA:56,0
DA:57,0
DA:58,0
DA:60,0
DA:64,0
DA:67,0
DA:68,0
DA:72,0
DA:74,0
DA:75,0
DA:76,0
DA:78,0
DA:79,0
LF:36
LH:1
BRDA:14,0,0,0
BRDA:14,0,1,0
BRDA:20,1,0,0
BRDA:20,1,1,0
BRDA:32,2,0,0
BRDA:32,2,1,0
BRDA:33,3,0,0
BRDA:33,3,1,0
BRDA:56,4,0,0
BRDA:56,4,1,0
BRF:10
BRH:0
end_of_record
TN:
SF:src\providers\credential\OpenId4VcIssuanceProvider.ts
FN:89,(anonymous_0)
FN:153,(anonymous_1)
FN:157,(anonymous_2)
FN:170,(anonymous_3)
FN:196,(anonymous_4)
FN:211,(anonymous_5)
FN:232,(anonymous_6)
FN:245,(anonymous_7)
FN:250,(anonymous_8)
FN:259,(anonymous_9)
FN:260,(anonymous_10)
FN:274,(anonymous_11)
FN:277,(anonymous_12)
FN:284,(anonymous_13)
FN:305,(anonymous_14)
FN:314,(anonymous_15)
FN:319,(anonymous_16)
FN:330,(anonymous_17)
FN:342,(anonymous_18)
FN:372,(anonymous_19)
FN:385,(anonymous_20)
FN:393,(anonymous_21)
FN:400,(anonymous_22)
FN:409,(anonymous_23)
FN:412,(anonymous_24)
FNF:25
FNH:0
FNDA:0,(anonymous_0)
FNDA:0,(anonymous_1)
FNDA:0,(anonymous_2)
FNDA:0,(anonymous_3)
FNDA:0,(anonymous_4)
FNDA:0,(anonymous_5)
FNDA:0,(anonymous_6)
FNDA:0,(anonymous_7)
FNDA:0,(anonymous_8)
FNDA:0,(anonymous_9)
FNDA:0,(anonymous_10)
FNDA:0,(anonymous_11)
FNDA:0,(anonymous_12)
FNDA:0,(anonymous_13)
FNDA:0,(anonymous_14)
FNDA:0,(anonymous_15)
FNDA:0,(anonymous_16)
FNDA:0,(anonymous_17)
FNDA:0,(anonymous_18)
FNDA:0,(anonymous_19)
FNDA:0,(anonymous_20)
FNDA:0,(anonymous_21)
FNDA:0,(anonymous_22)
FNDA:0,(anonymous_23)
FNDA:0,(anonymous_24)
DA:40,1
DA:42,1
DA:45,1
DA:58,1
DA:60,1
DA:74,1
DA:89,1
DA:91,0
DA:97,0
DA:99,0
DA:104,0
DA:109,0
DA:114,0
DA:119,0
DA:124,0
DA:129,0
DA:134,0
DA:139,0
DA:154,0
DA:157,1
DA:158,0
DA:159,0
DA:160,0
DA:162,0
DA:170,0
DA:171,0
DA:172,0
DA:174,0
DA:178,0
DA:182,0
DA:189,0
DA:190,0
DA:193,0
DA:196,0
DA:197,0
DA:198,0
DA:200,0
DA:205,0
DA:207,0
DA:208,0
DA:210,0
DA:212,0
DA:213,0
DA:214,0
DA:226,0
DA:228,0
DA:230,0
DA:231,0
DA:232,0
DA:240,0
DA:241,0
DA:247,0
DA:250,0
DA:251,0
DA:252,0
DA:254,0
DA:256,0
DA:257,0
DA:258,0
DA:259,0
DA:260,0
DA:261,0
DA:262,0
DA:265,0
DA:267,0
DA:268,0
DA:271,0
DA:272,0
DA:273,0
DA:275,0
DA:278,0
DA:283,0
DA:284,0
DA:289,0
DA:290,0
DA:296,0
DA:305,0
DA:306,0
DA:307,0
DA:308,0
DA:309,0
DA:311,0
DA:314,0
DA:316,0
DA:319,0
DA:325,0
DA:327,0
DA:328,0
DA:329,0
DA:330,0
DA:332,0
DA:333,0
DA:334,0
DA:339,0
DA:342,0
DA:343,0
DA:344,0
DA:346,0
DA:347,0
DA:349,0
DA:351,0
DA:352,0
DA:353,0
DA:354,0
DA:357,0
DA:358,0
DA:360,0
DA:368,0
DA:369,0
DA:373,0
DA:378,0
DA:385,0
DA:386,0
DA:389,0
DA:393,0
DA:395,0
DA:400,0
DA:402,0
DA:405,0
DA:409,0
DA:410,0
DA:411,0
DA:412,0
DA:413,0
DA:415,0
DA:416,0
DA:417,0
DA:418,0
DA:421,0
DA:422,0
DA:425,0
LF:131
LH:8
BRDA:92,0,0,0
BRDA:92,0,1,0
BRDA:93,1,0,0
BRDA:93,1,1,0
BRDA:94,2,0,0
BRDA:94,2,1,0
BRDA:97,3,0,0
BRDA:97,3,1,0
BRDA:97,3,2,0
BRDA:97,3,3,0
BRDA:97,3,4,0
BRDA:97,3,5,0
BRDA:97,3,6,0
BRDA:97,3,7,0
BRDA:97,3,8,0
BRDA:158,4,0,0
BRDA:158,4,1,0
BRDA:158,5,0,0
BRDA:158,5,1,0
BRDA:158,6,0,0
BRDA:158,6,1,0
BRDA:189,7,0,0
BRDA:189,7,1,0
BRDA:197,8,0,0
BRDA:197,8,1,0
BRDA:205,9,0,0
BRDA:205,9,1,0
BRDA:247,10,0,0
BRDA:247,10,1,0
BRDA:247,11,0,0
BRDA:247,11,1,0
BRDA:251,12,0,0
BRDA:251,12,1,0
BRDA:254,13,0,0
BRDA:254,13,1,0
BRDA:254,14,0,0
BRDA:254,14,1,0
BRDA:257,15,0,0
BRDA:257,15,1,0
BRDA:257,16,0,0
BRDA:257,16,1,0
BRDA:261,17,0,0
BRDA:261,17,1,0
BRDA:267,18,0,0
BRDA:267,18,1,0
BRDA:271,19,0,0
BRDA:271,19,1,0
BRDA:276,20,0,0
BRDA:276,20,1,0
BRDA:283,21,0,0
BRDA:283,21,1,0
BRDA:285,22,0,0
BRDA:285,22,1,0
BRDA:289,23,0,0
BRDA:289,23,1,0
BRDA:306,24,0,0
BRDA:306,24,1,0
BRDA:319,25,0,0
BRDA:319,25,1,0
BRDA:332,26,0,0
BRDA:332,26,1,0
BRDA:343,27,0,0
BRDA:343,27,1,0
BRDA:343,28,0,0
BRDA:343,28,1,0
BRDA:346,29,0,0
BRDA:346,29,1,0
BRDA:352,30,0,0
BRDA:352,30,1,0
BRDA:386,31,0,0
BRDA:386,31,1,0
BRDA:389,32,0,0
BRDA:389,32,1,0
BRDA:389,32,2,0
BRDA:389,32,3,0
BRDA:389,32,4,0
BRDA:389,32,5,0
BRDA:389,32,6,0
BRDA:395,33,0,0
BRDA:395,33,1,0
BRDA:402,34,0,0
BRDA:402,34,1,0
BRDA:411,35,0,0
BRDA:411,35,1,0
BRDA:411,36,0,0
BRDA:411,36,1,0
BRDA:415,37,0,0
BRDA:415,37,1,0
BRDA:417,38,0,0
BRDA:417,38,1,0
BRDA:418,39,0,0
BRDA:418,39,1,0
BRDA:421,40,0,0
BRDA:421,40,1,0
BRDA:421,41,0,0
BRDA:421,41,1,0
BRDA:421,41,2,0
BRDA:422,42,0,0
BRDA:422,42,1,0
BRF:99
BRH:0
end_of_record
TN:
SF:src\providers\touch\OnTouchProvider.tsx
FN:11,(anonymous_0)
FN:18,(anonymous_1)
FN:19,(anonymous_2)
FN:23,(anonymous_3)
FN:28,(anonymous_4)
FNF:5
FNH:5
FNDA:3,(anonymous_0)
FNDA:3,(anonymous_1)
FNDA:61,(anonymous_2)
FNDA:3,(anonymous_3)
FNDA:61,(anonymous_4)
DA:11,1
DA:12,3
DA:13,3
DA:14,3
DA:18,3
DA:19,3
DA:20,61
DA:23,3
DA:24,3
DA:28,3
DA:29,61
DA:30,61
DA:33,3
LF:13
LH:13
BRF:0
BRH:0
end_of_record
TN:
SF:src\screens\Veramo.tsx
FN:32,(anonymous_0)
FN:33,(anonymous_1)
FN:39,(anonymous_2)
FN:42,(anonymous_3)
FN:48,(anonymous_4)
FN:57,(anonymous_5)
FN:69,(anonymous_6)
FN:78,(anonymous_7)
FN:80,(anonymous_8)
FN:85,(anonymous_9)
FN:142,(anonymous_10)
FNF:11
FNH:0
FNDA:0,(anonymous_0)
FNDA:0,(anonymous_1)
FNDA:0,(anonymous_2)
FNDA:0,(anonymous_3)
FNDA:0,(anonymous_4)
FNDA:0,(anonymous_5)
FNDA:0,(anonymous_6)
FNDA:0,(anonymous_7)
FNDA:0,(anonymous_8)
FNDA:0,(anonymous_9)
FNDA:0,(anonymous_10)
DA:27,0
DA:33,0
DA:34,0
DA:35,0
DA:39,0
DA:40,0
DA:41,0
DA:44,0
DA:45,0
DA:46,0
DA:49,0
DA:50,0
DA:53,0
DA:58,0
DA:70,0
DA:78,0
DA:80,0
DA:86,0
DA:130,0
DA:142,1
DA:143,0
LF:21
LH:1
BRDA:53,0,0,0
BRDA:53,0,1,0
BRDA:62,1,0,0
BRDA:62,1,1,0
BRDA:68,2,0,0
BRDA:68,2,1,0
BRDA:68,3,0,0
BRDA:68,3,1,0
BRF:8
BRH:0
end_of_record
TN:
SF:src\screens\Onboarding\SSIPersonalDataScreen\index.tsx
FN:20,(anonymous_0)
FN:24,(anonymous_1)
FN:30,(anonymous_2)
FN:35,(anonymous_3)
FN:41,(anonymous_4)
FN:46,(anonymous_5)
FN:52,(anonymous_6)
FN:57,(anonymous_7)
FN:64,(anonymous_8)
FN:69,(anonymous_9)
FN:73,(anonymous_10)
FNF:11
FNH:6
FNDA:21,(anonymous_0)
FNDA:0,(anonymous_1)
FNDA:3,(anonymous_2)
FNDA:0,(anonymous_3)
FNDA:3,(anonymous_4)
FNDA:0,(anonymous_5)
FNDA:5,(anonymous_6)
FNDA:0,(anonymous_7)
FNDA:0,(anonymous_8)
FNDA:21,(anonymous_9)
FNDA:11,(anonymous_10)
DA:20,1
DA:21,21
DA:22,21
DA:24,21
DA:25,0
DA:27,0
DA:30,21
DA:31,3
DA:32,3
DA:35,21
DA:36,0
DA:37,0
DA:41,21
DA:42,3
DA:43,3
DA:46,21
DA:47,0
DA:48,0
DA:52,21
DA:53,5
DA:54,5
DA:57,21
DA:58,0
DA:59,0
DA:60,0
DA:64,21
DA:65,0
DA:66,0
DA:69,21
DA:70,21
DA:73,21
DA:74,11
DA:77,21
LF:33
LH:22
BRDA:36,0,0,0
BRDA:36,0,1,0
BRDA:47,1,0,0
BRDA:47,1,1,0
BRDA:59,2,0,0
BRDA:59,2,1,0
BRF:6
BRH:0
end_of_record
TN:
SF:src\screens\Onboarding\SSIPinCodeSetScreen\index.tsx
FN:14,(anonymous_0)
FN:17,(anonymous_1)
FN:23,(anonymous_2)
FNF:3
FNH:2
FNDA:5,(anonymous_0)
FNDA:0,(anonymous_1)
FNDA:4,(anonymous_2)
DA:14,1
DA:15,5
DA:17,5
DA:18,0
DA:20,0
DA:23,5
DA:24,4
DA:28,5
LF:8
LH:6
BRF:0
BRH:0
end_of_record
TN:
SF:src\screens\Onboarding\SSIPinCodeVerifyScreen\index.tsx
FN:14,(anonymous_0)
FN:17,(anonymous_1)
FN:23,(anonymous_2)
FNF:3
FNH:2
FNDA:4,(anonymous_0)
FNDA:0,(anonymous_1)
FNDA:5,(anonymous_2)
DA:14,1
DA:15,4
DA:17,4
DA:18,0
DA:20,0
DA:23,4
DA:24,5
DA:25,1
DA:27,4
DA:30,4
LF:10
LH:8
BRDA:24,0,0,1
BRDA:24,0,1,4
BRF:2
BRH:2
end_of_record
TN:
SF:src\screens\Onboarding\SSISummaryScreen\index.tsx
FN:21,(anonymous_0)
FN:25,(anonymous_1)
FN:30,(anonymous_2)
FN:55,(anonymous_3)
FNF:4
FNH:3
FNDA:4,(anonymous_0)
FNDA:0,(anonymous_1)
FNDA:4,(anonymous_2)
FNDA:4,(anonymous_3)
DA:21,1
DA:22,4
DA:23,4
DA:25,4
DA:26,0
DA:28,0
DA:30,4
DA:31,4
DA:50,4
DA:55,4
DA:59,4
LF:11
LH:9
BRF:0
BRH:0
end_of_record
TN:
SF:src\screens\Onboarding\SSITermsOfServiceScreen\index.tsx
FN:27,(anonymous_0)
FN:30,(anonymous_1)
FN:40,(anonymous_2)
FN:45,(anonymous_3)
FN:53,(anonymous_4)
FN:55,(anonymous_5)
FN:61,(anonymous_6)
FN:69,(anonymous_7)
FN:76,(anonymous_8)
FN:80,(anonymous_9)
FNF:10
FNH:5
FNDA:16,(anonymous_0)
FNDA:0,(anonymous_1)
FNDA:5,(anonymous_2)
FNDA:0,(anonymous_3)
FNDA:5,(anonymous_4)
FNDA:0,(anonymous_5)
FNDA:0,(anonymous_6)
FNDA:0,(anonymous_7)
FNDA:3,(anonymous_8)
FNDA:3,(anonymous_9)
DA:27,1
DA:28,16
DA:30,16
DA:31,0
DA:33,0
DA:36,16
DA:40,5
DA:45,0
DA:53,16
DA:55,16
DA:56,0
DA:63,0
DA:64,0
DA:70,0
DA:76,16
DA:77,3
DA:80,16
DA:81,3
DA:84,16
LF:19
LH:12
BRF:0
BRH:0
end_of_record
TN:
SF:src\screens\Onboarding\SSIWelcomeScreen\index.tsx
FN:24,(anonymous_0)
FN:36,(anonymous_1)
FN:63,(anonymous_2)
FNF:3
FNH:2
FNDA:14,(anonymous_0)
FNDA:0,(anonymous_1)
FNDA:31,(anonymous_2)
DA:24,1
DA:25,14
DA:26,0
DA:27,0
DA:30,14
DA:36,14
DA:37,0
DA:43,0
DA:45,0
DA:46,0
DA:48,0
DA:53,0
DA:59,0
DA:63,14
DA:64,31
DA:66,31
DA:68,3
DA:69,3
DA:71,3
DA:76,3
DA:78,25
DA:82,14
DA:83,14
DA:85,14
LF:24
LH:15
BRDA:25,0,0,0
BRDA:25,0,1,14
BRDA:43,1,0,0
BRDA:43,1,1,0
BRDA:43,1,2,0
BRDA:66,2,0,3
BRDA:66,2,1,3
BRDA:66,2,2,25
BRF:8
BRH:4
end_of_record
TN:
SF:src\screens\SSIContactAddScreen\index.tsx
FN:40,(anonymous_0)
FN:56,(anonymous_1)
FN:62,(anonymous_2)
FN:66,(anonymous_3)
FN:71,(anonymous_4)
FN:91,(anonymous_5)
FN:95,(anonymous_6)
FN:102,(anonymous_7)
FN:117,(anonymous_8)
FN:122,(anonymous_9)
FN:163,(anonymous_10)
FN:165,(anonymous_11)
FN:166,(anonymous_12)
FN:170,(anonymous_13)
FNF:14
FNH:0
FNDA:0,(anonymous_0)
FNDA:0,(anonymous_1)
FNDA:0,(anonymous_2)
FNDA:0,(anonymous_3)
FNDA:0,(anonymous_4)
FNDA:0,(anonymous_5)
FNDA:0,(anonymous_6)
FNDA:0,(anonymous_7)
FNDA:0,(anonymous_8)
FNDA:0,(anonymous_9)
FNDA:0,(anonymous_10)
FNDA:0,(anonymous_11)
FNDA:0,(anonymous_12)
FNDA:0,(anonymous_13)
DA:35,0
DA:40,0
DA:41,0
DA:42,0
DA:44,0
DA:45,0
DA:46,0
DA:49,0
DA:50,0
DA:51,0
DA:52,0
DA:56,0
DA:57,0
DA:59,0
DA:61,0
DA:63,0
DA:64,0
DA:72,0
DA:73,0
DA:74,0
DA:76,0
DA:77,0
DA:78,0
DA:79,0
DA:80,0
DA:82,0
DA:91,0
DA:92,0
DA:95,0
DA:96,0
DA:97,0
DA:98,0
DA:102,0
DA:103,0
DA:105,0
DA:107,0
DA:117,0
DA:123,0
DA:124,0
DA:126,0
DA:163,1
DA:164,0
DA:165,0
DA:166,0
DA:170,1
DA:171,0
LF:46
LH:2
BRDA:36,0,0,0
BRDA:36,0,1,0
BRDA:44,1,0,0
BRDA:44,1,1,0
BRDA:50,2,0,0
BRDA:50,2,1,0
BRDA:77,3,0,0
BRDA:77,3,1,0
BRDA:97,4,0,0
BRDA:97,4,1,0
BRDA:152,5,0,0
BRDA:152,5,1,0
BRDA:152,5,2,0
BRF:13
BRH:0
end_of_record
TN:
SF:src\screens\SSIContactDetailsScreen\index.tsx
FN:20,(anonymous_0)
FN:33,(anonymous_1)
FNF:2
FNH:0
FNDA:0,(anonymous_0)
FNDA:0,(anonymous_1)
DA:20,1
DA:21,0
DA:23,0
DA:33,0
DA:43,0
LF:5
LH:1
BRF:0
BRH:0
end_of_record
TN:
SF:src\screens\SSIContactsOverviewScreen\index.tsx
FN:33,(anonymous_0)
FN:38,(anonymous_1)
FN:46,(anonymous_2)
FN:53,(anonymous_3)
FN:58,(anonymous_4)
FN:62,(anonymous_5)
FN:74,(anonymous_6)
FN:82,(anonymous_7)
FN:83,(anonymous_8)
FN:88,(anonymous_9)
FN:93,(anonymous_10)
FN:107,(anonymous_11)
FN:109,(anonymous_12)
FN:110,(anonymous_13)
FN:114,(anonymous_14)
FNF:15
FNH:0
FNDA:0,(anonymous_0)
FNDA:0,(anonymous_1)
FNDA:0,(anonymous_2)
FNDA:0,(anonymous_3)
FNDA:0,(anonymous_4)
FNDA:0,(anonymous_5)
FNDA:0,(anonymous_6)
FNDA:0,(anonymous_7)
FNDA:0,(anonymous_8)
FNDA:0,(anonymous_9)
FNDA:0,(anonymous_10)
FNDA:0,(anonymous_11)
FNDA:0,(anonymous_12)
FNDA:0,(anonymous_13)
FNDA:0,(anonymous_14)
DA:29,0
DA:33,0
DA:34,0
DA:35,0
DA:38,0
DA:39,0
DA:41,0
DA:47,0
DA:48,0
DA:53,0
DA:58,0
DA:59,0
DA:62,0
DA:63,0
DA:64,0
DA:65,0
DA:68,0
DA:73,0
DA:74,0
DA:82,0
DA:83,0
DA:89,0
DA:93,0
DA:107,1
DA:108,0
DA:109,0
DA:110,0
DA:114,1
DA:115,0
LF:29
LH:2
BRDA:66,0,0,0
BRDA:66,0,1,0
BRDA:70,1,0,0
BRDA:70,1,1,0
BRDA:70,1,2,0
BRDA:73,2,0,0
BRDA:73,2,1,0
BRF:7
BRH:0
end_of_record
TN:
SF:src\screens\SSICredentialDetailsScreen\index.tsx
FN:30,(anonymous_0)
FN:41,(anonymous_1)
FN:50,(anonymous_2)
FN:57,(anonymous_3)
FNF:4
FNH:0
FNDA:0,(anonymous_0)
FNDA:0,(anonymous_1)
FNDA:0,(anonymous_2)
FNDA:0,(anonymous_3)
DA:30,1
DA:31,0
DA:32,0
DA:35,0
DA:36,0
DA:37,0
DA:41,1
DA:42,0
DA:43,0
DA:44,0
DA:46,0
DA:50,0
DA:57,0
DA:63,0
LF:14
LH:2
BRDA:31,0,0,0
BRDA:31,0,1,0
BRDA:31,1,0,0
BRDA:31,1,1,0
BRDA:36,2,0,0
BRDA:36,2,1,0
BRDA:42,3,0,0
BRDA:52,4,0,0
BRDA:52,4,1,0
BRDA:70,5,0,0
BRDA:70,5,1,0
BRDA:75,6,0,0
BRDA:75,6,1,0
BRDA:90,7,0,0
BRDA:90,7,1,0
BRDA:90,7,2,0
BRDA:93,8,0,0
BRDA:93,8,1,0
BRDA:101,9,0,0
BRDA:101,9,1,0
BRDA:105,10,0,0
BRDA:105,10,1,0
BRDA:113,11,0,0
BRDA:113,11,1,0
BRF:24
BRH:0
end_of_record
TN:
SF:src\screens\SSICredentialRawJsonScreen\index.tsx
FN:21,(anonymous_0)
FN:57,(anonymous_1)
FN:60,(anonymous_2)
FNF:3
FNH:0
FNDA:0,(anonymous_0)
FNDA:0,(anonymous_1)
FNDA:0,(anonymous_2)
DA:21,1
DA:22,0
DA:24,0
DA:45,0
DA:47,0
DA:58,0
DA:59,0
DA:60,0
DA:61,0
LF:9
LH:1
BRF:0
BRH:0
end_of_record
TN:
SF:src\screens\SSICredentialSelectScreen\index.tsx
FN:21,(anonymous_0)
FN:25,(anonymous_1)
FN:26,(anonymous_2)
FN:35,(anonymous_3)
FN:39,(anonymous_4)
FN:44,(anonymous_5)
FN:51,(anonymous_6)
FN:56,(anonymous_7)
FN:65,(anonymous_8)
FN:65,(anonymous_9)
FN:71,(anonymous_10)
FN:82,(anonymous_11)
FN:94,(anonymous_12)
FN:95,(anonymous_13)
FN:98,(anonymous_14)
FN:99,(anonymous_15)
FNF:16
FNH:0
FNDA:0,(anonymous_0)
FNDA:0,(anonymous_1)
FNDA:0,(anonymous_2)
FNDA:0,(anonymous_3)
FNDA:0,(anonymous_4)
FNDA:0,(anonymous_5)
FNDA:0,(anonymous_6)
FNDA:0,(anonymous_7)
FNDA:0,(anonymous_8)
FNDA:0,(anonymous_9)
FNDA:0,(anonymous_10)
FNDA:0,(anonymous_11)
FNDA:0,(anonymous_12)
FNDA:0,(anonymous_13)
FNDA:0,(anonymous_14)
FNDA:0,(anonymous_15)
DA:21,1
DA:22,0
DA:23,0
DA:25,0
DA:26,0
DA:27,0
DA:28,0
DA:30,0
DA:32,0
DA:35,0
DA:36,0
DA:39,0
DA:40,0
DA:41,0
DA:44,0
DA:45,0
DA:51,0
DA:56,0
DA:57,0
DA:60,0
DA:64,0
DA:65,0
DA:71,0
DA:77,0
DA:82,0
DA:94,0
DA:96,0
DA:98,0
DA:99,0
DA:101,0
LF:30
LH:1
BRDA:27,0,0,0
BRDA:27,0,1,0
BRDA:29,1,0,0
BRDA:29,1,1,0
BRDA:58,2,0,0
BRDA:58,2,1,0
BRDA:62,3,0,0
BRDA:62,3,1,0
BRDA:62,3,2,0
BRF:9
BRH:0
end_of_record
TN:
SF:src\screens\SSICredentialSelectTypeScreen\index.tsx
FN:20,(anonymous_0)
FN:23,(anonymous_1)
FN:24,(anonymous_2)
FN:33,(anonymous_3)
FN:35,(anonymous_4)
FN:36,(anonymous_5)
FN:40,(anonymous_6)
FN:50,(anonymous_7)
FN:52,(anonymous_8)
FN:67,(anonymous_9)
FN:76,(anonymous_10)
FNF:11
FNH:0
FNDA:0,(anonymous_0)
FNDA:0,(anonymous_1)
FNDA:0,(anonymous_2)
FNDA:0,(anonymous_3)
FNDA:0,(anonymous_4)
FNDA:0,(anonymous_5)
FNDA:0,(anonymous_6)
FNDA:0,(anonymous_7)
FNDA:0,(anonymous_8)
FNDA:0,(anonymous_9)
FNDA:0,(anonymous_10)
DA:20,1
DA:21,0
DA:23,0
DA:24,0
DA:25,0
DA:27,0
DA:30,0
DA:33,0
DA:34,0
DA:35,0
DA:36,0
DA:37,0
DA:40,0
DA:41,0
DA:44,0
DA:49,0
DA:50,0
DA:52,0
DA:61,0
DA:67,0
DA:76,0
LF:21
LH:1
BRDA:26,0,0,0
BRDA:26,0,1,0
BRDA:42,1,0,0
BRDA:42,1,1,0
BRDA:46,2,0,0
BRDA:46,2,1,0
BRDA:46,2,2,0
BRF:7
BRH:0
end_of_record
TN:
SF:src\screens\SSICredentialsOverviewScreen\index.tsx
FN:39,(anonymous_0)
FN:44,(anonymous_1)
FN:50,(anonymous_2)
FN:57,(anonymous_3)
FN:62,(anonymous_4)
FN:63,(anonymous_5)
FN:72,(anonymous_6)
FN:98,(anonymous_7)
FN:100,(anonymous_8)
FN:108,(anonymous_9)
FN:109,(anonymous_10)
FN:114,(anonymous_11)
FN:120,(anonymous_12)
FN:134,(anonymous_13)
FN:137,(anonymous_14)
FN:138,(anonymous_15)
FN:142,(anonymous_16)
FNF:17
FNH:0
FNDA:0,(anonymous_0)
FNDA:0,(anonymous_1)
FNDA:0,(anonymous_2)
FNDA:0,(anonymous_3)
FNDA:0,(anonymous_4)
FNDA:0,(anonymous_5)
FNDA:0,(anonymous_6)
FNDA:0,(anonymous_7)
FNDA:0,(anonymous_8)
FNDA:0,(anonymous_9)
FNDA:0,(anonymous_10)
FNDA:0,(anonymous_11)
FNDA:0,(anonymous_12)
FNDA:0,(anonymous_13)
FNDA:0,(anonymous_14)
FNDA:0,(anonymous_15)
FNDA:0,(anonymous_16)
DA:35,0
DA:39,0
DA:40,0
DA:41,0
DA:44,0
DA:45,0
DA:51,0
DA:52,0
DA:57,0
DA:62,0
DA:63,0
DA:64,0
DA:72,0
DA:73,0
DA:76,0
DA:89,0
DA:92,0
DA:97,0
DA:98,0
DA:100,0
DA:108,0
DA:109,0
DA:115,0
DA:120,0
DA:134,1
DA:136,0
DA:137,0
DA:138,0
DA:142,1
DA:143,0
LF:30
LH:2
BRDA:90,0,0,0
BRDA:90,0,1,0
BRDA:94,1,0,0
BRDA:94,1,1,0
BRDA:94,1,2,0
BRDA:97,2,0,0
BRDA:97,2,1,0
BRDA:98,3,0,0
BRDA:98,3,1,0
BRF:9
BRH:0
end_of_record
TN:
SF:src\screens\SSICredentialsRequiredScreen\index.tsx
FN:30,(anonymous_0)
FN:36,(anonymous_1)
FN:38,(anonymous_2)
FN:41,(anonymous_3)
FN:45,(anonymous_4)
FN:60,(anonymous_5)
FN:66,(anonymous_6)
FN:74,(anonymous_7)
FN:76,(anonymous_8)
FN:82,(anonymous_9)
FN:86,(anonymous_10)
FN:90,(anonymous_11)
FN:93,(anonymous_12)
FN:102,(anonymous_13)
FN:106,(anonymous_14)
FN:111,(anonymous_15)
FN:113,(anonymous_16)
FN:120,(anonymous_17)
FN:123,(anonymous_18)
FN:130,(anonymous_19)
FN:145,(anonymous_20)
FN:146,(anonymous_21)
FN:158,(anonymous_22)
FN:162,(anonymous_23)
FN:164,(anonymous_24)
FN:176,(anonymous_25)
FN:209,(anonymous_26)
FNF:27
FNH:0
FNDA:0,(anonymous_0)
FNDA:0,(anonymous_1)
FNDA:0,(anonymous_2)
FNDA:0,(anonymous_3)
FNDA:0,(anonymous_4)
FNDA:0,(anonymous_5)
FNDA:0,(anonymous_6)
FNDA:0,(anonymous_7)
FNDA:0,(anonymous_8)
FNDA:0,(anonymous_9)
FNDA:0,(anonymous_10)
FNDA:0,(anonymous_11)
FNDA:0,(anonymous_12)
FNDA:0,(anonymous_13)
FNDA:0,(anonymous_14)
FNDA:0,(anonymous_15)
FNDA:0,(anonymous_16)
FNDA:0,(anonymous_17)
FNDA:0,(anonymous_18)
FNDA:0,(anonymous_19)
FNDA:0,(anonymous_20)
FNDA:0,(anonymous_21)
FNDA:0,(anonymous_22)
FNDA:0,(anonymous_23)
FNDA:0,(anonymous_24)
FNDA:0,(anonymous_25)
FNDA:0,(anonymous_26)
DA:30,1
DA:31,0
DA:32,0
DA:33,0
DA:34,0
DA:36,0
DA:38,0
DA:40,0
DA:42,0
DA:44,0
DA:45,0
DA:46,0
DA:50,0
DA:54,0
DA:55,0
DA:58,0
DA:61,0
DA:62,0
DA:63,0
DA:66,0
DA:68,0
DA:70,0
DA:74,0
DA:75,0
DA:76,0
DA:77,0
DA:79,0
DA:82,0
DA:83,0
DA:86,0
DA:87,0
DA:88,0
DA:90,0
DA:93,0
DA:94,0
DA:95,0
DA:96,0
DA:99,0
DA:102,0
DA:103,0
DA:106,0
DA:111,0
DA:113,0
DA:116,0
DA:118,0
DA:122,0
DA:123,0
DA:125,0
DA:126,0
DA:127,0
DA:131,0
DA:134,0
DA:146,0
DA:147,0
DA:148,0
DA:149,0
DA:150,0
DA:152,0
DA:158,0
DA:160,0
DA:162,0
DA:164,0
DA:168,0
DA:169,0
DA:171,0
DA:172,0
DA:173,0
DA:176,0
DA:177,0
DA:179,0
DA:190,0
DA:204,0
DA:209,0
LF:73
LH:1
BRDA:54,0,0,0
BRDA:54,0,1,0
BRDA:58,1,0,0
BRDA:58,1,1,0
BRDA:58,2,0,0
BRDA:58,2,1,0
BRDA:62,3,0,0
BRDA:62,3,1,0
BRDA:62,4,0,0
BRDA:62,4,1,0
BRDA:131,5,0,0
BRDA:131,5,1,0
BRDA:160,6,0,0
BRDA:160,6,1,0
BRDA:160,7,0,0
BRDA:160,7,1,0
BRDA:168,8,0,0
BRDA:168,8,1,0
BRDA:172,9,0,0
BRDA:172,9,1,0
BRDA:193,10,0,0
BRDA:193,10,1,0
BRDA:195,11,0,0
BRDA:195,11,1,0
BRDA:196,12,0,0
BRDA:196,12,1,0
BRF:26
BRH:0
end_of_record
TN:
SF:src\screens\SSIErrorScreen\index.tsx
FN:14,(anonymous_0)
FN:24,(anonymous_1)
FN:43,(anonymous_2)
FNF:3
FNH:0
FNDA:0,(anonymous_0)
FNDA:0,(anonymous_1)
FNDA:0,(anonymous_2)
DA:14,1
DA:15,0
DA:16,0
DA:18,0
DA:24,0
DA:43,0
LF:6
LH:1
BRDA:21,0,0,0
BRDA:21,0,1,0
BRDA:21,0,2,0
BRDA:40,1,0,0
BRDA:40,1,1,0
BRF:5
BRH:0
end_of_record
TN:
SF:src\screens\SSILoadingScreen\index.tsx
FN:18,(anonymous_0)
FN:20,(anonymous_1)
FN:23,(anonymous_2)
FN:27,(anonymous_3)
FNF:4
FNH:3
FNDA:3,(anonymous_0)
FNDA:0,(anonymous_1)
FNDA:3,(anonymous_2)
FNDA:3,(anonymous_3)
DA:18,3
DA:20,3
DA:23,3
DA:24,3
DA:28,3
DA:29,3
LF:6
LH:6
BRF:0
BRH:0
end_of_record
TN:
SF:src\screens\SSILockScreen\index.tsx
FN:18,(anonymous_0)
FN:19,(anonymous_1)
FNF:2
FNH:0
FNDA:0,(anonymous_0)
FNDA:0,(anonymous_1)
DA:18,1
DA:19,0
DA:20,0
DA:23,0
DA:24,0
DA:26,0
DA:29,0
LF:7
LH:1
BRDA:23,0,0,0
BRDA:23,0,1,0
BRF:2
BRH:0
end_of_record
TN:
SF:src\screens\SSINotificationsOverviewScreen\index.tsx
FN:17,(anonymous_0)
FNF:1
FNH:0
FNDA:0,(anonymous_0)
DA:17,1
DA:18,0
LF:2
LH:1
BRF:0
BRH:0
end_of_record
TN:
SF:src\screens\SSIQRReaderScreen\index.tsx
FN:15,(anonymous_0)
FN:16,(anonymous_1)
FNF:2
FNH:0
FNDA:0,(anonymous_0)
FNDA:0,(anonymous_1)
DA:15,1
DA:16,0
DA:17,0
DA:20,0
DA:21,0
DA:22,0
DA:25,0
LF:7
LH:1
BRDA:20,0,0,0
BRDA:20,0,1,0
BRF:2
BRH:0
end_of_record
TN:
SF:src\screens\SSIVerificationCodeScreen\index.tsx
FN:17,(anonymous_0)
FN:20,(anonymous_1)
FN:33,(anonymous_2)
FNF:3
FNH:0
FNDA:0,(anonymous_0)
FNDA:0,(anonymous_1)
FNDA:0,(anonymous_2)
DA:17,1
DA:18,0
DA:20,0
DA:21,0
DA:33,0
DA:38,0
LF:6
LH:1
BRF:0
BRH:0
end_of_record
TN:
SF:src\services\authenticationService.ts
FN:14,(anonymous_0)
FN:19,(anonymous_1)
FN:23,(anonymous_2)
FN:29,(anonymous_3)
FN:30,(anonymous_4)
FNF:5
FNH:0
FNDA:0,(anonymous_0)
FNDA:0,(anonymous_1)
FNDA:0,(anonymous_2)
FNDA:0,(anonymous_3)
FNDA:0,(anonymous_4)
DA:12,1
DA:14,1
DA:16,0
DA:19,1
DA:20,0
DA:23,1
DA:25,0
DA:26,0
DA:29,1
DA:30,0
DA:32,0
DA:33,0
DA:34,0
DA:35,0
DA:37,0
DA:39,0
DA:41,0
LF:17
LH:5
BRDA:32,0,0,0
BRDA:32,0,1,0
BRDA:32,1,0,0
BRDA:32,1,1,0
BRDA:34,2,0,0
BRDA:34,2,1,0
BRF:6
BRH:0
end_of_record
TN:
SF:src\services\brandingService.ts
FN:13,(anonymous_0)
FN:18,(anonymous_1)
FN:23,(anonymous_2)
FN:30,(anonymous_3)
FN:36,(anonymous_4)
FN:43,(anonymous_5)
FNF:6
FNH:1
FNDA:0,(anonymous_0)
FNDA:0,(anonymous_1)
FNDA:1,(anonymous_2)
FNDA:0,(anonymous_3)
FNDA:0,(anonymous_4)
FNDA:0,(anonymous_5)
DA:11,1
DA:13,1
DA:14,0
DA:15,0
DA:18,1
DA:19,0
DA:20,0
DA:23,1
DA:28,1
DA:29,1
DA:31,0
DA:34,1
DA:35,1
DA:36,0
DA:41,1
DA:42,1
DA:43,0
DA:48,1
LF:18
LH:11
BRDA:31,0,0,0
BRDA:31,0,1,0
BRDA:34,1,0,1
BRDA:34,1,1,1
BRDA:35,2,0,0
BRDA:35,2,1,1
BRDA:41,3,0,1
BRDA:41,3,1,1
BRDA:42,4,0,0
BRDA:42,4,1,1
BRF:10
BRH:6
end_of_record
TN:
SF:src\services\contactService.ts
FN:11,(anonymous_0)
FN:16,(anonymous_1)
FN:19,(anonymous_2)
FN:23,(anonymous_3)
FN:26,(anonymous_4)
FN:29,(anonymous_5)
FN:33,(anonymous_6)
FN:36,(anonymous_7)
FN:39,(anonymous_8)
FN:43,(anonymous_9)
FN:46,(anonymous_10)
FN:49,(anonymous_11)
FN:53,(anonymous_12)
FNF:13
FNH:1
FNDA:1,(anonymous_0)
FNDA:0,(anonymous_1)
FNDA:0,(anonymous_2)
FNDA:0,(anonymous_3)
FNDA:0,(anonymous_4)
FNDA:0,(anonymous_5)
FNDA:0,(anonymous_6)
FNDA:0,(anonymous_7)
FNDA:0,(anonymous_8)
FNDA:0,(anonymous_9)
FNDA:0,(anonymous_10)
FNDA:0,(anonymous_11)
FNDA:0,(anonymous_12)
DA:9,1
DA:11,1
DA:12,1
DA:13,1
DA:16,1
DA:17,0
DA:18,0
DA:20,0
DA:21,0
DA:23,0
DA:26,1
DA:27,0
DA:28,0
DA:30,0
DA:31,0
DA:33,0
DA:36,1
DA:37,0
DA:38,0
DA:40,0
DA:41,0
DA:43,0
DA:46,1
DA:47,0
DA:48,0
DA:50,0
DA:51,0
DA:53,0
LF:28
LH:8
BRF:0
BRH:0
end_of_record
TN:
SF:src\services\credentialService.ts
FN:22,(anonymous_0)
FN:26,(anonymous_1)
FN:30,(anonymous_2)
FN:34,(anonymous_3)
FN:35,(anonymous_4)
FN:38,(anonymous_5)
FN:42,(anonymous_6)
FN:65,(anonymous_7)
FN:68,(anonymous_8)
FNF:9
FNH:3
FNDA:1,(anonymous_0)
FNDA:1,(anonymous_1)
FNDA:0,(anonymous_2)
FNDA:0,(anonymous_3)
FNDA:0,(anonymous_4)
FNDA:1,(anonymous_5)
FNDA:0,(anonymous_6)
FNDA:0,(anonymous_7)
FNDA:0,(anonymous_8)
DA:22,1
DA:23,1
DA:26,1
DA:27,1
DA:30,1
DA:31,0
DA:34,1
DA:35,0
DA:38,1
DA:39,1
DA:42,1
DA:44,0
DA:46,0
DA:47,0
DA:57,0
DA:60,0
DA:61,0
DA:62,0
DA:63,0
DA:64,0
DA:65,0
DA:66,0
DA:68,0
DA:72,0
LF:24
LH:9
BRDA:46,0,0,0
BRDA:46,0,1,0
BRDA:50,1,0,0
BRDA:50,1,1,0
BRDA:60,2,0,0
BRDA:60,2,1,0
BRDA:61,3,0,0
BRDA:61,3,1,0
BRDA:62,4,0,0
BRDA:62,4,1,0
BRDA:63,5,0,0
BRDA:63,5,1,0
BRDA:63,6,0,0
BRDA:63,6,1,0
BRDA:64,7,0,0
BRDA:64,7,1,0
BRDA:65,8,0,0
BRDA:65,8,1,0
BRDA:65,9,0,0
BRDA:65,9,1,0
BRDA:67,10,0,0
BRDA:67,10,1,0
BRDA:68,11,0,0
BRDA:68,11,1,0
BRDA:68,12,0,0
BRDA:68,12,1,0
BRF:26
BRH:0
end_of_record
TN:
SF:src\services\fileService.ts
FN:5,(anonymous_0)
FNF:1
FNH:0
FNDA:0,(anonymous_0)
DA:5,1
DA:6,0
LF:2
LH:1
BRF:0
BRH:0
end_of_record
TN:
SF:src\services\identityService.ts
FN:10,(anonymous_0)
FN:15,(anonymous_1)
FN:24,(anonymous_2)
FN:25,(anonymous_3)
FN:34,(anonymous_4)
FN:36,(anonymous_5)
FN:37,(anonymous_6)
FNF:7
FNH:2
FNDA:0,(anonymous_0)
FNDA:1,(anonymous_1)
FNDA:0,(anonymous_2)
FNDA:0,(anonymous_3)
FNDA:1,(anonymous_4)
FNDA:0,(anonymous_5)
FNDA:0,(anonymous_6)
DA:10,1
DA:12,0
DA:15,1
DA:16,1
DA:23,1
DA:24,0
DA:25,0
DA:26,0
DA:31,1
DA:34,1
DA:35,1
DA:37,0
DA:40,1
DA:43,1
DA:45,1
LF:15
LH:10
BRDA:17,0,0,1
BRDA:17,0,1,1
BRDA:18,1,0,1
BRDA:18,1,1,1
BRDA:19,2,0,1
BRDA:19,2,1,1
BRDA:23,3,0,0
BRDA:23,3,1,1
BRDA:35,4,0,1
BRDA:35,4,1,0
BRDA:37,5,0,0
BRDA:37,5,1,0
BRDA:43,6,0,1
BRDA:43,6,1,0
BRDA:43,7,0,1
BRDA:43,7,1,1
BRF:16
BRH:11
end_of_record
TN:
SF:src\services\onboardingService.ts
FN:14,(anonymous_0)
FN:21,(anonymous_1)
FN:21,(anonymous_2)
FN:28,(anonymous_3)
FNF:4
FNH:4
FNDA:1,(anonymous_0)
FNDA:1,(anonymous_1)
FNDA:1,(anonymous_2)
FNDA:1,(anonymous_3)
DA:14,1
DA:15,1
DA:21,1
DA:24,1
DA:25,1
DA:28,1
DA:29,1
DA:31,1
DA:32,1
DA:33,1
DA:34,1
DA:35,1
DA:57,1
DA:59,1
DA:64,1
DA:65,1
LF:16
LH:16
BRDA:38,0,0,1
BRDA:38,0,1,0
BRDA:42,1,0,1
BRDA:42,1,1,0
BRDA:43,2,0,1
BRDA:43,2,1,0
BRDA:44,3,0,1
BRDA:44,3,1,1
BRDA:45,4,0,1
BRDA:45,4,1,0
BRDA:48,5,0,1
BRDA:48,5,1,0
BRDA:52,6,0,1
BRDA:52,6,1,0
BRF:14
BRH:8
end_of_record
TN:
SF:src\services\qrService.ts
FN:79,(anonymous_0)
FN:81,(anonymous_1)
FN:82,(anonymous_2)
FN:85,(anonymous_3)
FN:108,(anonymous_4)
FN:123,(anonymous_5)
FN:134,(anonymous_6)
FN:150,(anonymous_7)
FN:168,(anonymous_8)
FN:181,(anonymous_9)
FN:193,(anonymous_10)
FN:194,(anonymous_11)
FN:201,(anonymous_12)
FN:245,(anonymous_13)
FN:258,(anonymous_14)
FN:267,(anonymous_15)
FN:274,(anonymous_16)
FN:297,(anonymous_17)
FN:298,(anonymous_18)
FN:341,(anonymous_19)
FN:345,(anonymous_20)
FN:346,(anonymous_21)
FN:369,(anonymous_22)
FN:390,(anonymous_23)
FN:395,(anonymous_24)
FN:395,(anonymous_25)
FN:404,(anonymous_26)
FN:411,(anonymous_27)
FN:420,getIssuerDisplays
FN:423,(anonymous_29)
FN:425,(anonymous_30)
FN:430,getName
FN:445,(anonymous_32)
FN:446,(anonymous_33)
FN:461,(anonymous_34)
FN:491,(anonymous_35)
FN:496,(anonymous_36)
FN:496,(anonymous_37)
FN:510,(anonymous_38)
FN:514,(anonymous_39)
FN:516,(anonymous_40)
FN:533,(anonymous_41)
FN:552,(anonymous_42)
FN:557,(anonymous_43)
FN:564,(anonymous_44)
FN:577,(anonymous_45)
FN:580,(anonymous_46)
FN:623,(anonymous_47)
FN:624,(anonymous_48)
FN:634,(anonymous_49)
FN:646,(anonymous_50)
FN:655,(anonymous_51)
FN:664,(anonymous_52)
FN:669,(anonymous_53)
FN:683,(anonymous_54)
FN:692,(anonymous_55)
FN:711,(anonymous_56)
FN:725,(anonymous_57)
FN:726,(anonymous_58)
FN:728,(anonymous_59)
FNF:60
FNH:0
FNDA:0,(anonymous_0)
FNDA:0,(anonymous_1)
FNDA:0,(anonymous_2)
FNDA:0,(anonymous_3)
FNDA:0,(anonymous_4)
FNDA:0,(anonymous_5)
FNDA:0,(anonymous_6)
FNDA:0,(anonymous_7)
FNDA:0,(anonymous_8)
FNDA:0,(anonymous_9)
FNDA:0,(anonymous_10)
FNDA:0,(anonymous_11)
FNDA:0,(anonymous_12)
FNDA:0,(anonymous_13)
FNDA:0,(anonymous_14)
FNDA:0,(anonymous_15)
FNDA:0,(anonymous_16)
FNDA:0,(anonymous_17)
FNDA:0,(anonymous_18)
FNDA:0,(anonymous_19)
FNDA:0,(anonymous_20)
FNDA:0,(anonymous_21)
FNDA:0,(anonymous_22)
FNDA:0,(anonymous_23)
FNDA:0,(anonymous_24)
FNDA:0,(anonymous_25)
FNDA:0,(anonymous_26)
FNDA:0,(anonymous_27)
FNDA:0,getIssuerDisplays
FNDA:0,(anonymous_29)
FNDA:0,(anonymous_30)
FNDA:0,getName
FNDA:0,(anonymous_32)
FNDA:0,(anonymous_33)
FNDA:0,(anonymous_34)
FNDA:0,(anonymous_35)
FNDA:0,(anonymous_36)
FNDA:0,(anonymous_37)
FNDA:0,(anonymous_38)
FNDA:0,(anonymous_39)
FNDA:0,(anonymous_40)
FNDA:0,(anonymous_41)
FNDA:0,(anonymous_42)
FNDA:0,(anonymous_43)
FNDA:0,(anonymous_44)
FNDA:0,(anonymous_45)
FNDA:0,(anonymous_46)
FNDA:0,(anonymous_47)
FNDA:0,(anonymous_48)
FNDA:0,(anonymous_49)
FNDA:0,(anonymous_50)
FNDA:0,(anonymous_51)
FNDA:0,(anonymous_52)
FNDA:0,(anonymous_53)
FNDA:0,(anonymous_54)
FNDA:0,(anonymous_55)
FNDA:0,(anonymous_56)
FNDA:0,(anonymous_57)
FNDA:0,(anonymous_58)
FNDA:0,(anonymous_59)
DA:76,1
DA:77,1
DA:79,1
DA:80,0
DA:81,0
DA:82,0
DA:85,1
DA:86,0
DA:87,0
DA:88,0
DA:89,0
DA:92,0
DA:95,0
DA:96,0
DA:97,0
DA:98,0
DA:104,0
DA:107,0
DA:108,0
DA:109,0
DA:110,0
DA:112,0
DA:113,0
DA:114,0
DA:116,0
DA:120,0
DA:123,1
DA:124,0
DA:125,0
DA:130,0
DA:134,1
DA:135,0
DA:136,0
DA:142,0
DA:150,1
DA:151,0
DA:153,0
DA:154,0
DA:156,0
DA:160,0
DA:163,0
DA:168,1
DA:169,0
DA:170,0
DA:171,0
DA:181,0
DA:182,0
DA:186,0
DA:192,0
DA:193,0
DA:195,0
DA:196,0
DA:201,1
DA:202,0
DA:211,0
DA:222,0
DA:223,0
DA:225,0
DA:226,0
DA:227,0
DA:233,0
DA:234,0
DA:235,0
DA:236,0
DA:239,0
DA:240,0
DA:245,0
DA:249,0
DA:259,0
DA:262,0
DA:268,0
DA:269,0
DA:270,0
DA:274,0
DA:276,0
DA:277,0
DA:278,0
DA:279,0
DA:284,0
DA:285,0
DA:296,0
DA:297,0
DA:298,0
DA:300,0
DA:301,0
DA:318,0
DA:325,0
DA:326,0
DA:328,0
DA:329,0
DA:331,0
DA:333,0
DA:342,0
DA:346,0
DA:347,0
DA:348,0
DA:352,0
DA:359,0
DA:370,0
DA:371,0
DA:391,0
DA:395,0
DA:399,0
DA:404,1
DA:405,0
DA:406,0
DA:407,0
DA:412,0
DA:422,0
DA:423,0
DA:425,0
DA:431,0
DA:433,0
DA:434,0
DA:435,0
DA:436,0
DA:439,0
DA:440,0
DA:442,0
DA:445,1
DA:446,0
DA:447,0
DA:448,0
DA:449,0
DA:450,0
DA:451,0
DA:462,0
DA:463,0
DA:492,0
DA:496,0
DA:499,0
DA:505,0
DA:510,0
DA:511,0
DA:512,0
DA:513,0
DA:516,0
DA:517,0
DA:527,0
DA:528,0
DA:534,0
DA:540,0
DA:544,0
DA:550,0
DA:552,0
DA:557,0
DA:558,0
DA:559,0
DA:564,0
DA:567,0
DA:573,0
DA:577,0
DA:578,0
DA:581,0
DA:583,0
DA:584,0
DA:585,0
DA:586,0
DA:591,0
DA:592,0
DA:593,0
DA:599,0
DA:601,0
DA:602,0
DA:613,0
DA:614,0
DA:615,0
DA:623,0
DA:624,0
DA:626,0
DA:627,0
DA:628,0
DA:632,0
DA:634,0
DA:636,0
DA:638,0
DA:647,0
DA:648,0
DA:654,0
DA:656,0
DA:659,0
DA:664,0
DA:670,0
DA:677,0
DA:685,0
DA:686,0
DA:687,0
DA:689,0
DA:692,0
DA:693,0
DA:694,0
DA:696,0
DA:711,0
DA:717,0
DA:724,0
DA:726,0
DA:729,0
DA:730,0
DA:731,0
LF:199
LH:11
BRDA:88,0,0,0
BRDA:88,0,1,0
BRDA:88,1,0,0
BRDA:88,1,1,0
BRDA:97,2,0,0
BRDA:97,2,1,0
BRDA:107,3,0,0
BRDA:107,3,1,0
BRDA:107,4,0,0
BRDA:107,4,1,0
BRDA:112,5,0,0
BRDA:112,5,1,0
BRDA:112,6,0,0
BRDA:112,6,1,0
BRDA:135,7,0,0
BRDA:135,7,1,0
BRDA:151,8,0,0
BRDA:151,8,1,0
BRDA:151,8,2,0
BRDA:151,8,3,0
BRDA:151,8,4,0
BRDA:151,8,5,0
BRDA:153,9,0,0
BRDA:153,9,1,0
BRDA:195,10,0,0
BRDA:195,10,1,0
BRDA:228,11,0,0
BRDA:228,11,1,0
BRDA:229,12,0,0
BRDA:229,12,1,0
BRDA:231,13,0,0
BRDA:231,13,1,0
BRDA:239,14,0,0
BRDA:239,14,1,0
BRDA:240,15,0,0
BRDA:240,15,1,0
BRDA:242,16,0,0
BRDA:242,16,1,0
BRDA:264,17,0,0
BRDA:264,17,1,0
BRDA:278,18,0,0
BRDA:278,18,1,0
BRDA:279,19,0,0
BRDA:279,19,1,0
BRDA:280,20,0,0
BRDA:280,20,1,0
BRDA:284,21,0,0
BRDA:284,21,1,0
BRDA:290,22,0,0
BRDA:290,22,1,0
BRDA:290,22,2,0
BRDA:296,23,0,0
BRDA:296,23,1,0
BRDA:300,24,0,0
BRDA:300,24,1,0
BRDA:305,25,0,0
BRDA:305,25,1,0
BRDA:308,26,0,0
BRDA:308,26,1,0
BRDA:325,27,0,0
BRDA:325,27,1,0
BRDA:325,28,0,0
BRDA:325,28,1,0
BRDA:328,29,0,0
BRDA:328,29,1,0
BRDA:336,30,0,0
BRDA:336,30,1,0
BRDA:336,30,2,0
BRDA:364,31,0,0
BRDA:364,31,1,0
BRDA:370,32,0,0
BRDA:370,32,1,0
BRDA:374,33,0,0
BRDA:374,33,1,0
BRDA:374,33,2,0
BRDA:405,34,0,0
BRDA:405,34,1,0
BRDA:409,35,0,0
BRDA:409,35,1,0
BRDA:422,36,0,0
BRDA:422,36,1,0
BRDA:423,37,0,0
BRDA:423,37,1,0
BRDA:423,37,2,0
BRDA:423,37,3,0
BRDA:423,37,4,0
BRDA:425,38,0,0
BRDA:425,38,1,0
BRDA:425,39,0,0
BRDA:425,39,1,0
BRDA:431,40,0,0
BRDA:431,40,1,0
BRDA:434,41,0,0
BRDA:434,41,1,0
BRDA:439,42,0,0
BRDA:439,42,1,0
BRDA:462,43,0,0
BRDA:462,43,1,0
BRDA:516,44,0,0
BRDA:516,44,1,0
BRDA:521,45,0,0
BRDA:521,45,1,0
BRDA:527,46,0,0
BRDA:527,46,1,0
BRDA:558,47,0,0
BRDA:558,47,1,0
BRDA:591,48,0,0
BRDA:591,48,1,0
BRDA:591,49,0,0
BRDA:591,49,1,0
BRDA:613,50,0,0
BRDA:613,50,1,0
BRDA:614,51,0,0
BRDA:614,51,1,0
BRDA:626,52,0,0
BRDA:626,52,1,0
BRDA:647,53,0,0
BRDA:647,53,1,0
BRDA:647,54,0,0
BRDA:647,54,1,0
BRDA:685,55,0,0
BRDA:685,55,1,0
BRDA:686,56,0,0
BRDA:686,56,1,0
BRDA:686,57,0,0
BRDA:686,57,1,0
BRDA:694,58,0,0
BRDA:694,58,1,0
BRDA:702,59,0,0
BRDA:702,59,1,0
BRF:130
BRH:0
end_of_record
TN:
SF:src\services\signatureService.ts
FN:8,(anonymous_0)
FN:17,(anonymous_1)
FN:23,(anonymous_2)
FNF:3
FNH:0
FNDA:0,(anonymous_0)
FNDA:0,(anonymous_1)
FNDA:0,(anonymous_2)
DA:8,1
DA:9,0
DA:14,0
DA:17,1
DA:19,0
DA:21,0
DA:23,0
DA:24,0
DA:26,0
LF:9
LH:2
BRDA:24,0,0,0
BRDA:24,0,1,0
BRF:2
BRH:0
end_of_record
TN:
SF:src\services\storageService.ts
FN:13,(anonymous_0)
FN:17,(anonymous_1)
FN:28,(anonymous_2)
FN:37,(anonymous_3)
FN:40,(anonymous_4)
FN:43,(anonymous_5)
FN:51,(anonymous_6)
FN:57,(anonymous_7)
FN:60,(anonymous_8)
FN:64,(anonymous_9)
FN:71,(anonymous_10)
FN:80,(anonymous_11)
FN:83,(anonymous_12)
FN:88,(anonymous_13)
FN:90,(anonymous_14)
FN:93,(anonymous_15)
FN:95,(anonymous_16)
FNF:17
FNH:6
FNDA:1,(anonymous_0)
FNDA:1,(anonymous_1)
FNDA:0,(anonymous_2)
FNDA:0,(anonymous_3)
FNDA:1,(anonymous_4)
FNDA:1,(anonymous_5)
FNDA:1,(anonymous_6)
FNDA:0,(anonymous_7)
FNDA:0,(anonymous_8)
FNDA:0,(anonymous_9)
FNDA:0,(anonymous_10)
FNDA:0,(anonymous_11)
FNDA:1,(anonymous_12)
FNDA:0,(anonymous_13)
FNDA:0,(anonymous_14)
FNDA:0,(anonymous_15)
FNDA:0,(anonymous_16)
DA:8,1
DA:10,1
DA:11,1
DA:13,1
DA:14,1
DA:16,1
DA:18,1
DA:19,1
DA:20,1
DA:21,1
DA:23,1
DA:26,0
DA:27,0
DA:28,0
DA:29,0
DA:32,0
DA:34,0
DA:35,0
DA:37,0
DA:40,1
DA:41,1
DA:42,1
DA:44,1
DA:45,0
DA:46,0
DA:49,1
DA:50,1
DA:51,1
DA:52,1
DA:55,1
DA:57,0
DA:60,1
DA:61,0
DA:63,0
DA:65,0
DA:66,0
DA:67,0
DA:70,0
DA:71,0
DA:72,0
DA:75,0
DA:76,0
DA:78,0
DA:80,0
DA:83,1
DA:84,1
DA:85,1
DA:88,1
DA:89,0
DA:90,0
DA:93,1
DA:94,0
DA:95,0
LF:53
LH:26
BRDA:18,0,0,1
BRDA:18,0,1,0
BRDA:18,1,0,1
BRDA:18,1,1,0
BRDA:44,2,0,0
BRDA:44,2,1,1
BRDA:44,3,0,1
BRDA:44,3,1,1
BRDA:65,4,0,0
BRDA:65,4,1,0
BRDA:65,5,0,0
BRDA:65,5,1,0
BRDA:83,6,0,1
BRF:13
BRH:6
end_of_record
TN:
SF:src\services\userService.ts
FN:12,(anonymous_0)
FN:18,(anonymous_1)
FN:25,(anonymous_2)
FN:29,(anonymous_3)
FN:32,(anonymous_4)
FN:34,(anonymous_5)
FN:37,(anonymous_6)
FN:45,(anonymous_7)
FN:49,(anonymous_8)
FN:52,(anonymous_9)
FN:53,(anonymous_10)
FNF:11
FNH:4
FNDA:1,(anonymous_0)
FNDA:1,(anonymous_1)
FNDA:1,(anonymous_2)
FNDA:0,(anonymous_3)
FNDA:1,(anonymous_4)
FNDA:0,(anonymous_5)
FNDA:0,(anonymous_6)
FNDA:0,(anonymous_7)
FNDA:0,(anonymous_8)
FNDA:0,(anonymous_9)
FNDA:0,(anonymous_10)
DA:8,1
DA:12,1
DA:13,1
DA:14,1
DA:18,1
DA:24,1
DA:26,1
DA:27,1
DA:29,0
DA:32,1
DA:33,1
DA:34,1
DA:37,1
DA:38,0
DA:39,0
DA:44,0
DA:46,0
DA:47,0
DA:49,0
DA:52,1
DA:53,0
LF:21
LH:13
BRDA:17,0,0,1
BRDA:17,0,1,0
BRF:2
BRH:1
end_of_record
TN:
SF:src\store\index.ts
FNF:0
FNH:0
DA:8,1
DA:14,1
LF:2
LH:2
BRF:0
BRH:0
end_of_record
TN:
SF:src\store\actions\contact.actions.ts
FN:34,(anonymous_0)
FN:35,(anonymous_1)
FN:37,(anonymous_2)
FN:39,(anonymous_3)
FN:40,(anonymous_4)
FN:45,(anonymous_5)
FN:46,(anonymous_6)
FN:49,(anonymous_7)
FN:53,(anonymous_8)
FN:57,(anonymous_9)
FN:58,(anonymous_10)
FN:61,(anonymous_11)
FN:65,(anonymous_12)
FN:69,(anonymous_13)
FN:70,(anonymous_14)
FN:73,(anonymous_15)
FN:74,(anonymous_16)
FN:87,(anonymous_17)
FN:88,(anonymous_18)
FN:92,(anonymous_19)
FN:101,(anonymous_20)
FN:108,(anonymous_21)
FN:122,(anonymous_22)
FNF:23
FNH:6
FNDA:1,(anonymous_0)
FNDA:1,(anonymous_1)
FNDA:1,(anonymous_2)
FNDA:1,(anonymous_3)
FNDA:0,(anonymous_4)
FNDA:0,(anonymous_5)
FNDA:0,(anonymous_6)
FNDA:0,(anonymous_7)
FNDA:0,(anonymous_8)
FNDA:0,(anonymous_9)
FNDA:0,(anonymous_10)
FNDA:0,(anonymous_11)
FNDA:0,(anonymous_12)
FNDA:0,(anonymous_13)
FNDA:0,(anonymous_14)
FNDA:0,(anonymous_15)
FNDA:0,(anonymous_16)
FNDA:0,(anonymous_17)
FNDA:0,(anonymous_18)
FNDA:0,(anonymous_19)
FNDA:0,(anonymous_20)
FNDA:1,(anonymous_21)
FNDA:1,(anonymous_22)
DA:34,1
DA:35,1
DA:36,1
DA:37,1
DA:38,1
DA:39,1
DA:40,0
DA:45,1
DA:46,0
DA:47,0
DA:48,0
DA:50,0
DA:51,0
DA:53,0
DA:57,1
DA:58,0
DA:59,0
DA:60,0
DA:62,0
DA:63,0
DA:65,0
DA:69,1
DA:70,0
DA:71,0
DA:72,0
DA:73,0
DA:76,0
DA:81,0
DA:82,0
DA:87,1
DA:88,0
DA:89,0
DA:91,0
DA:93,0
DA:94,0
DA:95,0
DA:97,0
DA:98,0
DA:102,0
DA:103,0
DA:108,1
DA:109,1
DA:111,1
DA:113,1
DA:115,1
DA:122,1
LF:46
LH:16
BRDA:93,0,0,0
BRDA:93,0,1,0
BRF:2
BRH:0
end_of_record
TN:
SF:src\store\actions\credential.actions.ts
FN:30,(anonymous_0)
FN:31,(anonymous_1)
FN:34,(anonymous_2)
FN:35,(anonymous_3)
FN:40,(anonymous_4)
FN:42,(anonymous_5)
FN:49,(anonymous_6)
FN:53,(anonymous_7)
FN:54,(anonymous_8)
FN:58,(anonymous_9)
FN:60,(anonymous_10)
FN:67,(anonymous_11)
FN:71,(anonymous_12)
FN:72,(anonymous_13)
FN:75,(anonymous_14)
FN:87,(anonymous_15)
FN:94,(anonymous_16)
FN:95,(anonymous_17)
FN:98,(anonymous_18)
FN:99,(anonymous_19)
FN:100,(anonymous_20)
FN:109,(anonymous_21)
FNF:22
FNH:5
FNDA:1,(anonymous_0)
FNDA:1,(anonymous_1)
FNDA:1,(anonymous_2)
FNDA:1,(anonymous_3)
FNDA:1,(anonymous_4)
FNDA:0,(anonymous_5)
FNDA:0,(anonymous_6)
FNDA:0,(anonymous_7)
FNDA:0,(anonymous_8)
FNDA:0,(anonymous_9)
FNDA:0,(anonymous_10)
FNDA:0,(anonymous_11)
FNDA:0,(anonymous_12)
FNDA:0,(anonymous_13)
FNDA:0,(anonymous_14)
FNDA:0,(anonymous_15)
FNDA:0,(anonymous_16)
FNDA:0,(anonymous_17)
FNDA:0,(anonymous_18)
FNDA:0,(anonymous_19)
FNDA:0,(anonymous_20)
FNDA:0,(anonymous_21)
DA:30,1
DA:31,1
DA:32,1
DA:33,1
DA:35,1
DA:38,1
DA:39,1
DA:41,1
DA:42,0
DA:44,1
DA:47,1
DA:49,0
DA:53,1
DA:54,0
DA:55,0
DA:56,0
DA:57,0
DA:59,0
DA:60,0
DA:61,0
DA:67,0
DA:71,1
DA:72,0
DA:73,0
DA:74,0
DA:76,0
DA:77,0
DA:78,0
DA:83,0
DA:84,0
DA:88,0
DA:89,0
DA:94,1
DA:95,0
DA:96,0
DA:97,0
DA:99,0
DA:100,0
DA:102,0
DA:110,0
DA:111,0
LF:41
LH:13
BRDA:76,0,0,0
BRDA:76,0,1,0
BRF:2
BRH:0
end_of_record
TN:
SF:src\store\actions\user.actions.ts
FN:38,(anonymous_0)
FN:39,(anonymous_1)
FN:42,(anonymous_2)
FN:46,(anonymous_3)
FN:53,(anonymous_4)
FN:54,(anonymous_5)
FN:57,(anonymous_6)
FN:58,(anonymous_7)
FN:62,(anonymous_8)
FN:63,(anonymous_9)
FN:78,(anonymous_10)
FN:79,(anonymous_11)
FN:83,(anonymous_12)
FN:84,(anonymous_13)
FN:87,(anonymous_14)
FN:96,(anonymous_15)
FN:105,(anonymous_16)
FN:121,(anonymous_17)
FN:125,(anonymous_18)
FN:126,(anonymous_19)
FN:135,(anonymous_20)
FN:136,(anonymous_21)
FN:141,(anonymous_22)
FN:150,(anonymous_23)
FNF:24
FNH:7
FNDA:1,(anonymous_0)
FNDA:1,(anonymous_1)
FNDA:1,(anonymous_2)
FNDA:0,(anonymous_3)
FNDA:0,(anonymous_4)
FNDA:0,(anonymous_5)
FNDA:0,(anonymous_6)
FNDA:0,(anonymous_7)
FNDA:0,(anonymous_8)
FNDA:0,(anonymous_9)
FNDA:0,(anonymous_10)
FNDA:0,(anonymous_11)
FNDA:1,(anonymous_12)
FNDA:1,(anonymous_13)
FNDA:1,(anonymous_14)
FNDA:0,(anonymous_15)
FNDA:1,(anonymous_16)
FNDA:0,(anonymous_17)
FNDA:0,(anonymous_18)
FNDA:0,(anonymous_19)
FNDA:0,(anonymous_20)
FNDA:0,(anonymous_21)
FNDA:0,(anonymous_22)
FNDA:0,(anonymous_23)
DA:38,1
DA:39,1
DA:40,1
DA:41,1
DA:43,1
DA:44,1
DA:47,0
DA:48,0
DA:53,1
DA:54,0
DA:55,0
DA:56,0
DA:57,0
DA:58,0
DA:62,1
DA:63,0
DA:64,0
DA:65,0
DA:66,0
DA:72,0
DA:77,0
DA:78,0
DA:79,0
DA:83,1
DA:84,1
DA:85,1
DA:86,1
DA:88,1
DA:89,1
DA:90,1
DA:91,1
DA:93,1
DA:94,1
DA:95,1
DA:96,0
DA:97,0
DA:100,1
DA:101,1
DA:102,1
DA:104,1
DA:105,1
DA:106,1
DA:108,1
DA:109,1
DA:111,1
DA:112,1
DA:114,1
DA:115,0
DA:118,0
DA:121,0
DA:125,1
DA:126,0
DA:128,0
DA:129,0
DA:130,0
DA:135,1
DA:136,0
DA:137,0
DA:140,0
DA:142,0
DA:143,0
DA:144,0
DA:145,0
DA:147,0
DA:148,0
DA:151,0
LF:66
LH:32
BRDA:89,0,0,1
BRDA:89,0,1,0
BRDA:95,1,0,1
BRDA:95,1,1,0
BRDA:104,2,0,2
BRDA:104,2,1,1
BRDA:114,3,0,0
BRDA:114,3,1,1
BRF:8
BRH:5
end_of_record
TN:
SF:src\store\reducers\contact.reducer.ts
FN:27,(anonymous_0)
FN:64,(anonymous_1)
FN:79,(anonymous_2)
FN:93,(anonymous_3)
FNF:4
FNH:1
FNDA:14,(anonymous_0)
FNDA:0,(anonymous_1)
FNDA:0,(anonymous_2)
FNDA:0,(anonymous_3)
DA:22,1
DA:27,1
DA:28,14
DA:30,1
DA:36,1
DA:43,0
DA:49,0
DA:56,0
DA:62,0
DA:64,0
DA:71,0
DA:77,0
DA:79,0
DA:84,0
DA:90,0
DA:94,0
DA:101,0
DA:107,0
DA:110,12
LF:19
LH:6
BRDA:27,0,0,3
BRDA:28,1,0,1
BRDA:28,1,1,1
BRDA:28,1,2,0
BRDA:28,1,3,0
BRDA:28,1,4,0
BRDA:28,1,5,0
BRDA:28,1,6,0
BRDA:28,1,7,0
BRDA:28,1,8,0
BRDA:28,1,9,0
BRDA:28,1,10,0
BRDA:28,1,11,0
BRDA:28,1,12,12
BRDA:94,2,0,0
BRDA:94,2,1,0
BRF:16
BRH:4
end_of_record
TN:
SF:src\store\reducers\credential.reducer.ts
FN:22,(anonymous_0)
FN:61,(anonymous_1)
FNF:2
FNH:1
FNDA:14,(anonymous_0)
FNDA:0,(anonymous_1)
DA:17,1
DA:22,1
DA:25,14
DA:27,1
DA:33,1
DA:40,0
DA:46,0
DA:53,0
DA:59,0
DA:61,0
DA:66,0
DA:72,0
DA:79,0
DA:85,0
DA:88,12
LF:15
LH:6
BRDA:22,0,0,3
BRDA:25,1,0,1
BRDA:25,1,1,1
BRDA:25,1,2,0
BRDA:25,1,3,0
BRDA:25,1,4,0
BRDA:25,1,5,0
BRDA:25,1,6,0
BRDA:25,1,7,0
BRDA:25,1,8,0
BRDA:25,1,9,0
BRDA:25,1,10,12
BRF:12
BRH:4
end_of_record
TN:
SF:src\store\reducers\user.reducer.ts
FN:25,(anonymous_0)
FNF:1
FNH:1
FNDA:14,(anonymous_0)
DA:19,1
DA:25,1
DA:28,14
DA:30,2
DA:36,1
DA:43,0
DA:49,0
DA:56,0
DA:62,4
DA:69,0
DA:76,0
DA:82,0
DA:90,0
DA:96,0
DA:97,0
DA:103,0
DA:109,7
LF:17
LH:7
BRDA:25,0,0,3
BRDA:28,1,0,2
BRDA:28,1,1,1
BRDA:28,1,2,0
BRDA:28,1,3,0
BRDA:28,1,4,0
BRDA:28,1,5,4
BRDA:28,1,6,0
BRDA:28,1,7,0
BRDA:28,1,8,0
BRDA:28,1,9,0
BRDA:28,1,10,0
BRDA:28,1,11,0
BRDA:28,1,12,7
BRF:14
BRH:5
end_of_record
TN:
SF:src\styles\colors.ts
FNF:0
FNH:0
DA:5,1
DA:14,1
DA:21,1
DA:27,1
DA:34,1
DA:49,1
DA:74,1
DA:91,1
DA:98,1
DA:109,1
DA:115,1
DA:123,1
DA:129,1
DA:135,1
LF:14
LH:14
BRF:0
BRH:0
end_of_record
TN:
SF:src\styles\typography.ts
FNF:0
FNH:0
DA:5,1
DA:18,1
DA:31,1
DA:59,1
LF:4
LH:4
BRF:0
BRH:0
end_of_record
TN:
SF:src\styles\components\index.ts
FNF:0
FNH:0
LF:0
LH:0
BRF:0
BRH:0
end_of_record
TN:
SF:src\styles\components\buttons\index.ts
FNF:0
FNH:0
DA:6,1
DA:10,1
LF:2
LH:2
BRF:0
BRH:0
end_of_record
TN:
SF:src\styles\components\components\index.ts
FNF:0
FNH:0
LF:0
LH:0
BRF:0
BRH:0
end_of_record
TN:
SF:src\styles\components\components\SSIAlert\index.ts
FNF:0
FNH:0
DA:8,1
DA:12,1
DA:20,1
DA:27,1
DA:34,1
LF:5
LH:5
BRF:0
BRH:0
end_of_record
TN:
SF:src\styles\components\components\SSIButtonsContainer\index.ts
FNF:0
FNH:0
DA:3,1
LF:1
LH:1
BRF:0
BRH:0
end_of_record
TN:
SF:src\styles\components\components\SSICheckbox\index.tsx
FNF:0
FNH:0
DA:5,1
DA:14,1
DA:23,1
LF:3
LH:3
BRF:0
BRH:0
end_of_record
TN:
SF:src\styles\components\components\SSIConnectionDetailsView\index.ts
FNF:0
FNH:0
DA:7,1
DA:11,1
DA:16,1
DA:20,1
DA:27,1
DA:32,1
LF:6
LH:6
BRF:0
BRH:0
end_of_record
TN:
SF:src\styles\components\components\SSIContactViewItem\index.ts
FNF:0
FNH:0
DA:7,1
DA:11,1
DA:17,1
DA:24,1
DA:28,1
DA:32,1
LF:6
LH:6
BRF:0
BRH:0
end_of_record
TN:
SF:src\styles\components\components\SSICredentialDetailsView\index.ts
FNF:0
FNH:0
DA:6,1
DA:11,1
DA:18,1
DA:23,1
LF:4
LH:4
BRF:0
BRH:0
end_of_record
TN:
SF:src\styles\components\components\SSICredentialRequiredViewItem\index.ts
FNF:0
FNH:0
DA:7,1
DA:11,1
DA:16,1
DA:20,1
DA:25,1
DA:30,1
DA:34,1
DA:38,1
DA:42,1
LF:9
LH:9
BRF:0
BRH:0
end_of_record
TN:
SF:src\styles\components\components\SSICredentialSelectTypeViewItem\index.ts
FNF:0
FNH:0
DA:3,1
DA:7,1
DA:13,1
DA:17,1
LF:4
LH:4
BRF:0
BRH:0
end_of_record
TN:
SF:src\styles\components\components\SSICredentialSelectViewItem\index.ts
FNF:0
FNH:0
DA:3,1
DA:7,1
DA:12,1
DA:18,1
DA:24,1
DA:28,1
LF:6
LH:6
BRF:0
BRH:0
end_of_record
TN:
SF:src\styles\components\components\SSICredentialViewItem\index.ts
FNF:0
FNH:0
DA:6,1
DA:10,1
DA:14,1
DA:18,1
DA:22,1
DA:28,1
LF:6
LH:6
BRF:0
BRH:0
end_of_record
TN:
SF:src\styles\components\components\SSIDropDownList\index.ts
FNF:0
FNH:0
DA:5,1
LF:1
LH:1
BRF:0
BRH:0
end_of_record
TN:
SF:src\styles\components\components\SSIDropDownListItem\index.ts
FNF:0
FNH:0
DA:7,1
DA:12,1
DA:16,1
LF:3
LH:3
BRF:0
BRH:0
end_of_record
TN:
SF:src\styles\components\components\SSIHeaderBar\index.ts
FN:13,(anonymous_0)
FNF:1
FNH:1
FNDA:124,(anonymous_0)
DA:10,1
DA:13,124
DA:18,1
DA:22,1
DA:27,1
DA:34,1
DA:39,1
DA:44,1
DA:52,1
LF:9
LH:9
BRDA:13,0,0,0
BRDA:13,0,1,124
BRF:2
BRH:1
end_of_record
TN:
SF:src\styles\components\components\SSIIdentitiesView\index.ts
FNF:0
FNH:0
DA:5,1
LF:1
LH:1
BRF:0
BRH:0
end_of_record
TN:
SF:src\styles\components\components\SSIIdentityViewItem\index.tsx
FNF:0
FNH:0
DA:3,1
DA:7,1
LF:2
LH:2
BRF:0
BRH:0
end_of_record
TN:
SF:src\styles\components\components\SSIImageField\index.ts
FNF:0
FNH:0
DA:6,1
DA:11,1
DA:15,1
LF:3
LH:3
BRF:0
BRH:0
end_of_record
TN:
SF:src\styles\components\components\SSINavigationBar\index.ts
FNF:0
FNH:0
DA:8,1
DA:13,1
DA:21,1
LF:3
LH:3
BRF:0
BRH:0
end_of_record
TN:
SF:src\styles\components\components\SSIPinCode\index.ts
FNF:0
FNH:0
DA:7,1
DA:12,1
DA:18,1
DA:25,1
LF:4
LH:4
BRF:0
BRH:0
end_of_record
TN:
SF:src\styles\components\components\SSIPinCodeSegment\index.ts
FNF:0
FNH:0
DA:7,1
DA:12,1
DA:19,1
DA:23,1
LF:4
LH:4
BRF:0
BRH:0
end_of_record
TN:
SF:src\styles\components\components\SSIPopup\index.ts
FNF:0
FNH:0
DA:8,1
DA:12,1
DA:17,1
DA:23,1
DA:28,1
DA:32,1
DA:38,1
DA:42,1
DA:47,1
DA:53,1
DA:58,1
DA:63,1
DA:70,1
DA:74,1
LF:14
LH:14
BRF:0
BRH:0
end_of_record
TN:
SF:src\styles\components\components\SSIPopupModal\index.ts
FNF:0
FNH:0
DA:3,1
LF:1
LH:1
BRF:0
BRH:0
end_of_record
TN:
SF:src\styles\components\components\SSIProfileIcon\index.ts
FNF:0
FNH:0
DA:4,1
LF:1
LH:1
BRF:0
BRH:0
end_of_record
TN:
SF:src\styles\components\components\SSIProgressIndicator\index.ts
FNF:0
FNH:0
DA:6,1
DA:13,1
LF:2
LH:2
BRF:0
BRH:0
end_of_record
TN:
SF:src\styles\components\components\SSIQRCustomMarker\index.ts
FNF:0
FNH:0
DA:4,1
DA:6,1
DA:13,1
DA:20,1
DA:25,1
DA:32,1
LF:6
LH:6
BRF:0
BRH:0
end_of_record
TN:
SF:src\styles\components\components\SSISecondaryButton\index.ts
FNF:0
FNH:0
DA:7,1
DA:15,1
LF:2
LH:2
BRF:0
BRH:0
end_of_record
TN:
SF:src\styles\components\components\SSIStatusBar\index.ts
FNF:0
FNH:0
DA:6,1
LF:1
LH:1
BRF:0
BRH:0
end_of_record
TN:
SF:src\styles\components\components\SSISwipeDeleteButton\index.ts
FNF:0
FNH:0
DA:6,1
DA:10,1
LF:2
LH:2
BRF:0
BRH:0
end_of_record
TN:
SF:src\styles\components\components\SSISwipeRowViewItem\index.ts
FNF:0
FNH:0
DA:5,1
DA:10,1
LF:2
LH:2
BRF:0
BRH:0
end_of_record
TN:
SF:src\styles\components\components\SSITabView\index.ts
FNF:0
FNH:0
DA:5,1
LF:1
LH:1
BRF:0
BRH:0
end_of_record
TN:
SF:src\styles\components\components\SSITabViewHeader\index.ts
FNF:0
FNH:0
DA:8,1
DA:14,1
DA:18,1
DA:22,1
LF:4
LH:4
BRF:0
BRH:0
end_of_record
TN:
SF:src\styles\components\components\SSITermsOfServiceView\index.ts
FNF:0
FNH:0
DA:8,1
DA:10,1
DA:14,1
DA:18,1
LF:4
LH:4
BRF:0
BRH:0
end_of_record
TN:
SF:src\styles\components\components\SSITextField\index.ts
FNF:0
FNH:0
DA:6,1
DA:11,1
DA:15,1
DA:19,1
DA:23,1
DA:27,1
LF:6
LH:6
BRF:0
BRH:0
end_of_record
TN:
SF:src\styles\components\components\SSITextInputField\index.ts
FNF:0
FNH:0
DA:6,1
DA:10,1
DA:14,1
DA:20,1
DA:25,1
DA:31,1
LF:6
LH:6
BRF:0
BRH:0
end_of_record
TN:
SF:src\styles\components\components\SSIToast\index.ts
FNF:0
FNH:0
DA:7,1
DA:15,1
DA:20,1
DA:25,1
LF:4
LH:4
BRF:0
BRH:0
end_of_record
TN:
SF:src\styles\components\components\SSIWelcomeView\index.tsx
FNF:0
FNH:0
DA:6,1
DA:13,1
DA:17,1
DA:21,1
DA:25,1
DA:29,1
DA:34,1
LF:7
LH:7
BRF:0
BRH:0
end_of_record
TN:
SF:src\styles\components\containers\index.ts
FNF:0
FNH:0
DA:14,1
DA:20,1
DA:24,1
DA:28,1
DA:32,1
DA:36,1
DA:41,1
DA:46,1
DA:50,1
DA:55,1
DA:60,1
DA:65,1
DA:79,1
DA:83,1
DA:87,1
DA:95,1
DA:100,1
LF:17
LH:17
BRF:0
BRH:0
end_of_record
TN:
SF:src\styles\components\css\index.ts
FNF:0
FNH:0
DA:5,1
DA:9,1
DA:13,1
DA:17,1
DA:21,1
LF:5
LH:5
BRF:0
BRH:0
end_of_record
TN:
SF:src\styles\components\fonts\index.ts
FNF:0
FNH:0
DA:7,1
DA:15,1
DA:19,1
DA:27,1
DA:31,1
DA:39,1
DA:47,1
DA:51,1
DA:55,1
DA:59,1
DA:63,1
DA:71,1
DA:76,1
DA:84,1
DA:88,1
DA:96,1
DA:100,1
DA:108,1
DA:116,1
DA:120,1
DA:124,1
DA:128,1
DA:136,1
DA:140,1
DA:148,1
DA:152,1
DA:160,1
DA:164,1
DA:172,1
LF:29
LH:29
BRF:0
BRH:0
end_of_record
TN:
SF:src\styles\components\gradients\index.ts
FNF:0
FNH:0
DA:8,1
DA:14,1
DA:20,1
DA:26,1
DA:30,1
LF:5
LH:5
BRF:0
BRH:0
end_of_record
TN:
SF:src\styles\components\modals\index.ts
FNF:0
FNH:0
LF:0
LH:0
BRF:0
BRH:0
end_of_record
TN:
SF:src\styles\components\modals\SSIAlertModal\index.ts
FNF:0
FNH:0
DA:3,1
LF:1
LH:1
BRF:0
BRH:0
end_of_record
TN:
SF:src\styles\components\modals\SSIPopupModal\index.ts
FNF:0
FNH:0
DA:3,1
LF:1
LH:1
BRF:0
BRH:0
end_of_record
TN:
SF:src\styles\components\providers\index.ts
FNF:0
FNH:0
LF:0
LH:0
BRF:0
BRH:0
end_of_record
TN:
SF:src\styles\components\providers\OnTouchProvider\index.ts
FNF:0
FNH:0
DA:3,1
LF:1
LH:1
BRF:0
BRH:0
end_of_record
TN:
SF:src\styles\components\screens\index.ts
FNF:0
FNH:0
LF:0
LH:0
BRF:0
BRH:0
end_of_record
TN:
SF:src\styles\components\screens\SSIContactAddScreen\index.ts
FNF:0
FNH:0
DA:5,1
DA:10,1
DA:15,1
LF:3
LH:3
BRF:0
BRH:0
end_of_record
TN:
SF:src\styles\components\screens\SSICredentialDetailsScreen\index.ts
FNF:0
FNH:0
DA:6,1
DA:11,1
DA:16,1
DA:23,1
LF:4
LH:4
BRF:0
BRH:0
end_of_record
TN:
SF:src\styles\components\screens\SSICredentialSelectTypeScreen\index.ts
FNF:0
FNH:0
DA:5,1
DA:9,1
LF:2
LH:2
BRF:0
BRH:0
end_of_record
TN:
SF:src\styles\components\screens\SSICredentialsRequiredScreen\index.ts
FNF:0
FNH:0
DA:3,1
LF:1
LH:1
BRF:0
BRH:0
end_of_record
TN:
SF:src\styles\components\screens\SSIErrorScreen\index.ts
FNF:0
FNH:0
DA:3,1
LF:1
LH:1
BRF:0
BRH:0
end_of_record
TN:
SF:src\styles\components\screens\SSILoadingScreen\index.ts
FNF:0
FNH:0
DA:7,1
DA:11,1
DA:15,1
LF:3
LH:3
BRF:0
BRH:0
end_of_record
TN:
SF:src\styles\components\screens\SSILockScreen\index.ts
FNF:0
FNH:0
DA:3,1
LF:1
LH:1
BRF:0
BRH:0
end_of_record
TN:
SF:src\styles\components\screens\SSINotificationsOverviewScreen\index.ts
FNF:0
FNH:0
DA:5,1
DA:10,1
DA:14,1
LF:3
LH:3
BRF:0
BRH:0
end_of_record
TN:
SF:src\styles\components\screens\SSIPersonalDataScreen\index.ts
FNF:0
FNH:0
DA:5,1
DA:10,1
DA:15,1
LF:3
LH:3
BRF:0
BRH:0
end_of_record
TN:
SF:src\styles\components\screens\SSIQRReaderScreen\index.ts
FNF:0
FNH:0
DA:4,1
LF:1
LH:1
BRF:0
BRH:0
end_of_record
TN:
SF:src\styles\components\screens\SSITermsOfServiceScreen\index.ts
FNF:0
FNH:0
DA:5,1
DA:10,1
DA:16,1
DA:20,1
LF:4
LH:4
BRF:0
BRH:0
end_of_record
TN:
SF:src\styles\components\screens\SSIVerificationCodeScreen\index.ts
FNF:0
FNH:0
DA:3,1
LF:1
LH:1
BRF:0
BRH:0
end_of_record
TN:
SF:src\styles\components\screens\SSIWelcomeScreen\index.ts
FNF:0
FNH:0
DA:7,1
DA:11,1
DA:15,1
DA:27,1
LF:4
LH:4
BRF:0
BRH:0
end_of_record
TN:
SF:src\styles\components\text\index.ts
FNF:0
FNH:0
DA:7,1
LF:1
LH:1
BRF:0
BRH:0
end_of_record
TN:
SF:src\styles\components\views\index.ts
FNF:0
FNH:0
DA:5,1
LF:1
LH:1
BRF:0
BRH:0
end_of_record
TN:
SF:src\types\index.ts
FNF:0
FNH:0
LF:0
LH:0
BRF:0
BRH:0
end_of_record
TN:
SF:src\types\authentication\index.ts
FNF:0
FNH:0
LF:0
LH:0
BRF:0
BRH:0
end_of_record
TN:
SF:src\types\component\index.ts
FNF:0
FNH:0
LF:0
LH:0
BRF:0
BRH:0
end_of_record
TN:
SF:src\types\credential\index.ts
FNF:0
FNH:0
LF:0
LH:0
BRF:0
BRH:0
end_of_record
TN:
SF:src\types\did\index.ts
FNF:0
FNH:0
LF:0
LH:0
BRF:0
BRH:0
end_of_record
TN:
SF:src\types\error\index.ts
FNF:0
FNH:0
LF:0
LH:0
BRF:0
BRH:0
end_of_record
TN:
SF:src\types\identity\index.ts
FNF:0
FNH:0
LF:0
LH:0
BRF:0
BRH:0
end_of_record
TN:
SF:src\types\image\index.ts
FNF:0
FNH:0
LF:0
LH:0
BRF:0
BRH:0
end_of_record
TN:
SF:src\types\navigation\index.ts
FNF:0
FNH:0
LF:0
LH:0
BRF:0
BRH:0
end_of_record
TN:
SF:src\types\onboarding\index.ts
FNF:0
FNH:0
LF:0
LH:0
BRF:0
BRH:0
end_of_record
TN:
SF:src\types\os\index.ts
FNF:0
FNH:0
LF:0
LH:0
BRF:0
BRH:0
end_of_record
TN:
SF:src\types\provider\index.ts
FNF:0
FNH:0
LF:0
LH:0
BRF:0
BRH:0
end_of_record
TN:
SF:src\types\provider\openIdVcIssuanceProvider\index.ts
FNF:0
FNH:0
LF:0
LH:0
BRF:0
BRH:0
end_of_record
TN:
SF:src\types\qr\index.ts
FNF:0
FNH:0
LF:0
LH:0
BRF:0
BRH:0
end_of_record
TN:
SF:src\types\service\index.ts
FNF:0
FNH:0
LF:0
LH:0
BRF:0
BRH:0
end_of_record
TN:
SF:src\types\service\brandingService\index.ts
FNF:0
FNH:0
LF:0
LH:0
BRF:0
BRH:0
end_of_record
TN:
SF:src\types\service\contactService\index.ts
FNF:0
FNH:0
LF:0
LH:0
BRF:0
BRH:0
end_of_record
TN:
SF:src\types\service\credentialService\index.ts
FNF:0
FNH:0
LF:0
LH:0
BRF:0
BRH:0
end_of_record
TN:
SF:src\types\service\fileService\index.ts
FNF:0
FNH:0
LF:0
LH:0
BRF:0
BRH:0
end_of_record
TN:
SF:src\types\service\storageService\index.ts
FNF:0
FNH:0
LF:0
LH:0
BRF:0
BRH:0
end_of_record
TN:
SF:src\types\signature\index.ts
FNF:0
FNH:0
LF:0
LH:0
BRF:0
BRH:0
end_of_record
TN:
SF:src\types\store\contact.action.types.ts
FNF:0
FNH:0
DA:3,1
DA:5,1
DA:7,1
DA:9,1
DA:11,1
DA:13,1
DA:15,1
DA:17,1
DA:19,1
DA:21,1
DA:23,1
DA:25,1
LF:12
LH:12
BRF:0
BRH:0
end_of_record
TN:
SF:src\types\store\credential.action.types.ts
FNF:0
FNH:0
DA:3,1
DA:5,1
DA:7,1
DA:9,1
DA:11,1
DA:13,1
DA:15,1
DA:17,1
DA:19,1
DA:21,1
LF:10
LH:10
BRF:0
BRH:0
end_of_record
TN:
SF:src\types\store\index.ts
FNF:0
FNH:0
LF:0
LH:0
BRF:0
BRH:0
end_of_record
TN:
SF:src\types\store\user.action.types.ts
FNF:0
FNH:0
DA:3,1
DA:5,1
DA:7,1
DA:9,1
DA:11,1
DA:13,1
DA:15,1
DA:17,1
DA:19,1
DA:21,1
DA:23,1
DA:25,1
LF:12
LH:12
BRF:0
BRH:0
end_of_record
TN:
SF:src\types\style\index.ts
FNF:0
FNH:0
LF:0
LH:0
BRF:0
BRH:0
end_of_record
TN:
SF:src\types\toast\index.ts
FNF:0
FNH:0
LF:0
LH:0
BRF:0
BRH:0
end_of_record
TN:
SF:src\types\user\index.ts
FNF:0
FNH:0
LF:0
LH:0
BRF:0
BRH:0
end_of_record
TN:
SF:src\types\util\index.ts
FNF:0
FNH:0
LF:0
LH:0
BRF:0
BRH:0
end_of_record
TN:
SF:src\types\util\navigationUtils\index.ts
FNF:0
FNH:0
LF:0
LH:0
BRF:0
BRH:0
end_of_record
TN:
SF:src\types\util\sortUtils\index.ts
FNF:0
FNH:0
LF:0
LH:0
BRF:0
BRH:0
end_of_record
TN:
SF:src\utils\AppUtils.ts
FN:1,(anonymous_0)
FN:1,(anonymous_1)
FNF:2
FNH:0
FNDA:0,(anonymous_0)
FNDA:0,(anonymous_1)
DA:1,1
LF:1
LH:1
BRF:0
BRH:0
end_of_record
TN:
SF:src\utils\CredentialUtils.ts
FN:15,(anonymous_0)
FN:21,(anonymous_1)
FN:29,(anonymous_2)
FN:35,(anonymous_3)
FN:46,(anonymous_4)
FN:50,(anonymous_5)
FN:65,(anonymous_6)
FN:82,(anonymous_7)
FN:91,(anonymous_8)
FN:95,(anonymous_9)
FN:96,(anonymous_10)
FN:102,(anonymous_11)
FNF:12
FNH:6
FNDA:0,(anonymous_0)
FNDA:0,(anonymous_1)
FNDA:0,(anonymous_2)
FNDA:0,(anonymous_3)
FNDA:0,(anonymous_4)
FNDA:1,(anonymous_5)
FNDA:1,(anonymous_6)
FNDA:1,(anonymous_7)
FNDA:1,(anonymous_8)
FNDA:1,(anonymous_9)
FNDA:1,(anonymous_10)
FNDA:0,(anonymous_11)
DA:15,1
DA:16,0
DA:17,0
DA:18,0
DA:19,0
DA:21,0
DA:29,1
DA:34,0
DA:36,0
DA:46,1
DA:47,0
DA:50,1
DA:51,1
DA:52,0
DA:53,1
DA:54,0
DA:57,1
DA:65,1
DA:66,1
DA:82,1
DA:83,1
DA:84,1
DA:86,0
DA:87,0
DA:88,0
DA:91,1
DA:92,1
DA:93,1
DA:95,1
DA:96,1
DA:98,1
DA:99,1
DA:102,0
DA:103,0
DA:106,0
LF:35
LH:19
BRDA:16,0,0,0
BRDA:16,0,1,0
BRDA:18,1,0,0
BRDA:18,1,1,0
BRDA:36,2,0,0
BRDA:36,2,1,0
BRDA:36,2,2,0
BRDA:36,2,3,0
BRDA:36,2,4,0
BRDA:51,3,0,0
BRDA:51,3,1,1
BRDA:53,4,0,0
BRDA:53,4,1,1
BRDA:83,5,0,1
BRDA:83,5,1,0
BRDA:86,6,0,0
BRDA:86,6,1,0
BRDA:98,7,0,1
BRDA:98,7,1,0
BRDA:102,8,0,0
BRDA:102,8,1,0
BRDA:102,9,0,0
BRDA:102,9,1,0
BRF:23
BRH:4
end_of_record
TN:
SF:src\utils\DateUtils.ts
FN:10,(anonymous_0)
FN:19,(anonymous_1)
FN:23,(anonymous_2)
FN:33,(anonymous_3)
FN:40,(anonymous_4)
FN:44,(anonymous_5)
FNF:6
FNH:0
FNDA:0,(anonymous_0)
FNDA:0,(anonymous_1)
FNDA:0,(anonymous_2)
FNDA:0,(anonymous_3)
FNDA:0,(anonymous_4)
FNDA:0,(anonymous_5)
DA:3,1
DA:4,1
DA:10,1
DA:11,0
DA:19,1
DA:20,0
DA:23,1
DA:24,0
DA:25,0
DA:26,0
DA:27,0
DA:30,0
DA:33,1
DA:34,0
DA:35,0
DA:37,0
DA:40,1
DA:41,0
DA:44,1
DA:45,0
DA:46,0
DA:49,0
LF:22
LH:8
BRDA:26,0,0,0
BRDA:26,0,1,0
BRDA:34,1,0,0
BRDA:34,1,1,0
BRDA:45,2,0,0
BRDA:45,2,1,0
BRF:6
BRH:0
end_of_record
TN:
SF:src\utils\ImageUtils.ts
FN:8,(anonymous_0)
FN:12,(anonymous_1)
FN:13,(anonymous_2)
FN:16,(anonymous_3)
FN:17,(anonymous_4)
FN:22,(anonymous_5)
FNF:6
FNH:1
FNDA:4,(anonymous_0)
FNDA:0,(anonymous_1)
FNDA:0,(anonymous_2)
FNDA:0,(anonymous_3)
FNDA:0,(anonymous_4)
FNDA:0,(anonymous_5)
DA:8,1
DA:9,4
DA:12,1
DA:13,0
DA:14,0
DA:16,0
DA:17,0
DA:22,1
DA:23,0
LF:9
LH:4
BRDA:9,0,0,4
BRDA:9,0,1,4
BRF:2
BRH:2
end_of_record
TN:
SF:src\utils\KeyUtils.ts
FN:5,(anonymous_0)
FN:19,(anonymous_1)
FN:24,(anonymous_2)
FNF:3
FNH:0
FNDA:0,(anonymous_0)
FNDA:0,(anonymous_1)
FNDA:0,(anonymous_2)
DA:5,1
DA:6,0
DA:9,0
DA:11,0
DA:13,0
DA:15,0
DA:19,1
DA:20,0
DA:24,1
DA:25,0
DA:30,0
DA:33,0
DA:36,0
DA:38,0
LF:14
LH:3
BRDA:6,0,0,0
BRDA:6,0,1,0
BRDA:6,0,2,0
BRDA:6,0,3,0
BRDA:6,0,4,0
BRDA:25,1,0,0
BRDA:25,1,1,0
BRDA:25,1,2,0
BRDA:25,1,3,0
BRDA:25,1,4,0
BRDA:25,1,5,0
BRDA:25,1,6,0
BRDA:25,1,7,0
BRDA:25,1,8,0
BRF:14
BRH:0
end_of_record
TN:
SF:src\utils\NavigationUtils.ts
FN:15,(anonymous_0)
FN:21,(anonymous_1)
FN:26,(anonymous_2)
FN:27,(anonymous_3)
FN:33,(anonymous_4)
FN:38,(anonymous_5)
FNF:6
FNH:0
FNDA:0,(anonymous_0)
FNDA:0,(anonymous_1)
FNDA:0,(anonymous_2)
FNDA:0,(anonymous_3)
FNDA:0,(anonymous_4)
FNDA:0,(anonymous_5)
DA:15,1
DA:16,0
DA:17,0
DA:18,0
DA:21,0
DA:22,0
DA:23,0
DA:26,0
DA:27,0
DA:29,0
DA:30,0
DA:33,0
DA:35,0
DA:38,0
LF:14
LH:1
BRDA:17,0,0,0
BRDA:17,0,1,0
BRDA:22,1,0,0
BRDA:22,1,1,0
BRDA:29,2,0,0
BRDA:29,2,1,0
BRF:6
BRH:0
end_of_record
TN:
SF:src\utils\SortUtils.ts
FN:3,sortBy
FN:4,(anonymous_1)
FN:8,orderToNumberSign
FNF:3
FNH:1
FNDA:1,sortBy
FNDA:0,(anonymous_1)
FNDA:0,orderToNumberSign
DA:4,1
DA:5,0
DA:9,0
LF:3
LH:1
BRDA:9,0,0,0
BRDA:9,0,1,0
BRF:2
BRH:0
end_of_record
TN:
SF:src\utils\TextUtils.tsx
FN:6,(anonymous_0)
FN:7,(anonymous_1)
FNF:2
FNH:0
FNDA:0,(anonymous_0)
FNDA:0,(anonymous_1)
DA:4,1
DA:6,1
DA:7,0
DA:8,0
DA:9,0
DA:10,0
DA:16,0
DA:20,0
LF:8
LH:2
BRDA:8,0,0,0
BRDA:8,0,1,0
BRF:2
BRH:0
end_of_record
TN:
SF:src\utils\ToastUtils.ts
FN:5,(anonymous_0)
FNF:1
FNH:0
FNDA:0,(anonymous_0)
DA:5,1
DA:6,0
DA:7,0
LF:3
LH:1
BRF:0
BRH:0
end_of_record
TN:
SF:src\utils\UserUtils.ts
FN:1,(anonymous_0)
FNF:1
FNH:0
FNDA:0,(anonymous_0)
DA:1,1
DA:2,0
DA:3,0
DA:5,0
DA:6,0
DA:8,0
DA:9,0
DA:10,0
DA:11,0
DA:14,0
DA:15,0
DA:16,0
DA:17,0
DA:21,0
DA:22,0
DA:25,0
LF:16
LH:1
BRDA:2,0,0,0
BRDA:2,0,1,0
BRDA:2,1,0,0
BRDA:2,1,1,0
BRDA:8,2,0,0
BRDA:8,2,1,0
BRDA:10,3,0,0
BRDA:10,3,1,0
BRDA:14,4,0,0
BRDA:14,4,1,0
BRDA:16,5,0,0
BRDA:16,5,1,0
BRF:12
BRH:0
end_of_record
TN:
SF:src\utils\mappers\branding\OIDC4VCIBrandingMapper.ts
FN:4,(anonymous_0)
FNF:1
FNH:0
FNDA:0,(anonymous_0)
DA:4,1
DA:5,0
LF:2
LH:1
BRDA:6,0,0,0
BRDA:6,0,1,0
BRDA:9,1,0,0
BRDA:9,1,1,0
BRDA:12,2,0,0
BRDA:12,2,1,0
BRDA:14,3,0,0
BRDA:14,3,1,0
BRDA:17,4,0,0
BRDA:17,4,1,0
BRDA:22,5,0,0
BRDA:22,5,1,0
BRDA:26,6,0,0
BRDA:26,6,1,0
BRDA:31,7,0,0
BRDA:31,7,1,0
BRDA:31,7,2,0
BRDA:33,8,0,0
BRDA:33,8,1,0
BRDA:35,9,0,0
BRDA:35,9,1,0
BRDA:38,10,0,0
BRDA:38,10,1,0
BRDA:43,11,0,0
BRDA:43,11,1,0
BRF:25
BRH:0
end_of_record
TN:
SF:src\utils\mappers\credential\CredentialMapper.ts
FN:14,(anonymous_0)
FN:78,(anonymous_1)
FN:97,(anonymous_2)
FN:114,(anonymous_3)
FN:161,getIssuerLogo
FN:177,getImageFromObjectOrString
FNF:6
FNH:4
FNDA:1,(anonymous_0)
FNDA:0,(anonymous_1)
FNDA:1,(anonymous_2)
FNDA:2,(anonymous_3)
FNDA:1,getIssuerLogo
FNDA:0,getImageFromObjectOrString
DA:12,1
DA:14,1
DA:15,1
DA:17,1
DA:19,4
DA:20,0
DA:21,0
DA:27,0
DA:28,4
DA:29,0
DA:34,0
DA:37,4
DA:44,0
DA:46,4
DA:47,4
DA:48,0
DA:51,4
DA:52,4
DA:53,0
DA:56,4
DA:57,0
DA:58,0
DA:61,4
DA:70,1
DA:78,1
DA:82,0
DA:97,1
DA:101,1
DA:104,1
DA:106,1
DA:108,1
DA:114,2
DA:115,1
DA:116,1
DA:118,1
DA:119,1
DA:120,1
DA:123,1
DA:127,1
DA:128,1
DA:129,1
DA:132,0
DA:134,1
DA:135,1
DA:140,1
DA:141,0
DA:143,1
DA:164,1
DA:165,0
DA:167,1
DA:168,1
DA:169,0
DA:170,1
DA:171,0
DA:174,1
DA:178,0
DA:179,0
DA:180,0
DA:181,0
DA:182,0
DA:183,0
DA:184,0
DA:185,0
DA:186,0
DA:187,0
DA:188,0
DA:191,0
LF:67
LH:39
BRDA:19,0,0,0
BRDA:19,0,1,4
BRDA:20,1,0,0
BRDA:20,1,1,0
BRDA:25,2,0,0
BRDA:25,2,1,0
BRDA:28,3,0,0
BRDA:28,3,1,4
BRDA:37,4,0,0
BRDA:37,4,1,4
BRDA:47,5,0,0
BRDA:47,5,1,4
BRDA:47,6,0,4
BRDA:47,6,1,4
BRDA:52,7,0,0
BRDA:52,7,1,4
BRDA:52,8,0,4
BRDA:52,8,1,1
BRDA:56,9,0,0
BRDA:56,9,1,4
BRDA:65,10,0,0
BRDA:65,10,1,4
BRDA:85,11,0,0
BRDA:85,11,1,0
BRDA:101,12,0,0
BRDA:101,12,1,1
BRDA:108,13,0,0
BRDA:108,13,1,1
BRDA:110,14,0,0
BRDA:110,14,1,1
BRDA:112,15,0,0
BRDA:112,15,1,1
BRDA:120,16,0,1
BRDA:120,16,1,0
BRDA:123,17,0,0
BRDA:123,17,1,1
BRDA:125,18,0,1
BRDA:125,18,1,1
BRDA:129,19,0,0
BRDA:129,19,1,1
BRDA:129,20,0,1
BRDA:129,20,1,1
BRDA:134,21,0,1
BRDA:134,21,1,0
BRDA:136,22,0,0
BRDA:136,22,1,1
BRDA:140,23,0,0
BRDA:140,23,1,1
BRDA:146,24,0,1
BRDA:146,24,1,1
BRDA:154,25,0,0
BRDA:154,25,1,1
BRDA:164,26,0,0
BRDA:164,26,1,1
BRDA:165,27,0,0
BRDA:165,27,1,0
BRDA:167,28,0,1
BRDA:167,28,1,0
BRDA:167,29,0,1
BRDA:167,29,1,1
BRDA:168,30,0,0
BRDA:168,30,1,1
BRDA:168,31,0,1
BRDA:168,31,1,0
BRDA:170,32,0,0
BRDA:170,32,1,1
BRDA:178,33,0,0
BRDA:178,33,1,0
BRDA:180,34,0,0
BRDA:180,34,1,0
BRDA:180,35,0,0
BRDA:180,35,1,0
BRDA:182,36,0,0
BRDA:182,36,1,0
BRDA:183,37,0,0
BRDA:183,37,1,0
BRDA:183,38,0,0
BRDA:183,38,1,0
BRDA:183,38,2,0
BRDA:185,39,0,0
BRDA:185,39,1,0
BRDA:185,40,0,0
BRDA:185,40,1,0
BRDA:185,40,2,0
BRDA:187,41,0,0
BRDA:187,41,1,0
BRDA:187,42,0,0
BRDA:187,42,1,0
BRDA:187,42,2,0
BRF:89
BRH:35
end_of_record
